[ 2018-11-26T16:55:34+08:00 ] ::1 /nhkjw/index.php/Home/index/homeServerProduct
INFO: [ app_init ] --START--
INFO: Run Behavior\BuildLiteBehavior [ RunTime:0.000012s ]
INFO: [ app_init ] --END-- [ RunTime:0.000667s ]
INFO: [ app_begin ] --START--
INFO: Run Behavior\ReadHtmlCacheBehavior [ RunTime:0.000801s ]
INFO: [ app_begin ] --END-- [ RunTime:0.000849s ]
SQL: SHOW COLUMNS FROM `vue-serverproduct` [ RunTime:0.0094s ]
NOTIC: [2] Missing argument 1 for Think\Model::where(), called in J:\xampp\htdocs\NHKJW\Application\Home\Controller\IndexController.class.php on line 59 and defined J:\xampp\htdocs\NHKJW\ThinkPHP\Library\Think\Model.class.php 第 1797 行.
NOTIC: [8] Undefined variable: where J:\xampp\htdocs\NHKJW\ThinkPHP\Library\Think\Model.class.php 第 1805 行.
NOTIC: [8] Undefined variable: where J:\xampp\htdocs\NHKJW\ThinkPHP\Library\Think\Model.class.php 第 1808 行.
NOTIC: [8] Undefined variable: where J:\xampp\htdocs\NHKJW\ThinkPHP\Library\Think\Model.class.php 第 1816 行.
SQL: SELECT * FROM `vue-serverproduct`  [ RunTime:0.0023s ]

[ 2018-11-26T16:55:39+08:00 ] ::1 /nhkjw/index.php/Home/index/Producmodify
INFO: [ app_init ] --START--
INFO: Run Behavior\BuildLiteBehavior [ RunTime:0.000012s ]
INFO: [ app_init ] --END-- [ RunTime:0.000395s ]
INFO: [ app_begin ] --START--
INFO: Run Behavior\ReadHtmlCacheBehavior [ RunTime:0.000899s ]
INFO: [ app_begin ] --END-- [ RunTime:0.001027s ]
SQL: SHOW COLUMNS FROM `vue-product` [ RunTime:0.0079s ]
SQL: SELECT * FROM `vue-product` WHERE `productID` = '1'  [ RunTime:0.0016s ]
SQL: SHOW COLUMNS FROM `vue-serverproductdateattribute` [ RunTime:0.0051s ]
SQL: SELECT * FROM `vue-serverproductdateattribute` WHERE `productID` = 1  [ RunTime:0.0004s ]

[ 2018-11-26T16:55:47+08:00 ] ::1 /nhkjw/index.php/Home/index/login
INFO: [ app_init ] --START--
INFO: Run Behavior\BuildLiteBehavior [ RunTime:0.000010s ]
INFO: [ app_init ] --END-- [ RunTime:0.000315s ]
INFO: [ app_begin ] --START--
INFO: Run Behavior\ReadHtmlCacheBehavior [ RunTime:0.000391s ]
INFO: [ app_begin ] --END-- [ RunTime:0.000433s ]
SQL: SHOW COLUMNS FROM `vue-user` [ RunTime:0.0064s ]
SQL: SELECT * FROM `vue-user` WHERE `userName` = '123' AND `userPwd` = '123' LIMIT 1   [ RunTime:0.0013s ]

[ 2018-11-26T16:55:58+08:00 ] ::1 /nhkjw/index.php/Home/index/productUserInquire
INFO: [ app_init ] --START--
INFO: Run Behavior\BuildLiteBehavior [ RunTime:0.000013s ]
INFO: [ app_init ] --END-- [ RunTime:0.000296s ]
INFO: [ app_begin ] --START--
INFO: Run Behavior\ReadHtmlCacheBehavior [ RunTime:0.000554s ]
INFO: [ app_begin ] --END-- [ RunTime:0.000611s ]
SQL: SHOW COLUMNS FROM `vue-userorder` [ RunTime:0.0087s ]
SQL: SELECT * FROM `vue-userorder` WHERE `userid` = 1 AND `userName` = '123'  [ RunTime:0.0009s ]

[ 2018-11-26T16:55:59+08:00 ] ::1 /nhkjw/index.php/Home/index/getProductCat
INFO: [ app_init ] --START--
INFO: Run Behavior\BuildLiteBehavior [ RunTime:0.000011s ]
INFO: [ app_init ] --END-- [ RunTime:0.000324s ]
INFO: [ app_begin ] --START--
INFO: Run Behavior\ReadHtmlCacheBehavior [ RunTime:0.000404s ]
INFO: [ app_begin ] --END-- [ RunTime:0.000446s ]
SQL: SHOW COLUMNS FROM `vue-shopingcart` [ RunTime:0.0063s ]
SQL: SELECT * FROM `vue-shopingcart` WHERE `userid` = 1 AND `userName` = '123'  [ RunTime:0.0007s ]

[ 2018-11-26T16:57:48+08:00 ] ::1 /nhkjw/index.php/Home/index/getProductCat
INFO: [ app_init ] --START--
INFO: Run Behavior\BuildLiteBehavior [ RunTime:0.000012s ]
INFO: [ app_init ] --END-- [ RunTime:0.000399s ]
INFO: [ app_begin ] --START--
INFO: Run Behavior\ReadHtmlCacheBehavior [ RunTime:0.000829s ]
INFO: [ app_begin ] --END-- [ RunTime:0.000881s ]
SQL: SHOW COLUMNS FROM `vue-shopingcart` [ RunTime:0.0037s ]
SQL: SELECT * FROM `vue-shopingcart` WHERE `userid` = 1 AND `userName` = '123'  [ RunTime:0.0003s ]

[ 2018-11-26T17:00:24+08:00 ] ::1 /nhkjw/index.php/Home/index/getProductCat
INFO: [ app_init ] --START--
INFO: Run Behavior\BuildLiteBehavior [ RunTime:0.000011s ]
INFO: [ app_init ] --END-- [ RunTime:0.000399s ]
INFO: [ app_begin ] --START--
INFO: Run Behavior\ReadHtmlCacheBehavior [ RunTime:0.000560s ]
INFO: [ app_begin ] --END-- [ RunTime:0.000621s ]
SQL: SHOW COLUMNS FROM `vue-shopingcart` [ RunTime:0.0058s ]
SQL: SELECT * FROM `vue-shopingcart` WHERE `userid` = 1 AND `userName` = '123'  [ RunTime:0.0009s ]

[ 2018-11-26T17:00:40+08:00 ] ::1 /nhkjw/index.php/Home/index/getProductCat
INFO: [ app_init ] --START--
INFO: Run Behavior\BuildLiteBehavior [ RunTime:0.000033s ]
INFO: [ app_init ] --END-- [ RunTime:0.000379s ]
INFO: [ app_begin ] --START--
INFO: Run Behavior\ReadHtmlCacheBehavior [ RunTime:0.000406s ]
INFO: [ app_begin ] --END-- [ RunTime:0.000445s ]
SQL: SHOW COLUMNS FROM `vue-shopingcart` [ RunTime:0.0031s ]
SQL: SELECT * FROM `vue-shopingcart` WHERE `userid` = 1 AND `userName` = '123'  [ RunTime:0.0005s ]

[ 2018-11-26T17:02:16+08:00 ] ::1 /nhkjw/index.php/Home/index/getProductCat
INFO: [ app_init ] --START--
INFO: Run Behavior\BuildLiteBehavior [ RunTime:0.000015s ]
INFO: [ app_init ] --END-- [ RunTime:0.000535s ]
INFO: [ app_begin ] --START--
INFO: Run Behavior\ReadHtmlCacheBehavior [ RunTime:0.000530s ]
INFO: [ app_begin ] --END-- [ RunTime:0.000585s ]
SQL: SHOW COLUMNS FROM `vue-shopingcart` [ RunTime:0.0040s ]
SQL: SELECT * FROM `vue-shopingcart` WHERE `userid` = 1 AND `userName` = '123'  [ RunTime:0.0005s ]

[ 2018-11-26T17:03:49+08:00 ] ::1 /nhkjw/index.php/Home/index/getProductCat
INFO: [ app_init ] --START--
INFO: Run Behavior\BuildLiteBehavior [ RunTime:0.000012s ]
INFO: [ app_init ] --END-- [ RunTime:0.000415s ]
INFO: [ app_begin ] --START--
INFO: Run Behavior\ReadHtmlCacheBehavior [ RunTime:0.001353s ]
INFO: [ app_begin ] --END-- [ RunTime:0.001558s ]
SQL: SHOW COLUMNS FROM `vue-shopingcart` [ RunTime:0.0033s ]
SQL: SELECT * FROM `vue-shopingcart` WHERE `userid` = 1 AND `userName` = '123'  [ RunTime:0.0004s ]

[ 2018-11-26T17:03:50+08:00 ] ::1 /nhkjw/index.php/Home/index/getProductCat
INFO: [ app_init ] --START--
INFO: Run Behavior\BuildLiteBehavior [ RunTime:0.000015s ]
INFO: [ app_init ] --END-- [ RunTime:0.000420s ]
INFO: [ app_begin ] --START--
INFO: Run Behavior\ReadHtmlCacheBehavior [ RunTime:0.000660s ]
INFO: [ app_begin ] --END-- [ RunTime:0.000726s ]
SQL: SHOW COLUMNS FROM `vue-shopingcart` [ RunTime:0.0037s ]
SQL: SELECT * FROM `vue-shopingcart` WHERE `userid` = 1 AND `userName` = '123'  [ RunTime:0.0008s ]

[ 2018-11-26T17:06:51+08:00 ] ::1 /nhkjw/index.php/Home/index/getProductCat
INFO: [ app_init ] --START--
INFO: Run Behavior\BuildLiteBehavior [ RunTime:0.000015s ]
INFO: [ app_init ] --END-- [ RunTime:0.000656s ]
INFO: [ app_begin ] --START--
INFO: Run Behavior\ReadHtmlCacheBehavior [ RunTime:0.000606s ]
INFO: [ app_begin ] --END-- [ RunTime:0.000662s ]
SQL: SHOW COLUMNS FROM `vue-shopingcart` [ RunTime:0.0033s ]
SQL: SELECT * FROM `vue-shopingcart` WHERE `userid` = 1 AND `userName` = '123'  [ RunTime:0.0003s ]

[ 2018-11-26T17:07:20+08:00 ] ::1 /nhkjw/index.php/Home/index/getProductCat
INFO: [ app_init ] --START--
INFO: Run Behavior\BuildLiteBehavior [ RunTime:0.000018s ]
INFO: [ app_init ] --END-- [ RunTime:0.003570s ]
INFO: [ app_begin ] --START--
INFO: Run Behavior\ReadHtmlCacheBehavior [ RunTime:0.015561s ]
INFO: [ app_begin ] --END-- [ RunTime:0.015669s ]
SQL: SHOW COLUMNS FROM `vue-shopingcart` [ RunTime:0.0032s ]
SQL: SELECT * FROM `vue-shopingcart` WHERE `userid` = 1 AND `userName` = '123'  [ RunTime:0.0005s ]

[ 2018-11-26T17:07:28+08:00 ] ::1 /nhkjw/index.php/Home/index/getProductCat
INFO: [ app_init ] --START--
INFO: Run Behavior\BuildLiteBehavior [ RunTime:0.000013s ]
INFO: [ app_init ] --END-- [ RunTime:0.000355s ]
INFO: [ app_begin ] --START--
INFO: Run Behavior\ReadHtmlCacheBehavior [ RunTime:0.002016s ]
INFO: [ app_begin ] --END-- [ RunTime:0.002088s ]
SQL: SHOW COLUMNS FROM `vue-shopingcart` [ RunTime:0.0037s ]
SQL: SELECT * FROM `vue-shopingcart` WHERE `userid` = 1 AND `userName` = '123'  [ RunTime:0.0009s ]

[ 2018-11-26T17:08:43+08:00 ] ::1 /nhkjw/index.php/Home/index/getProductCat
INFO: [ app_init ] --START--
INFO: Run Behavior\BuildLiteBehavior [ RunTime:0.000024s ]
INFO: [ app_init ] --END-- [ RunTime:0.002351s ]
INFO: [ app_begin ] --START--
INFO: Run Behavior\ReadHtmlCacheBehavior [ RunTime:0.000545s ]
INFO: [ app_begin ] --END-- [ RunTime:0.000603s ]
SQL: SHOW COLUMNS FROM `vue-shopingcart` [ RunTime:0.0053s ]
SQL: SELECT * FROM `vue-shopingcart` WHERE `userid` = 1 AND `userName` = '123'  [ RunTime:0.0005s ]

[ 2018-11-26T17:09:46+08:00 ] ::1 /nhkjw/index.php/Home/index/getProductCat
INFO: [ app_init ] --START--
INFO: Run Behavior\BuildLiteBehavior [ RunTime:0.000012s ]
INFO: [ app_init ] --END-- [ RunTime:0.000428s ]
INFO: [ app_begin ] --START--
INFO: Run Behavior\ReadHtmlCacheBehavior [ RunTime:0.000532s ]
INFO: [ app_begin ] --END-- [ RunTime:0.000571s ]
SQL: SHOW COLUMNS FROM `vue-shopingcart` [ RunTime:0.0047s ]
SQL: SELECT * FROM `vue-shopingcart` WHERE `userid` = 1 AND `userName` = '123'  [ RunTime:0.0008s ]

[ 2018-11-26T17:10:47+08:00 ] ::1 /nhkjw/index.php/Home/index/getProductCat
INFO: [ app_init ] --START--
INFO: Run Behavior\BuildLiteBehavior [ RunTime:0.000015s ]
INFO: [ app_init ] --END-- [ RunTime:0.000434s ]
INFO: [ app_begin ] --START--
INFO: Run Behavior\ReadHtmlCacheBehavior [ RunTime:0.000513s ]
INFO: [ app_begin ] --END-- [ RunTime:0.000575s ]
SQL: SHOW COLUMNS FROM `vue-shopingcart` [ RunTime:0.0026s ]
SQL: SELECT * FROM `vue-shopingcart` WHERE `userid` = 1 AND `userName` = '123'  [ RunTime:0.0003s ]

[ 2018-11-26T17:10:52+08:00 ] ::1 /nhkjw/index.php/Home/index/getProductCat
INFO: [ app_init ] --START--
INFO: Run Behavior\BuildLiteBehavior [ RunTime:0.000012s ]
INFO: [ app_init ] --END-- [ RunTime:0.000427s ]
INFO: [ app_begin ] --START--
INFO: Run Behavior\ReadHtmlCacheBehavior [ RunTime:0.000982s ]
INFO: [ app_begin ] --END-- [ RunTime:0.001136s ]
SQL: SHOW COLUMNS FROM `vue-shopingcart` [ RunTime:0.0051s ]
SQL: SELECT * FROM `vue-shopingcart` WHERE `userid` = 1 AND `userName` = '123'  [ RunTime:0.0015s ]

[ 2018-11-26T17:11:31+08:00 ] ::1 /nhkjw/index.php/Home/index/getProductCat
INFO: [ app_init ] --START--
INFO: Run Behavior\BuildLiteBehavior [ RunTime:0.000019s ]
INFO: [ app_init ] --END-- [ RunTime:0.000393s ]
INFO: [ app_begin ] --START--
INFO: Run Behavior\ReadHtmlCacheBehavior [ RunTime:0.000544s ]
INFO: [ app_begin ] --END-- [ RunTime:0.000605s ]
SQL: SHOW COLUMNS FROM `vue-shopingcart` [ RunTime:0.0053s ]
SQL: SELECT * FROM `vue-shopingcart` WHERE `userid` = 1 AND `userName` = '123'  [ RunTime:0.0005s ]

[ 2018-11-26T17:11:50+08:00 ] ::1 /nhkjw/index.php/Home/index/getProductCat
INFO: [ app_init ] --START--
INFO: Run Behavior\BuildLiteBehavior [ RunTime:0.000026s ]
INFO: [ app_init ] --END-- [ RunTime:0.001039s ]
INFO: [ app_begin ] --START--
INFO: Run Behavior\ReadHtmlCacheBehavior [ RunTime:0.000785s ]
INFO: [ app_begin ] --END-- [ RunTime:0.000885s ]
SQL: SHOW COLUMNS FROM `vue-shopingcart` [ RunTime:0.0046s ]
SQL: SELECT * FROM `vue-shopingcart` WHERE `userid` = 1 AND `userName` = '123'  [ RunTime:0.0007s ]

[ 2018-11-26T17:12:40+08:00 ] ::1 /nhkjw/index.php/Home/index/getProductCat
INFO: [ app_init ] --START--
INFO: Run Behavior\BuildLiteBehavior [ RunTime:0.000021s ]
INFO: [ app_init ] --END-- [ RunTime:0.004707s ]
INFO: [ app_begin ] --START--
INFO: Run Behavior\ReadHtmlCacheBehavior [ RunTime:0.000631s ]
INFO: [ app_begin ] --END-- [ RunTime:0.000797s ]
SQL: SHOW COLUMNS FROM `vue-shopingcart` [ RunTime:0.0041s ]
SQL: SELECT * FROM `vue-shopingcart` WHERE `userid` = 1 AND `userName` = '123'  [ RunTime:0.0004s ]

[ 2018-11-26T17:12:49+08:00 ] ::1 /nhkjw/index.php/Home/index/getProductCat
INFO: [ app_init ] --START--
INFO: Run Behavior\BuildLiteBehavior [ RunTime:0.000236s ]
INFO: [ app_init ] --END-- [ RunTime:0.000813s ]
INFO: [ app_begin ] --START--
INFO: Run Behavior\ReadHtmlCacheBehavior [ RunTime:0.000565s ]
INFO: [ app_begin ] --END-- [ RunTime:0.000634s ]
SQL: SHOW COLUMNS FROM `vue-shopingcart` [ RunTime:0.0027s ]
SQL: SELECT * FROM `vue-shopingcart` WHERE `userid` = 1 AND `userName` = '123'  [ RunTime:0.0007s ]

[ 2018-11-26T17:13:04+08:00 ] ::1 /nhkjw/index.php/Home/index/getProductCat
INFO: [ app_init ] --START--
INFO: Run Behavior\BuildLiteBehavior [ RunTime:0.000011s ]
INFO: [ app_init ] --END-- [ RunTime:0.000328s ]
INFO: [ app_begin ] --START--
INFO: Run Behavior\ReadHtmlCacheBehavior [ RunTime:0.000713s ]
INFO: [ app_begin ] --END-- [ RunTime:0.000773s ]
SQL: SHOW COLUMNS FROM `vue-shopingcart` [ RunTime:0.0049s ]
SQL: SELECT * FROM `vue-shopingcart` WHERE `userid` = 1 AND `userName` = '123'  [ RunTime:0.0008s ]

[ 2018-11-26T17:13:33+08:00 ] ::1 /nhkjw/index.php/Home/index/getProductCat
INFO: [ app_init ] --START--
INFO: Run Behavior\BuildLiteBehavior [ RunTime:0.000014s ]
INFO: [ app_init ] --END-- [ RunTime:0.000355s ]
INFO: [ app_begin ] --START--
INFO: Run Behavior\ReadHtmlCacheBehavior [ RunTime:0.000516s ]
INFO: [ app_begin ] --END-- [ RunTime:0.000584s ]
SQL: SHOW COLUMNS FROM `vue-shopingcart` [ RunTime:0.0047s ]
SQL: SELECT * FROM `vue-shopingcart` WHERE `userid` = 1 AND `userName` = '123'  [ RunTime:0.0006s ]

[ 2018-11-26T17:16:14+08:00 ] ::1 /nhkjw/index.php/Home/index/getProductCat
INFO: [ app_init ] --START--
INFO: Run Behavior\BuildLiteBehavior [ RunTime:0.000018s ]
INFO: [ app_init ] --END-- [ RunTime:0.000551s ]
INFO: [ app_begin ] --START--
INFO: Run Behavior\ReadHtmlCacheBehavior [ RunTime:0.001521s ]
INFO: [ app_begin ] --END-- [ RunTime:0.001656s ]
SQL: SHOW COLUMNS FROM `vue-shopingcart` [ RunTime:0.0057s ]
SQL: SELECT * FROM `vue-shopingcart` WHERE `userid` = 1 AND `userName` = '123'  [ RunTime:0.0010s ]

[ 2018-11-26T17:16:31+08:00 ] ::1 /nhkjw/index.php/Home/index/getProductCat
INFO: [ app_init ] --START--
INFO: Run Behavior\BuildLiteBehavior [ RunTime:0.000013s ]
INFO: [ app_init ] --END-- [ RunTime:0.000327s ]
INFO: [ app_begin ] --START--
INFO: Run Behavior\ReadHtmlCacheBehavior [ RunTime:0.000391s ]
INFO: [ app_begin ] --END-- [ RunTime:0.000433s ]
SQL: SHOW COLUMNS FROM `vue-shopingcart` [ RunTime:0.0081s ]
SQL: SELECT * FROM `vue-shopingcart` WHERE `userid` = 1 AND `userName` = '123'  [ RunTime:0.0006s ]

[ 2018-11-26T17:16:57+08:00 ] ::1 /nhkjw/index.php/Home/index/getProductCat
INFO: [ app_init ] --START--
INFO: Run Behavior\BuildLiteBehavior [ RunTime:0.000029s ]
INFO: [ app_init ] --END-- [ RunTime:0.000452s ]
INFO: [ app_begin ] --START--
INFO: Run Behavior\ReadHtmlCacheBehavior [ RunTime:0.000445s ]
INFO: [ app_begin ] --END-- [ RunTime:0.000497s ]
SQL: SHOW COLUMNS FROM `vue-shopingcart` [ RunTime:0.0065s ]
SQL: SELECT * FROM `vue-shopingcart` WHERE `userid` = 1 AND `userName` = '123'  [ RunTime:0.0004s ]

[ 2018-11-26T17:17:10+08:00 ] ::1 /nhkjw/index.php/Home/index/getProductCat
INFO: [ app_init ] --START--
INFO: Run Behavior\BuildLiteBehavior [ RunTime:0.000010s ]
INFO: [ app_init ] --END-- [ RunTime:0.000289s ]
INFO: [ app_begin ] --START--
INFO: Run Behavior\ReadHtmlCacheBehavior [ RunTime:0.000420s ]
INFO: [ app_begin ] --END-- [ RunTime:0.000463s ]
SQL: SHOW COLUMNS FROM `vue-shopingcart` [ RunTime:0.0027s ]
SQL: SELECT * FROM `vue-shopingcart` WHERE `userid` = 1 AND `userName` = '123'  [ RunTime:0.0003s ]

[ 2018-11-26T17:17:18+08:00 ] ::1 /nhkjw/index.php/Home/index/getProductCat
INFO: [ app_init ] --START--
INFO: Run Behavior\BuildLiteBehavior [ RunTime:0.000016s ]
INFO: [ app_init ] --END-- [ RunTime:0.000622s ]
INFO: [ app_begin ] --START--
INFO: Run Behavior\ReadHtmlCacheBehavior [ RunTime:0.000398s ]
INFO: [ app_begin ] --END-- [ RunTime:0.000441s ]
SQL: SHOW COLUMNS FROM `vue-shopingcart` [ RunTime:0.0043s ]
SQL: SELECT * FROM `vue-shopingcart` WHERE `userid` = 1 AND `userName` = '123'  [ RunTime:0.0004s ]

[ 2018-11-26T17:18:21+08:00 ] ::1 /nhkjw/index.php/Home/index/getProductCat
INFO: [ app_init ] --START--
INFO: Run Behavior\BuildLiteBehavior [ RunTime:0.000018s ]
INFO: [ app_init ] --END-- [ RunTime:0.000859s ]
INFO: [ app_begin ] --START--
INFO: Run Behavior\ReadHtmlCacheBehavior [ RunTime:0.000582s ]
INFO: [ app_begin ] --END-- [ RunTime:0.000629s ]
SQL: SHOW COLUMNS FROM `vue-shopingcart` [ RunTime:0.0049s ]
SQL: SELECT * FROM `vue-shopingcart` WHERE `userid` = 1 AND `userName` = '123'  [ RunTime:0.0010s ]

[ 2018-11-26T17:18:30+08:00 ] ::1 /nhkjw/index.php/Home/index/getProductCat
INFO: [ app_init ] --START--
INFO: Run Behavior\BuildLiteBehavior [ RunTime:0.000016s ]
INFO: [ app_init ] --END-- [ RunTime:0.000418s ]
INFO: [ app_begin ] --START--
INFO: Run Behavior\ReadHtmlCacheBehavior [ RunTime:0.000669s ]
INFO: [ app_begin ] --END-- [ RunTime:0.000745s ]
SQL: SHOW COLUMNS FROM `vue-shopingcart` [ RunTime:0.0052s ]
SQL: SELECT * FROM `vue-shopingcart` WHERE `userid` = 1 AND `userName` = '123'  [ RunTime:0.0005s ]

[ 2018-11-26T17:18:39+08:00 ] ::1 /nhkjw/index.php/Home/index/getProductCat
INFO: [ app_init ] --START--
INFO: Run Behavior\BuildLiteBehavior [ RunTime:0.000011s ]
INFO: [ app_init ] --END-- [ RunTime:0.000320s ]
INFO: [ app_begin ] --START--
INFO: Run Behavior\ReadHtmlCacheBehavior [ RunTime:0.000435s ]
INFO: [ app_begin ] --END-- [ RunTime:0.000480s ]
SQL: SHOW COLUMNS FROM `vue-shopingcart` [ RunTime:0.0043s ]
SQL: SELECT * FROM `vue-shopingcart` WHERE `userid` = 1 AND `userName` = '123'  [ RunTime:0.0006s ]

[ 2018-11-26T17:18:45+08:00 ] ::1 /nhkjw/index.php/Home/index/getProductCat
INFO: [ app_init ] --START--
INFO: Run Behavior\BuildLiteBehavior [ RunTime:0.000016s ]
INFO: [ app_init ] --END-- [ RunTime:0.000345s ]
INFO: [ app_begin ] --START--
INFO: Run Behavior\ReadHtmlCacheBehavior [ RunTime:0.000482s ]
INFO: [ app_begin ] --END-- [ RunTime:0.000533s ]
SQL: SHOW COLUMNS FROM `vue-shopingcart` [ RunTime:0.0030s ]
SQL: SELECT * FROM `vue-shopingcart` WHERE `userid` = 1 AND `userName` = '123'  [ RunTime:0.0004s ]

[ 2018-11-26T17:19:12+08:00 ] ::1 /nhkjw/index.php/Home/index/getProductCat
INFO: [ app_init ] --START--
INFO: Run Behavior\BuildLiteBehavior [ RunTime:0.000014s ]
INFO: [ app_init ] --END-- [ RunTime:0.000375s ]
INFO: [ app_begin ] --START--
INFO: Run Behavior\ReadHtmlCacheBehavior [ RunTime:0.000462s ]
INFO: [ app_begin ] --END-- [ RunTime:0.000521s ]
SQL: SHOW COLUMNS FROM `vue-shopingcart` [ RunTime:0.0035s ]
SQL: SELECT * FROM `vue-shopingcart` WHERE `userid` = 1 AND `userName` = '123'  [ RunTime:0.0004s ]

[ 2018-11-26T17:19:28+08:00 ] ::1 /nhkjw/index.php/Home/index/getProductCat
INFO: [ app_init ] --START--
INFO: Run Behavior\BuildLiteBehavior [ RunTime:0.000016s ]
INFO: [ app_init ] --END-- [ RunTime:0.000453s ]
INFO: [ app_begin ] --START--
INFO: Run Behavior\ReadHtmlCacheBehavior [ RunTime:0.000770s ]
INFO: [ app_begin ] --END-- [ RunTime:0.000939s ]
SQL: SHOW COLUMNS FROM `vue-shopingcart` [ RunTime:0.0035s ]
SQL: SELECT * FROM `vue-shopingcart` WHERE `userid` = 1 AND `userName` = '123'  [ RunTime:0.0017s ]

[ 2018-11-26T17:19:47+08:00 ] ::1 /nhkjw/index.php/Home/index/getProductCat
INFO: [ app_init ] --START--
INFO: Run Behavior\BuildLiteBehavior [ RunTime:0.000017s ]
INFO: [ app_init ] --END-- [ RunTime:0.000786s ]
INFO: [ app_begin ] --START--
INFO: Run Behavior\ReadHtmlCacheBehavior [ RunTime:0.000744s ]
INFO: [ app_begin ] --END-- [ RunTime:0.000826s ]
SQL: SHOW COLUMNS FROM `vue-shopingcart` [ RunTime:0.0069s ]
SQL: SELECT * FROM `vue-shopingcart` WHERE `userid` = 1 AND `userName` = '123'  [ RunTime:0.0004s ]

[ 2018-11-26T17:20:36+08:00 ] ::1 /nhkjw/index.php/Home/index/getProductCat
INFO: [ app_init ] --START--
INFO: Run Behavior\BuildLiteBehavior [ RunTime:0.000014s ]
INFO: [ app_init ] --END-- [ RunTime:0.000466s ]
INFO: [ app_begin ] --START--
INFO: Run Behavior\ReadHtmlCacheBehavior [ RunTime:0.000988s ]
INFO: [ app_begin ] --END-- [ RunTime:0.001068s ]
SQL: SHOW COLUMNS FROM `vue-shopingcart` [ RunTime:0.0063s ]
SQL: SELECT * FROM `vue-shopingcart` WHERE `userid` = 1 AND `userName` = '123'  [ RunTime:0.0008s ]

[ 2018-11-26T17:22:13+08:00 ] ::1 /nhkjw/index.php/Home/index/getProductCat
INFO: [ app_init ] --START--
INFO: Run Behavior\BuildLiteBehavior [ RunTime:0.000092s ]
INFO: [ app_init ] --END-- [ RunTime:0.001354s ]
INFO: [ app_begin ] --START--
INFO: Run Behavior\ReadHtmlCacheBehavior [ RunTime:0.000624s ]
INFO: [ app_begin ] --END-- [ RunTime:0.000744s ]
SQL: SHOW COLUMNS FROM `vue-shopingcart` [ RunTime:0.0029s ]
SQL: SELECT * FROM `vue-shopingcart` WHERE `userid` = 1 AND `userName` = '123'  [ RunTime:0.0004s ]

[ 2018-11-26T17:22:44+08:00 ] ::1 /nhkjw/index.php/Home/index/getProductCat
INFO: [ app_init ] --START--
INFO: Run Behavior\BuildLiteBehavior [ RunTime:0.000010s ]
INFO: [ app_init ] --END-- [ RunTime:0.000334s ]
INFO: [ app_begin ] --START--
INFO: Run Behavior\ReadHtmlCacheBehavior [ RunTime:0.000980s ]
INFO: [ app_begin ] --END-- [ RunTime:0.001084s ]
SQL: SHOW COLUMNS FROM `vue-shopingcart` [ RunTime:0.0034s ]
SQL: SELECT * FROM `vue-shopingcart` WHERE `userid` = 1 AND `userName` = '123'  [ RunTime:0.0003s ]

[ 2018-11-26T17:23:12+08:00 ] ::1 /nhkjw/index.php/Home/index/getProductCat
INFO: [ app_init ] --START--
INFO: Run Behavior\BuildLiteBehavior [ RunTime:0.000015s ]
INFO: [ app_init ] --END-- [ RunTime:0.000655s ]
INFO: [ app_begin ] --START--
INFO: Run Behavior\ReadHtmlCacheBehavior [ RunTime:0.000456s ]
INFO: [ app_begin ] --END-- [ RunTime:0.000507s ]
SQL: SHOW COLUMNS FROM `vue-shopingcart` [ RunTime:0.0034s ]
SQL: SELECT * FROM `vue-shopingcart` WHERE `userid` = 1 AND `userName` = '123'  [ RunTime:0.0005s ]

[ 2018-11-26T17:24:04+08:00 ] ::1 /nhkjw/index.php/Home/index/getProductCat
INFO: [ app_init ] --START--
INFO: Run Behavior\BuildLiteBehavior [ RunTime:0.000011s ]
INFO: [ app_init ] --END-- [ RunTime:0.000353s ]
INFO: [ app_begin ] --START--
INFO: Run Behavior\ReadHtmlCacheBehavior [ RunTime:0.000431s ]
INFO: [ app_begin ] --END-- [ RunTime:0.000506s ]
SQL: SHOW COLUMNS FROM `vue-shopingcart` [ RunTime:0.0037s ]
SQL: SELECT * FROM `vue-shopingcart` WHERE `userid` = 1 AND `userName` = '123'  [ RunTime:0.0005s ]

[ 2018-11-26T17:24:12+08:00 ] ::1 /nhkjw/index.php/Home/index/getProductCat
INFO: [ app_init ] --START--
INFO: Run Behavior\BuildLiteBehavior [ RunTime:0.000015s ]
INFO: [ app_init ] --END-- [ RunTime:0.000311s ]
INFO: [ app_begin ] --START--
INFO: Run Behavior\ReadHtmlCacheBehavior [ RunTime:0.000535s ]
INFO: [ app_begin ] --END-- [ RunTime:0.000597s ]
SQL: SHOW COLUMNS FROM `vue-shopingcart` [ RunTime:0.0043s ]
SQL: SELECT * FROM `vue-shopingcart` WHERE `userid` = 1 AND `userName` = '123'  [ RunTime:0.0007s ]

[ 2018-11-26T17:24:20+08:00 ] ::1 /nhkjw/index.php/Home/index/getProductCat
INFO: [ app_init ] --START--
INFO: Run Behavior\BuildLiteBehavior [ RunTime:0.000016s ]
INFO: [ app_init ] --END-- [ RunTime:0.000415s ]
INFO: [ app_begin ] --START--
INFO: Run Behavior\ReadHtmlCacheBehavior [ RunTime:0.000471s ]
INFO: [ app_begin ] --END-- [ RunTime:0.000526s ]
SQL: SHOW COLUMNS FROM `vue-shopingcart` [ RunTime:0.0037s ]
SQL: SELECT * FROM `vue-shopingcart` WHERE `userid` = 1 AND `userName` = '123'  [ RunTime:0.0007s ]

[ 2018-11-26T17:24:31+08:00 ] ::1 /nhkjw/index.php/Home/index/getProductCat
INFO: [ app_init ] --START--
INFO: Run Behavior\BuildLiteBehavior [ RunTime:0.000029s ]
INFO: [ app_init ] --END-- [ RunTime:0.001139s ]
INFO: [ app_begin ] --START--
INFO: Run Behavior\ReadHtmlCacheBehavior [ RunTime:0.000647s ]
INFO: [ app_begin ] --END-- [ RunTime:0.000788s ]
SQL: SHOW COLUMNS FROM `vue-shopingcart` [ RunTime:0.0132s ]
SQL: SELECT * FROM `vue-shopingcart` WHERE `userid` = 1 AND `userName` = '123'  [ RunTime:0.0008s ]

[ 2018-11-26T17:25:12+08:00 ] ::1 /nhkjw/index.php/Home/index/getProductCat
INFO: [ app_init ] --START--
INFO: Run Behavior\BuildLiteBehavior [ RunTime:0.000041s ]
INFO: [ app_init ] --END-- [ RunTime:0.001801s ]
INFO: [ app_begin ] --START--
INFO: Run Behavior\ReadHtmlCacheBehavior [ RunTime:0.001180s ]
INFO: [ app_begin ] --END-- [ RunTime:0.001267s ]
SQL: SHOW COLUMNS FROM `vue-shopingcart` [ RunTime:0.0033s ]
SQL: SELECT * FROM `vue-shopingcart` WHERE `userid` = 1 AND `userName` = '123'  [ RunTime:0.0005s ]

[ 2018-11-26T17:25:17+08:00 ] ::1 /nhkjw/index.php/Home/index/getProductCat
INFO: [ app_init ] --START--
INFO: Run Behavior\BuildLiteBehavior [ RunTime:0.000015s ]
INFO: [ app_init ] --END-- [ RunTime:0.000398s ]
INFO: [ app_begin ] --START--
INFO: Run Behavior\ReadHtmlCacheBehavior [ RunTime:0.000968s ]
INFO: [ app_begin ] --END-- [ RunTime:0.001059s ]
SQL: SHOW COLUMNS FROM `vue-shopingcart` [ RunTime:0.0032s ]
SQL: SELECT * FROM `vue-shopingcart` WHERE `userid` = 1 AND `userName` = '123'  [ RunTime:0.0008s ]

[ 2018-11-26T17:26:43+08:00 ] ::1 /nhkjw/index.php/Home/index/getProductCat
INFO: [ app_init ] --START--
INFO: Run Behavior\BuildLiteBehavior [ RunTime:0.000014s ]
INFO: [ app_init ] --END-- [ RunTime:0.000360s ]
INFO: [ app_begin ] --START--
INFO: Run Behavior\ReadHtmlCacheBehavior [ RunTime:0.001055s ]
INFO: [ app_begin ] --END-- [ RunTime:0.001156s ]
SQL: SHOW COLUMNS FROM `vue-shopingcart` [ RunTime:0.0040s ]
SQL: SELECT * FROM `vue-shopingcart` WHERE `userid` = 1 AND `userName` = '123'  [ RunTime:0.0008s ]

[ 2018-11-26T17:28:44+08:00 ] ::1 /nhkjw/index.php/Home/index/getProductCat
INFO: [ app_init ] --START--
INFO: Run Behavior\BuildLiteBehavior [ RunTime:0.000019s ]
INFO: [ app_init ] --END-- [ RunTime:0.000536s ]
INFO: [ app_begin ] --START--
INFO: Run Behavior\ReadHtmlCacheBehavior [ RunTime:0.000798s ]
INFO: [ app_begin ] --END-- [ RunTime:0.000873s ]
SQL: SHOW COLUMNS FROM `vue-shopingcart` [ RunTime:0.0042s ]
SQL: SELECT * FROM `vue-shopingcart` WHERE `userid` = 1 AND `userName` = '123'  [ RunTime:0.0005s ]

[ 2018-11-26T17:28:59+08:00 ] ::1 /nhkjw/index.php/Home/index/getProductCat
INFO: [ app_init ] --START--
INFO: Run Behavior\BuildLiteBehavior [ RunTime:0.000012s ]
INFO: [ app_init ] --END-- [ RunTime:0.000319s ]
INFO: [ app_begin ] --START--
INFO: Run Behavior\ReadHtmlCacheBehavior [ RunTime:0.000412s ]
INFO: [ app_begin ] --END-- [ RunTime:0.000466s ]
SQL: SHOW COLUMNS FROM `vue-shopingcart` [ RunTime:0.0038s ]
SQL: SELECT * FROM `vue-shopingcart` WHERE `userid` = 1 AND `userName` = '123'  [ RunTime:0.0008s ]

[ 2018-11-26T17:29:14+08:00 ] ::1 /nhkjw/index.php/Home/index/getProductCat
INFO: [ app_init ] --START--
INFO: Run Behavior\BuildLiteBehavior [ RunTime:0.000013s ]
INFO: [ app_init ] --END-- [ RunTime:0.000495s ]
INFO: [ app_begin ] --START--
INFO: Run Behavior\ReadHtmlCacheBehavior [ RunTime:0.001107s ]
INFO: [ app_begin ] --END-- [ RunTime:0.001264s ]
SQL: SHOW COLUMNS FROM `vue-shopingcart` [ RunTime:0.0040s ]
SQL: SELECT * FROM `vue-shopingcart` WHERE `userid` = 1 AND `userName` = '123'  [ RunTime:0.0007s ]

[ 2018-11-26T17:29:41+08:00 ] ::1 /nhkjw/index.php/Home/index/getProductCat
INFO: [ app_init ] --START--
INFO: Run Behavior\BuildLiteBehavior [ RunTime:0.000012s ]
INFO: [ app_init ] --END-- [ RunTime:0.000346s ]
INFO: [ app_begin ] --START--
INFO: Run Behavior\ReadHtmlCacheBehavior [ RunTime:0.000511s ]
INFO: [ app_begin ] --END-- [ RunTime:0.000560s ]
SQL: SHOW COLUMNS FROM `vue-shopingcart` [ RunTime:0.0057s ]
SQL: SELECT * FROM `vue-shopingcart` WHERE `userid` = 1 AND `userName` = '123'  [ RunTime:0.0007s ]

[ 2018-11-26T17:29:42+08:00 ] ::1 /nhkjw/index.php/Home/index/getProductCat
INFO: [ app_init ] --START--
INFO: Run Behavior\BuildLiteBehavior [ RunTime:0.000013s ]
INFO: [ app_init ] --END-- [ RunTime:0.000359s ]
INFO: [ app_begin ] --START--
INFO: Run Behavior\ReadHtmlCacheBehavior [ RunTime:0.000538s ]
INFO: [ app_begin ] --END-- [ RunTime:0.000611s ]
SQL: SHOW COLUMNS FROM `vue-shopingcart` [ RunTime:0.0040s ]
SQL: SELECT * FROM `vue-shopingcart` WHERE `userid` = 1 AND `userName` = '123'  [ RunTime:0.0007s ]

[ 2018-11-26T17:30:22+08:00 ] ::1 /nhkjw/index.php/Home/index/getProductCat
INFO: [ app_init ] --START--
INFO: Run Behavior\BuildLiteBehavior [ RunTime:0.001362s ]
INFO: [ app_init ] --END-- [ RunTime:0.001978s ]
INFO: [ app_begin ] --START--
INFO: Run Behavior\ReadHtmlCacheBehavior [ RunTime:0.000481s ]
INFO: [ app_begin ] --END-- [ RunTime:0.000537s ]
SQL: SHOW COLUMNS FROM `vue-shopingcart` [ RunTime:0.0058s ]
SQL: SELECT * FROM `vue-shopingcart` WHERE `userid` = 1 AND `userName` = '123'  [ RunTime:0.0004s ]

[ 2018-11-26T17:54:44+08:00 ] ::1 /nhkjw/index.php/Home/index/getProductCat
INFO: [ app_init ] --START--
INFO: Run Behavior\BuildLiteBehavior [ RunTime:0.000018s ]
INFO: [ app_init ] --END-- [ RunTime:0.000555s ]
INFO: [ app_begin ] --START--
INFO: Run Behavior\ReadHtmlCacheBehavior [ RunTime:0.000697s ]
INFO: [ app_begin ] --END-- [ RunTime:0.000758s ]
SQL: SHOW COLUMNS FROM `vue-shopingcart` [ RunTime:0.0031s ]
SQL: SELECT * FROM `vue-shopingcart` WHERE `userid` = 1 AND `userName` = '123'  [ RunTime:0.0004s ]

[ 2018-11-26T18:01:05+08:00 ] ::1 /nhkjw/index.php/Home/index/getProductCat
INFO: [ app_init ] --START--
INFO: Run Behavior\BuildLiteBehavior [ RunTime:0.000016s ]
INFO: [ app_init ] --END-- [ RunTime:0.001092s ]
INFO: [ app_begin ] --START--
INFO: Run Behavior\ReadHtmlCacheBehavior [ RunTime:0.000657s ]
INFO: [ app_begin ] --END-- [ RunTime:0.000779s ]
SQL: SHOW COLUMNS FROM `vue-shopingcart` [ RunTime:0.0037s ]
SQL: SELECT * FROM `vue-shopingcart` WHERE `userid` = 1 AND `userName` = '123'  [ RunTime:0.0006s ]

[ 2018-11-26T18:01:06+08:00 ] ::1 /nhkjw/index.php/Home/index/getProductCat
INFO: [ app_init ] --START--
INFO: Run Behavior\BuildLiteBehavior [ RunTime:0.000025s ]
INFO: [ app_init ] --END-- [ RunTime:0.000488s ]
INFO: [ app_begin ] --START--
INFO: Run Behavior\ReadHtmlCacheBehavior [ RunTime:0.000488s ]
INFO: [ app_begin ] --END-- [ RunTime:0.000541s ]
SQL: SHOW COLUMNS FROM `vue-shopingcart` [ RunTime:0.0052s ]
SQL: SELECT * FROM `vue-shopingcart` WHERE `userid` = 1 AND `userName` = '123'  [ RunTime:0.0007s ]

[ 2018-11-26T18:01:57+08:00 ] ::1 /nhkjw/index.php/Home/index/getProductCat
INFO: [ app_init ] --START--
INFO: Run Behavior\BuildLiteBehavior [ RunTime:0.000014s ]
INFO: [ app_init ] --END-- [ RunTime:0.000415s ]
INFO: [ app_begin ] --START--
INFO: Run Behavior\ReadHtmlCacheBehavior [ RunTime:0.000391s ]
INFO: [ app_begin ] --END-- [ RunTime:0.000436s ]
SQL: SHOW COLUMNS FROM `vue-shopingcart` [ RunTime:0.0040s ]
SQL: SELECT * FROM `vue-shopingcart` WHERE `userid` = 1 AND `userName` = '123'  [ RunTime:0.0004s ]

[ 2018-11-26T18:05:05+08:00 ] ::1 /nhkjw/index.php/Home/index/getProductCat
INFO: [ app_init ] --START--
INFO: Run Behavior\BuildLiteBehavior [ RunTime:0.000016s ]
INFO: [ app_init ] --END-- [ RunTime:0.000515s ]
INFO: [ app_begin ] --START--
INFO: Run Behavior\ReadHtmlCacheBehavior [ RunTime:0.000720s ]
INFO: [ app_begin ] --END-- [ RunTime:0.000778s ]
SQL: SHOW COLUMNS FROM `vue-shopingcart` [ RunTime:0.0033s ]
SQL: SELECT * FROM `vue-shopingcart` WHERE `userid` = 1 AND `userName` = '123'  [ RunTime:0.0005s ]

[ 2018-11-26T18:05:46+08:00 ] ::1 /nhkjw/index.php/Home/index/getProductCat
INFO: [ app_init ] --START--
INFO: Run Behavior\BuildLiteBehavior [ RunTime:0.001464s ]
INFO: [ app_init ] --END-- [ RunTime:0.002066s ]
INFO: [ app_begin ] --START--
INFO: Run Behavior\ReadHtmlCacheBehavior [ RunTime:0.001422s ]
INFO: [ app_begin ] --END-- [ RunTime:0.001524s ]
SQL: SHOW COLUMNS FROM `vue-shopingcart` [ RunTime:0.0039s ]
SQL: SELECT * FROM `vue-shopingcart` WHERE `userid` = 1 AND `userName` = '123'  [ RunTime:0.0003s ]

[ 2018-11-26T18:09:31+08:00 ] ::1 /nhkjw/index.php/Home/index/getProductCat
INFO: [ app_init ] --START--
INFO: Run Behavior\BuildLiteBehavior [ RunTime:0.000012s ]
INFO: [ app_init ] --END-- [ RunTime:0.000426s ]
INFO: [ app_begin ] --START--
INFO: Run Behavior\ReadHtmlCacheBehavior [ RunTime:0.000535s ]
INFO: [ app_begin ] --END-- [ RunTime:0.000580s ]
SQL: SHOW COLUMNS FROM `vue-shopingcart` [ RunTime:0.0031s ]
SQL: SELECT * FROM `vue-shopingcart` WHERE `userid` = 1 AND `userName` = '123'  [ RunTime:0.0003s ]

[ 2018-11-26T18:09:46+08:00 ] ::1 /nhkjw/index.php/Home/index/getProductCat
INFO: [ app_init ] --START--
INFO: Run Behavior\BuildLiteBehavior [ RunTime:0.000029s ]
INFO: [ app_init ] --END-- [ RunTime:0.002963s ]
INFO: [ app_begin ] --START--
INFO: Run Behavior\ReadHtmlCacheBehavior [ RunTime:0.001820s ]
INFO: [ app_begin ] --END-- [ RunTime:0.001998s ]
SQL: SHOW COLUMNS FROM `vue-shopingcart` [ RunTime:0.0088s ]
SQL: SELECT * FROM `vue-shopingcart` WHERE `userid` = 1 AND `userName` = '123'  [ RunTime:0.0017s ]

[ 2018-11-26T18:12:17+08:00 ] ::1 /nhkjw/index.php/Home/index/getProductCat
INFO: [ app_init ] --START--
INFO: Run Behavior\BuildLiteBehavior [ RunTime:0.000018s ]
INFO: [ app_init ] --END-- [ RunTime:0.000588s ]
INFO: [ app_begin ] --START--
INFO: Run Behavior\ReadHtmlCacheBehavior [ RunTime:0.006222s ]
INFO: [ app_begin ] --END-- [ RunTime:0.006412s ]
SQL: SHOW COLUMNS FROM `vue-shopingcart` [ RunTime:0.0035s ]
SQL: SELECT * FROM `vue-shopingcart` WHERE `userid` = 1 AND `userName` = '123'  [ RunTime:0.0007s ]

[ 2018-11-26T18:12:36+08:00 ] ::1 /nhkjw/index.php/Home/index/getProductCat
INFO: [ app_init ] --START--
INFO: Run Behavior\BuildLiteBehavior [ RunTime:0.000018s ]
INFO: [ app_init ] --END-- [ RunTime:0.000481s ]
INFO: [ app_begin ] --START--
INFO: Run Behavior\ReadHtmlCacheBehavior [ RunTime:0.000526s ]
INFO: [ app_begin ] --END-- [ RunTime:0.000584s ]
SQL: SHOW COLUMNS FROM `vue-shopingcart` [ RunTime:0.0041s ]
SQL: SELECT * FROM `vue-shopingcart` WHERE `userid` = 1 AND `userName` = '123'  [ RunTime:0.0005s ]

[ 2018-11-26T18:13:23+08:00 ] ::1 /nhkjw/index.php/Home/index/getProductCat
INFO: [ app_init ] --START--
INFO: Run Behavior\BuildLiteBehavior [ RunTime:0.000011s ]
INFO: [ app_init ] --END-- [ RunTime:0.000329s ]
INFO: [ app_begin ] --START--
INFO: Run Behavior\ReadHtmlCacheBehavior [ RunTime:0.000471s ]
INFO: [ app_begin ] --END-- [ RunTime:0.000511s ]
SQL: SHOW COLUMNS FROM `vue-shopingcart` [ RunTime:0.0056s ]
SQL: SELECT * FROM `vue-shopingcart` WHERE `userid` = 1 AND `userName` = '123'  [ RunTime:0.0003s ]

[ 2018-11-26T18:14:10+08:00 ] ::1 /nhkjw/index.php/Home/index/getProductCat
INFO: [ app_init ] --START--
INFO: Run Behavior\BuildLiteBehavior [ RunTime:0.000019s ]
INFO: [ app_init ] --END-- [ RunTime:0.000561s ]
INFO: [ app_begin ] --START--
INFO: Run Behavior\ReadHtmlCacheBehavior [ RunTime:0.000701s ]
INFO: [ app_begin ] --END-- [ RunTime:0.000790s ]
SQL: SHOW COLUMNS FROM `vue-shopingcart` [ RunTime:0.0053s ]
SQL: SELECT * FROM `vue-shopingcart` WHERE `userid` = 1 AND `userName` = '123'  [ RunTime:0.0005s ]

[ 2018-11-26T18:14:32+08:00 ] ::1 /nhkjw/index.php/Home/index/getProductCat
INFO: [ app_init ] --START--
INFO: Run Behavior\BuildLiteBehavior [ RunTime:0.000022s ]
INFO: [ app_init ] --END-- [ RunTime:0.001362s ]
INFO: [ app_begin ] --START--
INFO: Run Behavior\ReadHtmlCacheBehavior [ RunTime:0.000885s ]
INFO: [ app_begin ] --END-- [ RunTime:0.000947s ]
SQL: SHOW COLUMNS FROM `vue-shopingcart` [ RunTime:0.0035s ]
SQL: SELECT * FROM `vue-shopingcart` WHERE `userid` = 1 AND `userName` = '123'  [ RunTime:0.0004s ]

[ 2018-11-26T18:16:57+08:00 ] ::1 /nhkjw/index.php/Home/index/getProductCat
INFO: [ app_init ] --START--
INFO: Run Behavior\BuildLiteBehavior [ RunTime:0.000020s ]
INFO: [ app_init ] --END-- [ RunTime:0.000600s ]
INFO: [ app_begin ] --START--
INFO: Run Behavior\ReadHtmlCacheBehavior [ RunTime:0.000771s ]
INFO: [ app_begin ] --END-- [ RunTime:0.005370s ]
SQL: SHOW COLUMNS FROM `vue-shopingcart` [ RunTime:0.0053s ]
SQL: SELECT * FROM `vue-shopingcart` WHERE `userid` = 1 AND `userName` = '123'  [ RunTime:0.0006s ]

[ 2018-11-26T18:17:14+08:00 ] ::1 /nhkjw/index.php/Home/index/getProductCat
INFO: [ app_init ] --START--
INFO: Run Behavior\BuildLiteBehavior [ RunTime:0.000023s ]
INFO: [ app_init ] --END-- [ RunTime:0.000536s ]
INFO: [ app_begin ] --START--
INFO: Run Behavior\ReadHtmlCacheBehavior [ RunTime:0.000573s ]
INFO: [ app_begin ] --END-- [ RunTime:0.000630s ]
SQL: SHOW COLUMNS FROM `vue-shopingcart` [ RunTime:0.0048s ]
SQL: SELECT * FROM `vue-shopingcart` WHERE `userid` = 1 AND `userName` = '123'  [ RunTime:0.0010s ]

[ 2018-11-26T18:17:32+08:00 ] ::1 /nhkjw/index.php/Home/index/getProductCat
INFO: [ app_init ] --START--
INFO: Run Behavior\BuildLiteBehavior [ RunTime:0.000024s ]
INFO: [ app_init ] --END-- [ RunTime:0.000658s ]
INFO: [ app_begin ] --START--
INFO: Run Behavior\ReadHtmlCacheBehavior [ RunTime:0.000629s ]
INFO: [ app_begin ] --END-- [ RunTime:0.000699s ]
SQL: SHOW COLUMNS FROM `vue-shopingcart` [ RunTime:0.0028s ]
SQL: SELECT * FROM `vue-shopingcart` WHERE `userid` = 1 AND `userName` = '123'  [ RunTime:0.0003s ]

[ 2018-11-26T18:18:01+08:00 ] ::1 /nhkjw/index.php/Home/index/getProductCat
INFO: [ app_init ] --START--
INFO: Run Behavior\BuildLiteBehavior [ RunTime:0.000029s ]
INFO: [ app_init ] --END-- [ RunTime:0.000928s ]
INFO: [ app_begin ] --START--
INFO: Run Behavior\ReadHtmlCacheBehavior [ RunTime:0.000604s ]
INFO: [ app_begin ] --END-- [ RunTime:0.000682s ]
SQL: SHOW COLUMNS FROM `vue-shopingcart` [ RunTime:0.0040s ]
SQL: SELECT * FROM `vue-shopingcart` WHERE `userid` = 1 AND `userName` = '123'  [ RunTime:0.0005s ]

[ 2018-11-26T18:30:13+08:00 ] ::1 /nhkjw/index.php/Home/index/getProductCat
INFO: [ app_init ] --START--
INFO: Run Behavior\BuildLiteBehavior [ RunTime:0.000019s ]
INFO: [ app_init ] --END-- [ RunTime:0.000877s ]
INFO: [ app_begin ] --START--
INFO: Run Behavior\ReadHtmlCacheBehavior [ RunTime:0.001375s ]
INFO: [ app_begin ] --END-- [ RunTime:0.001456s ]
SQL: SHOW COLUMNS FROM `vue-shopingcart` [ RunTime:0.0061s ]
SQL: SELECT * FROM `vue-shopingcart` WHERE `userid` = 1 AND `userName` = '123'  [ RunTime:0.0009s ]

[ 2018-11-26T18:30:46+08:00 ] ::1 /nhkjw/index.php/Home/index/getProductCat
INFO: [ app_init ] --START--
INFO: Run Behavior\BuildLiteBehavior [ RunTime:0.000012s ]
INFO: [ app_init ] --END-- [ RunTime:0.000369s ]
INFO: [ app_begin ] --START--
INFO: Run Behavior\ReadHtmlCacheBehavior [ RunTime:0.000380s ]
INFO: [ app_begin ] --END-- [ RunTime:0.000425s ]
SQL: SHOW COLUMNS FROM `vue-shopingcart` [ RunTime:0.0040s ]
SQL: SELECT * FROM `vue-shopingcart` WHERE `userid` = 1 AND `userName` = '123'  [ RunTime:0.0005s ]

[ 2018-11-26T18:31:17+08:00 ] ::1 /nhkjw/index.php/Home/index/getProductCat
INFO: [ app_init ] --START--
INFO: Run Behavior\BuildLiteBehavior [ RunTime:0.000011s ]
INFO: [ app_init ] --END-- [ RunTime:0.000318s ]
INFO: [ app_begin ] --START--
INFO: Run Behavior\ReadHtmlCacheBehavior [ RunTime:0.000480s ]
INFO: [ app_begin ] --END-- [ RunTime:0.000528s ]
SQL: SHOW COLUMNS FROM `vue-shopingcart` [ RunTime:0.0037s ]
SQL: SELECT * FROM `vue-shopingcart` WHERE `userid` = 1 AND `userName` = '123'  [ RunTime:0.0008s ]

[ 2018-11-26T18:32:12+08:00 ] ::1 /nhkjw/index.php/Home/index/getProductCat
INFO: [ app_init ] --START--
INFO: Run Behavior\BuildLiteBehavior [ RunTime:0.000073s ]
INFO: [ app_init ] --END-- [ RunTime:0.009047s ]
INFO: [ app_begin ] --START--
INFO: Run Behavior\ReadHtmlCacheBehavior [ RunTime:0.000465s ]
INFO: [ app_begin ] --END-- [ RunTime:0.000519s ]
SQL: SHOW COLUMNS FROM `vue-shopingcart` [ RunTime:0.0153s ]
SQL: SELECT * FROM `vue-shopingcart` WHERE `userid` = 1 AND `userName` = '123'  [ RunTime:0.0027s ]

[ 2018-11-26T18:32:57+08:00 ] ::1 /nhkjw/index.php/Home/index/getProductCat
INFO: [ app_init ] --START--
INFO: Run Behavior\BuildLiteBehavior [ RunTime:0.000034s ]
INFO: [ app_init ] --END-- [ RunTime:0.005792s ]
INFO: [ app_begin ] --START--
INFO: Run Behavior\ReadHtmlCacheBehavior [ RunTime:0.001415s ]
INFO: [ app_begin ] --END-- [ RunTime:0.001495s ]
SQL: SHOW COLUMNS FROM `vue-shopingcart` [ RunTime:0.0049s ]
SQL: SELECT * FROM `vue-shopingcart` WHERE `userid` = 1 AND `userName` = '123'  [ RunTime:0.0008s ]

[ 2018-11-26T18:34:24+08:00 ] ::1 /nhkjw/index.php/Home/index/getProductCat
INFO: [ app_init ] --START--
INFO: Run Behavior\BuildLiteBehavior [ RunTime:0.000011s ]
INFO: [ app_init ] --END-- [ RunTime:0.000308s ]
INFO: [ app_begin ] --START--
INFO: Run Behavior\ReadHtmlCacheBehavior [ RunTime:0.000363s ]
INFO: [ app_begin ] --END-- [ RunTime:0.000402s ]
SQL: SHOW COLUMNS FROM `vue-shopingcart` [ RunTime:0.0046s ]
SQL: SELECT * FROM `vue-shopingcart` WHERE `userid` = 1 AND `userName` = '123'  [ RunTime:0.0004s ]

[ 2018-11-26T18:34:38+08:00 ] ::1 /nhkjw/index.php/Home/index/getProductCat
INFO: [ app_init ] --START--
INFO: Run Behavior\BuildLiteBehavior [ RunTime:0.000026s ]
INFO: [ app_init ] --END-- [ RunTime:0.001682s ]
INFO: [ app_begin ] --START--
INFO: Run Behavior\ReadHtmlCacheBehavior [ RunTime:0.000525s ]
INFO: [ app_begin ] --END-- [ RunTime:0.000613s ]
SQL: SHOW COLUMNS FROM `vue-shopingcart` [ RunTime:0.0072s ]
SQL: SELECT * FROM `vue-shopingcart` WHERE `userid` = 1 AND `userName` = '123'  [ RunTime:0.0007s ]

[ 2018-11-26T18:34:52+08:00 ] ::1 /nhkjw/index.php/Home/index/getProductCat
INFO: [ app_init ] --START--
INFO: Run Behavior\BuildLiteBehavior [ RunTime:0.000016s ]
INFO: [ app_init ] --END-- [ RunTime:0.000396s ]
INFO: [ app_begin ] --START--
INFO: Run Behavior\ReadHtmlCacheBehavior [ RunTime:0.000530s ]
INFO: [ app_begin ] --END-- [ RunTime:0.000584s ]
SQL: SHOW COLUMNS FROM `vue-shopingcart` [ RunTime:0.0027s ]
SQL: SELECT * FROM `vue-shopingcart` WHERE `userid` = 1 AND `userName` = '123'  [ RunTime:0.0004s ]

[ 2018-11-26T18:35:23+08:00 ] ::1 /nhkjw/index.php/Home/index/getProductCat
INFO: [ app_init ] --START--
INFO: Run Behavior\BuildLiteBehavior [ RunTime:0.000015s ]
INFO: [ app_init ] --END-- [ RunTime:0.000606s ]
INFO: [ app_begin ] --START--
INFO: Run Behavior\ReadHtmlCacheBehavior [ RunTime:0.000732s ]
INFO: [ app_begin ] --END-- [ RunTime:0.000805s ]
SQL: SHOW COLUMNS FROM `vue-shopingcart` [ RunTime:0.0030s ]
SQL: SELECT * FROM `vue-shopingcart` WHERE `userid` = 1 AND `userName` = '123'  [ RunTime:0.0004s ]

[ 2018-11-26T18:35:44+08:00 ] ::1 /nhkjw/index.php/Home/index/getProductCat
INFO: [ app_init ] --START--
INFO: Run Behavior\BuildLiteBehavior [ RunTime:0.000022s ]
INFO: [ app_init ] --END-- [ RunTime:0.000427s ]
INFO: [ app_begin ] --START--
INFO: Run Behavior\ReadHtmlCacheBehavior [ RunTime:0.001003s ]
INFO: [ app_begin ] --END-- [ RunTime:0.001080s ]
SQL: SHOW COLUMNS FROM `vue-shopingcart` [ RunTime:0.0038s ]
SQL: SELECT * FROM `vue-shopingcart` WHERE `userid` = 1 AND `userName` = '123'  [ RunTime:0.0003s ]

[ 2018-11-26T18:36:44+08:00 ] ::1 /nhkjw/index.php/Home/index/getProductCat
INFO: [ app_init ] --START--
INFO: Run Behavior\BuildLiteBehavior [ RunTime:0.000024s ]
INFO: [ app_init ] --END-- [ RunTime:0.000501s ]
INFO: [ app_begin ] --START--
INFO: Run Behavior\ReadHtmlCacheBehavior [ RunTime:0.000669s ]
INFO: [ app_begin ] --END-- [ RunTime:0.000730s ]
SQL: SHOW COLUMNS FROM `vue-shopingcart` [ RunTime:0.0063s ]
SQL: SELECT * FROM `vue-shopingcart` WHERE `userid` = 1 AND `userName` = '123'  [ RunTime:0.0007s ]

[ 2018-11-26T18:39:54+08:00 ] ::1 /nhkjw/index.php/Home/index/getProductCat
INFO: [ app_init ] --START--
INFO: Run Behavior\BuildLiteBehavior [ RunTime:0.000014s ]
INFO: [ app_init ] --END-- [ RunTime:0.000628s ]
INFO: [ app_begin ] --START--
INFO: Run Behavior\ReadHtmlCacheBehavior [ RunTime:0.000546s ]
INFO: [ app_begin ] --END-- [ RunTime:0.000597s ]
SQL: SHOW COLUMNS FROM `vue-shopingcart` [ RunTime:0.0026s ]
SQL: SELECT * FROM `vue-shopingcart` WHERE `userid` = 1 AND `userName` = '123'  [ RunTime:0.0003s ]

[ 2018-11-26T18:40:24+08:00 ] ::1 /nhkjw/index.php/Home/index/getProductCat
INFO: [ app_init ] --START--
INFO: Run Behavior\BuildLiteBehavior [ RunTime:0.000016s ]
INFO: [ app_init ] --END-- [ RunTime:0.000401s ]
INFO: [ app_begin ] --START--
INFO: Run Behavior\ReadHtmlCacheBehavior [ RunTime:0.001462s ]
INFO: [ app_begin ] --END-- [ RunTime:0.001532s ]
SQL: SHOW COLUMNS FROM `vue-shopingcart` [ RunTime:0.0053s ]
SQL: SELECT * FROM `vue-shopingcart` WHERE `userid` = 1 AND `userName` = '123'  [ RunTime:0.0007s ]

[ 2018-11-26T18:41:29+08:00 ] ::1 /nhkjw/index.php/Home/index/getProductCatS
INFO: [ app_init ] --START--
INFO: Run Behavior\BuildLiteBehavior [ RunTime:0.000012s ]
INFO: [ app_init ] --END-- [ RunTime:0.000310s ]
INFO: [ app_begin ] --START--
INFO: Run Behavior\ReadHtmlCacheBehavior [ RunTime:0.000787s ]
INFO: [ app_begin ] --END-- [ RunTime:0.000869s ]

[ 2018-11-26T18:41:54+08:00 ] ::1 /nhkjw/index.php/Home/index/getProductCat
INFO: [ app_init ] --START--
INFO: Run Behavior\BuildLiteBehavior [ RunTime:0.000013s ]
INFO: [ app_init ] --END-- [ RunTime:0.000385s ]
INFO: [ app_begin ] --START--
INFO: Run Behavior\ReadHtmlCacheBehavior [ RunTime:0.000455s ]
INFO: [ app_begin ] --END-- [ RunTime:0.000502s ]
SQL: SHOW COLUMNS FROM `vue-shopingcart` [ RunTime:0.0035s ]
SQL: SELECT * FROM `vue-shopingcart` WHERE `userid` = 1 AND `userName` = '123'  [ RunTime:0.0003s ]

[ 2018-11-26T18:42:54+08:00 ] ::1 /nhkjw/index.php/Home/index/getProductCatS
INFO: [ app_init ] --START--
INFO: Run Behavior\BuildLiteBehavior [ RunTime:0.000012s ]
INFO: [ app_init ] --END-- [ RunTime:0.000389s ]
INFO: [ app_begin ] --START--
INFO: Run Behavior\ReadHtmlCacheBehavior [ RunTime:0.000528s ]
INFO: [ app_begin ] --END-- [ RunTime:0.000578s ]

[ 2018-11-26T18:43:11+08:00 ] ::1 /nhkjw/index.php/Home/index/getProductCat
INFO: [ app_init ] --START--
INFO: Run Behavior\BuildLiteBehavior [ RunTime:0.000018s ]
INFO: [ app_init ] --END-- [ RunTime:0.000425s ]
INFO: [ app_begin ] --START--
INFO: Run Behavior\ReadHtmlCacheBehavior [ RunTime:0.000689s ]
INFO: [ app_begin ] --END-- [ RunTime:0.000758s ]
SQL: SHOW COLUMNS FROM `vue-shopingcart` [ RunTime:0.0034s ]
SQL: SELECT * FROM `vue-shopingcart` WHERE `userid` = 1 AND `userName` = '123'  [ RunTime:0.0004s ]

[ 2018-11-26T22:16:30+08:00 ] ::1 /nhkjw/index.php/Home/index/getProductCat
INFO: [ app_init ] --START--
INFO: Run Behavior\BuildLiteBehavior [ RunTime:0.000019s ]
INFO: [ app_init ] --END-- [ RunTime:0.000846s ]
INFO: [ app_begin ] --START--
INFO: Run Behavior\ReadHtmlCacheBehavior [ RunTime:0.000913s ]
INFO: [ app_begin ] --END-- [ RunTime:0.000960s ]
SQL: SHOW COLUMNS FROM `vue-shopingcart` [ RunTime:0.0051s ]
SQL: SELECT * FROM `vue-shopingcart` WHERE `userid` = 1 AND `userName` = '123'  [ RunTime:0.0009s ]

[ 2018-11-26T22:16:35+08:00 ] ::1 /nhkjw/index.php/Home/index/getProductCatS
INFO: [ app_init ] --START--
INFO: Run Behavior\BuildLiteBehavior [ RunTime:0.000010s ]
INFO: [ app_init ] --END-- [ RunTime:0.000309s ]
INFO: [ app_begin ] --START--
INFO: Run Behavior\ReadHtmlCacheBehavior [ RunTime:0.000503s ]
INFO: [ app_begin ] --END-- [ RunTime:0.000542s ]

[ 2018-11-26T22:20:40+08:00 ] ::1 /nhkjw/index.php/Home/index/getProductCatS
INFO: [ app_init ] --START--
INFO: Run Behavior\BuildLiteBehavior [ RunTime:0.000011s ]
INFO: [ app_init ] --END-- [ RunTime:0.000364s ]
INFO: [ app_begin ] --START--
INFO: Run Behavior\ReadHtmlCacheBehavior [ RunTime:0.000490s ]
INFO: [ app_begin ] --END-- [ RunTime:0.000534s ]

[ 2018-11-26T22:21:02+08:00 ] ::1 /nhkjw/index.php/Home/index/getProductCatS
INFO: [ app_init ] --START--
INFO: Run Behavior\BuildLiteBehavior [ RunTime:0.000009s ]
INFO: [ app_init ] --END-- [ RunTime:0.000271s ]
INFO: [ app_begin ] --START--
INFO: Run Behavior\ReadHtmlCacheBehavior [ RunTime:0.000341s ]
INFO: [ app_begin ] --END-- [ RunTime:0.000381s ]

[ 2018-11-26T22:21:22+08:00 ] ::1 /nhkjw/index.php/Home/index/getProductCatS
INFO: [ app_init ] --START--
INFO: Run Behavior\BuildLiteBehavior [ RunTime:0.000014s ]
INFO: [ app_init ] --END-- [ RunTime:0.005033s ]
INFO: [ app_begin ] --START--
INFO: Run Behavior\ReadHtmlCacheBehavior [ RunTime:0.015161s ]
INFO: [ app_begin ] --END-- [ RunTime:0.015221s ]
NOTIC: [8] Use of undefined constant configuration - assumed 'configuration' J:\xampp\htdocs\NHKJW\Application\Home\Controller\IndexController.class.php 第 283 行.
NOTIC: [8] Array to string conversion J:\xampp\htdocs\NHKJW\Application\Home\Controller\IndexController.class.php 第 283 行.

[ 2018-11-26T22:21:40+08:00 ] ::1 /nhkjw/index.php/Home/index/getProductCatS
INFO: [ app_init ] --START--
INFO: Run Behavior\BuildLiteBehavior [ RunTime:0.000010s ]
INFO: [ app_init ] --END-- [ RunTime:0.000319s ]
INFO: [ app_begin ] --START--
INFO: Run Behavior\ReadHtmlCacheBehavior [ RunTime:0.000352s ]
INFO: [ app_begin ] --END-- [ RunTime:0.000394s ]
NOTIC: [8] Use of undefined constant configuration - assumed 'configuration' J:\xampp\htdocs\NHKJW\Application\Home\Controller\IndexController.class.php 第 283 行.
NOTIC: [8] Array to string conversion J:\xampp\htdocs\NHKJW\Application\Home\Controller\IndexController.class.php 第 283 行.

[ 2018-11-26T22:21:55+08:00 ] ::1 /nhkjw/index.php/Home/index/getProductCatS
INFO: [ app_init ] --START--
INFO: Run Behavior\BuildLiteBehavior [ RunTime:0.000012s ]
INFO: [ app_init ] --END-- [ RunTime:0.000337s ]
INFO: [ app_begin ] --START--
INFO: Run Behavior\ReadHtmlCacheBehavior [ RunTime:0.000393s ]
INFO: [ app_begin ] --END-- [ RunTime:0.000445s ]

[ 2018-11-26T22:22:42+08:00 ] ::1 /nhkjw/index.php/Home/index/getProductCatS
INFO: [ app_init ] --START--
INFO: Run Behavior\BuildLiteBehavior [ RunTime:0.000011s ]
INFO: [ app_init ] --END-- [ RunTime:0.000409s ]
INFO: [ app_begin ] --START--
INFO: Run Behavior\ReadHtmlCacheBehavior [ RunTime:0.000966s ]
INFO: [ app_begin ] --END-- [ RunTime:0.001059s ]

[ 2018-11-26T22:22:51+08:00 ] ::1 /nhkjw/index.php/Home/index/getProductCatS
INFO: [ app_init ] --START--
INFO: Run Behavior\BuildLiteBehavior [ RunTime:0.000009s ]
INFO: [ app_init ] --END-- [ RunTime:0.000303s ]
INFO: [ app_begin ] --START--
INFO: Run Behavior\ReadHtmlCacheBehavior [ RunTime:0.000340s ]
INFO: [ app_begin ] --END-- [ RunTime:0.000381s ]

[ 2018-11-26T22:26:48+08:00 ] ::1 /nhkjw/index.php/Home/index/getProductCatS
INFO: [ app_init ] --START--
INFO: Run Behavior\BuildLiteBehavior [ RunTime:0.000011s ]
INFO: [ app_init ] --END-- [ RunTime:0.000337s ]
INFO: [ app_begin ] --START--
INFO: Run Behavior\ReadHtmlCacheBehavior [ RunTime:0.000486s ]
INFO: [ app_begin ] --END-- [ RunTime:0.000530s ]

[ 2018-11-26T22:30:31+08:00 ] ::1 /nhkjw/index.php/Home/index/getProductCat
INFO: [ app_init ] --START--
INFO: Run Behavior\BuildLiteBehavior [ RunTime:0.000011s ]
INFO: [ app_init ] --END-- [ RunTime:0.000419s ]
INFO: [ app_begin ] --START--
INFO: Run Behavior\ReadHtmlCacheBehavior [ RunTime:0.000497s ]
INFO: [ app_begin ] --END-- [ RunTime:0.000539s ]
SQL: SHOW COLUMNS FROM `vue-shopingcart` [ RunTime:0.0032s ]
SQL: SELECT * FROM `vue-shopingcart` WHERE `userid` = 1 AND `userName` = '123'  [ RunTime:0.0004s ]

