[ 2018-11-02T01:04:07+08:00 ] ::1 /nhkjw/index.php/Home/index/login
INFO: [ app_init ] --START--
INFO: Run Behavior\BuildLiteBehavior [ RunTime:0.000026s ]
INFO: [ app_init ] --END-- [ RunTime:0.000934s ]
INFO: [ app_begin ] --START--
INFO: Run Behavior\ReadHtmlCacheBehavior [ RunTime:0.000846s ]
INFO: [ app_begin ] --END-- [ RunTime:0.000943s ]
SQL: SHOW COLUMNS FROM `vue-user` [ RunTime:0.0045s ]
SQL: SELECT * FROM `vue-user` WHERE `userName` = '123' AND `userPwd` = '123' LIMIT 1   [ RunTime:0.0018s ]

[ 2018-11-02T01:05:16+08:00 ] ::1 /nhkjw/index.php/Home/index/login
INFO: [ app_init ] --START--
INFO: Run Behavior\BuildLiteBehavior [ RunTime:0.000012s ]
INFO: [ app_init ] --END-- [ RunTime:0.000366s ]
INFO: [ app_begin ] --START--
INFO: Run Behavior\ReadHtmlCacheBehavior [ RunTime:0.000446s ]
INFO: [ app_begin ] --END-- [ RunTime:0.000495s ]
SQL: SHOW COLUMNS FROM `vue-user` [ RunTime:0.0036s ]
SQL: SELECT * FROM `vue-user` WHERE `userName` = '123' AND `userPwd` = '123' LIMIT 1   [ RunTime:0.0003s ]

[ 2018-11-02T01:05:26+08:00 ] ::1 /nhkjw/index.php/Home/index/login
INFO: [ app_init ] --START--
INFO: Run Behavior\BuildLiteBehavior [ RunTime:0.000013s ]
INFO: [ app_init ] --END-- [ RunTime:0.000443s ]
INFO: [ app_begin ] --START--
INFO: Run Behavior\ReadHtmlCacheBehavior [ RunTime:0.000452s ]
INFO: [ app_begin ] --END-- [ RunTime:0.000499s ]
SQL: SHOW COLUMNS FROM `vue-user` [ RunTime:0.0049s ]
SQL: SELECT * FROM `vue-user` WHERE `userName` = '333' AND `userPwd` = '333' LIMIT 1   [ RunTime:0.0004s ]

[ 2018-11-02T01:06:11+08:00 ] ::1 /nhkjw/index.php/Home/index/login
INFO: [ app_init ] --START--
INFO: Run Behavior\BuildLiteBehavior [ RunTime:0.000013s ]
INFO: [ app_init ] --END-- [ RunTime:0.000413s ]
INFO: [ app_begin ] --START--
INFO: Run Behavior\ReadHtmlCacheBehavior [ RunTime:0.000708s ]
INFO: [ app_begin ] --END-- [ RunTime:0.000787s ]
SQL: SHOW COLUMNS FROM `vue-user` [ RunTime:0.0045s ]
SQL: SELECT * FROM `vue-user` WHERE `userName` = '333' AND `userPwd` = '333' LIMIT 1   [ RunTime:0.0004s ]

[ 2018-11-02T01:06:20+08:00 ] ::1 /nhkjw/index.php/Home/index/login
INFO: [ app_init ] --START--
INFO: Run Behavior\BuildLiteBehavior [ RunTime:0.000065s ]
INFO: [ app_init ] --END-- [ RunTime:0.001099s ]
INFO: [ app_begin ] --START--
INFO: Run Behavior\ReadHtmlCacheBehavior [ RunTime:0.001870s ]
INFO: [ app_begin ] --END-- [ RunTime:0.002027s ]
SQL: SHOW COLUMNS FROM `vue-user` [ RunTime:0.0068s ]
SQL: SELECT * FROM `vue-user` WHERE `userName` = '333' AND `userPwd` = '333' LIMIT 1   [ RunTime:0.0005s ]

[ 2018-11-02T01:07:56+08:00 ] ::1 /nhkjw/index.php/Home/index/login
INFO: [ app_init ] --START--
INFO: Run Behavior\BuildLiteBehavior [ RunTime:0.000014s ]
INFO: [ app_init ] --END-- [ RunTime:0.000482s ]
INFO: [ app_begin ] --START--
INFO: Run Behavior\ReadHtmlCacheBehavior [ RunTime:0.000922s ]
INFO: [ app_begin ] --END-- [ RunTime:0.001041s ]
SQL: SHOW COLUMNS FROM `vue-user` [ RunTime:0.0088s ]
SQL: SELECT * FROM `vue-user` WHERE `userName` = '333' AND `userPwd` = '333' LIMIT 1   [ RunTime:0.0006s ]

[ 2018-11-02T16:37:47+08:00 ] ::1 /nhkjw/index.php/Home/index/login
INFO: [ app_init ] --START--
INFO: Run Behavior\BuildLiteBehavior [ RunTime:0.000066s ]
INFO: [ app_init ] --END-- [ RunTime:0.003051s ]
INFO: [ app_begin ] --START--
INFO: Run Behavior\ReadHtmlCacheBehavior [ RunTime:0.001624s ]
INFO: [ app_begin ] --END-- [ RunTime:0.001743s ]
SQL: SHOW COLUMNS FROM `vue-user` [ RunTime:0.0175s ]
SQL: SELECT * FROM `vue-user` WHERE `userName` = '333' AND `userPwd` = '333' LIMIT 1   [ RunTime:0.0023s ]

[ 2018-11-02T16:38:00+08:00 ] ::1 /nhkjw/index.php/Home/index/login
INFO: [ app_init ] --START--
INFO: Run Behavior\BuildLiteBehavior [ RunTime:0.000022s ]
INFO: [ app_init ] --END-- [ RunTime:0.000759s ]
INFO: [ app_begin ] --START--
INFO: Run Behavior\ReadHtmlCacheBehavior [ RunTime:0.001388s ]
INFO: [ app_begin ] --END-- [ RunTime:0.001587s ]
SQL: SHOW COLUMNS FROM `vue-user` [ RunTime:0.0051s ]
SQL: SELECT * FROM `vue-user` WHERE `userName` = '33' AND `userPwd` = '' LIMIT 1   [ RunTime:0.0005s ]

[ 2018-11-02T16:38:03+08:00 ] ::1 /nhkjw/index.php/Home/index/login
INFO: [ app_init ] --START--
INFO: Run Behavior\BuildLiteBehavior [ RunTime:0.000017s ]
INFO: [ app_init ] --END-- [ RunTime:0.000763s ]
INFO: [ app_begin ] --START--
INFO: Run Behavior\ReadHtmlCacheBehavior [ RunTime:0.000933s ]
INFO: [ app_begin ] --END-- [ RunTime:0.001091s ]
SQL: SHOW COLUMNS FROM `vue-user` [ RunTime:0.0079s ]
SQL: SELECT * FROM `vue-user` WHERE `userName` = '333' AND `userPwd` = '333' LIMIT 1   [ RunTime:0.0008s ]

[ 2018-11-02T16:53:34+08:00 ] ::1 /nhkjw/index.php/Home/index/login
INFO: [ app_init ] --START--
INFO: Run Behavior\BuildLiteBehavior [ RunTime:0.000021s ]
INFO: [ app_init ] --END-- [ RunTime:0.000611s ]
INFO: [ app_begin ] --START--
INFO: Run Behavior\ReadHtmlCacheBehavior [ RunTime:0.000928s ]
INFO: [ app_begin ] --END-- [ RunTime:0.001032s ]
SQL: SHOW COLUMNS FROM `vue-user` [ RunTime:0.0029s ]
SQL: SELECT * FROM `vue-user` WHERE `userName` = '333' AND `userPwd` = '333' LIMIT 1   [ RunTime:0.0003s ]

[ 2018-11-02T16:53:52+08:00 ] ::1 /nhkjw/index.php/Home/index/login
INFO: [ app_init ] --START--
INFO: Run Behavior\BuildLiteBehavior [ RunTime:0.000034s ]
INFO: [ app_init ] --END-- [ RunTime:0.000877s ]
INFO: [ app_begin ] --START--
INFO: Run Behavior\ReadHtmlCacheBehavior [ RunTime:0.000995s ]
INFO: [ app_begin ] --END-- [ RunTime:0.001193s ]
SQL: SHOW COLUMNS FROM `vue-user` [ RunTime:0.0075s ]
SQL: SELECT * FROM `vue-user` WHERE `userName` = '333' AND `userPwd` = '33' LIMIT 1   [ RunTime:0.0008s ]

[ 2018-11-02T16:53:53+08:00 ] ::1 /nhkjw/index.php/Home/index/login
INFO: [ app_init ] --START--
INFO: Run Behavior\BuildLiteBehavior [ RunTime:0.000022s ]
INFO: [ app_init ] --END-- [ RunTime:0.000435s ]
INFO: [ app_begin ] --START--
INFO: Run Behavior\ReadHtmlCacheBehavior [ RunTime:0.000481s ]
INFO: [ app_begin ] --END-- [ RunTime:0.000537s ]
SQL: SHOW COLUMNS FROM `vue-user` [ RunTime:0.0101s ]
SQL: SELECT * FROM `vue-user` WHERE `userName` = '333' AND `userPwd` = '333' LIMIT 1   [ RunTime:0.0014s ]

[ 2018-11-02T16:54:37+08:00 ] ::1 /nhkjw/index.php/Home/index/login
INFO: [ app_init ] --START--
INFO: Run Behavior\BuildLiteBehavior [ RunTime:0.000023s ]
INFO: [ app_init ] --END-- [ RunTime:0.000535s ]
INFO: [ app_begin ] --START--
INFO: Run Behavior\ReadHtmlCacheBehavior [ RunTime:0.000574s ]
INFO: [ app_begin ] --END-- [ RunTime:0.000708s ]
SQL: SHOW COLUMNS FROM `vue-user` [ RunTime:0.0053s ]
SQL: SELECT * FROM `vue-user` WHERE `userName` = '333' AND `userPwd` = '333' LIMIT 1   [ RunTime:0.0008s ]

[ 2018-11-02T16:55:30+08:00 ] ::1 /nhkjw/index.php/Home/index/login
INFO: [ app_init ] --START--
INFO: Run Behavior\BuildLiteBehavior [ RunTime:0.000017s ]
INFO: [ app_init ] --END-- [ RunTime:0.000647s ]
INFO: [ app_begin ] --START--
INFO: Run Behavior\ReadHtmlCacheBehavior [ RunTime:0.000425s ]
INFO: [ app_begin ] --END-- [ RunTime:0.000473s ]
SQL: SHOW COLUMNS FROM `vue-user` [ RunTime:0.0029s ]
SQL: SELECT * FROM `vue-user` WHERE `userName` = '333' AND `userPwd` = '333' LIMIT 1   [ RunTime:0.0003s ]

[ 2018-11-02T16:56:53+08:00 ] ::1 /nhkjw/index.php/Home/index/login
INFO: [ app_init ] --START--
INFO: Run Behavior\BuildLiteBehavior [ RunTime:0.000047s ]
INFO: [ app_init ] --END-- [ RunTime:0.001300s ]
INFO: [ app_begin ] --START--
INFO: Run Behavior\ReadHtmlCacheBehavior [ RunTime:0.001253s ]
INFO: [ app_begin ] --END-- [ RunTime:0.001363s ]
SQL: SHOW COLUMNS FROM `vue-user` [ RunTime:0.0045s ]
SQL: SELECT * FROM `vue-user` WHERE `userName` = '123' AND `userPwd` = '123' LIMIT 1   [ RunTime:0.0004s ]

[ 2018-11-02T16:57:56+08:00 ] ::1 /nhkjw/index.php/Home/index/login
INFO: [ app_init ] --START--
INFO: Run Behavior\BuildLiteBehavior [ RunTime:0.000030s ]
INFO: [ app_init ] --END-- [ RunTime:0.001311s ]
INFO: [ app_begin ] --START--
INFO: Run Behavior\ReadHtmlCacheBehavior [ RunTime:0.001462s ]
INFO: [ app_begin ] --END-- [ RunTime:0.001661s ]
SQL: SHOW COLUMNS FROM `vue-user` [ RunTime:0.0074s ]
SQL: SELECT * FROM `vue-user` WHERE `userName` = '333' AND `userPwd` = '333' LIMIT 1   [ RunTime:0.0009s ]

[ 2018-11-02T17:00:19+08:00 ] ::1 /nhkjw/index.php/Home/index/login
INFO: [ app_init ] --START--
INFO: Run Behavior\BuildLiteBehavior [ RunTime:0.000057s ]
INFO: [ app_init ] --END-- [ RunTime:0.005082s ]
INFO: [ app_begin ] --START--
INFO: Run Behavior\ReadHtmlCacheBehavior [ RunTime:0.001797s ]
INFO: [ app_begin ] --END-- [ RunTime:0.002024s ]
SQL: SHOW COLUMNS FROM `vue-user` [ RunTime:0.0135s ]
SQL: SELECT * FROM `vue-user` WHERE `userName` = '333' AND `userPwd` = '333' LIMIT 1   [ RunTime:0.0007s ]

[ 2018-11-02T17:00:32+08:00 ] ::1 /nhkjw/index.php/Home/index/login
INFO: [ app_init ] --START--
INFO: Run Behavior\BuildLiteBehavior [ RunTime:0.000027s ]
INFO: [ app_init ] --END-- [ RunTime:0.000547s ]
INFO: [ app_begin ] --START--
INFO: Run Behavior\ReadHtmlCacheBehavior [ RunTime:0.000524s ]
INFO: [ app_begin ] --END-- [ RunTime:0.000591s ]
SQL: SHOW COLUMNS FROM `vue-user` [ RunTime:0.0054s ]
SQL: SELECT * FROM `vue-user` WHERE `userName` = '333' AND `userPwd` = '333' LIMIT 1   [ RunTime:0.0007s ]

[ 2018-11-02T20:37:51+08:00 ] ::1 /nhkjw/index.php/Home/index/login
INFO: [ app_init ] --START--
INFO: Run Behavior\BuildLiteBehavior [ RunTime:0.000041s ]
INFO: [ app_init ] --END-- [ RunTime:0.001291s ]
INFO: [ app_begin ] --START--
INFO: Run Behavior\ReadHtmlCacheBehavior [ RunTime:0.001094s ]
INFO: [ app_begin ] --END-- [ RunTime:0.001157s ]
SQL: SHOW COLUMNS FROM `vue-user` [ RunTime:0.0050s ]
SQL: SELECT * FROM `vue-user` WHERE `userName` = '123' AND `userPwd` = '123' LIMIT 1   [ RunTime:0.0016s ]

[ 2018-11-02T20:40:53+08:00 ] ::1 /nhkjw/index.php/Home/index/login
INFO: [ app_init ] --START--
INFO: Run Behavior\BuildLiteBehavior [ RunTime:0.000011s ]
INFO: [ app_init ] --END-- [ RunTime:0.000313s ]
INFO: [ app_begin ] --START--
INFO: Run Behavior\ReadHtmlCacheBehavior [ RunTime:0.001617s ]
INFO: [ app_begin ] --END-- [ RunTime:0.001721s ]
SQL: SHOW COLUMNS FROM `vue-user` [ RunTime:0.0044s ]
SQL: SELECT * FROM `vue-user` WHERE `userName` = '333' AND `userPwd` = '333' LIMIT 1   [ RunTime:0.0003s ]

[ 2018-11-02T20:42:12+08:00 ] ::1 /nhkjw/index.php/Home/index/login
INFO: [ app_init ] --START--
INFO: Run Behavior\BuildLiteBehavior [ RunTime:0.000011s ]
INFO: [ app_init ] --END-- [ RunTime:0.000407s ]
INFO: [ app_begin ] --START--
INFO: Run Behavior\ReadHtmlCacheBehavior [ RunTime:0.000497s ]
INFO: [ app_begin ] --END-- [ RunTime:0.000536s ]
SQL: SHOW COLUMNS FROM `vue-user` [ RunTime:0.0057s ]
SQL: SELECT * FROM `vue-user` WHERE `userName` = '333' AND `userPwd` = '333' LIMIT 1   [ RunTime:0.0004s ]

[ 2018-11-02T20:43:23+08:00 ] ::1 /nhkjw/index.php/Home/index/login
INFO: [ app_init ] --START--
INFO: Run Behavior\BuildLiteBehavior [ RunTime:0.000013s ]
INFO: [ app_init ] --END-- [ RunTime:0.000462s ]
INFO: [ app_begin ] --START--
INFO: Run Behavior\ReadHtmlCacheBehavior [ RunTime:0.000573s ]
INFO: [ app_begin ] --END-- [ RunTime:0.000621s ]
SQL: SHOW COLUMNS FROM `vue-user` [ RunTime:0.0030s ]
SQL: SELECT * FROM `vue-user` WHERE `userName` = '333' AND `userPwd` = '333' LIMIT 1   [ RunTime:0.0004s ]

[ 2018-11-02T20:44:25+08:00 ] ::1 /nhkjw/index.php/Home/index/login
INFO: [ app_init ] --START--
INFO: Run Behavior\BuildLiteBehavior [ RunTime:0.000012s ]
INFO: [ app_init ] --END-- [ RunTime:0.000458s ]
INFO: [ app_begin ] --START--
INFO: Run Behavior\ReadHtmlCacheBehavior [ RunTime:0.000557s ]
INFO: [ app_begin ] --END-- [ RunTime:0.000603s ]
SQL: SHOW COLUMNS FROM `vue-user` [ RunTime:0.0030s ]
SQL: SELECT * FROM `vue-user` WHERE `userName` = '333' AND `userPwd` = '333' LIMIT 1   [ RunTime:0.0004s ]

[ 2018-11-02T20:46:23+08:00 ] ::1 /nhkjw/index.php/Home/index/login
INFO: [ app_init ] --START--
INFO: Run Behavior\BuildLiteBehavior [ RunTime:0.000011s ]
INFO: [ app_init ] --END-- [ RunTime:0.000427s ]
INFO: [ app_begin ] --START--
INFO: Run Behavior\ReadHtmlCacheBehavior [ RunTime:0.000670s ]
INFO: [ app_begin ] --END-- [ RunTime:0.000731s ]
SQL: SHOW COLUMNS FROM `vue-user` [ RunTime:0.0043s ]
SQL: SELECT * FROM `vue-user` WHERE `userName` = '333' AND `userPwd` = '333' LIMIT 1   [ RunTime:0.0009s ]

[ 2018-11-02T20:47:03+08:00 ] ::1 /nhkjw/index.php/Home/index/login
INFO: [ app_init ] --START--
INFO: Run Behavior\BuildLiteBehavior [ RunTime:0.000028s ]
INFO: [ app_init ] --END-- [ RunTime:0.000995s ]
INFO: [ app_begin ] --START--
INFO: Run Behavior\ReadHtmlCacheBehavior [ RunTime:0.000544s ]
INFO: [ app_begin ] --END-- [ RunTime:0.000598s ]
SQL: SHOW COLUMNS FROM `vue-user` [ RunTime:0.0038s ]
SQL: SELECT * FROM `vue-user` WHERE `userName` = '333' AND `userPwd` = '333' LIMIT 1   [ RunTime:0.0003s ]

[ 2018-11-02T21:03:23+08:00 ] ::1 /nhkjw/index.php/Home/index/login
INFO: [ app_init ] --START--
INFO: Run Behavior\BuildLiteBehavior [ RunTime:0.000013s ]
INFO: [ app_init ] --END-- [ RunTime:0.000455s ]
INFO: [ app_begin ] --START--
INFO: Run Behavior\ReadHtmlCacheBehavior [ RunTime:0.000732s ]
INFO: [ app_begin ] --END-- [ RunTime:0.000799s ]
SQL: SHOW COLUMNS FROM `vue-user` [ RunTime:0.0032s ]
SQL: SELECT * FROM `vue-user` WHERE `userName` = '333' AND `userPwd` = '333' LIMIT 1   [ RunTime:0.0003s ]

[ 2018-11-02T21:06:48+08:00 ] ::1 /nhkjw/index.php/Home/index/login
INFO: [ app_init ] --START--
INFO: Run Behavior\BuildLiteBehavior [ RunTime:0.000059s ]
INFO: [ app_init ] --END-- [ RunTime:0.001806s ]
INFO: [ app_begin ] --START--
INFO: Run Behavior\ReadHtmlCacheBehavior [ RunTime:0.000891s ]
INFO: [ app_begin ] --END-- [ RunTime:0.001000s ]
SQL: SHOW COLUMNS FROM `vue-user` [ RunTime:0.0130s ]
SQL: SELECT * FROM `vue-user` WHERE `userName` = '333' AND `userPwd` = '333' LIMIT 1   [ RunTime:0.0006s ]

[ 2018-11-02T21:07:30+08:00 ] ::1 /nhkjw/index.php/Home/index/login
INFO: [ app_init ] --START--
INFO: Run Behavior\BuildLiteBehavior [ RunTime:0.000259s ]
INFO: [ app_init ] --END-- [ RunTime:0.002634s ]
INFO: [ app_begin ] --START--
INFO: Run Behavior\ReadHtmlCacheBehavior [ RunTime:0.011806s ]
INFO: [ app_begin ] --END-- [ RunTime:0.012039s ]
SQL: SHOW COLUMNS FROM `vue-user` [ RunTime:0.0053s ]
SQL: SELECT * FROM `vue-user` WHERE `userName` = '333' AND `userPwd` = '333' LIMIT 1   [ RunTime:0.0010s ]

[ 2018-11-02T21:11:55+08:00 ] ::1 /nhkjw/index.php/Home/index/login
INFO: [ app_init ] --START--
INFO: Run Behavior\BuildLiteBehavior [ RunTime:0.000048s ]
INFO: [ app_init ] --END-- [ RunTime:0.002437s ]
INFO: [ app_begin ] --START--
INFO: Run Behavior\ReadHtmlCacheBehavior [ RunTime:0.001184s ]
INFO: [ app_begin ] --END-- [ RunTime:0.001383s ]
SQL: SHOW COLUMNS FROM `vue-user` [ RunTime:0.0091s ]
SQL: SELECT * FROM `vue-user` WHERE `userName` = '333' AND `userPwd` = '333' LIMIT 1   [ RunTime:0.0008s ]

[ 2018-11-02T22:03:14+08:00 ] ::1 /nhkjw/index.php/Home/index/login
INFO: [ app_init ] --START--
INFO: Run Behavior\BuildLiteBehavior [ RunTime:0.000013s ]
INFO: [ app_init ] --END-- [ RunTime:0.000960s ]
INFO: [ app_begin ] --START--
INFO: Run Behavior\ReadHtmlCacheBehavior [ RunTime:0.000999s ]
INFO: [ app_begin ] --END-- [ RunTime:0.001070s ]
SQL: SHOW COLUMNS FROM `vue-user` [ RunTime:0.0045s ]
SQL: SELECT * FROM `vue-user` WHERE `userName` = '333' AND `userPwd` = '333' LIMIT 1   [ RunTime:0.0007s ]

[ 2018-11-02T23:02:40+08:00 ] ::1 /nhkjw/index.php/Home/index/login
INFO: [ app_init ] --START--
INFO: Run Behavior\BuildLiteBehavior [ RunTime:0.000009s ]
INFO: [ app_init ] --END-- [ RunTime:0.000526s ]
INFO: [ app_begin ] --START--
INFO: Run Behavior\ReadHtmlCacheBehavior [ RunTime:0.001589s ]
INFO: [ app_begin ] --END-- [ RunTime:0.001759s ]
SQL: SHOW COLUMNS FROM `vue-user` [ RunTime:0.0062s ]
SQL: SELECT * FROM `vue-user` WHERE `userName` = '333' AND `userPwd` = '333' LIMIT 1   [ RunTime:0.0006s ]

[ 2018-11-02T23:03:41+08:00 ] ::1 /nhkjw/index.php/Home/index/login
INFO: [ app_init ] --START--
INFO: Run Behavior\BuildLiteBehavior [ RunTime:0.000016s ]
INFO: [ app_init ] --END-- [ RunTime:0.001015s ]
INFO: [ app_begin ] --START--
INFO: Run Behavior\ReadHtmlCacheBehavior [ RunTime:0.000660s ]
INFO: [ app_begin ] --END-- [ RunTime:0.000713s ]
SQL: SHOW COLUMNS FROM `vue-user` [ RunTime:0.0043s ]
SQL: SELECT * FROM `vue-user` WHERE `userName` = '333' AND `userPwd` = '333' LIMIT 1   [ RunTime:0.0004s ]

[ 2018-11-02T23:05:02+08:00 ] ::1 /nhkjw/index.php/Home/index/login
INFO: [ app_init ] --START--
INFO: Run Behavior\BuildLiteBehavior [ RunTime:0.000011s ]
INFO: [ app_init ] --END-- [ RunTime:0.000356s ]
INFO: [ app_begin ] --START--
INFO: Run Behavior\ReadHtmlCacheBehavior [ RunTime:0.000714s ]
INFO: [ app_begin ] --END-- [ RunTime:0.000775s ]
SQL: SHOW COLUMNS FROM `vue-user` [ RunTime:0.0049s ]
SQL: SELECT * FROM `vue-user` WHERE `userName` = '333' AND `userPwd` = '333' LIMIT 1   [ RunTime:0.0003s ]

[ 2018-11-02T23:05:09+08:00 ] ::1 /nhkjw/index.php/Home/index/login
INFO: [ app_init ] --START--
INFO: Run Behavior\BuildLiteBehavior [ RunTime:0.000025s ]
INFO: [ app_init ] --END-- [ RunTime:0.000672s ]
INFO: [ app_begin ] --START--
INFO: Run Behavior\ReadHtmlCacheBehavior [ RunTime:0.000935s ]
INFO: [ app_begin ] --END-- [ RunTime:0.001116s ]
SQL: SHOW COLUMNS FROM `vue-user` [ RunTime:0.0030s ]
SQL: SELECT * FROM `vue-user` WHERE `userName` = '333' AND `userPwd` = '333' LIMIT 1   [ RunTime:0.0003s ]

[ 2018-11-02T23:05:14+08:00 ] ::1 /nhkjw/index.php/Home/index/login
INFO: [ app_init ] --START--
INFO: Run Behavior\BuildLiteBehavior [ RunTime:0.000012s ]
INFO: [ app_init ] --END-- [ RunTime:0.000346s ]
INFO: [ app_begin ] --START--
INFO: Run Behavior\ReadHtmlCacheBehavior [ RunTime:0.000361s ]
INFO: [ app_begin ] --END-- [ RunTime:0.000400s ]
SQL: SHOW COLUMNS FROM `vue-user` [ RunTime:0.0030s ]
SQL: SELECT * FROM `vue-user` WHERE `userName` = '333' AND `userPwd` = '333' LIMIT 1   [ RunTime:0.0003s ]

[ 2018-11-02T23:05:49+08:00 ] ::1 /nhkjw/index.php/Home/index/login
INFO: [ app_init ] --START--
INFO: Run Behavior\BuildLiteBehavior [ RunTime:0.000010s ]
INFO: [ app_init ] --END-- [ RunTime:0.000276s ]
INFO: [ app_begin ] --START--
INFO: Run Behavior\ReadHtmlCacheBehavior [ RunTime:0.000392s ]
INFO: [ app_begin ] --END-- [ RunTime:0.000431s ]
SQL: SHOW COLUMNS FROM `vue-user` [ RunTime:0.0038s ]
SQL: SELECT * FROM `vue-user` WHERE `userName` = '333' AND `userPwd` = '333' LIMIT 1   [ RunTime:0.0003s ]

[ 2018-11-02T23:06:13+08:00 ] ::1 /nhkjw/index.php/Home/index/login
INFO: [ app_init ] --START--
INFO: Run Behavior\BuildLiteBehavior [ RunTime:0.000010s ]
INFO: [ app_init ] --END-- [ RunTime:0.000288s ]
INFO: [ app_begin ] --START--
INFO: Run Behavior\ReadHtmlCacheBehavior [ RunTime:0.000345s ]
INFO: [ app_begin ] --END-- [ RunTime:0.000382s ]
SQL: SHOW COLUMNS FROM `vue-user` [ RunTime:0.0047s ]
SQL: SELECT * FROM `vue-user` WHERE `userName` = '333' AND `userPwd` = '333' LIMIT 1   [ RunTime:0.0003s ]

