[ 2018-11-13T14:37:02+08:00 ] ::1 /nhkjw/index.php/Home/index/ceshi
INFO: [ app_init ] --START--
INFO: Run Behavior\BuildLiteBehavior [ RunTime:0.000014s ]
INFO: [ app_init ] --END-- [ RunTime:0.002428s ]
INFO: [ app_begin ] --START--
INFO: Run Behavior\ReadHtmlCacheBehavior [ RunTime:0.001883s ]
INFO: [ app_begin ] --END-- [ RunTime:0.002673s ]
SQL: SHOW COLUMNS FROM `vue-productlist` [ RunTime:0.0035s ]
SQL: SELECT * FROM `vue-productlist`  [ RunTime:0.0003s ]

[ 2018-11-13T14:37:04+08:00 ] ::1 /nhkjw/index.php/Home/index/Producmodify
INFO: [ app_init ] --START--
INFO: Run Behavior\BuildLiteBehavior [ RunTime:0.000016s ]
INFO: [ app_init ] --END-- [ RunTime:0.000859s ]
INFO: [ app_begin ] --START--
INFO: Run Behavior\ReadHtmlCacheBehavior [ RunTime:0.000681s ]
INFO: [ app_begin ] --END-- [ RunTime:0.000768s ]
SQL: SHOW COLUMNS FROM `vue-product` [ RunTime:0.0041s ]
SQL: SELECT * FROM `vue-product` WHERE `productID` = 1  [ RunTime:0.0034s ]

[ 2018-11-13T15:03:55+08:00 ] ::1 /nhkjw/index.php/Home/index/Producmodify
INFO: [ app_init ] --START--
INFO: Run Behavior\BuildLiteBehavior [ RunTime:0.000013s ]
INFO: [ app_init ] --END-- [ RunTime:0.000403s ]
INFO: [ app_begin ] --START--
INFO: Run Behavior\ReadHtmlCacheBehavior [ RunTime:0.000634s ]
INFO: [ app_begin ] --END-- [ RunTime:0.000683s ]
SQL: SHOW COLUMNS FROM `vue-product` [ RunTime:0.0043s ]
SQL: SELECT * FROM `vue-product` WHERE `productID` = 1  [ RunTime:0.0012s ]
SQL: SHOW COLUMNS FROM `vue-serverproductdateattribute` [ RunTime:0.0031s ]
SQL: SELECT * FROM `vue-serverproductdateattribute` WHERE `productID` = 1  [ RunTime:0.0005s ]

[ 2018-11-13T15:04:22+08:00 ] ::1 /nhkjw/index.php/Home/index/Producmodify
INFO: [ app_init ] --START--
INFO: Run Behavior\BuildLiteBehavior [ RunTime:0.000010s ]
INFO: [ app_init ] --END-- [ RunTime:0.000273s ]
INFO: [ app_begin ] --START--
INFO: Run Behavior\ReadHtmlCacheBehavior [ RunTime:0.001104s ]
INFO: [ app_begin ] --END-- [ RunTime:0.001168s ]
SQL: SHOW COLUMNS FROM `vue-product` [ RunTime:0.0030s ]
SQL: SELECT * FROM `vue-product` WHERE `productID` = 1  [ RunTime:0.0010s ]
SQL: SHOW COLUMNS FROM `vue-serverproductdateattribute` [ RunTime:0.0031s ]
SQL: SELECT * FROM `vue-serverproductdateattribute` WHERE `productID` = 1  [ RunTime:0.0004s ]

[ 2018-11-13T15:04:59+08:00 ] ::1 /nhkjw/index.php/Home/index/Producmodify
INFO: [ app_init ] --START--
INFO: Run Behavior\BuildLiteBehavior [ RunTime:0.000009s ]
INFO: [ app_init ] --END-- [ RunTime:0.000357s ]
INFO: [ app_begin ] --START--
INFO: Run Behavior\ReadHtmlCacheBehavior [ RunTime:0.000419s ]
INFO: [ app_begin ] --END-- [ RunTime:0.000459s ]
SQL: SHOW COLUMNS FROM `vue-product` [ RunTime:0.0032s ]
SQL: SELECT * FROM `vue-product` WHERE `productID` = 1  [ RunTime:0.0006s ]
SQL: SHOW COLUMNS FROM `vue-serverproductdateattribute` [ RunTime:0.0031s ]
SQL: SELECT * FROM `vue-serverproductdateattribute` WHERE `productID` = 1  [ RunTime:0.0004s ]

[ 2018-11-13T15:07:17+08:00 ] ::1 /nhkjw/index.php/Home/index/Producmodify
INFO: [ app_init ] --START--
INFO: Run Behavior\BuildLiteBehavior [ RunTime:0.000011s ]
INFO: [ app_init ] --END-- [ RunTime:0.000916s ]
INFO: [ app_begin ] --START--
INFO: Run Behavior\ReadHtmlCacheBehavior [ RunTime:0.002022s ]
INFO: [ app_begin ] --END-- [ RunTime:0.002070s ]
SQL: SHOW COLUMNS FROM `vue-product` [ RunTime:0.0032s ]
SQL: SELECT * FROM `vue-product` WHERE `productID` = 1  [ RunTime:0.0005s ]
SQL: SHOW COLUMNS FROM `vue-serverproductdateattribute` [ RunTime:0.0026s ]
SQL: SELECT * FROM `vue-serverproductdateattribute` WHERE `productID` = 1  [ RunTime:0.0004s ]

[ 2018-11-13T15:07:39+08:00 ] ::1 /nhkjw/index.php/Home/index/Producmodify
INFO: [ app_init ] --START--
INFO: Run Behavior\BuildLiteBehavior [ RunTime:0.000011s ]
INFO: [ app_init ] --END-- [ RunTime:0.000317s ]
INFO: [ app_begin ] --START--
INFO: Run Behavior\ReadHtmlCacheBehavior [ RunTime:0.000448s ]
INFO: [ app_begin ] --END-- [ RunTime:0.000518s ]
SQL: SHOW COLUMNS FROM `vue-product` [ RunTime:0.0070s ]
SQL: SELECT * FROM `vue-product` WHERE `productID` = 1  [ RunTime:0.0020s ]
SQL: SHOW COLUMNS FROM `vue-serverproductdateattribute` [ RunTime:0.0077s ]
SQL: SELECT * FROM `vue-serverproductdateattribute` WHERE `productID` = 1  [ RunTime:0.0006s ]

[ 2018-11-13T15:08:26+08:00 ] ::1 /nhkjw/index.php/Home/index/Producmodify
INFO: [ app_init ] --START--
INFO: Run Behavior\BuildLiteBehavior [ RunTime:0.000011s ]
INFO: [ app_init ] --END-- [ RunTime:0.000318s ]
INFO: [ app_begin ] --START--
INFO: Run Behavior\ReadHtmlCacheBehavior [ RunTime:0.000382s ]
INFO: [ app_begin ] --END-- [ RunTime:0.000428s ]
SQL: SHOW COLUMNS FROM `vue-product` [ RunTime:0.0054s ]
SQL: SELECT * FROM `vue-product` WHERE `productID` = 1  [ RunTime:0.0008s ]
SQL: SHOW COLUMNS FROM `vue-serverproductdateattribute` [ RunTime:0.0049s ]
SQL: SELECT * FROM `vue-serverproductdateattribute` WHERE `productID` = 1  [ RunTime:0.0004s ]

[ 2018-11-13T15:08:36+08:00 ] ::1 /nhkjw/index.php/Home/index/Producmodify
INFO: [ app_init ] --START--
INFO: Run Behavior\BuildLiteBehavior [ RunTime:0.000016s ]
INFO: [ app_init ] --END-- [ RunTime:0.000476s ]
INFO: [ app_begin ] --START--
INFO: Run Behavior\ReadHtmlCacheBehavior [ RunTime:0.000634s ]
INFO: [ app_begin ] --END-- [ RunTime:0.000711s ]
SQL: SHOW COLUMNS FROM `vue-product` [ RunTime:0.0051s ]
SQL: SELECT * FROM `vue-product` WHERE `productID` = 1  [ RunTime:0.0007s ]
SQL: SHOW COLUMNS FROM `vue-serverproductdateattribute` [ RunTime:0.0037s ]
SQL: SELECT * FROM `vue-serverproductdateattribute` WHERE `productID` = 1  [ RunTime:0.0004s ]

[ 2018-11-13T15:08:53+08:00 ] ::1 /nhkjw/index.php/Home/index/Producmodify
INFO: [ app_init ] --START--
INFO: Run Behavior\BuildLiteBehavior [ RunTime:0.000010s ]
INFO: [ app_init ] --END-- [ RunTime:0.000280s ]
INFO: [ app_begin ] --START--
INFO: Run Behavior\ReadHtmlCacheBehavior [ RunTime:0.004761s ]
INFO: [ app_begin ] --END-- [ RunTime:0.004809s ]
SQL: SHOW COLUMNS FROM `vue-product` [ RunTime:0.0046s ]
SQL: SELECT * FROM `vue-product` WHERE `productID` = 1  [ RunTime:0.0006s ]
SQL: SHOW COLUMNS FROM `vue-serverproductdateattribute` [ RunTime:0.0031s ]
SQL: SELECT * FROM `vue-serverproductdateattribute` WHERE `productID` = 1  [ RunTime:0.0003s ]

[ 2018-11-13T15:10:45+08:00 ] ::1 /nhkjw/index.php/Home/index/Producmodify
INFO: [ app_init ] --START--
INFO: Run Behavior\BuildLiteBehavior [ RunTime:0.000015s ]
INFO: [ app_init ] --END-- [ RunTime:0.000420s ]
INFO: [ app_begin ] --START--
INFO: Run Behavior\ReadHtmlCacheBehavior [ RunTime:0.000690s ]
INFO: [ app_begin ] --END-- [ RunTime:0.000749s ]
SQL: SHOW COLUMNS FROM `vue-product` [ RunTime:0.0066s ]
SQL: SELECT * FROM `vue-product` WHERE `productID` = 1  [ RunTime:0.0006s ]
SQL: SHOW COLUMNS FROM `vue-serverproductdateattribute` [ RunTime:0.0028s ]
SQL: SELECT * FROM `vue-serverproductdateattribute` WHERE `productID` = 1  [ RunTime:0.0003s ]

[ 2018-11-13T15:10:49+08:00 ] ::1 /nhkjw/index.php/Home/index/Producmodify
INFO: [ app_init ] --START--
INFO: Run Behavior\BuildLiteBehavior [ RunTime:0.000012s ]
INFO: [ app_init ] --END-- [ RunTime:0.000368s ]
INFO: [ app_begin ] --START--
INFO: Run Behavior\ReadHtmlCacheBehavior [ RunTime:0.000375s ]
INFO: [ app_begin ] --END-- [ RunTime:0.000413s ]
SQL: SHOW COLUMNS FROM `vue-product` [ RunTime:0.0036s ]
SQL: SELECT * FROM `vue-product` WHERE `productID` = 1  [ RunTime:0.0008s ]
SQL: SHOW COLUMNS FROM `vue-serverproductdateattribute` [ RunTime:0.0032s ]
SQL: SELECT * FROM `vue-serverproductdateattribute` WHERE `productID` = 1  [ RunTime:0.0003s ]

[ 2018-11-13T15:11:51+08:00 ] ::1 /nhkjw/index.php/Home/index/Producmodify
INFO: [ app_init ] --START--
INFO: Run Behavior\BuildLiteBehavior [ RunTime:0.000029s ]
INFO: [ app_init ] --END-- [ RunTime:0.000633s ]
INFO: [ app_begin ] --START--
INFO: Run Behavior\ReadHtmlCacheBehavior [ RunTime:0.000689s ]
INFO: [ app_begin ] --END-- [ RunTime:0.001215s ]
SQL: SHOW COLUMNS FROM `vue-product` [ RunTime:0.0041s ]
SQL: SELECT * FROM `vue-product` WHERE `productID` = 1  [ RunTime:0.0010s ]
SQL: SHOW COLUMNS FROM `vue-serverproductdateattribute` [ RunTime:0.0047s ]
SQL: SELECT * FROM `vue-serverproductdateattribute` WHERE `productID` = 1  [ RunTime:0.0004s ]

[ 2018-11-13T15:12:20+08:00 ] ::1 /nhkjw/index.php/Home/index/Producmodify
INFO: [ app_init ] --START--
INFO: Run Behavior\BuildLiteBehavior [ RunTime:0.000028s ]
INFO: [ app_init ] --END-- [ RunTime:0.001385s ]
INFO: [ app_begin ] --START--
INFO: Run Behavior\ReadHtmlCacheBehavior [ RunTime:0.002861s ]
INFO: [ app_begin ] --END-- [ RunTime:0.003200s ]
SQL: SHOW COLUMNS FROM `vue-product` [ RunTime:0.0302s ]
SQL: SELECT * FROM `vue-product` WHERE `productID` = 1  [ RunTime:0.0033s ]
SQL: SHOW COLUMNS FROM `vue-serverproductdateattribute` [ RunTime:0.0126s ]
SQL: SELECT * FROM `vue-serverproductdateattribute` WHERE `productID` = 1  [ RunTime:0.0171s ]

[ 2018-11-13T15:12:28+08:00 ] ::1 /nhkjw/index.php/Home/index/Producmodify
INFO: [ app_init ] --START--
INFO: Run Behavior\BuildLiteBehavior [ RunTime:0.000014s ]
INFO: [ app_init ] --END-- [ RunTime:0.000465s ]
INFO: [ app_begin ] --START--
INFO: Run Behavior\ReadHtmlCacheBehavior [ RunTime:0.000667s ]
INFO: [ app_begin ] --END-- [ RunTime:0.000748s ]
SQL: SHOW COLUMNS FROM `vue-product` [ RunTime:0.0183s ]
SQL: SELECT * FROM `vue-product` WHERE `productID` = 1  [ RunTime:0.0008s ]
SQL: SHOW COLUMNS FROM `vue-serverproductdateattribute` [ RunTime:0.0049s ]
SQL: SELECT * FROM `vue-serverproductdateattribute` WHERE `productID` = 1  [ RunTime:0.0004s ]

[ 2018-11-13T15:12:29+08:00 ] ::1 /nhkjw/index.php/Home/index/Producmodify
INFO: [ app_init ] --START--
INFO: Run Behavior\BuildLiteBehavior [ RunTime:0.000011s ]
INFO: [ app_init ] --END-- [ RunTime:0.000294s ]
INFO: [ app_begin ] --START--
INFO: Run Behavior\ReadHtmlCacheBehavior [ RunTime:0.000364s ]
INFO: [ app_begin ] --END-- [ RunTime:0.000405s ]
SQL: SHOW COLUMNS FROM `vue-product` [ RunTime:0.0030s ]
SQL: SELECT * FROM `vue-product` WHERE `productID` = 1  [ RunTime:0.0006s ]
SQL: SHOW COLUMNS FROM `vue-serverproductdateattribute` [ RunTime:0.0033s ]
SQL: SELECT * FROM `vue-serverproductdateattribute` WHERE `productID` = 1  [ RunTime:0.0004s ]

[ 2018-11-13T15:13:32+08:00 ] ::1 /nhkjw/index.php/Home/index/Producmodify
INFO: [ app_init ] --START--
INFO: Run Behavior\BuildLiteBehavior [ RunTime:0.000025s ]
INFO: [ app_init ] --END-- [ RunTime:0.000547s ]
INFO: [ app_begin ] --START--
INFO: Run Behavior\ReadHtmlCacheBehavior [ RunTime:0.000499s ]
INFO: [ app_begin ] --END-- [ RunTime:0.000544s ]
SQL: SHOW COLUMNS FROM `vue-product` [ RunTime:0.0038s ]
SQL: SELECT * FROM `vue-product` WHERE `productID` = 1  [ RunTime:0.0007s ]
SQL: SHOW COLUMNS FROM `vue-serverproductdateattribute` [ RunTime:0.0046s ]
SQL: SELECT * FROM `vue-serverproductdateattribute` WHERE `productID` = 1  [ RunTime:0.0005s ]

[ 2018-11-13T15:13:53+08:00 ] ::1 /nhkjw/index.php/Home/index/Producmodify
INFO: [ app_init ] --START--
INFO: Run Behavior\BuildLiteBehavior [ RunTime:0.000016s ]
INFO: [ app_init ] --END-- [ RunTime:0.000491s ]
INFO: [ app_begin ] --START--
INFO: Run Behavior\ReadHtmlCacheBehavior [ RunTime:0.000408s ]
INFO: [ app_begin ] --END-- [ RunTime:0.000451s ]
SQL: SHOW COLUMNS FROM `vue-product` [ RunTime:0.0029s ]
SQL: SELECT * FROM `vue-product` WHERE `productID` = 1  [ RunTime:0.0005s ]
SQL: SHOW COLUMNS FROM `vue-serverproductdateattribute` [ RunTime:0.0030s ]
SQL: SELECT * FROM `vue-serverproductdateattribute` WHERE `productID` = 1  [ RunTime:0.0003s ]

[ 2018-11-13T15:14:20+08:00 ] ::1 /nhkjw/index.php/Home/index/Producmodify
INFO: [ app_init ] --START--
INFO: Run Behavior\BuildLiteBehavior [ RunTime:0.000031s ]
INFO: [ app_init ] --END-- [ RunTime:0.000656s ]
INFO: [ app_begin ] --START--
INFO: Run Behavior\ReadHtmlCacheBehavior [ RunTime:0.000420s ]
INFO: [ app_begin ] --END-- [ RunTime:0.000475s ]
SQL: SHOW COLUMNS FROM `vue-product` [ RunTime:0.0055s ]
SQL: SELECT * FROM `vue-product` WHERE `productID` = 1  [ RunTime:0.0008s ]
SQL: SHOW COLUMNS FROM `vue-serverproductdateattribute` [ RunTime:0.0033s ]
SQL: SELECT * FROM `vue-serverproductdateattribute` WHERE `productID` = 1  [ RunTime:0.0003s ]

[ 2018-11-13T15:14:34+08:00 ] ::1 /nhkjw/index.php/Home/index/Producmodify
INFO: [ app_init ] --START--
INFO: Run Behavior\BuildLiteBehavior [ RunTime:0.000010s ]
INFO: [ app_init ] --END-- [ RunTime:0.000289s ]
INFO: [ app_begin ] --START--
INFO: Run Behavior\ReadHtmlCacheBehavior [ RunTime:0.000547s ]
INFO: [ app_begin ] --END-- [ RunTime:0.000647s ]
SQL: SHOW COLUMNS FROM `vue-product` [ RunTime:0.0060s ]
SQL: SELECT * FROM `vue-product` WHERE `productID` = 1  [ RunTime:0.0011s ]
SQL: SHOW COLUMNS FROM `vue-serverproductdateattribute` [ RunTime:0.0036s ]
SQL: SELECT * FROM `vue-serverproductdateattribute` WHERE `productID` = 1  [ RunTime:0.0008s ]

[ 2018-11-13T15:14:56+08:00 ] ::1 /nhkjw/index.php/Home/index/Producmodify
INFO: [ app_init ] --START--
INFO: Run Behavior\BuildLiteBehavior [ RunTime:0.000011s ]
INFO: [ app_init ] --END-- [ RunTime:0.000303s ]
INFO: [ app_begin ] --START--
INFO: Run Behavior\ReadHtmlCacheBehavior [ RunTime:0.000370s ]
INFO: [ app_begin ] --END-- [ RunTime:0.000414s ]
SQL: SHOW COLUMNS FROM `vue-product` [ RunTime:0.0080s ]
SQL: SELECT * FROM `vue-product` WHERE `productID` = 1  [ RunTime:0.0008s ]
SQL: SHOW COLUMNS FROM `vue-serverproductdateattribute` [ RunTime:0.0039s ]
SQL: SELECT * FROM `vue-serverproductdateattribute` WHERE `productID` = 1  [ RunTime:0.0003s ]

[ 2018-11-13T15:15:23+08:00 ] ::1 /nhkjw/index.php/Home/index/Producmodify
INFO: [ app_init ] --START--
INFO: Run Behavior\BuildLiteBehavior [ RunTime:0.000011s ]
INFO: [ app_init ] --END-- [ RunTime:0.000320s ]
INFO: [ app_begin ] --START--
INFO: Run Behavior\ReadHtmlCacheBehavior [ RunTime:0.000448s ]
INFO: [ app_begin ] --END-- [ RunTime:0.000504s ]
SQL: SHOW COLUMNS FROM `vue-product` [ RunTime:0.0057s ]
SQL: SELECT * FROM `vue-product` WHERE `productID` = 1  [ RunTime:0.0015s ]
SQL: SHOW COLUMNS FROM `vue-serverproductdateattribute` [ RunTime:0.0030s ]
SQL: SELECT * FROM `vue-serverproductdateattribute` WHERE `productID` = 1  [ RunTime:0.0004s ]

[ 2018-11-13T15:16:06+08:00 ] ::1 /nhkjw/index.php/Home/index/Producmodify
INFO: [ app_init ] --START--
INFO: Run Behavior\BuildLiteBehavior [ RunTime:0.000013s ]
INFO: [ app_init ] --END-- [ RunTime:0.000409s ]
INFO: [ app_begin ] --START--
INFO: Run Behavior\ReadHtmlCacheBehavior [ RunTime:0.000609s ]
INFO: [ app_begin ] --END-- [ RunTime:0.000677s ]
SQL: SHOW COLUMNS FROM `vue-product` [ RunTime:0.0070s ]
SQL: SELECT * FROM `vue-product` WHERE `productID` = 1  [ RunTime:0.0016s ]
SQL: SHOW COLUMNS FROM `vue-serverproductdateattribute` [ RunTime:0.0057s ]
SQL: SELECT * FROM `vue-serverproductdateattribute` WHERE `productID` = 1  [ RunTime:0.0009s ]

[ 2018-11-13T15:18:08+08:00 ] ::1 /nhkjw/index.php/Home/index/Producmodify
INFO: [ app_init ] --START--
INFO: Run Behavior\BuildLiteBehavior [ RunTime:0.000014s ]
INFO: [ app_init ] --END-- [ RunTime:0.000421s ]
INFO: [ app_begin ] --START--
INFO: Run Behavior\ReadHtmlCacheBehavior [ RunTime:0.000569s ]
INFO: [ app_begin ] --END-- [ RunTime:0.000636s ]
SQL: SHOW COLUMNS FROM `vue-product` [ RunTime:0.0040s ]
SQL: SELECT * FROM `vue-product` WHERE `productID` = 1  [ RunTime:0.0014s ]
SQL: SHOW COLUMNS FROM `vue-serverproductdateattribute` [ RunTime:0.0068s ]
SQL: SELECT * FROM `vue-serverproductdateattribute` WHERE `productID` = 1  [ RunTime:0.0004s ]

[ 2018-11-13T15:19:41+08:00 ] ::1 /nhkjw/index.php/Home/index/Producmodify
INFO: [ app_init ] --START--
INFO: Run Behavior\BuildLiteBehavior [ RunTime:0.000017s ]
INFO: [ app_init ] --END-- [ RunTime:0.000512s ]
INFO: [ app_begin ] --START--
INFO: Run Behavior\ReadHtmlCacheBehavior [ RunTime:0.000601s ]
INFO: [ app_begin ] --END-- [ RunTime:0.000703s ]
SQL: SHOW COLUMNS FROM `vue-product` [ RunTime:0.0037s ]
SQL: SELECT * FROM `vue-product` WHERE `productID` = 1  [ RunTime:0.0008s ]
SQL: SHOW COLUMNS FROM `vue-serverproductdateattribute` [ RunTime:0.0050s ]
SQL: SELECT * FROM `vue-serverproductdateattribute` WHERE `productID` = 1  [ RunTime:0.0003s ]

[ 2018-11-13T15:19:47+08:00 ] ::1 /nhkjw/index.php/Home/index/Producmodify
INFO: [ app_init ] --START--
INFO: Run Behavior\BuildLiteBehavior [ RunTime:0.000024s ]
INFO: [ app_init ] --END-- [ RunTime:0.001195s ]
INFO: [ app_begin ] --START--
INFO: Run Behavior\ReadHtmlCacheBehavior [ RunTime:0.001694s ]
INFO: [ app_begin ] --END-- [ RunTime:0.001912s ]
SQL: SHOW COLUMNS FROM `vue-product` [ RunTime:0.0083s ]
SQL: SELECT * FROM `vue-product` WHERE `productID` = 1  [ RunTime:0.0018s ]
SQL: SHOW COLUMNS FROM `vue-serverproductdateattribute` [ RunTime:0.0077s ]
SQL: SELECT * FROM `vue-serverproductdateattribute` WHERE `productID` = 1  [ RunTime:0.0018s ]

[ 2018-11-13T15:20:09+08:00 ] ::1 /nhkjw/index.php/Home/index/Producmodify
INFO: [ app_init ] --START--
INFO: Run Behavior\BuildLiteBehavior [ RunTime:0.000016s ]
INFO: [ app_init ] --END-- [ RunTime:0.009319s ]
INFO: [ app_begin ] --START--
INFO: Run Behavior\ReadHtmlCacheBehavior [ RunTime:0.000519s ]
INFO: [ app_begin ] --END-- [ RunTime:0.000564s ]
SQL: SHOW COLUMNS FROM `vue-product` [ RunTime:0.0033s ]
SQL: SELECT * FROM `vue-product` WHERE `productID` = 1  [ RunTime:0.0005s ]
SQL: SHOW COLUMNS FROM `vue-serverproductdateattribute` [ RunTime:0.0030s ]
SQL: SELECT * FROM `vue-serverproductdateattribute` WHERE `productID` = 1  [ RunTime:0.0003s ]

[ 2018-11-13T15:20:29+08:00 ] ::1 /nhkjw/index.php/Home/index/Producmodify
INFO: [ app_init ] --START--
INFO: Run Behavior\BuildLiteBehavior [ RunTime:0.000010s ]
INFO: [ app_init ] --END-- [ RunTime:0.000295s ]
INFO: [ app_begin ] --START--
INFO: Run Behavior\ReadHtmlCacheBehavior [ RunTime:0.000404s ]
INFO: [ app_begin ] --END-- [ RunTime:0.000449s ]
SQL: SHOW COLUMNS FROM `vue-product` [ RunTime:0.0046s ]
SQL: SELECT * FROM `vue-product` WHERE `productID` = 1  [ RunTime:0.0007s ]
SQL: SHOW COLUMNS FROM `vue-serverproductdateattribute` [ RunTime:0.0031s ]
SQL: SELECT * FROM `vue-serverproductdateattribute` WHERE `productID` = 1  [ RunTime:0.0003s ]

[ 2018-11-13T15:20:56+08:00 ] ::1 /nhkjw/index.php/Home/index/Producmodify
INFO: [ app_init ] --START--
INFO: Run Behavior\BuildLiteBehavior [ RunTime:0.000010s ]
INFO: [ app_init ] --END-- [ RunTime:0.000315s ]
INFO: [ app_begin ] --START--
INFO: Run Behavior\ReadHtmlCacheBehavior [ RunTime:0.000449s ]
INFO: [ app_begin ] --END-- [ RunTime:0.000509s ]
SQL: SHOW COLUMNS FROM `vue-product` [ RunTime:0.0032s ]
SQL: SELECT * FROM `vue-product` WHERE `productID` = 1  [ RunTime:0.0005s ]
SQL: SHOW COLUMNS FROM `vue-serverproductdateattribute` [ RunTime:0.0026s ]
SQL: SELECT * FROM `vue-serverproductdateattribute` WHERE `productID` = 1  [ RunTime:0.0002s ]

[ 2018-11-13T15:22:00+08:00 ] ::1 /nhkjw/index.php/Home/index/Producmodify
INFO: [ app_init ] --START--
INFO: Run Behavior\BuildLiteBehavior [ RunTime:0.000011s ]
INFO: [ app_init ] --END-- [ RunTime:0.000349s ]
INFO: [ app_begin ] --START--
INFO: Run Behavior\ReadHtmlCacheBehavior [ RunTime:0.000556s ]
INFO: [ app_begin ] --END-- [ RunTime:0.000600s ]
SQL: SHOW COLUMNS FROM `vue-product` [ RunTime:0.0036s ]
SQL: SELECT * FROM `vue-product` WHERE `productID` = 1  [ RunTime:0.0006s ]
SQL: SHOW COLUMNS FROM `vue-serverproductdateattribute` [ RunTime:0.0062s ]
SQL: SELECT * FROM `vue-serverproductdateattribute` WHERE `productID` = 1  [ RunTime:0.0005s ]

[ 2018-11-13T15:22:29+08:00 ] ::1 /nhkjw/index.php/Home/index/Producmodify
INFO: [ app_init ] --START--
INFO: Run Behavior\BuildLiteBehavior [ RunTime:0.000012s ]
INFO: [ app_init ] --END-- [ RunTime:0.000347s ]
INFO: [ app_begin ] --START--
INFO: Run Behavior\ReadHtmlCacheBehavior [ RunTime:0.000506s ]
INFO: [ app_begin ] --END-- [ RunTime:0.000550s ]
SQL: SHOW COLUMNS FROM `vue-product` [ RunTime:0.0050s ]
SQL: SELECT * FROM `vue-product` WHERE `productID` = 1  [ RunTime:0.0021s ]
SQL: SHOW COLUMNS FROM `vue-serverproductdateattribute` [ RunTime:0.0050s ]
SQL: SELECT * FROM `vue-serverproductdateattribute` WHERE `productID` = 1  [ RunTime:0.0007s ]

[ 2018-11-13T15:27:22+08:00 ] ::1 /nhkjw/index.php/Home/index/Producmodify
INFO: [ app_init ] --START--
INFO: Run Behavior\BuildLiteBehavior [ RunTime:0.000043s ]
INFO: [ app_init ] --END-- [ RunTime:0.028832s ]
INFO: [ app_begin ] --START--
INFO: Run Behavior\ReadHtmlCacheBehavior [ RunTime:0.002602s ]
INFO: [ app_begin ] --END-- [ RunTime:0.002790s ]
SQL: SHOW COLUMNS FROM `vue-product` [ RunTime:0.0056s ]
SQL: SELECT * FROM `vue-product` WHERE `productID` = 1  [ RunTime:0.0045s ]
SQL: SHOW COLUMNS FROM `vue-serverproductdateattribute` [ RunTime:0.0117s ]
SQL: SELECT * FROM `vue-serverproductdateattribute` WHERE `productID` = 1  [ RunTime:0.0007s ]

[ 2018-11-13T15:27:45+08:00 ] ::1 /nhkjw/index.php/Home/index/Producmodify
INFO: [ app_init ] --START--
INFO: Run Behavior\BuildLiteBehavior [ RunTime:0.000014s ]
INFO: [ app_init ] --END-- [ RunTime:0.000403s ]
INFO: [ app_begin ] --START--
INFO: Run Behavior\ReadHtmlCacheBehavior [ RunTime:0.000522s ]
INFO: [ app_begin ] --END-- [ RunTime:0.000588s ]
SQL: SHOW COLUMNS FROM `vue-product` [ RunTime:0.0054s ]
SQL: SELECT * FROM `vue-product` WHERE `productID` = 1  [ RunTime:0.0009s ]
SQL: SHOW COLUMNS FROM `vue-serverproductdateattribute` [ RunTime:0.0037s ]
SQL: SELECT * FROM `vue-serverproductdateattribute` WHERE `productID` = 1  [ RunTime:0.0004s ]

[ 2018-11-13T15:28:14+08:00 ] ::1 /nhkjw/index.php/Home/index/Producmodify
INFO: [ app_init ] --START--
INFO: Run Behavior\BuildLiteBehavior [ RunTime:0.000019s ]
INFO: [ app_init ] --END-- [ RunTime:0.000836s ]
INFO: [ app_begin ] --START--
INFO: Run Behavior\ReadHtmlCacheBehavior [ RunTime:0.001840s ]
INFO: [ app_begin ] --END-- [ RunTime:0.001935s ]
SQL: SHOW COLUMNS FROM `vue-product` [ RunTime:0.0213s ]
SQL: SELECT * FROM `vue-product` WHERE `productID` = 1  [ RunTime:0.0012s ]
SQL: SHOW COLUMNS FROM `vue-serverproductdateattribute` [ RunTime:0.0116s ]
SQL: SELECT * FROM `vue-serverproductdateattribute` WHERE `productID` = 1  [ RunTime:0.0043s ]

[ 2018-11-13T15:28:41+08:00 ] ::1 /nhkjw/index.php/Home/index/Producmodify
INFO: [ app_init ] --START--
INFO: Run Behavior\BuildLiteBehavior [ RunTime:0.000054s ]
INFO: [ app_init ] --END-- [ RunTime:0.004877s ]
INFO: [ app_begin ] --START--
INFO: Run Behavior\ReadHtmlCacheBehavior [ RunTime:0.002596s ]
INFO: [ app_begin ] --END-- [ RunTime:0.002784s ]
SQL: SHOW COLUMNS FROM `vue-product` [ RunTime:0.0081s ]
SQL: SELECT * FROM `vue-product` WHERE `productID` = 1  [ RunTime:0.0025s ]
SQL: SHOW COLUMNS FROM `vue-serverproductdateattribute` [ RunTime:0.0112s ]
SQL: SELECT * FROM `vue-serverproductdateattribute` WHERE `productID` = 1  [ RunTime:0.0006s ]

[ 2018-11-13T15:29:21+08:00 ] ::1 /nhkjw/index.php/Home/index/Producmodify
INFO: [ app_init ] --START--
INFO: Run Behavior\BuildLiteBehavior [ RunTime:0.000026s ]
INFO: [ app_init ] --END-- [ RunTime:0.000562s ]
INFO: [ app_begin ] --START--
INFO: Run Behavior\ReadHtmlCacheBehavior [ RunTime:0.005791s ]
INFO: [ app_begin ] --END-- [ RunTime:0.005983s ]
SQL: SHOW COLUMNS FROM `vue-product` [ RunTime:0.0049s ]
SQL: SELECT * FROM `vue-product` WHERE `productID` = 1  [ RunTime:0.0013s ]
SQL: SHOW COLUMNS FROM `vue-serverproductdateattribute` [ RunTime:0.0140s ]
SQL: SELECT * FROM `vue-serverproductdateattribute` WHERE `productID` = 1  [ RunTime:0.0009s ]

[ 2018-11-13T15:30:34+08:00 ] ::1 /nhkjw/index.php/Home/index/Producmodify
INFO: [ app_init ] --START--
INFO: Run Behavior\BuildLiteBehavior [ RunTime:0.000027s ]
INFO: [ app_init ] --END-- [ RunTime:0.000717s ]
INFO: [ app_begin ] --START--
INFO: Run Behavior\ReadHtmlCacheBehavior [ RunTime:0.001268s ]
INFO: [ app_begin ] --END-- [ RunTime:0.001391s ]
SQL: SHOW COLUMNS FROM `vue-product` [ RunTime:0.0063s ]
SQL: SELECT * FROM `vue-product` WHERE `productID` = 1  [ RunTime:0.0015s ]
SQL: SHOW COLUMNS FROM `vue-serverproductdateattribute` [ RunTime:0.0117s ]
SQL: SELECT * FROM `vue-serverproductdateattribute` WHERE `productID` = 1  [ RunTime:0.0015s ]

[ 2018-11-13T15:31:21+08:00 ] ::1 /nhkjw/index.php/Home/index/Producmodify
INFO: [ app_init ] --START--
INFO: Run Behavior\BuildLiteBehavior [ RunTime:0.000021s ]
INFO: [ app_init ] --END-- [ RunTime:0.001636s ]
INFO: [ app_begin ] --START--
INFO: Run Behavior\ReadHtmlCacheBehavior [ RunTime:0.000699s ]
INFO: [ app_begin ] --END-- [ RunTime:0.000820s ]
SQL: SHOW COLUMNS FROM `vue-product` [ RunTime:0.0128s ]
SQL: SELECT * FROM `vue-product` WHERE `productID` = 1  [ RunTime:0.0013s ]
SQL: SHOW COLUMNS FROM `vue-serverproductdateattribute` [ RunTime:0.0063s ]
SQL: SELECT * FROM `vue-serverproductdateattribute` WHERE `productID` = 1  [ RunTime:0.0009s ]

[ 2018-11-13T15:31:29+08:00 ] ::1 /nhkjw/index.php/Home/index/Producmodify
INFO: [ app_init ] --START--
INFO: Run Behavior\BuildLiteBehavior [ RunTime:0.000028s ]
INFO: [ app_init ] --END-- [ RunTime:0.000590s ]
INFO: [ app_begin ] --START--
INFO: Run Behavior\ReadHtmlCacheBehavior [ RunTime:0.001968s ]
INFO: [ app_begin ] --END-- [ RunTime:0.002058s ]
SQL: SHOW COLUMNS FROM `vue-product` [ RunTime:0.0225s ]
SQL: SELECT * FROM `vue-product` WHERE `productID` = 1  [ RunTime:0.0020s ]
SQL: SHOW COLUMNS FROM `vue-serverproductdateattribute` [ RunTime:0.0065s ]
SQL: SELECT * FROM `vue-serverproductdateattribute` WHERE `productID` = 1  [ RunTime:0.0082s ]

[ 2018-11-13T15:32:00+08:00 ] ::1 /nhkjw/index.php/Home/index/Producmodify
INFO: [ app_init ] --START--
INFO: Run Behavior\BuildLiteBehavior [ RunTime:0.000065s ]
INFO: [ app_init ] --END-- [ RunTime:0.002002s ]
INFO: [ app_begin ] --START--
INFO: Run Behavior\ReadHtmlCacheBehavior [ RunTime:0.000572s ]
INFO: [ app_begin ] --END-- [ RunTime:0.000662s ]
SQL: SHOW COLUMNS FROM `vue-product` [ RunTime:0.0074s ]
SQL: SELECT * FROM `vue-product` WHERE `productID` = 1  [ RunTime:0.0009s ]
SQL: SHOW COLUMNS FROM `vue-serverproductdateattribute` [ RunTime:0.0041s ]
SQL: SELECT * FROM `vue-serverproductdateattribute` WHERE `productID` = 1  [ RunTime:0.0005s ]

[ 2018-11-13T15:34:37+08:00 ] ::1 /nhkjw/index.php/Home/index/Producmodify
INFO: [ app_init ] --START--
INFO: Run Behavior\BuildLiteBehavior [ RunTime:0.000018s ]
INFO: [ app_init ] --END-- [ RunTime:0.002982s ]
INFO: [ app_begin ] --START--
INFO: Run Behavior\ReadHtmlCacheBehavior [ RunTime:0.000590s ]
INFO: [ app_begin ] --END-- [ RunTime:0.000650s ]
SQL: SHOW COLUMNS FROM `vue-product` [ RunTime:0.0059s ]
SQL: SELECT * FROM `vue-product` WHERE `productID` = 1  [ RunTime:0.0012s ]
SQL: SHOW COLUMNS FROM `vue-serverproductdateattribute` [ RunTime:0.0032s ]
SQL: SELECT * FROM `vue-serverproductdateattribute` WHERE `productID` = 1  [ RunTime:0.0003s ]

[ 2018-11-13T15:34:45+08:00 ] ::1 /nhkjw/index.php/Home/index/ceshi
INFO: [ app_init ] --START--
INFO: Run Behavior\BuildLiteBehavior [ RunTime:0.000025s ]
INFO: [ app_init ] --END-- [ RunTime:0.000333s ]
INFO: [ app_begin ] --START--
INFO: Run Behavior\ReadHtmlCacheBehavior [ RunTime:0.000627s ]
INFO: [ app_begin ] --END-- [ RunTime:0.000672s ]
SQL: SHOW COLUMNS FROM `vue-productlist` [ RunTime:0.0028s ]
SQL: SELECT * FROM `vue-productlist`  [ RunTime:0.0003s ]

[ 2018-11-13T15:34:46+08:00 ] ::1 /nhkjw/index.php/Home/index/Producmodify
INFO: [ app_init ] --START--
INFO: Run Behavior\BuildLiteBehavior [ RunTime:0.000032s ]
INFO: [ app_init ] --END-- [ RunTime:0.001443s ]
INFO: [ app_begin ] --START--
INFO: Run Behavior\ReadHtmlCacheBehavior [ RunTime:0.001220s ]
INFO: [ app_begin ] --END-- [ RunTime:0.001422s ]
SQL: SHOW COLUMNS FROM `vue-product` [ RunTime:0.0053s ]
SQL: SELECT * FROM `vue-product` WHERE `productID` = 1  [ RunTime:0.0008s ]
SQL: SHOW COLUMNS FROM `vue-serverproductdateattribute` [ RunTime:0.0032s ]
SQL: SELECT * FROM `vue-serverproductdateattribute` WHERE `productID` = 1  [ RunTime:0.0004s ]

[ 2018-11-13T15:35:31+08:00 ] ::1 /nhkjw/index.php/Home/index/Producmodify
INFO: [ app_init ] --START--
INFO: Run Behavior\BuildLiteBehavior [ RunTime:0.000016s ]
INFO: [ app_init ] --END-- [ RunTime:0.000656s ]
INFO: [ app_begin ] --START--
INFO: Run Behavior\ReadHtmlCacheBehavior [ RunTime:0.000810s ]
INFO: [ app_begin ] --END-- [ RunTime:0.000915s ]
SQL: SHOW COLUMNS FROM `vue-product` [ RunTime:0.0065s ]
SQL: SELECT * FROM `vue-product` WHERE `productID` = 1  [ RunTime:0.0007s ]
SQL: SHOW COLUMNS FROM `vue-serverproductdateattribute` [ RunTime:0.0033s ]
SQL: SELECT * FROM `vue-serverproductdateattribute` WHERE `productID` = 1  [ RunTime:0.0005s ]

[ 2018-11-13T15:35:32+08:00 ] ::1 /nhkjw/index.php/Home/index/Producmodify
INFO: [ app_init ] --START--
INFO: Run Behavior\BuildLiteBehavior [ RunTime:0.000018s ]
INFO: [ app_init ] --END-- [ RunTime:0.000414s ]
INFO: [ app_begin ] --START--
INFO: Run Behavior\ReadHtmlCacheBehavior [ RunTime:0.001393s ]
INFO: [ app_begin ] --END-- [ RunTime:0.001447s ]
SQL: SHOW COLUMNS FROM `vue-product` [ RunTime:0.0083s ]
SQL: SELECT * FROM `vue-product` WHERE `productID` = 1  [ RunTime:0.0014s ]
SQL: SHOW COLUMNS FROM `vue-serverproductdateattribute` [ RunTime:0.0035s ]
SQL: SELECT * FROM `vue-serverproductdateattribute` WHERE `productID` = 1  [ RunTime:0.0015s ]

[ 2018-11-13T15:36:08+08:00 ] ::1 /nhkjw/index.php/Home/index/Producmodify
INFO: [ app_init ] --START--
INFO: Run Behavior\BuildLiteBehavior [ RunTime:0.000028s ]
INFO: [ app_init ] --END-- [ RunTime:0.000475s ]
INFO: [ app_begin ] --START--
INFO: Run Behavior\ReadHtmlCacheBehavior [ RunTime:0.000984s ]
INFO: [ app_begin ] --END-- [ RunTime:0.001932s ]
SQL: SHOW COLUMNS FROM `vue-product` [ RunTime:0.0151s ]
SQL: SELECT * FROM `vue-product` WHERE `productID` = 1  [ RunTime:0.0014s ]
SQL: SHOW COLUMNS FROM `vue-serverproductdateattribute` [ RunTime:0.0052s ]
SQL: SELECT * FROM `vue-serverproductdateattribute` WHERE `productID` = 1  [ RunTime:0.0009s ]

[ 2018-11-13T15:36:08+08:00 ] ::1 /nhkjw/index.php/Home/index/Producmodify
INFO: [ app_init ] --START--
INFO: Run Behavior\BuildLiteBehavior [ RunTime:0.000019s ]
INFO: [ app_init ] --END-- [ RunTime:0.000438s ]
INFO: [ app_begin ] --START--
INFO: Run Behavior\ReadHtmlCacheBehavior [ RunTime:0.000524s ]
INFO: [ app_begin ] --END-- [ RunTime:0.000592s ]
SQL: SHOW COLUMNS FROM `vue-product` [ RunTime:0.0165s ]
SQL: SELECT * FROM `vue-product` WHERE `productID` = 1  [ RunTime:0.0010s ]
SQL: SHOW COLUMNS FROM `vue-serverproductdateattribute` [ RunTime:0.0047s ]
SQL: SELECT * FROM `vue-serverproductdateattribute` WHERE `productID` = 1  [ RunTime:0.0007s ]

[ 2018-11-13T15:37:10+08:00 ] ::1 /nhkjw/index.php/Home/index/Producmodify
INFO: [ app_init ] --START--
INFO: Run Behavior\BuildLiteBehavior [ RunTime:0.000036s ]
INFO: [ app_init ] --END-- [ RunTime:0.001832s ]
INFO: [ app_begin ] --START--
INFO: Run Behavior\ReadHtmlCacheBehavior [ RunTime:0.000818s ]
INFO: [ app_begin ] --END-- [ RunTime:0.000928s ]
SQL: SHOW COLUMNS FROM `vue-product` [ RunTime:0.0054s ]
SQL: SELECT * FROM `vue-product` WHERE `productID` = 1  [ RunTime:0.0021s ]
SQL: SHOW COLUMNS FROM `vue-serverproductdateattribute` [ RunTime:0.0104s ]
SQL: SELECT * FROM `vue-serverproductdateattribute` WHERE `productID` = 1  [ RunTime:0.0009s ]

[ 2018-11-13T15:37:16+08:00 ] ::1 /nhkjw/index.php/Home/index/Producmodify
INFO: [ app_init ] --START--
INFO: Run Behavior\BuildLiteBehavior [ RunTime:0.000023s ]
INFO: [ app_init ] --END-- [ RunTime:0.000503s ]
INFO: [ app_begin ] --START--
INFO: Run Behavior\ReadHtmlCacheBehavior [ RunTime:0.000629s ]
INFO: [ app_begin ] --END-- [ RunTime:0.000714s ]
SQL: SHOW COLUMNS FROM `vue-product` [ RunTime:0.0167s ]
SQL: SELECT * FROM `vue-product` WHERE `productID` = 1  [ RunTime:0.0016s ]
SQL: SHOW COLUMNS FROM `vue-serverproductdateattribute` [ RunTime:0.0132s ]
SQL: SELECT * FROM `vue-serverproductdateattribute` WHERE `productID` = 1  [ RunTime:0.0007s ]

[ 2018-11-13T15:39:03+08:00 ] ::1 /nhkjw/index.php/Home/index/Producmodify
INFO: [ app_init ] --START--
INFO: Run Behavior\BuildLiteBehavior [ RunTime:0.000018s ]
INFO: [ app_init ] --END-- [ RunTime:0.000535s ]
INFO: [ app_begin ] --START--
INFO: Run Behavior\ReadHtmlCacheBehavior [ RunTime:0.000933s ]
INFO: [ app_begin ] --END-- [ RunTime:0.001025s ]
SQL: SHOW COLUMNS FROM `vue-product` [ RunTime:0.0158s ]
SQL: SELECT * FROM `vue-product` WHERE `productID` = 1  [ RunTime:0.0012s ]
SQL: SHOW COLUMNS FROM `vue-serverproductdateattribute` [ RunTime:0.0066s ]
SQL: SELECT * FROM `vue-serverproductdateattribute` WHERE `productID` = 1  [ RunTime:0.0008s ]

[ 2018-11-13T15:39:04+08:00 ] ::1 /nhkjw/index.php/Home/index/Producmodify
INFO: [ app_init ] --START--
INFO: Run Behavior\BuildLiteBehavior [ RunTime:0.000029s ]
INFO: [ app_init ] --END-- [ RunTime:0.000579s ]
INFO: [ app_begin ] --START--
INFO: Run Behavior\ReadHtmlCacheBehavior [ RunTime:0.000617s ]
INFO: [ app_begin ] --END-- [ RunTime:0.000729s ]
SQL: SHOW COLUMNS FROM `vue-product` [ RunTime:0.0126s ]
SQL: SELECT * FROM `vue-product` WHERE `productID` = 1  [ RunTime:0.0028s ]
SQL: SHOW COLUMNS FROM `vue-serverproductdateattribute` [ RunTime:0.0111s ]
SQL: SELECT * FROM `vue-serverproductdateattribute` WHERE `productID` = 1  [ RunTime:0.0012s ]

[ 2018-11-13T16:41:27+08:00 ] ::1 /nhkjw/index.php/Home/index/Producmodify
INFO: [ app_init ] --START--
INFO: Run Behavior\BuildLiteBehavior [ RunTime:0.000012s ]
INFO: [ app_init ] --END-- [ RunTime:0.000988s ]
INFO: [ app_begin ] --START--
INFO: Run Behavior\ReadHtmlCacheBehavior [ RunTime:0.000757s ]
INFO: [ app_begin ] --END-- [ RunTime:0.000803s ]
SQL: SHOW COLUMNS FROM `vue-product` [ RunTime:0.0148s ]
SQL: SELECT * FROM `vue-product` WHERE `productID` = 1  [ RunTime:0.0010s ]
SQL: SHOW COLUMNS FROM `vue-serverproductdateattribute` [ RunTime:0.0038s ]
SQL: SELECT * FROM `vue-serverproductdateattribute` WHERE `productID` = 1  [ RunTime:0.0003s ]

[ 2018-11-13T16:43:57+08:00 ] ::1 /nhkjw/index.php/Home/index/Producmodify
INFO: [ app_init ] --START--
INFO: Run Behavior\BuildLiteBehavior [ RunTime:0.000017s ]
INFO: [ app_init ] --END-- [ RunTime:0.000484s ]
INFO: [ app_begin ] --START--
INFO: Run Behavior\ReadHtmlCacheBehavior [ RunTime:0.000611s ]
INFO: [ app_begin ] --END-- [ RunTime:0.000676s ]
SQL: SHOW COLUMNS FROM `vue-product` [ RunTime:0.0057s ]
SQL: SELECT * FROM `vue-product` WHERE `productID` = 1  [ RunTime:0.0011s ]
SQL: SHOW COLUMNS FROM `vue-serverproductdateattribute` [ RunTime:0.0082s ]
SQL: SELECT * FROM `vue-serverproductdateattribute` WHERE `productID` = 1  [ RunTime:0.0009s ]

[ 2018-11-13T16:44:38+08:00 ] ::1 /nhkjw/index.php/Home/index/Producmodify
INFO: [ app_init ] --START--
INFO: Run Behavior\BuildLiteBehavior [ RunTime:0.000017s ]
INFO: [ app_init ] --END-- [ RunTime:0.000472s ]
INFO: [ app_begin ] --START--
INFO: Run Behavior\ReadHtmlCacheBehavior [ RunTime:0.000481s ]
INFO: [ app_begin ] --END-- [ RunTime:0.000537s ]
SQL: SHOW COLUMNS FROM `vue-product` [ RunTime:0.0106s ]
SQL: SELECT * FROM `vue-product` WHERE `productID` = 1  [ RunTime:0.0011s ]
SQL: SHOW COLUMNS FROM `vue-serverproductdateattribute` [ RunTime:0.0038s ]
SQL: SELECT * FROM `vue-serverproductdateattribute` WHERE `productID` = 1  [ RunTime:0.0005s ]

[ 2018-11-13T16:45:01+08:00 ] ::1 /nhkjw/index.php/Home/index/Producmodify
INFO: [ app_init ] --START--
INFO: Run Behavior\BuildLiteBehavior [ RunTime:0.000010s ]
INFO: [ app_init ] --END-- [ RunTime:0.000280s ]
INFO: [ app_begin ] --START--
INFO: Run Behavior\ReadHtmlCacheBehavior [ RunTime:0.000350s ]
INFO: [ app_begin ] --END-- [ RunTime:0.000393s ]
SQL: SHOW COLUMNS FROM `vue-product` [ RunTime:0.0040s ]
SQL: SELECT * FROM `vue-product` WHERE `productID` = 1  [ RunTime:0.0005s ]
SQL: SHOW COLUMNS FROM `vue-serverproductdateattribute` [ RunTime:0.0024s ]
SQL: SELECT * FROM `vue-serverproductdateattribute` WHERE `productID` = 1  [ RunTime:0.0003s ]

[ 2018-11-13T16:47:40+08:00 ] ::1 /nhkjw/index.php/Home/index/Producmodify
INFO: [ app_init ] --START--
INFO: Run Behavior\BuildLiteBehavior [ RunTime:0.000017s ]
INFO: [ app_init ] --END-- [ RunTime:0.000569s ]
INFO: [ app_begin ] --START--
INFO: Run Behavior\ReadHtmlCacheBehavior [ RunTime:0.000875s ]
INFO: [ app_begin ] --END-- [ RunTime:0.000939s ]
SQL: SHOW COLUMNS FROM `vue-product` [ RunTime:0.0061s ]
SQL: SELECT * FROM `vue-product` WHERE `productID` = 1  [ RunTime:0.0018s ]
SQL: SHOW COLUMNS FROM `vue-serverproductdateattribute` [ RunTime:0.0043s ]
SQL: SELECT * FROM `vue-serverproductdateattribute` WHERE `productID` = 1  [ RunTime:0.0005s ]

[ 2018-11-13T16:47:42+08:00 ] ::1 /nhkjw/index.php/Home/index/yunshichang
INFO: [ app_init ] --START--
INFO: Run Behavior\BuildLiteBehavior [ RunTime:0.000013s ]
INFO: [ app_init ] --END-- [ RunTime:0.000440s ]
INFO: [ app_begin ] --START--
INFO: Run Behavior\ReadHtmlCacheBehavior [ RunTime:0.000466s ]
INFO: [ app_begin ] --END-- [ RunTime:0.000517s ]
SQL: SHOW COLUMNS FROM `vue-software` [ RunTime:0.0057s ]
SQL: SELECT * FROM `vue-software`  [ RunTime:0.0005s ]

[ 2018-11-13T16:47:44+08:00 ] ::1 /nhkjw/index.php/Home/index/ceshi
INFO: [ app_init ] --START--
INFO: Run Behavior\BuildLiteBehavior [ RunTime:0.000023s ]
INFO: [ app_init ] --END-- [ RunTime:0.000657s ]
INFO: [ app_begin ] --START--
INFO: Run Behavior\ReadHtmlCacheBehavior [ RunTime:0.000603s ]
INFO: [ app_begin ] --END-- [ RunTime:0.000672s ]
SQL: SHOW COLUMNS FROM `vue-productlist` [ RunTime:0.0091s ]
SQL: SELECT * FROM `vue-productlist`  [ RunTime:0.0010s ]

[ 2018-11-13T16:50:25+08:00 ] ::1 /nhkjw/index.php/Home/index/ceshi
INFO: [ app_init ] --START--
INFO: Run Behavior\BuildLiteBehavior [ RunTime:0.000018s ]
INFO: [ app_init ] --END-- [ RunTime:0.000807s ]
INFO: [ app_begin ] --START--
INFO: Run Behavior\ReadHtmlCacheBehavior [ RunTime:0.001520s ]
INFO: [ app_begin ] --END-- [ RunTime:0.001631s ]
SQL: SHOW COLUMNS FROM `vue-productlist` [ RunTime:0.0038s ]
SQL: SELECT * FROM `vue-productlist`  [ RunTime:0.0004s ]

[ 2018-11-13T16:50:26+08:00 ] ::1 /nhkjw/index.php/Home/index/Producmodify
INFO: [ app_init ] --START--
INFO: Run Behavior\BuildLiteBehavior [ RunTime:0.000013s ]
INFO: [ app_init ] --END-- [ RunTime:0.000319s ]
INFO: [ app_begin ] --START--
INFO: Run Behavior\ReadHtmlCacheBehavior [ RunTime:0.000530s ]
INFO: [ app_begin ] --END-- [ RunTime:0.000591s ]
SQL: SHOW COLUMNS FROM `vue-product` [ RunTime:0.0037s ]
SQL: SELECT * FROM `vue-product` WHERE `productID` = 1  [ RunTime:0.0008s ]
SQL: SHOW COLUMNS FROM `vue-serverproductdateattribute` [ RunTime:0.0031s ]
SQL: SELECT * FROM `vue-serverproductdateattribute` WHERE `productID` = 1  [ RunTime:0.0004s ]

[ 2018-11-13T16:50:56+08:00 ] ::1 /nhkjw/index.php/Home/index/Producmodify
INFO: [ app_init ] --START--
INFO: Run Behavior\BuildLiteBehavior [ RunTime:0.000010s ]
INFO: [ app_init ] --END-- [ RunTime:0.000283s ]
INFO: [ app_begin ] --START--
INFO: Run Behavior\ReadHtmlCacheBehavior [ RunTime:0.000355s ]
INFO: [ app_begin ] --END-- [ RunTime:0.000397s ]
SQL: SHOW COLUMNS FROM `vue-product` [ RunTime:0.0028s ]
SQL: SELECT * FROM `vue-product` WHERE `productID` = 1  [ RunTime:0.0006s ]
SQL: SHOW COLUMNS FROM `vue-serverproductdateattribute` [ RunTime:0.0030s ]
SQL: SELECT * FROM `vue-serverproductdateattribute` WHERE `productID` = 1  [ RunTime:0.0004s ]

[ 2018-11-13T16:51:54+08:00 ] ::1 /nhkjw/index.php/Home/index/Producmodify
INFO: [ app_init ] --START--
INFO: Run Behavior\BuildLiteBehavior [ RunTime:0.000023s ]
INFO: [ app_init ] --END-- [ RunTime:0.000486s ]
INFO: [ app_begin ] --START--
INFO: Run Behavior\ReadHtmlCacheBehavior [ RunTime:0.000492s ]
INFO: [ app_begin ] --END-- [ RunTime:0.000573s ]
SQL: SHOW COLUMNS FROM `vue-product` [ RunTime:0.0033s ]
SQL: SELECT * FROM `vue-product` WHERE `productID` = 1  [ RunTime:0.0006s ]
SQL: SHOW COLUMNS FROM `vue-serverproductdateattribute` [ RunTime:0.0027s ]
SQL: SELECT * FROM `vue-serverproductdateattribute` WHERE `productID` = 1  [ RunTime:0.0003s ]

[ 2018-11-13T16:52:02+08:00 ] ::1 /nhkjw/index.php/Home/index/login
INFO: [ app_init ] --START--
INFO: Run Behavior\BuildLiteBehavior [ RunTime:0.000015s ]
INFO: [ app_init ] --END-- [ RunTime:0.000351s ]
INFO: [ app_begin ] --START--
INFO: Run Behavior\ReadHtmlCacheBehavior [ RunTime:0.000436s ]
INFO: [ app_begin ] --END-- [ RunTime:0.000481s ]
SQL: SHOW COLUMNS FROM `vue-user` [ RunTime:0.0052s ]
SQL: SELECT * FROM `vue-user` WHERE `userName` = '333' AND `userPwd` = '333' LIMIT 1   [ RunTime:0.0004s ]

[ 2018-11-13T16:52:06+08:00 ] ::1 /nhkjw/index.php/Home/index/Producmodify
INFO: [ app_init ] --START--
INFO: Run Behavior\BuildLiteBehavior [ RunTime:0.000019s ]
INFO: [ app_init ] --END-- [ RunTime:0.000682s ]
INFO: [ app_begin ] --START--
INFO: Run Behavior\ReadHtmlCacheBehavior [ RunTime:0.000909s ]
INFO: [ app_begin ] --END-- [ RunTime:0.001002s ]
SQL: SHOW COLUMNS FROM `vue-product` [ RunTime:0.0041s ]
SQL: SELECT * FROM `vue-product` WHERE `productID` = 1  [ RunTime:0.0005s ]
SQL: SHOW COLUMNS FROM `vue-serverproductdateattribute` [ RunTime:0.0025s ]
SQL: SELECT * FROM `vue-serverproductdateattribute` WHERE `productID` = 1  [ RunTime:0.0003s ]

[ 2018-11-13T16:52:24+08:00 ] ::1 /nhkjw/index.php/Home/index/Producmodify
INFO: [ app_init ] --START--
INFO: Run Behavior\BuildLiteBehavior [ RunTime:0.000010s ]
INFO: [ app_init ] --END-- [ RunTime:0.000324s ]
INFO: [ app_begin ] --START--
INFO: Run Behavior\ReadHtmlCacheBehavior [ RunTime:0.000411s ]
INFO: [ app_begin ] --END-- [ RunTime:0.000459s ]
SQL: SHOW COLUMNS FROM `vue-product` [ RunTime:0.0036s ]
SQL: SELECT * FROM `vue-product` WHERE `productID` = 1  [ RunTime:0.0005s ]
SQL: SHOW COLUMNS FROM `vue-serverproductdateattribute` [ RunTime:0.0055s ]
SQL: SELECT * FROM `vue-serverproductdateattribute` WHERE `productID` = 1  [ RunTime:0.0013s ]

[ 2018-11-13T16:52:31+08:00 ] ::1 /nhkjw/index.php/Home/index/Producmodify
INFO: [ app_init ] --START--
INFO: Run Behavior\BuildLiteBehavior [ RunTime:0.000011s ]
INFO: [ app_init ] --END-- [ RunTime:0.000332s ]
INFO: [ app_begin ] --START--
INFO: Run Behavior\ReadHtmlCacheBehavior [ RunTime:0.000508s ]
INFO: [ app_begin ] --END-- [ RunTime:0.000554s ]
SQL: SHOW COLUMNS FROM `vue-product` [ RunTime:0.0032s ]
SQL: SELECT * FROM `vue-product` WHERE `productID` = 1  [ RunTime:0.0005s ]
SQL: SHOW COLUMNS FROM `vue-serverproductdateattribute` [ RunTime:0.0028s ]
SQL: SELECT * FROM `vue-serverproductdateattribute` WHERE `productID` = 1  [ RunTime:0.0003s ]

[ 2018-11-13T17:54:56+08:00 ] ::1 /nhkjw/index.php/Home/index/login
INFO: [ app_init ] --START--
INFO: Run Behavior\BuildLiteBehavior [ RunTime:0.000027s ]
INFO: [ app_init ] --END-- [ RunTime:0.001375s ]
INFO: [ app_begin ] --START--
INFO: Run Behavior\ReadHtmlCacheBehavior [ RunTime:0.000927s ]
INFO: [ app_begin ] --END-- [ RunTime:0.001003s ]
SQL: SHOW COLUMNS FROM `vue-user` [ RunTime:0.0092s ]
SQL: SELECT * FROM `vue-user` WHERE `userName` = '333' AND `userPwd` = '333' LIMIT 1   [ RunTime:0.0008s ]

[ 2018-11-13T17:55:09+08:00 ] ::1 /nhkjw/index.php/Home/index/login
INFO: [ app_init ] --START--
INFO: Run Behavior\BuildLiteBehavior [ RunTime:0.000020s ]
INFO: [ app_init ] --END-- [ RunTime:0.000803s ]
INFO: [ app_begin ] --START--
INFO: Run Behavior\ReadHtmlCacheBehavior [ RunTime:0.000443s ]
INFO: [ app_begin ] --END-- [ RunTime:0.000493s ]
SQL: SHOW COLUMNS FROM `vue-user` [ RunTime:0.0060s ]
SQL: SELECT * FROM `vue-user` WHERE `userName` = '123' AND `userPwd` = '123' LIMIT 1   [ RunTime:0.0005s ]

[ 2018-11-13T20:22:17+08:00 ] ::1 /nhkjw/index.php/Home/index/ceshi
INFO: [ app_init ] --START--
INFO: Run Behavior\BuildLiteBehavior [ RunTime:0.000009s ]
INFO: [ app_init ] --END-- [ RunTime:0.000320s ]
INFO: [ app_begin ] --START--
INFO: Run Behavior\ReadHtmlCacheBehavior [ RunTime:0.000462s ]
INFO: [ app_begin ] --END-- [ RunTime:0.000512s ]
SQL: SHOW COLUMNS FROM `vue-productlist` [ RunTime:0.0053s ]
SQL: SELECT * FROM `vue-productlist`  [ RunTime:0.0005s ]

[ 2018-11-13T20:22:20+08:00 ] ::1 /nhkjw/index.php/Home/index/yunshichang
INFO: [ app_init ] --START--
INFO: Run Behavior\BuildLiteBehavior [ RunTime:0.000026s ]
INFO: [ app_init ] --END-- [ RunTime:0.000471s ]
INFO: [ app_begin ] --START--
INFO: Run Behavior\ReadHtmlCacheBehavior [ RunTime:0.000723s ]
INFO: [ app_begin ] --END-- [ RunTime:0.000792s ]
SQL: SHOW COLUMNS FROM `vue-software` [ RunTime:0.0074s ]
SQL: SELECT * FROM `vue-software`  [ RunTime:0.0021s ]

[ 2018-11-13T20:22:21+08:00 ] ::1 /nhkjw/index.php/Home/index/ceshi
INFO: [ app_init ] --START--
INFO: Run Behavior\BuildLiteBehavior [ RunTime:0.000022s ]
INFO: [ app_init ] --END-- [ RunTime:0.000693s ]
INFO: [ app_begin ] --START--
INFO: Run Behavior\ReadHtmlCacheBehavior [ RunTime:0.000657s ]
INFO: [ app_begin ] --END-- [ RunTime:0.000731s ]
SQL: SHOW COLUMNS FROM `vue-productlist` [ RunTime:0.0036s ]
SQL: SELECT * FROM `vue-productlist`  [ RunTime:0.0004s ]

[ 2018-11-13T20:22:22+08:00 ] ::1 /nhkjw/index.php/Home/index/Producmodify
INFO: [ app_init ] --START--
INFO: Run Behavior\BuildLiteBehavior [ RunTime:0.000022s ]
INFO: [ app_init ] --END-- [ RunTime:0.000441s ]
INFO: [ app_begin ] --START--
INFO: Run Behavior\ReadHtmlCacheBehavior [ RunTime:0.000641s ]
INFO: [ app_begin ] --END-- [ RunTime:0.000726s ]
SQL: SHOW COLUMNS FROM `vue-product` [ RunTime:0.0057s ]
SQL: SELECT * FROM `vue-product` WHERE `productID` = 1  [ RunTime:0.0016s ]
SQL: SHOW COLUMNS FROM `vue-serverproductdateattribute` [ RunTime:0.0048s ]
SQL: SELECT * FROM `vue-serverproductdateattribute` WHERE `productID` = 1  [ RunTime:0.0007s ]

[ 2018-11-13T20:22:42+08:00 ] ::1 /nhkjw/index.php/Home/index/login
INFO: [ app_init ] --START--
INFO: Run Behavior\BuildLiteBehavior [ RunTime:0.000020s ]
INFO: [ app_init ] --END-- [ RunTime:0.000384s ]
INFO: [ app_begin ] --START--
INFO: Run Behavior\ReadHtmlCacheBehavior [ RunTime:0.000438s ]
INFO: [ app_begin ] --END-- [ RunTime:0.000488s ]
SQL: SHOW COLUMNS FROM `vue-user` [ RunTime:0.0028s ]
SQL: SELECT * FROM `vue-user` WHERE `userName` = '333' AND `userPwd` = '333' LIMIT 1   [ RunTime:0.0004s ]

[ 2018-11-13T20:22:54+08:00 ] ::1 /nhkjw/index.php/Home/index/Producmodify
INFO: [ app_init ] --START--
INFO: Run Behavior\BuildLiteBehavior [ RunTime:0.000009s ]
INFO: [ app_init ] --END-- [ RunTime:0.000263s ]
INFO: [ app_begin ] --START--
INFO: Run Behavior\ReadHtmlCacheBehavior [ RunTime:0.000384s ]
INFO: [ app_begin ] --END-- [ RunTime:0.000425s ]
SQL: SHOW COLUMNS FROM `vue-product` [ RunTime:0.0033s ]
SQL: SELECT * FROM `vue-product` WHERE `productID` = 1  [ RunTime:0.0006s ]
SQL: SHOW COLUMNS FROM `vue-serverproductdateattribute` [ RunTime:0.0025s ]
SQL: SELECT * FROM `vue-serverproductdateattribute` WHERE `productID` = 1  [ RunTime:0.0003s ]

[ 2018-11-13T20:25:28+08:00 ] ::1 /nhkjw/index.php/Home/index/ceshi
INFO: [ app_init ] --START--
INFO: Run Behavior\BuildLiteBehavior [ RunTime:0.000019s ]
INFO: [ app_init ] --END-- [ RunTime:0.000862s ]
INFO: [ app_begin ] --START--
INFO: Run Behavior\ReadHtmlCacheBehavior [ RunTime:0.000703s ]
INFO: [ app_begin ] --END-- [ RunTime:0.000899s ]
SQL: SHOW COLUMNS FROM `vue-productlist` [ RunTime:0.0036s ]
SQL: SELECT * FROM `vue-productlist`  [ RunTime:0.0003s ]

[ 2018-11-13T20:25:34+08:00 ] ::1 /nhkjw/index.php/Home/index/Producmodify
INFO: [ app_init ] --START--
INFO: Run Behavior\BuildLiteBehavior [ RunTime:0.000011s ]
INFO: [ app_init ] --END-- [ RunTime:0.000363s ]
INFO: [ app_begin ] --START--
INFO: Run Behavior\ReadHtmlCacheBehavior [ RunTime:0.000444s ]
INFO: [ app_begin ] --END-- [ RunTime:0.000498s ]
SQL: SHOW COLUMNS FROM `vue-product` [ RunTime:0.0092s ]
SQL: SELECT * FROM `vue-product` WHERE `productID` = 1  [ RunTime:0.0008s ]
SQL: SHOW COLUMNS FROM `vue-serverproductdateattribute` [ RunTime:0.0034s ]
SQL: SELECT * FROM `vue-serverproductdateattribute` WHERE `productID` = 1  [ RunTime:0.0003s ]

[ 2018-11-13T20:26:23+08:00 ] ::1 /nhkjw/index.php/Home/index/Producmodify
INFO: [ app_init ] --START--
INFO: Run Behavior\BuildLiteBehavior [ RunTime:0.000009s ]
INFO: [ app_init ] --END-- [ RunTime:0.000277s ]
INFO: [ app_begin ] --START--
INFO: Run Behavior\ReadHtmlCacheBehavior [ RunTime:0.000352s ]
INFO: [ app_begin ] --END-- [ RunTime:0.000392s ]
SQL: SHOW COLUMNS FROM `vue-product` [ RunTime:0.0031s ]
SQL: SELECT * FROM `vue-product` WHERE `productID` = 1  [ RunTime:0.0006s ]
SQL: SHOW COLUMNS FROM `vue-serverproductdateattribute` [ RunTime:0.0026s ]
SQL: SELECT * FROM `vue-serverproductdateattribute` WHERE `productID` = 1  [ RunTime:0.0003s ]

[ 2018-11-13T20:26:29+08:00 ] ::1 /nhkjw/index.php/Home/index/yunshichang
INFO: [ app_init ] --START--
INFO: Run Behavior\BuildLiteBehavior [ RunTime:0.000010s ]
INFO: [ app_init ] --END-- [ RunTime:0.000281s ]
INFO: [ app_begin ] --START--
INFO: Run Behavior\ReadHtmlCacheBehavior [ RunTime:0.000355s ]
INFO: [ app_begin ] --END-- [ RunTime:0.000394s ]
SQL: SHOW COLUMNS FROM `vue-software` [ RunTime:0.0042s ]
SQL: SELECT * FROM `vue-software`  [ RunTime:0.0006s ]

[ 2018-11-13T20:27:00+08:00 ] ::1 /nhkjw/index.php/Home/index/yunshichang
INFO: [ app_init ] --START--
INFO: Run Behavior\BuildLiteBehavior [ RunTime:0.000027s ]
INFO: [ app_init ] --END-- [ RunTime:0.000633s ]
INFO: [ app_begin ] --START--
INFO: Run Behavior\ReadHtmlCacheBehavior [ RunTime:0.000510s ]
INFO: [ app_begin ] --END-- [ RunTime:0.000559s ]
SQL: SHOW COLUMNS FROM `vue-software` [ RunTime:0.0033s ]
SQL: SELECT * FROM `vue-software`  [ RunTime:0.0004s ]

[ 2018-11-13T20:27:03+08:00 ] ::1 /nhkjw/index.php/Home/index/ceshi
INFO: [ app_init ] --START--
INFO: Run Behavior\BuildLiteBehavior [ RunTime:0.000011s ]
INFO: [ app_init ] --END-- [ RunTime:0.000723s ]
INFO: [ app_begin ] --START--
INFO: Run Behavior\ReadHtmlCacheBehavior [ RunTime:0.000819s ]
INFO: [ app_begin ] --END-- [ RunTime:0.000920s ]
SQL: SHOW COLUMNS FROM `vue-productlist` [ RunTime:0.0051s ]
SQL: SELECT * FROM `vue-productlist`  [ RunTime:0.0004s ]

[ 2018-11-13T20:27:09+08:00 ] ::1 /nhkjw/index.php/Home/index/ceshi
INFO: [ app_init ] --START--
INFO: Run Behavior\BuildLiteBehavior [ RunTime:0.000023s ]
INFO: [ app_init ] --END-- [ RunTime:0.000872s ]
INFO: [ app_begin ] --START--
INFO: Run Behavior\ReadHtmlCacheBehavior [ RunTime:0.000518s ]
INFO: [ app_begin ] --END-- [ RunTime:0.000587s ]
SQL: SHOW COLUMNS FROM `vue-productlist` [ RunTime:0.0029s ]
SQL: SELECT * FROM `vue-productlist`  [ RunTime:0.0003s ]

[ 2018-11-13T20:27:13+08:00 ] ::1 /nhkjw/index.php/Home/index/yunshichang
INFO: [ app_init ] --START--
INFO: Run Behavior\BuildLiteBehavior [ RunTime:0.000012s ]
INFO: [ app_init ] --END-- [ RunTime:0.000310s ]
INFO: [ app_begin ] --START--
INFO: Run Behavior\ReadHtmlCacheBehavior [ RunTime:0.000534s ]
INFO: [ app_begin ] --END-- [ RunTime:0.000614s ]
SQL: SHOW COLUMNS FROM `vue-software` [ RunTime:0.0049s ]
SQL: SELECT * FROM `vue-software`  [ RunTime:0.0008s ]

[ 2018-11-13T20:27:20+08:00 ] ::1 /nhkjw/index.php/Home/index/yunshichang
INFO: [ app_init ] --START--
INFO: Run Behavior\BuildLiteBehavior [ RunTime:0.000010s ]
INFO: [ app_init ] --END-- [ RunTime:0.000274s ]
INFO: [ app_begin ] --START--
INFO: Run Behavior\ReadHtmlCacheBehavior [ RunTime:0.003036s ]
INFO: [ app_begin ] --END-- [ RunTime:0.003099s ]
SQL: SHOW COLUMNS FROM `vue-software` [ RunTime:0.0076s ]
SQL: SELECT * FROM `vue-software`  [ RunTime:0.0008s ]

[ 2018-11-13T20:27:24+08:00 ] ::1 /nhkjw/index.php/Home/index/yunshichang
INFO: [ app_init ] --START--
INFO: Run Behavior\BuildLiteBehavior [ RunTime:0.000010s ]
INFO: [ app_init ] --END-- [ RunTime:0.000277s ]
INFO: [ app_begin ] --START--
INFO: Run Behavior\ReadHtmlCacheBehavior [ RunTime:0.000371s ]
INFO: [ app_begin ] --END-- [ RunTime:0.000409s ]
SQL: SHOW COLUMNS FROM `vue-software` [ RunTime:0.0044s ]
SQL: SELECT * FROM `vue-software`  [ RunTime:0.0006s ]

[ 2018-11-13T20:27:24+08:00 ] ::1 /nhkjw/index.php/Home/index/ceshi
INFO: [ app_init ] --START--
INFO: Run Behavior\BuildLiteBehavior [ RunTime:0.000014s ]
INFO: [ app_init ] --END-- [ RunTime:0.000331s ]
INFO: [ app_begin ] --START--
INFO: Run Behavior\ReadHtmlCacheBehavior [ RunTime:0.000877s ]
INFO: [ app_begin ] --END-- [ RunTime:0.001060s ]
SQL: SHOW COLUMNS FROM `vue-productlist` [ RunTime:0.0038s ]
SQL: SELECT * FROM `vue-productlist`  [ RunTime:0.0004s ]

[ 2018-11-13T20:53:25+08:00 ] ::1 /nhkjw/index.php/Home/index/ceshi
INFO: [ app_init ] --START--
INFO: Run Behavior\BuildLiteBehavior [ RunTime:0.000022s ]
INFO: [ app_init ] --END-- [ RunTime:0.001200s ]
INFO: [ app_begin ] --START--
INFO: Run Behavior\ReadHtmlCacheBehavior [ RunTime:0.002585s ]
INFO: [ app_begin ] --END-- [ RunTime:0.002732s ]
SQL: SHOW COLUMNS FROM `vue-productlist` [ RunTime:0.0031s ]
SQL: SELECT * FROM `vue-productlist`  [ RunTime:0.0003s ]

[ 2018-11-13T20:53:31+08:00 ] ::1 /nhkjw/index.php/Home/index/Producmodify
INFO: [ app_init ] --START--
INFO: Run Behavior\BuildLiteBehavior [ RunTime:0.000013s ]
INFO: [ app_init ] --END-- [ RunTime:0.000421s ]
INFO: [ app_begin ] --START--
INFO: Run Behavior\ReadHtmlCacheBehavior [ RunTime:0.000595s ]
INFO: [ app_begin ] --END-- [ RunTime:0.000718s ]
SQL: SHOW COLUMNS FROM `vue-product` [ RunTime:0.0042s ]
SQL: SELECT * FROM `vue-product` WHERE `productID` = 1  [ RunTime:0.0007s ]
SQL: SHOW COLUMNS FROM `vue-serverproductdateattribute` [ RunTime:0.0037s ]
SQL: SELECT * FROM `vue-serverproductdateattribute` WHERE `productID` = 1  [ RunTime:0.0004s ]

[ 2018-11-13T20:57:23+08:00 ] ::1 /nhkjw/index.php/Home/index/Producmodify
INFO: [ app_init ] --START--
INFO: Run Behavior\BuildLiteBehavior [ RunTime:0.000013s ]
INFO: [ app_init ] --END-- [ RunTime:0.000348s ]
INFO: [ app_begin ] --START--
INFO: Run Behavior\ReadHtmlCacheBehavior [ RunTime:0.000564s ]
INFO: [ app_begin ] --END-- [ RunTime:0.000611s ]
SQL: SHOW COLUMNS FROM `vue-product` [ RunTime:0.0034s ]
SQL: SELECT * FROM `vue-product` WHERE `productID` = 1  [ RunTime:0.0006s ]
SQL: SHOW COLUMNS FROM `vue-serverproductdateattribute` [ RunTime:0.0034s ]
SQL: SELECT * FROM `vue-serverproductdateattribute` WHERE `productID` = 1  [ RunTime:0.0004s ]

[ 2018-11-13T21:00:17+08:00 ] ::1 /nhkjw/index.php/Home/index/Producmodify
INFO: [ app_init ] --START--
INFO: Run Behavior\BuildLiteBehavior [ RunTime:0.000010s ]
INFO: [ app_init ] --END-- [ RunTime:0.000332s ]
INFO: [ app_begin ] --START--
INFO: Run Behavior\ReadHtmlCacheBehavior [ RunTime:0.000496s ]
INFO: [ app_begin ] --END-- [ RunTime:0.000539s ]
SQL: SHOW COLUMNS FROM `vue-product` [ RunTime:0.0031s ]
SQL: SELECT * FROM `vue-product` WHERE `productID` = 1  [ RunTime:0.0006s ]
SQL: SHOW COLUMNS FROM `vue-serverproductdateattribute` [ RunTime:0.0032s ]
SQL: SELECT * FROM `vue-serverproductdateattribute` WHERE `productID` = 1  [ RunTime:0.0003s ]

[ 2018-11-13T21:00:34+08:00 ] ::1 /nhkjw/index.php/Home/index/Producmodify
INFO: [ app_init ] --START--
INFO: Run Behavior\BuildLiteBehavior [ RunTime:0.000029s ]
INFO: [ app_init ] --END-- [ RunTime:0.000339s ]
INFO: [ app_begin ] --START--
INFO: Run Behavior\ReadHtmlCacheBehavior [ RunTime:0.000345s ]
INFO: [ app_begin ] --END-- [ RunTime:0.000386s ]
SQL: SHOW COLUMNS FROM `vue-product` [ RunTime:0.0033s ]
SQL: SELECT * FROM `vue-product` WHERE `productID` = 1  [ RunTime:0.0005s ]
SQL: SHOW COLUMNS FROM `vue-serverproductdateattribute` [ RunTime:0.0029s ]
SQL: SELECT * FROM `vue-serverproductdateattribute` WHERE `productID` = 1  [ RunTime:0.0004s ]

[ 2018-11-13T21:00:56+08:00 ] ::1 /nhkjw/index.php/Home/index/Producmodify
INFO: [ app_init ] --START--
INFO: Run Behavior\BuildLiteBehavior [ RunTime:0.000176s ]
INFO: [ app_init ] --END-- [ RunTime:0.000887s ]
INFO: [ app_begin ] --START--
INFO: Run Behavior\ReadHtmlCacheBehavior [ RunTime:0.000943s ]
INFO: [ app_begin ] --END-- [ RunTime:0.001230s ]
SQL: SHOW COLUMNS FROM `vue-product` [ RunTime:0.0062s ]
SQL: SELECT * FROM `vue-product` WHERE `productID` = 1  [ RunTime:0.0022s ]
SQL: SHOW COLUMNS FROM `vue-serverproductdateattribute` [ RunTime:0.0131s ]
SQL: SELECT * FROM `vue-serverproductdateattribute` WHERE `productID` = 1  [ RunTime:0.0022s ]

[ 2018-11-13T21:01:16+08:00 ] ::1 /nhkjw/index.php/Home/index/Producmodify
INFO: [ app_init ] --START--
INFO: Run Behavior\BuildLiteBehavior [ RunTime:0.000011s ]
INFO: [ app_init ] --END-- [ RunTime:0.000409s ]
INFO: [ app_begin ] --START--
INFO: Run Behavior\ReadHtmlCacheBehavior [ RunTime:0.000492s ]
INFO: [ app_begin ] --END-- [ RunTime:0.000549s ]
SQL: SHOW COLUMNS FROM `vue-product` [ RunTime:0.0036s ]
SQL: SELECT * FROM `vue-product` WHERE `productID` = 1  [ RunTime:0.0005s ]
SQL: SHOW COLUMNS FROM `vue-serverproductdateattribute` [ RunTime:0.0031s ]
SQL: SELECT * FROM `vue-serverproductdateattribute` WHERE `productID` = 1  [ RunTime:0.0004s ]

[ 2018-11-13T21:01:43+08:00 ] ::1 /nhkjw/index.php/Home/index/ceshi
INFO: [ app_init ] --START--
INFO: Run Behavior\BuildLiteBehavior [ RunTime:0.000012s ]
INFO: [ app_init ] --END-- [ RunTime:0.000330s ]
INFO: [ app_begin ] --START--
INFO: Run Behavior\ReadHtmlCacheBehavior [ RunTime:0.000348s ]
INFO: [ app_begin ] --END-- [ RunTime:0.000388s ]
SQL: SHOW COLUMNS FROM `vue-productlist` [ RunTime:0.0049s ]
SQL: SELECT * FROM `vue-productlist`  [ RunTime:0.0005s ]

[ 2018-11-13T21:01:51+08:00 ] ::1 /nhkjw/index.php/Home/index/Producmodify
INFO: [ app_init ] --START--
INFO: Run Behavior\BuildLiteBehavior [ RunTime:0.000027s ]
INFO: [ app_init ] --END-- [ RunTime:0.000467s ]
INFO: [ app_begin ] --START--
INFO: Run Behavior\ReadHtmlCacheBehavior [ RunTime:0.000365s ]
INFO: [ app_begin ] --END-- [ RunTime:0.000418s ]
SQL: SHOW COLUMNS FROM `vue-product` [ RunTime:0.0034s ]
SQL: SELECT * FROM `vue-product` WHERE `productID` = 1  [ RunTime:0.0008s ]
SQL: SHOW COLUMNS FROM `vue-serverproductdateattribute` [ RunTime:0.0050s ]
SQL: SELECT * FROM `vue-serverproductdateattribute` WHERE `productID` = 1  [ RunTime:0.0004s ]

[ 2018-11-13T21:01:59+08:00 ] ::1 /nhkjw/index.php/Home/index/ceshi
INFO: [ app_init ] --START--
INFO: Run Behavior\BuildLiteBehavior [ RunTime:0.000010s ]
INFO: [ app_init ] --END-- [ RunTime:0.000348s ]
INFO: [ app_begin ] --START--
INFO: Run Behavior\ReadHtmlCacheBehavior [ RunTime:0.000479s ]
INFO: [ app_begin ] --END-- [ RunTime:0.000521s ]
SQL: SHOW COLUMNS FROM `vue-productlist` [ RunTime:0.0034s ]
SQL: SELECT * FROM `vue-productlist`  [ RunTime:0.0003s ]

[ 2018-11-13T21:02:07+08:00 ] ::1 /nhkjw/index.php/Home/index/Producmodify
INFO: [ app_init ] --START--
INFO: Run Behavior\BuildLiteBehavior [ RunTime:0.000027s ]
INFO: [ app_init ] --END-- [ RunTime:0.000460s ]
INFO: [ app_begin ] --START--
INFO: Run Behavior\ReadHtmlCacheBehavior [ RunTime:0.000551s ]
INFO: [ app_begin ] --END-- [ RunTime:0.000612s ]
SQL: SHOW COLUMNS FROM `vue-product` [ RunTime:0.0052s ]
SQL: SELECT * FROM `vue-product` WHERE `productID` = 1  [ RunTime:0.0016s ]
SQL: SHOW COLUMNS FROM `vue-serverproductdateattribute` [ RunTime:0.0063s ]
SQL: SELECT * FROM `vue-serverproductdateattribute` WHERE `productID` = 1  [ RunTime:0.0004s ]

[ 2018-11-13T22:11:25+08:00 ] ::1 /nhkjw/index.php/Home/index/ceshi
INFO: [ app_init ] --START--
INFO: Run Behavior\BuildLiteBehavior [ RunTime:0.000048s ]
INFO: [ app_init ] --END-- [ RunTime:0.000961s ]
INFO: [ app_begin ] --START--
INFO: Run Behavior\ReadHtmlCacheBehavior [ RunTime:0.000880s ]
INFO: [ app_begin ] --END-- [ RunTime:0.000931s ]
SQL: SHOW COLUMNS FROM `vue-productlist` [ RunTime:0.0053s ]
SQL: SELECT * FROM `vue-productlist`  [ RunTime:0.0013s ]

[ 2018-11-13T22:11:30+08:00 ] ::1 /nhkjw/index.php/Home/index/Producmodify
INFO: [ app_init ] --START--
INFO: Run Behavior\BuildLiteBehavior [ RunTime:0.000011s ]
INFO: [ app_init ] --END-- [ RunTime:0.000295s ]
INFO: [ app_begin ] --START--
INFO: Run Behavior\ReadHtmlCacheBehavior [ RunTime:0.000416s ]
INFO: [ app_begin ] --END-- [ RunTime:0.000460s ]
SQL: SHOW COLUMNS FROM `vue-product` [ RunTime:0.0039s ]
SQL: SELECT * FROM `vue-product` WHERE `productID` = 1  [ RunTime:0.0007s ]
SQL: SHOW COLUMNS FROM `vue-serverproductdateattribute` [ RunTime:0.0032s ]
SQL: SELECT * FROM `vue-serverproductdateattribute` WHERE `productID` = 1  [ RunTime:0.0003s ]

[ 2018-11-13T22:12:02+08:00 ] ::1 /nhkjw/index.php/Home/index/Producmodify
INFO: [ app_init ] --START--
INFO: Run Behavior\BuildLiteBehavior [ RunTime:0.000015s ]
INFO: [ app_init ] --END-- [ RunTime:0.000426s ]
INFO: [ app_begin ] --START--
INFO: Run Behavior\ReadHtmlCacheBehavior [ RunTime:0.000402s ]
INFO: [ app_begin ] --END-- [ RunTime:0.000459s ]
SQL: SHOW COLUMNS FROM `vue-product` [ RunTime:0.0050s ]
SQL: SELECT * FROM `vue-product` WHERE `productID` = 1  [ RunTime:0.0007s ]
SQL: SHOW COLUMNS FROM `vue-serverproductdateattribute` [ RunTime:0.0038s ]
SQL: SELECT * FROM `vue-serverproductdateattribute` WHERE `productID` = 1  [ RunTime:0.0004s ]

[ 2018-11-13T22:14:59+08:00 ] ::1 /nhkjw/index.php/Home/index/ceshi
INFO: [ app_init ] --START--
INFO: Run Behavior\BuildLiteBehavior [ RunTime:0.000014s ]
INFO: [ app_init ] --END-- [ RunTime:0.000708s ]
INFO: [ app_begin ] --START--
INFO: Run Behavior\ReadHtmlCacheBehavior [ RunTime:0.000493s ]
INFO: [ app_begin ] --END-- [ RunTime:0.000538s ]
SQL: SHOW COLUMNS FROM `vue-productlist` [ RunTime:0.0033s ]
SQL: SELECT * FROM `vue-productlist`  [ RunTime:0.0005s ]

[ 2018-11-13T22:15:04+08:00 ] ::1 /nhkjw/index.php/Home/index/Producmodify
INFO: [ app_init ] --START--
INFO: Run Behavior\BuildLiteBehavior [ RunTime:0.000013s ]
INFO: [ app_init ] --END-- [ RunTime:0.003034s ]
INFO: [ app_begin ] --START--
INFO: Run Behavior\ReadHtmlCacheBehavior [ RunTime:0.000432s ]
INFO: [ app_begin ] --END-- [ RunTime:0.000484s ]
SQL: SHOW COLUMNS FROM `vue-product` [ RunTime:0.0039s ]
SQL: SELECT * FROM `vue-product` WHERE `productID` = 1  [ RunTime:0.0007s ]
SQL: SHOW COLUMNS FROM `vue-serverproductdateattribute` [ RunTime:0.0041s ]
SQL: SELECT * FROM `vue-serverproductdateattribute` WHERE `productID` = 1  [ RunTime:0.0003s ]

[ 2018-11-13T22:16:10+08:00 ] ::1 /nhkjw/index.php/Home/index/Producmodify
INFO: [ app_init ] --START--
INFO: Run Behavior\BuildLiteBehavior [ RunTime:0.000011s ]
INFO: [ app_init ] --END-- [ RunTime:0.000483s ]
INFO: [ app_begin ] --START--
INFO: Run Behavior\ReadHtmlCacheBehavior [ RunTime:0.000487s ]
INFO: [ app_begin ] --END-- [ RunTime:0.000557s ]
SQL: SHOW COLUMNS FROM `vue-product` [ RunTime:0.0031s ]
SQL: SELECT * FROM `vue-product` WHERE `productID` = 1  [ RunTime:0.0005s ]
SQL: SHOW COLUMNS FROM `vue-serverproductdateattribute` [ RunTime:0.0058s ]
SQL: SELECT * FROM `vue-serverproductdateattribute` WHERE `productID` = 1  [ RunTime:0.0011s ]

[ 2018-11-13T22:16:24+08:00 ] ::1 /nhkjw/index.php/Home/index/Producmodify
INFO: [ app_init ] --START--
INFO: Run Behavior\BuildLiteBehavior [ RunTime:0.000014s ]
INFO: [ app_init ] --END-- [ RunTime:0.000623s ]
INFO: [ app_begin ] --START--
INFO: Run Behavior\ReadHtmlCacheBehavior [ RunTime:0.000577s ]
INFO: [ app_begin ] --END-- [ RunTime:0.000636s ]
SQL: SHOW COLUMNS FROM `vue-product` [ RunTime:0.0053s ]
SQL: SELECT * FROM `vue-product` WHERE `productID` = 1  [ RunTime:0.0007s ]
SQL: SHOW COLUMNS FROM `vue-serverproductdateattribute` [ RunTime:0.0030s ]
SQL: SELECT * FROM `vue-serverproductdateattribute` WHERE `productID` = 1  [ RunTime:0.0013s ]

[ 2018-11-13T22:16:33+08:00 ] ::1 /nhkjw/index.php/Home/index/Producmodify
INFO: [ app_init ] --START--
INFO: Run Behavior\BuildLiteBehavior [ RunTime:0.000016s ]
INFO: [ app_init ] --END-- [ RunTime:0.000413s ]
INFO: [ app_begin ] --START--
INFO: Run Behavior\ReadHtmlCacheBehavior [ RunTime:0.000480s ]
INFO: [ app_begin ] --END-- [ RunTime:0.000567s ]
SQL: SHOW COLUMNS FROM `vue-product` [ RunTime:0.0041s ]
SQL: SELECT * FROM `vue-product` WHERE `productID` = 1  [ RunTime:0.0010s ]
SQL: SHOW COLUMNS FROM `vue-serverproductdateattribute` [ RunTime:0.0033s ]
SQL: SELECT * FROM `vue-serverproductdateattribute` WHERE `productID` = 1  [ RunTime:0.0003s ]

[ 2018-11-13T22:17:01+08:00 ] ::1 /nhkjw/index.php/Home/index/Producmodify
INFO: [ app_init ] --START--
INFO: Run Behavior\BuildLiteBehavior [ RunTime:0.000013s ]
INFO: [ app_init ] --END-- [ RunTime:0.000455s ]
INFO: [ app_begin ] --START--
INFO: Run Behavior\ReadHtmlCacheBehavior [ RunTime:0.000850s ]
INFO: [ app_begin ] --END-- [ RunTime:0.000957s ]
SQL: SHOW COLUMNS FROM `vue-product` [ RunTime:0.0035s ]
SQL: SELECT * FROM `vue-product` WHERE `productID` = 1  [ RunTime:0.0007s ]
SQL: SHOW COLUMNS FROM `vue-serverproductdateattribute` [ RunTime:0.0045s ]
SQL: SELECT * FROM `vue-serverproductdateattribute` WHERE `productID` = 1  [ RunTime:0.0018s ]

[ 2018-11-13T22:17:08+08:00 ] ::1 /nhkjw/index.php/Home/index/ceshi
INFO: [ app_init ] --START--
INFO: Run Behavior\BuildLiteBehavior [ RunTime:0.000082s ]
INFO: [ app_init ] --END-- [ RunTime:0.001094s ]
INFO: [ app_begin ] --START--
INFO: Run Behavior\ReadHtmlCacheBehavior [ RunTime:0.000729s ]
INFO: [ app_begin ] --END-- [ RunTime:0.000899s ]
SQL: SHOW COLUMNS FROM `vue-productlist` [ RunTime:0.0031s ]
SQL: SELECT * FROM `vue-productlist`  [ RunTime:0.0015s ]

[ 2018-11-13T22:18:12+08:00 ] ::1 /nhkjw/index.php/Home/index/ceshi
INFO: [ app_init ] --START--
INFO: Run Behavior\BuildLiteBehavior [ RunTime:0.000012s ]
INFO: [ app_init ] --END-- [ RunTime:0.000424s ]
INFO: [ app_begin ] --START--
INFO: Run Behavior\ReadHtmlCacheBehavior [ RunTime:0.007648s ]
INFO: [ app_begin ] --END-- [ RunTime:0.007727s ]
SQL: SHOW COLUMNS FROM `vue-productlist` [ RunTime:0.0090s ]
SQL: SELECT * FROM `vue-productlist`  [ RunTime:0.0003s ]

[ 2018-11-13T22:18:19+08:00 ] ::1 /nhkjw/index.php/Home/index/ceshi
INFO: [ app_init ] --START--
INFO: Run Behavior\BuildLiteBehavior [ RunTime:0.000016s ]
INFO: [ app_init ] --END-- [ RunTime:0.000531s ]
INFO: [ app_begin ] --START--
INFO: Run Behavior\ReadHtmlCacheBehavior [ RunTime:0.000427s ]
INFO: [ app_begin ] --END-- [ RunTime:0.000481s ]
SQL: SHOW COLUMNS FROM `vue-productlist` [ RunTime:0.0071s ]
SQL: SELECT * FROM `vue-productlist`  [ RunTime:0.0003s ]

[ 2018-11-13T22:18:21+08:00 ] ::1 /nhkjw/index.php/Home/index/Producmodify
INFO: [ app_init ] --START--
INFO: Run Behavior\BuildLiteBehavior [ RunTime:0.000011s ]
INFO: [ app_init ] --END-- [ RunTime:0.000292s ]
INFO: [ app_begin ] --START--
INFO: Run Behavior\ReadHtmlCacheBehavior [ RunTime:0.000425s ]
INFO: [ app_begin ] --END-- [ RunTime:0.000474s ]
SQL: SHOW COLUMNS FROM `vue-product` [ RunTime:0.0031s ]
SQL: SELECT * FROM `vue-product` WHERE `productID` = 1  [ RunTime:0.0007s ]
SQL: SHOW COLUMNS FROM `vue-serverproductdateattribute` [ RunTime:0.0036s ]
SQL: SELECT * FROM `vue-serverproductdateattribute` WHERE `productID` = 1  [ RunTime:0.0014s ]

[ 2018-11-13T22:18:36+08:00 ] ::1 /nhkjw/index.php/Home/index/Producmodify
INFO: [ app_init ] --START--
INFO: Run Behavior\BuildLiteBehavior [ RunTime:0.000033s ]
INFO: [ app_init ] --END-- [ RunTime:0.000400s ]
INFO: [ app_begin ] --START--
INFO: Run Behavior\ReadHtmlCacheBehavior [ RunTime:0.000428s ]
INFO: [ app_begin ] --END-- [ RunTime:0.000475s ]
SQL: SHOW COLUMNS FROM `vue-product` [ RunTime:0.0039s ]
SQL: SELECT * FROM `vue-product` WHERE `productID` = 1  [ RunTime:0.0007s ]
SQL: SHOW COLUMNS FROM `vue-serverproductdateattribute` [ RunTime:0.0036s ]
SQL: SELECT * FROM `vue-serverproductdateattribute` WHERE `productID` = 1  [ RunTime:0.0016s ]

[ 2018-11-13T22:18:51+08:00 ] ::1 /nhkjw/index.php/Home/index/Producmodify
INFO: [ app_init ] --START--
INFO: Run Behavior\BuildLiteBehavior [ RunTime:0.000013s ]
INFO: [ app_init ] --END-- [ RunTime:0.000321s ]
INFO: [ app_begin ] --START--
INFO: Run Behavior\ReadHtmlCacheBehavior [ RunTime:0.000422s ]
INFO: [ app_begin ] --END-- [ RunTime:0.000472s ]
SQL: SHOW COLUMNS FROM `vue-product` [ RunTime:0.0037s ]
SQL: SELECT * FROM `vue-product` WHERE `productID` = 1  [ RunTime:0.0008s ]
SQL: SHOW COLUMNS FROM `vue-serverproductdateattribute` [ RunTime:0.0065s ]
SQL: SELECT * FROM `vue-serverproductdateattribute` WHERE `productID` = 1  [ RunTime:0.0005s ]

[ 2018-11-13T22:18:59+08:00 ] ::1 /nhkjw/index.php/Home/index/Producmodify
INFO: [ app_init ] --START--
INFO: Run Behavior\BuildLiteBehavior [ RunTime:0.000023s ]
INFO: [ app_init ] --END-- [ RunTime:0.000446s ]
INFO: [ app_begin ] --START--
INFO: Run Behavior\ReadHtmlCacheBehavior [ RunTime:0.001970s ]
INFO: [ app_begin ] --END-- [ RunTime:0.002216s ]
SQL: SHOW COLUMNS FROM `vue-product` [ RunTime:0.0175s ]
SQL: SELECT * FROM `vue-product` WHERE `productID` = 1  [ RunTime:0.0012s ]
SQL: SHOW COLUMNS FROM `vue-serverproductdateattribute` [ RunTime:0.0066s ]
SQL: SELECT * FROM `vue-serverproductdateattribute` WHERE `productID` = 1  [ RunTime:0.0004s ]

[ 2018-11-13T22:19:51+08:00 ] ::1 /nhkjw/index.php/Home/index/Producmodify
INFO: [ app_init ] --START--
INFO: Run Behavior\BuildLiteBehavior [ RunTime:0.000015s ]
INFO: [ app_init ] --END-- [ RunTime:0.000436s ]
INFO: [ app_begin ] --START--
INFO: Run Behavior\ReadHtmlCacheBehavior [ RunTime:0.000617s ]
INFO: [ app_begin ] --END-- [ RunTime:0.000679s ]
SQL: SHOW COLUMNS FROM `vue-product` [ RunTime:0.0059s ]
SQL: SELECT * FROM `vue-product` WHERE `productID` = 1  [ RunTime:0.0008s ]
SQL: SHOW COLUMNS FROM `vue-serverproductdateattribute` [ RunTime:0.0038s ]
SQL: SELECT * FROM `vue-serverproductdateattribute` WHERE `productID` = 1  [ RunTime:0.0006s ]

[ 2018-11-13T22:21:56+08:00 ] ::1 /nhkjw/index.php/Home/index/ceshi
INFO: [ app_init ] --START--
INFO: Run Behavior\BuildLiteBehavior [ RunTime:0.000011s ]
INFO: [ app_init ] --END-- [ RunTime:0.000425s ]
INFO: [ app_begin ] --START--
INFO: Run Behavior\ReadHtmlCacheBehavior [ RunTime:0.001306s ]
INFO: [ app_begin ] --END-- [ RunTime:0.001365s ]
SQL: SHOW COLUMNS FROM `vue-productlist` [ RunTime:0.0034s ]
SQL: SELECT * FROM `vue-productlist`  [ RunTime:0.0004s ]

[ 2018-11-13T22:22:01+08:00 ] ::1 /nhkjw/index.php/Home/index/Producmodify
INFO: [ app_init ] --START--
INFO: Run Behavior\BuildLiteBehavior [ RunTime:0.000016s ]
INFO: [ app_init ] --END-- [ RunTime:0.000412s ]
INFO: [ app_begin ] --START--
INFO: Run Behavior\ReadHtmlCacheBehavior [ RunTime:0.000413s ]
INFO: [ app_begin ] --END-- [ RunTime:0.000461s ]
SQL: SHOW COLUMNS FROM `vue-product` [ RunTime:0.0040s ]
SQL: SELECT * FROM `vue-product` WHERE `productID` = 1  [ RunTime:0.0006s ]
SQL: SHOW COLUMNS FROM `vue-serverproductdateattribute` [ RunTime:0.0038s ]
SQL: SELECT * FROM `vue-serverproductdateattribute` WHERE `productID` = 1  [ RunTime:0.0003s ]

[ 2018-11-13T22:26:13+08:00 ] ::1 /nhkjw/index.php/Home/index/ceshi
INFO: [ app_init ] --START--
INFO: Run Behavior\BuildLiteBehavior [ RunTime:0.000012s ]
INFO: [ app_init ] --END-- [ RunTime:0.000532s ]
INFO: [ app_begin ] --START--
INFO: Run Behavior\ReadHtmlCacheBehavior [ RunTime:0.000521s ]
INFO: [ app_begin ] --END-- [ RunTime:0.000565s ]
SQL: SHOW COLUMNS FROM `vue-productlist` [ RunTime:0.0042s ]
SQL: SELECT * FROM `vue-productlist`  [ RunTime:0.0004s ]

[ 2018-11-13T22:26:19+08:00 ] ::1 /nhkjw/index.php/Home/index/Producmodify
INFO: [ app_init ] --START--
INFO: Run Behavior\BuildLiteBehavior [ RunTime:0.000015s ]
INFO: [ app_init ] --END-- [ RunTime:0.000329s ]
INFO: [ app_begin ] --START--
INFO: Run Behavior\ReadHtmlCacheBehavior [ RunTime:0.000798s ]
INFO: [ app_begin ] --END-- [ RunTime:0.000955s ]
SQL: SHOW COLUMNS FROM `vue-product` [ RunTime:0.0032s ]
SQL: SELECT * FROM `vue-product` WHERE `productID` = 1  [ RunTime:0.0019s ]
SQL: SHOW COLUMNS FROM `vue-serverproductdateattribute` [ RunTime:0.0034s ]
SQL: SELECT * FROM `vue-serverproductdateattribute` WHERE `productID` = 1  [ RunTime:0.0003s ]

[ 2018-11-13T22:27:03+08:00 ] ::1 /nhkjw/index.php/Home/index/Producmodify
INFO: [ app_init ] --START--
INFO: Run Behavior\BuildLiteBehavior [ RunTime:0.000013s ]
INFO: [ app_init ] --END-- [ RunTime:0.000379s ]
INFO: [ app_begin ] --START--
INFO: Run Behavior\ReadHtmlCacheBehavior [ RunTime:0.000437s ]
INFO: [ app_begin ] --END-- [ RunTime:0.000491s ]
SQL: SHOW COLUMNS FROM `vue-product` [ RunTime:0.0039s ]
SQL: SELECT * FROM `vue-product` WHERE `productID` = 1  [ RunTime:0.0006s ]
SQL: SHOW COLUMNS FROM `vue-serverproductdateattribute` [ RunTime:0.0031s ]
SQL: SELECT * FROM `vue-serverproductdateattribute` WHERE `productID` = 1  [ RunTime:0.0003s ]

[ 2018-11-13T22:28:57+08:00 ] ::1 /nhkjw/index.php/Home/index/Producmodify
INFO: [ app_init ] --START--
INFO: Run Behavior\BuildLiteBehavior [ RunTime:0.000014s ]
INFO: [ app_init ] --END-- [ RunTime:0.000439s ]
INFO: [ app_begin ] --START--
INFO: Run Behavior\ReadHtmlCacheBehavior [ RunTime:0.000611s ]
INFO: [ app_begin ] --END-- [ RunTime:0.000672s ]
SQL: SHOW COLUMNS FROM `vue-product` [ RunTime:0.0042s ]
SQL: SELECT * FROM `vue-product` WHERE `productID` = 1  [ RunTime:0.0006s ]
SQL: SHOW COLUMNS FROM `vue-serverproductdateattribute` [ RunTime:0.0030s ]
SQL: SELECT * FROM `vue-serverproductdateattribute` WHERE `productID` = 1  [ RunTime:0.0017s ]

[ 2018-11-13T22:29:02+08:00 ] ::1 /nhkjw/index.php/Home/index/Producmodify
INFO: [ app_init ] --START--
INFO: Run Behavior\BuildLiteBehavior [ RunTime:0.000012s ]
INFO: [ app_init ] --END-- [ RunTime:0.000375s ]
INFO: [ app_begin ] --START--
INFO: Run Behavior\ReadHtmlCacheBehavior [ RunTime:0.000445s ]
INFO: [ app_begin ] --END-- [ RunTime:0.000502s ]
SQL: SHOW COLUMNS FROM `vue-product` [ RunTime:0.0032s ]
SQL: SELECT * FROM `vue-product` WHERE `productID` = 1  [ RunTime:0.0005s ]
SQL: SHOW COLUMNS FROM `vue-serverproductdateattribute` [ RunTime:0.0123s ]
SQL: SELECT * FROM `vue-serverproductdateattribute` WHERE `productID` = 1  [ RunTime:0.0033s ]

[ 2018-11-13T22:31:36+08:00 ] ::1 /nhkjw/index.php/Home/index/Producmodify
INFO: [ app_init ] --START--
INFO: Run Behavior\BuildLiteBehavior [ RunTime:0.000011s ]
INFO: [ app_init ] --END-- [ RunTime:0.000423s ]
INFO: [ app_begin ] --START--
INFO: Run Behavior\ReadHtmlCacheBehavior [ RunTime:0.000590s ]
INFO: [ app_begin ] --END-- [ RunTime:0.000652s ]
SQL: SHOW COLUMNS FROM `vue-product` [ RunTime:0.0068s ]
SQL: SELECT * FROM `vue-product` WHERE `productID` = 1  [ RunTime:0.0008s ]
SQL: SHOW COLUMNS FROM `vue-serverproductdateattribute` [ RunTime:0.0079s ]
SQL: SELECT * FROM `vue-serverproductdateattribute` WHERE `productID` = 1  [ RunTime:0.0007s ]

[ 2018-11-13T22:31:39+08:00 ] ::1 /nhkjw/index.php/Home/index/Producmodify
INFO: [ app_init ] --START--
INFO: Run Behavior\BuildLiteBehavior [ RunTime:0.000017s ]
INFO: [ app_init ] --END-- [ RunTime:0.000346s ]
INFO: [ app_begin ] --START--
INFO: Run Behavior\ReadHtmlCacheBehavior [ RunTime:0.000465s ]
INFO: [ app_begin ] --END-- [ RunTime:0.000547s ]
SQL: SHOW COLUMNS FROM `vue-product` [ RunTime:0.0030s ]
SQL: SELECT * FROM `vue-product` WHERE `productID` = 1  [ RunTime:0.0011s ]
SQL: SHOW COLUMNS FROM `vue-serverproductdateattribute` [ RunTime:0.0040s ]
SQL: SELECT * FROM `vue-serverproductdateattribute` WHERE `productID` = 1  [ RunTime:0.0003s ]

[ 2018-11-13T22:35:55+08:00 ] ::1 /nhkjw/index.php/Home/index/ceshi
INFO: [ app_init ] --START--
INFO: Run Behavior\BuildLiteBehavior [ RunTime:0.000021s ]
INFO: [ app_init ] --END-- [ RunTime:0.001133s ]
INFO: [ app_begin ] --START--
INFO: Run Behavior\ReadHtmlCacheBehavior [ RunTime:0.000702s ]
INFO: [ app_begin ] --END-- [ RunTime:0.000773s ]
SQL: SHOW COLUMNS FROM `vue-productlist` [ RunTime:0.0035s ]
SQL: SELECT * FROM `vue-productlist`  [ RunTime:0.0002s ]

[ 2018-11-13T22:35:59+08:00 ] ::1 /nhkjw/index.php/Home/index/ceshi
INFO: [ app_init ] --START--
INFO: Run Behavior\BuildLiteBehavior [ RunTime:0.000010s ]
INFO: [ app_init ] --END-- [ RunTime:0.000301s ]
INFO: [ app_begin ] --START--
INFO: Run Behavior\ReadHtmlCacheBehavior [ RunTime:0.000445s ]
INFO: [ app_begin ] --END-- [ RunTime:0.000512s ]
SQL: SHOW COLUMNS FROM `vue-productlist` [ RunTime:0.0030s ]
SQL: SELECT * FROM `vue-productlist`  [ RunTime:0.0003s ]

[ 2018-11-13T22:36:05+08:00 ] ::1 /nhkjw/index.php/Home/index/Producmodify
INFO: [ app_init ] --START--
INFO: Run Behavior\BuildLiteBehavior [ RunTime:0.000010s ]
INFO: [ app_init ] --END-- [ RunTime:0.000310s ]
INFO: [ app_begin ] --START--
INFO: Run Behavior\ReadHtmlCacheBehavior [ RunTime:0.000366s ]
INFO: [ app_begin ] --END-- [ RunTime:0.000410s ]
SQL: SHOW COLUMNS FROM `vue-product` [ RunTime:0.0061s ]
SQL: SELECT * FROM `vue-product` WHERE `productID` = 1  [ RunTime:0.0033s ]
SQL: SHOW COLUMNS FROM `vue-serverproductdateattribute` [ RunTime:0.0061s ]
SQL: SELECT * FROM `vue-serverproductdateattribute` WHERE `productID` = 1  [ RunTime:0.0004s ]

[ 2018-11-13T22:36:21+08:00 ] ::1 /nhkjw/index.php/Home/index/ceshi
INFO: [ app_init ] --START--
INFO: Run Behavior\BuildLiteBehavior [ RunTime:0.000082s ]
INFO: [ app_init ] --END-- [ RunTime:0.002013s ]
INFO: [ app_begin ] --START--
INFO: Run Behavior\ReadHtmlCacheBehavior [ RunTime:0.000454s ]
INFO: [ app_begin ] --END-- [ RunTime:0.000508s ]
SQL: SHOW COLUMNS FROM `vue-productlist` [ RunTime:0.0030s ]
SQL: SELECT * FROM `vue-productlist`  [ RunTime:0.0003s ]

[ 2018-11-13T22:36:34+08:00 ] ::1 /nhkjw/index.php/Home/index/ceshi
INFO: [ app_init ] --START--
INFO: Run Behavior\BuildLiteBehavior [ RunTime:0.000011s ]
INFO: [ app_init ] --END-- [ RunTime:0.000307s ]
INFO: [ app_begin ] --START--
INFO: Run Behavior\ReadHtmlCacheBehavior [ RunTime:0.000382s ]
INFO: [ app_begin ] --END-- [ RunTime:0.000429s ]
SQL: SHOW COLUMNS FROM `vue-productlist` [ RunTime:0.0033s ]
SQL: SELECT * FROM `vue-productlist`  [ RunTime:0.0003s ]

[ 2018-11-13T22:36:39+08:00 ] ::1 /nhkjw/index.php/Home/index/Producmodify
INFO: [ app_init ] --START--
INFO: Run Behavior\BuildLiteBehavior [ RunTime:0.000016s ]
INFO: [ app_init ] --END-- [ RunTime:0.002345s ]
INFO: [ app_begin ] --START--
INFO: Run Behavior\ReadHtmlCacheBehavior [ RunTime:0.000515s ]
INFO: [ app_begin ] --END-- [ RunTime:0.000701s ]
SQL: SHOW COLUMNS FROM `vue-product` [ RunTime:0.0076s ]
SQL: SELECT * FROM `vue-product` WHERE `productID` = 1  [ RunTime:0.0016s ]
SQL: SHOW COLUMNS FROM `vue-serverproductdateattribute` [ RunTime:0.0056s ]
SQL: SELECT * FROM `vue-serverproductdateattribute` WHERE `productID` = 1  [ RunTime:0.0006s ]

[ 2018-11-13T22:37:25+08:00 ] ::1 /nhkjw/index.php/Home/index/Producmodify
INFO: [ app_init ] --START--
INFO: Run Behavior\BuildLiteBehavior [ RunTime:0.000013s ]
INFO: [ app_init ] --END-- [ RunTime:0.000342s ]
INFO: [ app_begin ] --START--
INFO: Run Behavior\ReadHtmlCacheBehavior [ RunTime:0.000436s ]
INFO: [ app_begin ] --END-- [ RunTime:0.000486s ]
SQL: SHOW COLUMNS FROM `vue-product` [ RunTime:0.0034s ]
SQL: SELECT * FROM `vue-product` WHERE `productID` = 1  [ RunTime:0.0009s ]
SQL: SHOW COLUMNS FROM `vue-serverproductdateattribute` [ RunTime:0.0033s ]
SQL: SELECT * FROM `vue-serverproductdateattribute` WHERE `productID` = 1  [ RunTime:0.0004s ]

[ 2018-11-13T22:37:42+08:00 ] ::1 /nhkjw/index.php/Home/index/Producmodify
INFO: [ app_init ] --START--
INFO: Run Behavior\BuildLiteBehavior [ RunTime:0.000012s ]
INFO: [ app_init ] --END-- [ RunTime:0.000356s ]
INFO: [ app_begin ] --START--
INFO: Run Behavior\ReadHtmlCacheBehavior [ RunTime:0.000394s ]
INFO: [ app_begin ] --END-- [ RunTime:0.000441s ]
SQL: SHOW COLUMNS FROM `vue-product` [ RunTime:0.0044s ]
SQL: SELECT * FROM `vue-product` WHERE `productID` = 1  [ RunTime:0.0011s ]
SQL: SHOW COLUMNS FROM `vue-serverproductdateattribute` [ RunTime:0.0035s ]
SQL: SELECT * FROM `vue-serverproductdateattribute` WHERE `productID` = 1  [ RunTime:0.0004s ]

[ 2018-11-13T22:43:26+08:00 ] ::1 /nhkjw/index.php/Home/index/ceshi
INFO: [ app_init ] --START--
INFO: Run Behavior\BuildLiteBehavior [ RunTime:0.000011s ]
INFO: [ app_init ] --END-- [ RunTime:0.000456s ]
INFO: [ app_begin ] --START--
INFO: Run Behavior\ReadHtmlCacheBehavior [ RunTime:0.000468s ]
INFO: [ app_begin ] --END-- [ RunTime:0.000508s ]
SQL: SHOW COLUMNS FROM `vue-productlist` [ RunTime:0.0038s ]
SQL: SELECT * FROM `vue-productlist`  [ RunTime:0.0003s ]

[ 2018-11-13T22:43:29+08:00 ] ::1 /nhkjw/index.php/Home/index/Producmodify
INFO: [ app_init ] --START--
INFO: Run Behavior\BuildLiteBehavior [ RunTime:0.000020s ]
INFO: [ app_init ] --END-- [ RunTime:0.000340s ]
INFO: [ app_begin ] --START--
INFO: Run Behavior\ReadHtmlCacheBehavior [ RunTime:0.000393s ]
INFO: [ app_begin ] --END-- [ RunTime:0.000440s ]
SQL: SHOW COLUMNS FROM `vue-product` [ RunTime:0.0038s ]
SQL: SELECT * FROM `vue-product` WHERE `productID` = 1  [ RunTime:0.0007s ]
SQL: SHOW COLUMNS FROM `vue-serverproductdateattribute` [ RunTime:0.0059s ]
SQL: SELECT * FROM `vue-serverproductdateattribute` WHERE `productID` = 1  [ RunTime:0.0007s ]

[ 2018-11-13T22:44:22+08:00 ] ::1 /nhkjw/index.php/Home/index/ceshi
INFO: [ app_init ] --START--
INFO: Run Behavior\BuildLiteBehavior [ RunTime:0.000013s ]
INFO: [ app_init ] --END-- [ RunTime:0.000419s ]
INFO: [ app_begin ] --START--
INFO: Run Behavior\ReadHtmlCacheBehavior [ RunTime:0.000382s ]
INFO: [ app_begin ] --END-- [ RunTime:0.000438s ]
SQL: SHOW COLUMNS FROM `vue-productlist` [ RunTime:0.0028s ]
SQL: SELECT * FROM `vue-productlist`  [ RunTime:0.0003s ]

[ 2018-11-13T22:44:30+08:00 ] ::1 /nhkjw/index.php/Home/index/Producmodify
INFO: [ app_init ] --START--
INFO: Run Behavior\BuildLiteBehavior [ RunTime:0.000016s ]
INFO: [ app_init ] --END-- [ RunTime:0.007399s ]
INFO: [ app_begin ] --START--
INFO: Run Behavior\ReadHtmlCacheBehavior [ RunTime:0.001020s ]
INFO: [ app_begin ] --END-- [ RunTime:0.001101s ]
SQL: SHOW COLUMNS FROM `vue-product` [ RunTime:0.0032s ]
SQL: SELECT * FROM `vue-product` WHERE `productID` = 1  [ RunTime:0.0006s ]
SQL: SHOW COLUMNS FROM `vue-serverproductdateattribute` [ RunTime:0.0059s ]
SQL: SELECT * FROM `vue-serverproductdateattribute` WHERE `productID` = 1  [ RunTime:0.0004s ]

[ 2018-11-13T23:04:03+08:00 ] ::1 /nhkjw/index.php/Home/index/Producmodify
INFO: [ app_init ] --START--
INFO: Run Behavior\BuildLiteBehavior [ RunTime:0.000011s ]
INFO: [ app_init ] --END-- [ RunTime:0.000434s ]
INFO: [ app_begin ] --START--
INFO: Run Behavior\ReadHtmlCacheBehavior [ RunTime:0.000566s ]
INFO: [ app_begin ] --END-- [ RunTime:0.000621s ]
SQL: SHOW COLUMNS FROM `vue-product` [ RunTime:0.0041s ]
SQL: SELECT * FROM `vue-product` WHERE `productID` = 1  [ RunTime:0.0010s ]
SQL: SHOW COLUMNS FROM `vue-serverproductdateattribute` [ RunTime:0.0034s ]
SQL: SELECT * FROM `vue-serverproductdateattribute` WHERE `productID` = 1  [ RunTime:0.0003s ]

[ 2018-11-13T23:13:48+08:00 ] ::1 /nhkjw/index.php/Home/index/Producmodify
INFO: [ app_init ] --START--
INFO: Run Behavior\BuildLiteBehavior [ RunTime:0.000012s ]
INFO: [ app_init ] --END-- [ RunTime:0.000411s ]
INFO: [ app_begin ] --START--
INFO: Run Behavior\ReadHtmlCacheBehavior [ RunTime:0.000657s ]
INFO: [ app_begin ] --END-- [ RunTime:0.000756s ]
SQL: SHOW COLUMNS FROM `vue-product` [ RunTime:0.0033s ]
SQL: SELECT * FROM `vue-product` WHERE `productID` = 1  [ RunTime:0.0006s ]
SQL: SHOW COLUMNS FROM `vue-serverproductdateattribute` [ RunTime:0.0031s ]
SQL: SELECT * FROM `vue-serverproductdateattribute` WHERE `productID` = 1  [ RunTime:0.0004s ]

[ 2018-11-13T23:15:13+08:00 ] ::1 /nhkjw/index.php/Home/index/Producmodify
INFO: [ app_init ] --START--
INFO: Run Behavior\BuildLiteBehavior [ RunTime:0.000011s ]
INFO: [ app_init ] --END-- [ RunTime:0.000352s ]
INFO: [ app_begin ] --START--
INFO: Run Behavior\ReadHtmlCacheBehavior [ RunTime:0.000406s ]
INFO: [ app_begin ] --END-- [ RunTime:0.000458s ]
SQL: SHOW COLUMNS FROM `vue-product` [ RunTime:0.0047s ]
SQL: SELECT * FROM `vue-product` WHERE `productID` = 1  [ RunTime:0.0007s ]
SQL: SHOW COLUMNS FROM `vue-serverproductdateattribute` [ RunTime:0.0070s ]
SQL: SELECT * FROM `vue-serverproductdateattribute` WHERE `productID` = 1  [ RunTime:0.0006s ]

[ 2018-11-13T23:15:15+08:00 ] ::1 /nhkjw/index.php/Home/index/Producmodify
INFO: [ app_init ] --START--
INFO: Run Behavior\BuildLiteBehavior [ RunTime:0.000010s ]
INFO: [ app_init ] --END-- [ RunTime:0.000337s ]
INFO: [ app_begin ] --START--
INFO: Run Behavior\ReadHtmlCacheBehavior [ RunTime:0.000390s ]
INFO: [ app_begin ] --END-- [ RunTime:0.000432s ]
SQL: SHOW COLUMNS FROM `vue-product` [ RunTime:0.0032s ]
SQL: SELECT * FROM `vue-product` WHERE `productID` = 1  [ RunTime:0.0005s ]
SQL: SHOW COLUMNS FROM `vue-serverproductdateattribute` [ RunTime:0.0025s ]
SQL: SELECT * FROM `vue-serverproductdateattribute` WHERE `productID` = 1  [ RunTime:0.0003s ]

[ 2018-11-13T23:16:10+08:00 ] ::1 /nhkjw/index.php/Home/index/Producmodify
INFO: [ app_init ] --START--
INFO: Run Behavior\BuildLiteBehavior [ RunTime:0.000016s ]
INFO: [ app_init ] --END-- [ RunTime:0.007202s ]
INFO: [ app_begin ] --START--
INFO: Run Behavior\ReadHtmlCacheBehavior [ RunTime:0.001391s ]
INFO: [ app_begin ] --END-- [ RunTime:0.001509s ]
SQL: SHOW COLUMNS FROM `vue-product` [ RunTime:0.0038s ]
SQL: SELECT * FROM `vue-product` WHERE `productID` = 1  [ RunTime:0.0005s ]
SQL: SHOW COLUMNS FROM `vue-serverproductdateattribute` [ RunTime:0.0025s ]
SQL: SELECT * FROM `vue-serverproductdateattribute` WHERE `productID` = 1  [ RunTime:0.0003s ]

[ 2018-11-13T23:20:43+08:00 ] ::1 /nhkjw/index.php/Home/index/Producmodify
INFO: [ app_init ] --START--
INFO: Run Behavior\BuildLiteBehavior [ RunTime:0.000090s ]
INFO: [ app_init ] --END-- [ RunTime:0.001364s ]
INFO: [ app_begin ] --START--
INFO: Run Behavior\ReadHtmlCacheBehavior [ RunTime:0.000523s ]
INFO: [ app_begin ] --END-- [ RunTime:0.000591s ]
SQL: SHOW COLUMNS FROM `vue-product` [ RunTime:0.0038s ]
SQL: SELECT * FROM `vue-product` WHERE `productID` = 1  [ RunTime:0.0008s ]
SQL: SHOW COLUMNS FROM `vue-serverproductdateattribute` [ RunTime:0.0031s ]
SQL: SELECT * FROM `vue-serverproductdateattribute` WHERE `productID` = 1  [ RunTime:0.0003s ]

[ 2018-11-13T23:21:19+08:00 ] ::1 /nhkjw/index.php/Home/index/Producmodify
INFO: [ app_init ] --START--
INFO: Run Behavior\BuildLiteBehavior [ RunTime:0.000011s ]
INFO: [ app_init ] --END-- [ RunTime:0.000346s ]
INFO: [ app_begin ] --START--
INFO: Run Behavior\ReadHtmlCacheBehavior [ RunTime:0.000362s ]
INFO: [ app_begin ] --END-- [ RunTime:0.000407s ]
SQL: SHOW COLUMNS FROM `vue-product` [ RunTime:0.0036s ]
SQL: SELECT * FROM `vue-product` WHERE `productID` = 1  [ RunTime:0.0005s ]
SQL: SHOW COLUMNS FROM `vue-serverproductdateattribute` [ RunTime:0.0028s ]
SQL: SELECT * FROM `vue-serverproductdateattribute` WHERE `productID` = 1  [ RunTime:0.0003s ]

[ 2018-11-13T23:22:49+08:00 ] ::1 /nhkjw/index.php/Home/index/ceshi
INFO: [ app_init ] --START--
INFO: Run Behavior\BuildLiteBehavior [ RunTime:0.000022s ]
INFO: [ app_init ] --END-- [ RunTime:0.000351s ]
INFO: [ app_begin ] --START--
INFO: Run Behavior\ReadHtmlCacheBehavior [ RunTime:0.000480s ]
INFO: [ app_begin ] --END-- [ RunTime:0.000523s ]
SQL: SHOW COLUMNS FROM `vue-productlist` [ RunTime:0.0033s ]
SQL: SELECT * FROM `vue-productlist`  [ RunTime:0.0003s ]

[ 2018-11-13T23:22:51+08:00 ] ::1 /nhkjw/index.php/Home/index/Producmodify
INFO: [ app_init ] --START--
INFO: Run Behavior\BuildLiteBehavior [ RunTime:0.000024s ]
INFO: [ app_init ] --END-- [ RunTime:0.000343s ]
INFO: [ app_begin ] --START--
INFO: Run Behavior\ReadHtmlCacheBehavior [ RunTime:0.000359s ]
INFO: [ app_begin ] --END-- [ RunTime:0.000408s ]
SQL: SHOW COLUMNS FROM `vue-product` [ RunTime:0.0041s ]
SQL: SELECT * FROM `vue-product` WHERE `productID` = 1  [ RunTime:0.0007s ]
SQL: SHOW COLUMNS FROM `vue-serverproductdateattribute` [ RunTime:0.0040s ]
SQL: SELECT * FROM `vue-serverproductdateattribute` WHERE `productID` = 1  [ RunTime:0.0006s ]

[ 2018-11-13T23:23:03+08:00 ] ::1 /nhkjw/index.php/Home/index/ceshi
INFO: [ app_init ] --START--
INFO: Run Behavior\BuildLiteBehavior [ RunTime:0.000017s ]
INFO: [ app_init ] --END-- [ RunTime:0.000806s ]
INFO: [ app_begin ] --START--
INFO: Run Behavior\ReadHtmlCacheBehavior [ RunTime:0.000418s ]
INFO: [ app_begin ] --END-- [ RunTime:0.000461s ]
SQL: SHOW COLUMNS FROM `vue-productlist` [ RunTime:0.0031s ]
SQL: SELECT * FROM `vue-productlist`  [ RunTime:0.0012s ]

[ 2018-11-13T23:23:04+08:00 ] ::1 /nhkjw/index.php/Home/index/Producmodify
INFO: [ app_init ] --START--
INFO: Run Behavior\BuildLiteBehavior [ RunTime:0.000041s ]
INFO: [ app_init ] --END-- [ RunTime:0.001190s ]
INFO: [ app_begin ] --START--
INFO: Run Behavior\ReadHtmlCacheBehavior [ RunTime:0.000838s ]
INFO: [ app_begin ] --END-- [ RunTime:0.000945s ]
SQL: SHOW COLUMNS FROM `vue-product` [ RunTime:0.0060s ]
SQL: SELECT * FROM `vue-product` WHERE `productID` = 1  [ RunTime:0.0006s ]
SQL: SHOW COLUMNS FROM `vue-serverproductdateattribute` [ RunTime:0.0036s ]
SQL: SELECT * FROM `vue-serverproductdateattribute` WHERE `productID` = 1  [ RunTime:0.0003s ]

[ 2018-11-13T23:23:31+08:00 ] ::1 /nhkjw/index.php/Home/index/Producmodify
INFO: [ app_init ] --START--
INFO: Run Behavior\BuildLiteBehavior [ RunTime:0.000012s ]
INFO: [ app_init ] --END-- [ RunTime:0.000367s ]
INFO: [ app_begin ] --START--
INFO: Run Behavior\ReadHtmlCacheBehavior [ RunTime:0.000494s ]
INFO: [ app_begin ] --END-- [ RunTime:0.000554s ]
SQL: SHOW COLUMNS FROM `vue-product` [ RunTime:0.0041s ]
SQL: SELECT * FROM `vue-product` WHERE `productID` = 1  [ RunTime:0.0006s ]
SQL: SHOW COLUMNS FROM `vue-serverproductdateattribute` [ RunTime:0.0025s ]
SQL: SELECT * FROM `vue-serverproductdateattribute` WHERE `productID` = 1  [ RunTime:0.0002s ]

[ 2018-11-13T23:25:49+08:00 ] ::1 /nhkjw/index.php/Home/index/ceshi
INFO: [ app_init ] --START--
INFO: Run Behavior\BuildLiteBehavior [ RunTime:0.000011s ]
INFO: [ app_init ] --END-- [ RunTime:0.000339s ]
INFO: [ app_begin ] --START--
INFO: Run Behavior\ReadHtmlCacheBehavior [ RunTime:0.000612s ]
INFO: [ app_begin ] --END-- [ RunTime:0.000656s ]
SQL: SHOW COLUMNS FROM `vue-productlist` [ RunTime:0.0035s ]
SQL: SELECT * FROM `vue-productlist`  [ RunTime:0.0003s ]

[ 2018-11-13T23:25:51+08:00 ] ::1 /nhkjw/index.php/Home/index/Producmodify
INFO: [ app_init ] --START--
INFO: Run Behavior\BuildLiteBehavior [ RunTime:0.000012s ]
INFO: [ app_init ] --END-- [ RunTime:0.000320s ]
INFO: [ app_begin ] --START--
INFO: Run Behavior\ReadHtmlCacheBehavior [ RunTime:0.000438s ]
INFO: [ app_begin ] --END-- [ RunTime:0.000499s ]
SQL: SHOW COLUMNS FROM `vue-product` [ RunTime:0.0053s ]
SQL: SELECT * FROM `vue-product` WHERE `productID` = 1  [ RunTime:0.0009s ]
SQL: SHOW COLUMNS FROM `vue-serverproductdateattribute` [ RunTime:0.0033s ]
SQL: SELECT * FROM `vue-serverproductdateattribute` WHERE `productID` = 1  [ RunTime:0.0008s ]

[ 2018-11-13T23:25:54+08:00 ] ::1 /nhkjw/index.php/Home/index/ceshi
INFO: [ app_init ] --START--
INFO: Run Behavior\BuildLiteBehavior [ RunTime:0.000011s ]
INFO: [ app_init ] --END-- [ RunTime:0.000310s ]
INFO: [ app_begin ] --START--
INFO: Run Behavior\ReadHtmlCacheBehavior [ RunTime:0.000378s ]
INFO: [ app_begin ] --END-- [ RunTime:0.000422s ]
SQL: SHOW COLUMNS FROM `vue-productlist` [ RunTime:0.0055s ]
SQL: SELECT * FROM `vue-productlist`  [ RunTime:0.0002s ]

[ 2018-11-13T23:28:52+08:00 ] ::1 /nhkjw/index.php/Home/index/Producmodify
INFO: [ app_init ] --START--
INFO: Run Behavior\BuildLiteBehavior [ RunTime:0.000054s ]
INFO: [ app_init ] --END-- [ RunTime:0.001073s ]
INFO: [ app_begin ] --START--
INFO: Run Behavior\ReadHtmlCacheBehavior [ RunTime:0.000880s ]
INFO: [ app_begin ] --END-- [ RunTime:0.001090s ]
SQL: SHOW COLUMNS FROM `vue-product` [ RunTime:0.0033s ]
SQL: SELECT * FROM `vue-product` WHERE `productID` = 1  [ RunTime:0.0006s ]
SQL: SHOW COLUMNS FROM `vue-serverproductdateattribute` [ RunTime:0.0026s ]
SQL: SELECT * FROM `vue-serverproductdateattribute` WHERE `productID` = 1  [ RunTime:0.0003s ]

[ 2018-11-13T23:29:06+08:00 ] ::1 /nhkjw/index.php/Home/index/ceshi
INFO: [ app_init ] --START--
INFO: Run Behavior\BuildLiteBehavior [ RunTime:0.000012s ]
INFO: [ app_init ] --END-- [ RunTime:0.000312s ]
INFO: [ app_begin ] --START--
INFO: Run Behavior\ReadHtmlCacheBehavior [ RunTime:0.000385s ]
INFO: [ app_begin ] --END-- [ RunTime:0.000429s ]
SQL: SHOW COLUMNS FROM `vue-productlist` [ RunTime:0.0036s ]
SQL: SELECT * FROM `vue-productlist`  [ RunTime:0.0003s ]

[ 2018-11-13T23:29:10+08:00 ] ::1 /nhkjw/index.php/Home/index/Producmodify
INFO: [ app_init ] --START--
INFO: Run Behavior\BuildLiteBehavior [ RunTime:0.000014s ]
INFO: [ app_init ] --END-- [ RunTime:0.000376s ]
INFO: [ app_begin ] --START--
INFO: Run Behavior\ReadHtmlCacheBehavior [ RunTime:0.000539s ]
INFO: [ app_begin ] --END-- [ RunTime:0.000589s ]
SQL: SHOW COLUMNS FROM `vue-product` [ RunTime:0.0039s ]
SQL: SELECT * FROM `vue-product` WHERE `productID` = 1  [ RunTime:0.0006s ]
SQL: SHOW COLUMNS FROM `vue-serverproductdateattribute` [ RunTime:0.0035s ]
SQL: SELECT * FROM `vue-serverproductdateattribute` WHERE `productID` = 1  [ RunTime:0.0003s ]

[ 2018-11-13T23:31:25+08:00 ] ::1 /nhkjw/index.php/Home/index/ceshi
INFO: [ app_init ] --START--
INFO: Run Behavior\BuildLiteBehavior [ RunTime:0.000019s ]
INFO: [ app_init ] --END-- [ RunTime:0.000543s ]
INFO: [ app_begin ] --START--
INFO: Run Behavior\ReadHtmlCacheBehavior [ RunTime:0.000761s ]
INFO: [ app_begin ] --END-- [ RunTime:0.000868s ]
SQL: SHOW COLUMNS FROM `vue-productlist` [ RunTime:0.0033s ]
SQL: SELECT * FROM `vue-productlist`  [ RunTime:0.0003s ]

[ 2018-11-13T23:31:28+08:00 ] ::1 /nhkjw/index.php/Home/index/ceshi
INFO: [ app_init ] --START--
INFO: Run Behavior\BuildLiteBehavior [ RunTime:0.000018s ]
INFO: [ app_init ] --END-- [ RunTime:0.000409s ]
INFO: [ app_begin ] --START--
INFO: Run Behavior\ReadHtmlCacheBehavior [ RunTime:0.000858s ]
INFO: [ app_begin ] --END-- [ RunTime:0.000974s ]
SQL: SHOW COLUMNS FROM `vue-productlist` [ RunTime:0.0090s ]
SQL: SELECT * FROM `vue-productlist`  [ RunTime:0.0007s ]

[ 2018-11-13T23:31:30+08:00 ] ::1 /nhkjw/index.php/Home/index/Producmodify
INFO: [ app_init ] --START--
INFO: Run Behavior\BuildLiteBehavior [ RunTime:0.000012s ]
INFO: [ app_init ] --END-- [ RunTime:0.000401s ]
INFO: [ app_begin ] --START--
INFO: Run Behavior\ReadHtmlCacheBehavior [ RunTime:0.000887s ]
INFO: [ app_begin ] --END-- [ RunTime:0.001032s ]
SQL: SHOW COLUMNS FROM `vue-product` [ RunTime:0.0036s ]
SQL: SELECT * FROM `vue-product` WHERE `productID` = 1  [ RunTime:0.0007s ]
SQL: SHOW COLUMNS FROM `vue-serverproductdateattribute` [ RunTime:0.0055s ]
SQL: SELECT * FROM `vue-serverproductdateattribute` WHERE `productID` = 1  [ RunTime:0.0003s ]

