[ 2018-11-15T00:10:24+08:00 ] ::1 /nhkjw/index.php/Home/index/ceshi
INFO: [ app_init ] --START--
INFO: Run Behavior\BuildLiteBehavior [ RunTime:0.000018s ]
INFO: [ app_init ] --END-- [ RunTime:0.000544s ]
INFO: [ app_begin ] --START--
INFO: Run Behavior\ReadHtmlCacheBehavior [ RunTime:0.000853s ]
INFO: [ app_begin ] --END-- [ RunTime:0.000973s ]
SQL: SHOW COLUMNS FROM `vue-productlist` [ RunTime:0.0033s ]
SQL: SELECT * FROM `vue-productlist`  [ RunTime:0.0003s ]

[ 2018-11-15T00:17:48+08:00 ] ::1 /nhkjw/index.php/Home/index/ceshi
INFO: [ app_init ] --START--
INFO: Run Behavior\BuildLiteBehavior [ RunTime:0.000046s ]
INFO: [ app_init ] --END-- [ RunTime:0.001706s ]
INFO: [ app_begin ] --START--
INFO: Run Behavior\ReadHtmlCacheBehavior [ RunTime:0.000822s ]
INFO: [ app_begin ] --END-- [ RunTime:0.001052s ]
SQL: SHOW COLUMNS FROM `vue-productlist` [ RunTime:0.0039s ]
SQL: SELECT * FROM `vue-productlist`  [ RunTime:0.0013s ]

[ 2018-11-15T00:17:53+08:00 ] ::1 /nhkjw/index.php/Home/index/ceshi
INFO: [ app_init ] --START--
INFO: Run Behavior\BuildLiteBehavior [ RunTime:0.000011s ]
INFO: [ app_init ] --END-- [ RunTime:0.000312s ]
INFO: [ app_begin ] --START--
INFO: Run Behavior\ReadHtmlCacheBehavior [ RunTime:0.000338s ]
INFO: [ app_begin ] --END-- [ RunTime:0.000377s ]
SQL: SHOW COLUMNS FROM `vue-productlist` [ RunTime:0.0057s ]
SQL: SELECT * FROM `vue-productlist`  [ RunTime:0.0009s ]

[ 2018-11-15T00:17:58+08:00 ] ::1 /nhkjw/index.php/Home/index/ceshi
INFO: [ app_init ] --START--
INFO: Run Behavior\BuildLiteBehavior [ RunTime:0.000011s ]
INFO: [ app_init ] --END-- [ RunTime:0.000422s ]
INFO: [ app_begin ] --START--
INFO: Run Behavior\ReadHtmlCacheBehavior [ RunTime:0.000480s ]
INFO: [ app_begin ] --END-- [ RunTime:0.000525s ]
SQL: SHOW COLUMNS FROM `vue-productlist` [ RunTime:0.0047s ]
SQL: SELECT * FROM `vue-productlist`  [ RunTime:0.0005s ]

[ 2018-11-15T00:18:05+08:00 ] ::1 /nhkjw/index.php/Home/index/yunshichang
INFO: [ app_init ] --START--
INFO: Run Behavior\BuildLiteBehavior [ RunTime:0.000011s ]
INFO: [ app_init ] --END-- [ RunTime:0.000291s ]
INFO: [ app_begin ] --START--
INFO: Run Behavior\ReadHtmlCacheBehavior [ RunTime:0.000342s ]
INFO: [ app_begin ] --END-- [ RunTime:0.000381s ]
SQL: SHOW COLUMNS FROM `vue-software` [ RunTime:0.0058s ]
SQL: SELECT * FROM `vue-software`  [ RunTime:0.0006s ]

[ 2018-11-15T00:18:08+08:00 ] ::1 /nhkjw/index.php/Home/index/yunshichang
INFO: [ app_init ] --START--
INFO: Run Behavior\BuildLiteBehavior [ RunTime:0.000021s ]
INFO: [ app_init ] --END-- [ RunTime:0.000570s ]
INFO: [ app_begin ] --START--
INFO: Run Behavior\ReadHtmlCacheBehavior [ RunTime:0.000638s ]
INFO: [ app_begin ] --END-- [ RunTime:0.000717s ]
SQL: SHOW COLUMNS FROM `vue-software` [ RunTime:0.0046s ]
SQL: SELECT * FROM `vue-software`  [ RunTime:0.0006s ]

[ 2018-11-15T00:18:10+08:00 ] ::1 /nhkjw/index.php/Home/index/ceshi
INFO: [ app_init ] --START--
INFO: Run Behavior\BuildLiteBehavior [ RunTime:0.000028s ]
INFO: [ app_init ] --END-- [ RunTime:0.000482s ]
INFO: [ app_begin ] --START--
INFO: Run Behavior\ReadHtmlCacheBehavior [ RunTime:0.000548s ]
INFO: [ app_begin ] --END-- [ RunTime:0.000615s ]
SQL: SHOW COLUMNS FROM `vue-productlist` [ RunTime:0.0035s ]
SQL: SELECT * FROM `vue-productlist`  [ RunTime:0.0005s ]

[ 2018-11-15T00:18:14+08:00 ] ::1 /nhkjw/index.php/Home/index/ceshi
INFO: [ app_init ] --START--
INFO: Run Behavior\BuildLiteBehavior [ RunTime:0.000011s ]
INFO: [ app_init ] --END-- [ RunTime:0.000344s ]
INFO: [ app_begin ] --START--
INFO: Run Behavior\ReadHtmlCacheBehavior [ RunTime:0.000559s ]
INFO: [ app_begin ] --END-- [ RunTime:0.000620s ]
SQL: SHOW COLUMNS FROM `vue-productlist` [ RunTime:0.0067s ]
SQL: SELECT * FROM `vue-productlist`  [ RunTime:0.0030s ]

[ 2018-11-15T00:18:19+08:00 ] ::1 /nhkjw/index.php/Home/index/yunshichang
INFO: [ app_init ] --START--
INFO: Run Behavior\BuildLiteBehavior [ RunTime:0.000012s ]
INFO: [ app_init ] --END-- [ RunTime:0.000368s ]
INFO: [ app_begin ] --START--
INFO: Run Behavior\ReadHtmlCacheBehavior [ RunTime:0.000544s ]
INFO: [ app_begin ] --END-- [ RunTime:0.000589s ]
SQL: SHOW COLUMNS FROM `vue-software` [ RunTime:0.0054s ]
SQL: SELECT * FROM `vue-software`  [ RunTime:0.0004s ]

[ 2018-11-15T00:18:55+08:00 ] ::1 /nhkjw/index.php/Home/index/yunshichang
INFO: [ app_init ] --START--
INFO: Run Behavior\BuildLiteBehavior [ RunTime:0.000017s ]
INFO: [ app_init ] --END-- [ RunTime:0.000390s ]
INFO: [ app_begin ] --START--
INFO: Run Behavior\ReadHtmlCacheBehavior [ RunTime:0.000503s ]
INFO: [ app_begin ] --END-- [ RunTime:0.000553s ]
SQL: SHOW COLUMNS FROM `vue-software` [ RunTime:0.0052s ]
SQL: SELECT * FROM `vue-software`  [ RunTime:0.0007s ]

[ 2018-11-15T00:22:30+08:00 ] ::1 /nhkjw/index.php/Home/index/yunshichang
INFO: [ app_init ] --START--
INFO: Run Behavior\BuildLiteBehavior [ RunTime:0.000013s ]
INFO: [ app_init ] --END-- [ RunTime:0.000428s ]
INFO: [ app_begin ] --START--
INFO: Run Behavior\ReadHtmlCacheBehavior [ RunTime:0.001473s ]
INFO: [ app_begin ] --END-- [ RunTime:0.001621s ]
SQL: SHOW COLUMNS FROM `vue-software` [ RunTime:0.0028s ]
SQL: SELECT * FROM `vue-software`  [ RunTime:0.0006s ]

[ 2018-11-15T00:22:33+08:00 ] ::1 /nhkjw/index.php/Home/index/yunshichang
INFO: [ app_init ] --START--
INFO: Run Behavior\BuildLiteBehavior [ RunTime:0.000012s ]
INFO: [ app_init ] --END-- [ RunTime:0.000312s ]
INFO: [ app_begin ] --START--
INFO: Run Behavior\ReadHtmlCacheBehavior [ RunTime:0.000413s ]
INFO: [ app_begin ] --END-- [ RunTime:0.000462s ]
SQL: SHOW COLUMNS FROM `vue-software` [ RunTime:0.0032s ]
SQL: SELECT * FROM `vue-software`  [ RunTime:0.0005s ]

[ 2018-11-15T00:29:21+08:00 ] ::1 /nhkjw/index.php/Home/index/ceshi
INFO: [ app_init ] --START--
INFO: Run Behavior\BuildLiteBehavior [ RunTime:0.000011s ]
INFO: [ app_init ] --END-- [ RunTime:0.000356s ]
INFO: [ app_begin ] --START--
INFO: Run Behavior\ReadHtmlCacheBehavior [ RunTime:0.000798s ]
INFO: [ app_begin ] --END-- [ RunTime:0.000898s ]
SQL: SHOW COLUMNS FROM `vue-productlist` [ RunTime:0.0032s ]
SQL: SELECT * FROM `vue-productlist`  [ RunTime:0.0003s ]

[ 2018-11-15T00:29:23+08:00 ] ::1 /nhkjw/index.php/Home/index/ceshi
INFO: [ app_init ] --START--
INFO: Run Behavior\BuildLiteBehavior [ RunTime:0.000011s ]
INFO: [ app_init ] --END-- [ RunTime:0.000429s ]
INFO: [ app_begin ] --START--
INFO: Run Behavior\ReadHtmlCacheBehavior [ RunTime:0.000527s ]
INFO: [ app_begin ] --END-- [ RunTime:0.000581s ]
SQL: SHOW COLUMNS FROM `vue-productlist` [ RunTime:0.0036s ]
SQL: SELECT * FROM `vue-productlist`  [ RunTime:0.0004s ]

[ 2018-11-15T00:29:37+08:00 ] ::1 /nhkjw/index.php/Home/index/ceshi
INFO: [ app_init ] --START--
INFO: Run Behavior\BuildLiteBehavior [ RunTime:0.000022s ]
INFO: [ app_init ] --END-- [ RunTime:0.000305s ]
INFO: [ app_begin ] --START--
INFO: Run Behavior\ReadHtmlCacheBehavior [ RunTime:0.000387s ]
INFO: [ app_begin ] --END-- [ RunTime:0.000435s ]
SQL: SHOW COLUMNS FROM `vue-productlist` [ RunTime:0.0044s ]
SQL: SELECT * FROM `vue-productlist`  [ RunTime:0.0003s ]

[ 2018-11-15T00:29:39+08:00 ] ::1 /nhkjw/index.php/Home/index/yunshichang
INFO: [ app_init ] --START--
INFO: Run Behavior\BuildLiteBehavior [ RunTime:0.000012s ]
INFO: [ app_init ] --END-- [ RunTime:0.000530s ]
INFO: [ app_begin ] --START--
INFO: Run Behavior\ReadHtmlCacheBehavior [ RunTime:0.000383s ]
INFO: [ app_begin ] --END-- [ RunTime:0.000424s ]
SQL: SHOW COLUMNS FROM `vue-software` [ RunTime:0.0030s ]
SQL: SELECT * FROM `vue-software`  [ RunTime:0.0005s ]

[ 2018-11-15T00:29:51+08:00 ] ::1 /nhkjw/index.php/Home/index/yunshichang
INFO: [ app_init ] --START--
INFO: Run Behavior\BuildLiteBehavior [ RunTime:0.000011s ]
INFO: [ app_init ] --END-- [ RunTime:0.000325s ]
INFO: [ app_begin ] --START--
INFO: Run Behavior\ReadHtmlCacheBehavior [ RunTime:0.000460s ]
INFO: [ app_begin ] --END-- [ RunTime:0.000500s ]
SQL: SHOW COLUMNS FROM `vue-software` [ RunTime:0.0028s ]
SQL: SELECT * FROM `vue-software`  [ RunTime:0.0005s ]

[ 2018-11-15T00:29:55+08:00 ] ::1 /nhkjw/index.php/Home/index/ceshi
INFO: [ app_init ] --START--
INFO: Run Behavior\BuildLiteBehavior [ RunTime:0.000020s ]
INFO: [ app_init ] --END-- [ RunTime:0.000520s ]
INFO: [ app_begin ] --START--
INFO: Run Behavior\ReadHtmlCacheBehavior [ RunTime:0.001012s ]
INFO: [ app_begin ] --END-- [ RunTime:0.001126s ]
SQL: SHOW COLUMNS FROM `vue-productlist` [ RunTime:0.0069s ]
SQL: SELECT * FROM `vue-productlist`  [ RunTime:0.0003s ]

[ 2018-11-15T00:29:56+08:00 ] ::1 /nhkjw/index.php/Home/index/ceshi
INFO: [ app_init ] --START--
INFO: Run Behavior\BuildLiteBehavior [ RunTime:0.000010s ]
INFO: [ app_init ] --END-- [ RunTime:0.000378s ]
INFO: [ app_begin ] --START--
INFO: Run Behavior\ReadHtmlCacheBehavior [ RunTime:0.000642s ]
INFO: [ app_begin ] --END-- [ RunTime:0.000747s ]
SQL: SHOW COLUMNS FROM `vue-productlist` [ RunTime:0.0029s ]
SQL: SELECT * FROM `vue-productlist`  [ RunTime:0.0003s ]

[ 2018-11-15T00:30:02+08:00 ] ::1 /nhkjw/index.php/Home/index/ceshi
INFO: [ app_init ] --START--
INFO: Run Behavior\BuildLiteBehavior [ RunTime:0.000012s ]
INFO: [ app_init ] --END-- [ RunTime:0.000302s ]
INFO: [ app_begin ] --START--
INFO: Run Behavior\ReadHtmlCacheBehavior [ RunTime:0.000368s ]
INFO: [ app_begin ] --END-- [ RunTime:0.000412s ]
SQL: SHOW COLUMNS FROM `vue-productlist` [ RunTime:0.0035s ]
SQL: SELECT * FROM `vue-productlist`  [ RunTime:0.0005s ]

[ 2018-11-15T00:30:08+08:00 ] ::1 /nhkjw/index.php/Home/index/ceshi
INFO: [ app_init ] --START--
INFO: Run Behavior\BuildLiteBehavior [ RunTime:0.000011s ]
INFO: [ app_init ] --END-- [ RunTime:0.000405s ]
INFO: [ app_begin ] --START--
INFO: Run Behavior\ReadHtmlCacheBehavior [ RunTime:0.000764s ]
INFO: [ app_begin ] --END-- [ RunTime:0.000907s ]
SQL: SHOW COLUMNS FROM `vue-productlist` [ RunTime:0.0027s ]
SQL: SELECT * FROM `vue-productlist`  [ RunTime:0.0003s ]

[ 2018-11-15T00:30:17+08:00 ] ::1 /nhkjw/index.php/Home/index/ceshi
INFO: [ app_init ] --START--
INFO: Run Behavior\BuildLiteBehavior [ RunTime:0.000013s ]
INFO: [ app_init ] --END-- [ RunTime:0.000367s ]
INFO: [ app_begin ] --START--
INFO: Run Behavior\ReadHtmlCacheBehavior [ RunTime:0.000540s ]
INFO: [ app_begin ] --END-- [ RunTime:0.000594s ]
SQL: SHOW COLUMNS FROM `vue-productlist` [ RunTime:0.0034s ]
SQL: SELECT * FROM `vue-productlist`  [ RunTime:0.0004s ]

[ 2018-11-15T00:30:19+08:00 ] ::1 /nhkjw/index.php/Home/index/ceshi
INFO: [ app_init ] --START--
INFO: Run Behavior\BuildLiteBehavior [ RunTime:0.000019s ]
INFO: [ app_init ] --END-- [ RunTime:0.001194s ]
INFO: [ app_begin ] --START--
INFO: Run Behavior\ReadHtmlCacheBehavior [ RunTime:0.000417s ]
INFO: [ app_begin ] --END-- [ RunTime:0.000459s ]
SQL: SHOW COLUMNS FROM `vue-productlist` [ RunTime:0.0030s ]
SQL: SELECT * FROM `vue-productlist`  [ RunTime:0.0004s ]

[ 2018-11-15T00:30:26+08:00 ] ::1 /nhkjw/index.php/Home/index/login
INFO: [ app_init ] --START--
INFO: Run Behavior\BuildLiteBehavior [ RunTime:0.000045s ]
INFO: [ app_init ] --END-- [ RunTime:0.000853s ]
INFO: [ app_begin ] --START--
INFO: Run Behavior\ReadHtmlCacheBehavior [ RunTime:0.000450s ]
INFO: [ app_begin ] --END-- [ RunTime:0.000501s ]
SQL: SHOW COLUMNS FROM `vue-user` [ RunTime:0.0040s ]
SQL: SELECT * FROM `vue-user` WHERE `userName` = '333' AND `userPwd` = '333' LIMIT 1   [ RunTime:0.0005s ]

[ 2018-11-15T00:30:32+08:00 ] ::1 /nhkjw/index.php/Home/index/ceshi
INFO: [ app_init ] --START--
INFO: Run Behavior\BuildLiteBehavior [ RunTime:0.000013s ]
INFO: [ app_init ] --END-- [ RunTime:0.000468s ]
INFO: [ app_begin ] --START--
INFO: Run Behavior\ReadHtmlCacheBehavior [ RunTime:0.000407s ]
INFO: [ app_begin ] --END-- [ RunTime:0.000454s ]
SQL: SHOW COLUMNS FROM `vue-productlist` [ RunTime:0.0035s ]
SQL: SELECT * FROM `vue-productlist`  [ RunTime:0.0003s ]

[ 2018-11-15T00:30:34+08:00 ] ::1 /nhkjw/index.php/Home/index/yunshichang
INFO: [ app_init ] --START--
INFO: Run Behavior\BuildLiteBehavior [ RunTime:0.000011s ]
INFO: [ app_init ] --END-- [ RunTime:0.000373s ]
INFO: [ app_begin ] --START--
INFO: Run Behavior\ReadHtmlCacheBehavior [ RunTime:0.000507s ]
INFO: [ app_begin ] --END-- [ RunTime:0.000590s ]
SQL: SHOW COLUMNS FROM `vue-software` [ RunTime:0.0029s ]
SQL: SELECT * FROM `vue-software`  [ RunTime:0.0005s ]

[ 2018-11-15T00:30:35+08:00 ] ::1 /nhkjw/index.php/Home/index/ceshi
INFO: [ app_init ] --START--
INFO: Run Behavior\BuildLiteBehavior [ RunTime:0.000011s ]
INFO: [ app_init ] --END-- [ RunTime:0.000284s ]
INFO: [ app_begin ] --START--
INFO: Run Behavior\ReadHtmlCacheBehavior [ RunTime:0.000460s ]
INFO: [ app_begin ] --END-- [ RunTime:0.000529s ]
SQL: SHOW COLUMNS FROM `vue-productlist` [ RunTime:0.0026s ]
SQL: SELECT * FROM `vue-productlist`  [ RunTime:0.0002s ]

[ 2018-11-15T00:30:42+08:00 ] ::1 /nhkjw/index.php/Home/index/ceshi
INFO: [ app_init ] --START--
INFO: Run Behavior\BuildLiteBehavior [ RunTime:0.000043s ]
INFO: [ app_init ] --END-- [ RunTime:0.000692s ]
INFO: [ app_begin ] --START--
INFO: Run Behavior\ReadHtmlCacheBehavior [ RunTime:0.000689s ]
INFO: [ app_begin ] --END-- [ RunTime:0.000768s ]
SQL: SHOW COLUMNS FROM `vue-productlist` [ RunTime:0.0036s ]
SQL: SELECT * FROM `vue-productlist`  [ RunTime:0.0004s ]

[ 2018-11-15T00:30:48+08:00 ] ::1 /nhkjw/index.php/Home/index/ceshi
INFO: [ app_init ] --START--
INFO: Run Behavior\BuildLiteBehavior [ RunTime:0.000014s ]
INFO: [ app_init ] --END-- [ RunTime:0.015080s ]
INFO: [ app_begin ] --START--
INFO: Run Behavior\ReadHtmlCacheBehavior [ RunTime:0.000492s ]
INFO: [ app_begin ] --END-- [ RunTime:0.000539s ]
SQL: SHOW COLUMNS FROM `vue-productlist` [ RunTime:0.0036s ]
SQL: SELECT * FROM `vue-productlist`  [ RunTime:0.0003s ]

[ 2018-11-15T00:30:51+08:00 ] ::1 /nhkjw/index.php/Home/index/ceshi
INFO: [ app_init ] --START--
INFO: Run Behavior\BuildLiteBehavior [ RunTime:0.000013s ]
INFO: [ app_init ] --END-- [ RunTime:0.000544s ]
INFO: [ app_begin ] --START--
INFO: Run Behavior\ReadHtmlCacheBehavior [ RunTime:0.000955s ]
INFO: [ app_begin ] --END-- [ RunTime:0.001009s ]
SQL: SHOW COLUMNS FROM `vue-productlist` [ RunTime:0.0484s ]
SQL: SELECT * FROM `vue-productlist`  [ RunTime:0.0003s ]

[ 2018-11-15T00:31:15+08:00 ] ::1 /nhkjw/index.php/Home/index/ceshi
INFO: [ app_init ] --START--
INFO: Run Behavior\BuildLiteBehavior [ RunTime:0.000012s ]
INFO: [ app_init ] --END-- [ RunTime:0.000385s ]
INFO: [ app_begin ] --START--
INFO: Run Behavior\ReadHtmlCacheBehavior [ RunTime:0.001736s ]
INFO: [ app_begin ] --END-- [ RunTime:0.001929s ]
SQL: SHOW COLUMNS FROM `vue-productlist` [ RunTime:0.0049s ]
SQL: SELECT * FROM `vue-productlist`  [ RunTime:0.0003s ]

[ 2018-11-15T00:31:16+08:00 ] ::1 /nhkjw/index.php/Home/index/Producmodify
INFO: [ app_init ] --START--
INFO: Run Behavior\BuildLiteBehavior [ RunTime:0.000032s ]
INFO: [ app_init ] --END-- [ RunTime:0.000460s ]
INFO: [ app_begin ] --START--
INFO: Run Behavior\ReadHtmlCacheBehavior [ RunTime:0.000390s ]
INFO: [ app_begin ] --END-- [ RunTime:0.000432s ]
SQL: SHOW COLUMNS FROM `vue-product` [ RunTime:0.0030s ]
SQL: SELECT * FROM `vue-product` WHERE `productID` = 1  [ RunTime:0.0009s ]
SQL: SHOW COLUMNS FROM `vue-serverproductdateattribute` [ RunTime:0.0059s ]
SQL: SELECT * FROM `vue-serverproductdateattribute` WHERE `productID` = 1  [ RunTime:0.0004s ]

[ 2018-11-15T00:31:44+08:00 ] ::1 /nhkjw/index.php/Home/index/Producmodify
INFO: [ app_init ] --START--
INFO: Run Behavior\BuildLiteBehavior [ RunTime:0.000011s ]
INFO: [ app_init ] --END-- [ RunTime:0.000322s ]
INFO: [ app_begin ] --START--
INFO: Run Behavior\ReadHtmlCacheBehavior [ RunTime:0.000365s ]
INFO: [ app_begin ] --END-- [ RunTime:0.000430s ]
SQL: SHOW COLUMNS FROM `vue-product` [ RunTime:0.0034s ]
SQL: SELECT * FROM `vue-product` WHERE `productID` = 1  [ RunTime:0.0007s ]
SQL: SHOW COLUMNS FROM `vue-serverproductdateattribute` [ RunTime:0.0033s ]
SQL: SELECT * FROM `vue-serverproductdateattribute` WHERE `productID` = 1  [ RunTime:0.0003s ]

[ 2018-11-15T00:31:45+08:00 ] ::1 /nhkjw/index.php/Home/index/ceshi
INFO: [ app_init ] --START--
INFO: Run Behavior\BuildLiteBehavior [ RunTime:0.000013s ]
INFO: [ app_init ] --END-- [ RunTime:0.000346s ]
INFO: [ app_begin ] --START--
INFO: Run Behavior\ReadHtmlCacheBehavior [ RunTime:0.000449s ]
INFO: [ app_begin ] --END-- [ RunTime:0.000519s ]
SQL: SHOW COLUMNS FROM `vue-productlist` [ RunTime:0.0043s ]
SQL: SELECT * FROM `vue-productlist`  [ RunTime:0.0003s ]

[ 2018-11-15T00:31:46+08:00 ] ::1 /nhkjw/index.php/Home/index/ceshi
INFO: [ app_init ] --START--
INFO: Run Behavior\BuildLiteBehavior [ RunTime:0.000014s ]
INFO: [ app_init ] --END-- [ RunTime:0.000693s ]
INFO: [ app_begin ] --START--
INFO: Run Behavior\ReadHtmlCacheBehavior [ RunTime:0.000997s ]
INFO: [ app_begin ] --END-- [ RunTime:0.001125s ]
SQL: SHOW COLUMNS FROM `vue-productlist` [ RunTime:0.0031s ]
SQL: SELECT * FROM `vue-productlist`  [ RunTime:0.0003s ]

[ 2018-11-15T00:31:47+08:00 ] ::1 /nhkjw/index.php/Home/index/Producmodify
INFO: [ app_init ] --START--
INFO: Run Behavior\BuildLiteBehavior [ RunTime:0.000011s ]
INFO: [ app_init ] --END-- [ RunTime:0.000323s ]
INFO: [ app_begin ] --START--
INFO: Run Behavior\ReadHtmlCacheBehavior [ RunTime:0.000405s ]
INFO: [ app_begin ] --END-- [ RunTime:0.000453s ]
SQL: SHOW COLUMNS FROM `vue-product` [ RunTime:0.0039s ]
SQL: SELECT * FROM `vue-product` WHERE `productID` = 1  [ RunTime:0.0007s ]
SQL: SHOW COLUMNS FROM `vue-serverproductdateattribute` [ RunTime:0.0039s ]
SQL: SELECT * FROM `vue-serverproductdateattribute` WHERE `productID` = 1  [ RunTime:0.0004s ]

[ 2018-11-15T00:32:00+08:00 ] ::1 /nhkjw/index.php/Home/index/Producmodify
INFO: [ app_init ] --START--
INFO: Run Behavior\BuildLiteBehavior [ RunTime:0.000010s ]
INFO: [ app_init ] --END-- [ RunTime:0.000295s ]
INFO: [ app_begin ] --START--
INFO: Run Behavior\ReadHtmlCacheBehavior [ RunTime:0.000472s ]
INFO: [ app_begin ] --END-- [ RunTime:0.000526s ]
SQL: SHOW COLUMNS FROM `vue-product` [ RunTime:0.0031s ]
SQL: SELECT * FROM `vue-product` WHERE `productID` = 1  [ RunTime:0.0006s ]
SQL: SHOW COLUMNS FROM `vue-serverproductdateattribute` [ RunTime:0.0028s ]
SQL: SELECT * FROM `vue-serverproductdateattribute` WHERE `productID` = 1  [ RunTime:0.0003s ]

[ 2018-11-15T00:32:04+08:00 ] ::1 /nhkjw/index.php/Home/index/ceshi
INFO: [ app_init ] --START--
INFO: Run Behavior\BuildLiteBehavior [ RunTime:0.000013s ]
INFO: [ app_init ] --END-- [ RunTime:0.000628s ]
INFO: [ app_begin ] --START--
INFO: Run Behavior\ReadHtmlCacheBehavior [ RunTime:0.000383s ]
INFO: [ app_begin ] --END-- [ RunTime:0.000424s ]
SQL: SHOW COLUMNS FROM `vue-productlist` [ RunTime:0.0029s ]
SQL: SELECT * FROM `vue-productlist`  [ RunTime:0.0003s ]

[ 2018-11-15T00:32:05+08:00 ] ::1 /nhkjw/index.php/Home/index/Producmodify
INFO: [ app_init ] --START--
INFO: Run Behavior\BuildLiteBehavior [ RunTime:0.000011s ]
INFO: [ app_init ] --END-- [ RunTime:0.000275s ]
INFO: [ app_begin ] --START--
INFO: Run Behavior\ReadHtmlCacheBehavior [ RunTime:0.000370s ]
INFO: [ app_begin ] --END-- [ RunTime:0.000410s ]
SQL: SHOW COLUMNS FROM `vue-product` [ RunTime:0.0030s ]
SQL: SELECT * FROM `vue-product` WHERE `productID` = 1  [ RunTime:0.0006s ]
SQL: SHOW COLUMNS FROM `vue-serverproductdateattribute` [ RunTime:0.0028s ]
SQL: SELECT * FROM `vue-serverproductdateattribute` WHERE `productID` = 1  [ RunTime:0.0011s ]

[ 2018-11-15T00:32:05+08:00 ] ::1 /nhkjw/index.php/Home/index/ceshi
INFO: [ app_init ] --START--
INFO: Run Behavior\BuildLiteBehavior [ RunTime:0.000010s ]
INFO: [ app_init ] --END-- [ RunTime:0.000303s ]
INFO: [ app_begin ] --START--
INFO: Run Behavior\ReadHtmlCacheBehavior [ RunTime:0.000463s ]
INFO: [ app_begin ] --END-- [ RunTime:0.000509s ]
SQL: SHOW COLUMNS FROM `vue-productlist` [ RunTime:0.0039s ]
SQL: SELECT * FROM `vue-productlist`  [ RunTime:0.0002s ]

[ 2018-11-15T00:32:36+08:00 ] ::1 /nhkjw/index.php/Home/index/ceshi
INFO: [ app_init ] --START--
INFO: Run Behavior\BuildLiteBehavior [ RunTime:0.000012s ]
INFO: [ app_init ] --END-- [ RunTime:0.000329s ]
INFO: [ app_begin ] --START--
INFO: Run Behavior\ReadHtmlCacheBehavior [ RunTime:0.000420s ]
INFO: [ app_begin ] --END-- [ RunTime:0.000469s ]
SQL: SHOW COLUMNS FROM `vue-productlist` [ RunTime:0.0048s ]
SQL: SELECT * FROM `vue-productlist`  [ RunTime:0.0005s ]

[ 2018-11-15T00:34:30+08:00 ] ::1 /nhkjw/index.php/Home/index/ceshi
INFO: [ app_init ] --START--
INFO: Run Behavior\BuildLiteBehavior [ RunTime:0.000011s ]
INFO: [ app_init ] --END-- [ RunTime:0.000379s ]
INFO: [ app_begin ] --START--
INFO: Run Behavior\ReadHtmlCacheBehavior [ RunTime:0.000486s ]
INFO: [ app_begin ] --END-- [ RunTime:0.000528s ]
SQL: SHOW COLUMNS FROM `vue-productlist` [ RunTime:0.0039s ]
SQL: SELECT * FROM `vue-productlist`  [ RunTime:0.0003s ]

[ 2018-11-15T00:34:32+08:00 ] ::1 /nhkjw/index.php/Home/index/ceshi
INFO: [ app_init ] --START--
INFO: Run Behavior\BuildLiteBehavior [ RunTime:0.000011s ]
INFO: [ app_init ] --END-- [ RunTime:0.000303s ]
INFO: [ app_begin ] --START--
INFO: Run Behavior\ReadHtmlCacheBehavior [ RunTime:0.000412s ]
INFO: [ app_begin ] --END-- [ RunTime:0.000455s ]
SQL: SHOW COLUMNS FROM `vue-productlist` [ RunTime:0.0028s ]
SQL: SELECT * FROM `vue-productlist`  [ RunTime:0.0002s ]

[ 2018-11-15T00:34:36+08:00 ] ::1 /nhkjw/index.php/Home/index/ceshi
INFO: [ app_init ] --START--
INFO: Run Behavior\BuildLiteBehavior [ RunTime:0.000013s ]
INFO: [ app_init ] --END-- [ RunTime:0.000353s ]
INFO: [ app_begin ] --START--
INFO: Run Behavior\ReadHtmlCacheBehavior [ RunTime:0.000385s ]
INFO: [ app_begin ] --END-- [ RunTime:0.000429s ]
SQL: SHOW COLUMNS FROM `vue-productlist` [ RunTime:0.0032s ]
SQL: SELECT * FROM `vue-productlist`  [ RunTime:0.0003s ]

[ 2018-11-15T00:34:42+08:00 ] ::1 /nhkjw/index.php/Home/index/ceshi
INFO: [ app_init ] --START--
INFO: Run Behavior\BuildLiteBehavior [ RunTime:0.000011s ]
INFO: [ app_init ] --END-- [ RunTime:0.000294s ]
INFO: [ app_begin ] --START--
INFO: Run Behavior\ReadHtmlCacheBehavior [ RunTime:0.000360s ]
INFO: [ app_begin ] --END-- [ RunTime:0.000399s ]
SQL: SHOW COLUMNS FROM `vue-productlist` [ RunTime:0.0032s ]
SQL: SELECT * FROM `vue-productlist`  [ RunTime:0.0003s ]

[ 2018-11-15T00:34:43+08:00 ] ::1 /nhkjw/index.php/Home/index/ceshi
INFO: [ app_init ] --START--
INFO: Run Behavior\BuildLiteBehavior [ RunTime:0.000013s ]
INFO: [ app_init ] --END-- [ RunTime:0.000396s ]
INFO: [ app_begin ] --START--
INFO: Run Behavior\ReadHtmlCacheBehavior [ RunTime:0.000470s ]
INFO: [ app_begin ] --END-- [ RunTime:0.000522s ]
SQL: SHOW COLUMNS FROM `vue-productlist` [ RunTime:0.0057s ]
SQL: SELECT * FROM `vue-productlist`  [ RunTime:0.0005s ]

[ 2018-11-15T00:34:48+08:00 ] ::1 /nhkjw/index.php/Home/index/ceshi
INFO: [ app_init ] --START--
INFO: Run Behavior\BuildLiteBehavior [ RunTime:0.000013s ]
INFO: [ app_init ] --END-- [ RunTime:0.000380s ]
INFO: [ app_begin ] --START--
INFO: Run Behavior\ReadHtmlCacheBehavior [ RunTime:0.000528s ]
INFO: [ app_begin ] --END-- [ RunTime:0.000610s ]
SQL: SHOW COLUMNS FROM `vue-productlist` [ RunTime:0.0032s ]
SQL: SELECT * FROM `vue-productlist`  [ RunTime:0.0004s ]

[ 2018-11-15T00:34:53+08:00 ] ::1 /nhkjw/index.php/Home/index/ceshi
INFO: [ app_init ] --START--
INFO: Run Behavior\BuildLiteBehavior [ RunTime:0.000012s ]
INFO: [ app_init ] --END-- [ RunTime:0.000353s ]
INFO: [ app_begin ] --START--
INFO: Run Behavior\ReadHtmlCacheBehavior [ RunTime:0.000411s ]
INFO: [ app_begin ] --END-- [ RunTime:0.000462s ]
SQL: SHOW COLUMNS FROM `vue-productlist` [ RunTime:0.0061s ]
SQL: SELECT * FROM `vue-productlist`  [ RunTime:0.0004s ]

[ 2018-11-15T00:34:55+08:00 ] ::1 /nhkjw/index.php/Home/index/ceshi
INFO: [ app_init ] --START--
INFO: Run Behavior\BuildLiteBehavior [ RunTime:0.000028s ]
INFO: [ app_init ] --END-- [ RunTime:0.000481s ]
INFO: [ app_begin ] --START--
INFO: Run Behavior\ReadHtmlCacheBehavior [ RunTime:0.000402s ]
INFO: [ app_begin ] --END-- [ RunTime:0.000466s ]
SQL: SHOW COLUMNS FROM `vue-productlist` [ RunTime:0.0042s ]
SQL: SELECT * FROM `vue-productlist`  [ RunTime:0.0005s ]

[ 2018-11-15T00:35:00+08:00 ] ::1 /nhkjw/index.php/Home/index/ceshi
INFO: [ app_init ] --START--
INFO: Run Behavior\BuildLiteBehavior [ RunTime:0.000013s ]
INFO: [ app_init ] --END-- [ RunTime:0.000327s ]
INFO: [ app_begin ] --START--
INFO: Run Behavior\ReadHtmlCacheBehavior [ RunTime:0.000455s ]
INFO: [ app_begin ] --END-- [ RunTime:0.000505s ]
SQL: SHOW COLUMNS FROM `vue-productlist` [ RunTime:0.0037s ]
SQL: SELECT * FROM `vue-productlist`  [ RunTime:0.0003s ]

[ 2018-11-15T00:35:04+08:00 ] ::1 /nhkjw/index.php/Home/index/ceshi
INFO: [ app_init ] --START--
INFO: Run Behavior\BuildLiteBehavior [ RunTime:0.000034s ]
INFO: [ app_init ] --END-- [ RunTime:0.000392s ]
INFO: [ app_begin ] --START--
INFO: Run Behavior\ReadHtmlCacheBehavior [ RunTime:0.000483s ]
INFO: [ app_begin ] --END-- [ RunTime:0.000525s ]
SQL: SHOW COLUMNS FROM `vue-productlist` [ RunTime:0.0033s ]
SQL: SELECT * FROM `vue-productlist`  [ RunTime:0.0004s ]

[ 2018-11-15T00:35:33+08:00 ] ::1 /nhkjw/index.php/Home/index/login
INFO: [ app_init ] --START--
INFO: Run Behavior\BuildLiteBehavior [ RunTime:0.000021s ]
INFO: [ app_init ] --END-- [ RunTime:0.000565s ]
INFO: [ app_begin ] --START--
INFO: Run Behavior\ReadHtmlCacheBehavior [ RunTime:0.000670s ]
INFO: [ app_begin ] --END-- [ RunTime:0.000759s ]
SQL: SHOW COLUMNS FROM `vue-user` [ RunTime:0.0041s ]
SQL: SELECT * FROM `vue-user` WHERE `userName` = '333' AND `userPwd` = '333' LIMIT 1   [ RunTime:0.0004s ]

[ 2018-11-15T00:35:36+08:00 ] ::1 /nhkjw/index.php/Home/index/ceshi
INFO: [ app_init ] --START--
INFO: Run Behavior\BuildLiteBehavior [ RunTime:0.000018s ]
INFO: [ app_init ] --END-- [ RunTime:0.000443s ]
INFO: [ app_begin ] --START--
INFO: Run Behavior\ReadHtmlCacheBehavior [ RunTime:0.000786s ]
INFO: [ app_begin ] --END-- [ RunTime:0.000858s ]
SQL: SHOW COLUMNS FROM `vue-productlist` [ RunTime:0.0100s ]
SQL: SELECT * FROM `vue-productlist`  [ RunTime:0.0012s ]

[ 2018-11-15T00:35:37+08:00 ] ::1 /nhkjw/index.php/Home/index/Producmodify
INFO: [ app_init ] --START--
INFO: Run Behavior\BuildLiteBehavior [ RunTime:0.000013s ]
INFO: [ app_init ] --END-- [ RunTime:0.000427s ]
INFO: [ app_begin ] --START--
INFO: Run Behavior\ReadHtmlCacheBehavior [ RunTime:0.000416s ]
INFO: [ app_begin ] --END-- [ RunTime:0.000468s ]
SQL: SHOW COLUMNS FROM `vue-product` [ RunTime:0.0043s ]
SQL: SELECT * FROM `vue-product` WHERE `productID` = 1  [ RunTime:0.0006s ]
SQL: SHOW COLUMNS FROM `vue-serverproductdateattribute` [ RunTime:0.0035s ]
SQL: SELECT * FROM `vue-serverproductdateattribute` WHERE `productID` = 1  [ RunTime:0.0003s ]

[ 2018-11-15T00:35:39+08:00 ] ::1 /nhkjw/index.php/Home/index/yunshichang
INFO: [ app_init ] --START--
INFO: Run Behavior\BuildLiteBehavior [ RunTime:0.000013s ]
INFO: [ app_init ] --END-- [ RunTime:0.000310s ]
INFO: [ app_begin ] --START--
INFO: Run Behavior\ReadHtmlCacheBehavior [ RunTime:0.000385s ]
INFO: [ app_begin ] --END-- [ RunTime:0.000427s ]
SQL: SHOW COLUMNS FROM `vue-software` [ RunTime:0.0036s ]
SQL: SELECT * FROM `vue-software`  [ RunTime:0.0005s ]

[ 2018-11-15T00:38:08+08:00 ] ::1 /nhkjw/index.php/Home/index/login
INFO: [ app_init ] --START--
INFO: Run Behavior\BuildLiteBehavior [ RunTime:0.000027s ]
INFO: [ app_init ] --END-- [ RunTime:0.001315s ]
INFO: [ app_begin ] --START--
INFO: Run Behavior\ReadHtmlCacheBehavior [ RunTime:0.002782s ]
INFO: [ app_begin ] --END-- [ RunTime:0.003006s ]
SQL: SHOW COLUMNS FROM `vue-user` [ RunTime:0.0131s ]
SQL: SELECT * FROM `vue-user` WHERE `userName` = '333' AND `userPwd` = '333' LIMIT 1   [ RunTime:0.0026s ]

[ 2018-11-15T00:38:09+08:00 ] ::1 /nhkjw/index.php/Home/index/yunshichang
INFO: [ app_init ] --START--
INFO: Run Behavior\BuildLiteBehavior [ RunTime:0.000010s ]
INFO: [ app_init ] --END-- [ RunTime:0.000320s ]
INFO: [ app_begin ] --START--
INFO: Run Behavior\ReadHtmlCacheBehavior [ RunTime:0.000381s ]
INFO: [ app_begin ] --END-- [ RunTime:0.000422s ]
SQL: SHOW COLUMNS FROM `vue-software` [ RunTime:0.0030s ]
SQL: SELECT * FROM `vue-software`  [ RunTime:0.0004s ]

[ 2018-11-15T00:38:10+08:00 ] ::1 /nhkjw/index.php/Home/index/ceshi
INFO: [ app_init ] --START--
INFO: Run Behavior\BuildLiteBehavior [ RunTime:0.000048s ]
INFO: [ app_init ] --END-- [ RunTime:0.000471s ]
INFO: [ app_begin ] --START--
INFO: Run Behavior\ReadHtmlCacheBehavior [ RunTime:0.000558s ]
INFO: [ app_begin ] --END-- [ RunTime:0.000621s ]
SQL: SHOW COLUMNS FROM `vue-productlist` [ RunTime:0.0038s ]
SQL: SELECT * FROM `vue-productlist`  [ RunTime:0.0006s ]

[ 2018-11-15T00:38:12+08:00 ] ::1 /nhkjw/index.php/Home/index/ceshi
INFO: [ app_init ] --START--
INFO: Run Behavior\BuildLiteBehavior [ RunTime:0.000032s ]
INFO: [ app_init ] --END-- [ RunTime:0.000583s ]
INFO: [ app_begin ] --START--
INFO: Run Behavior\ReadHtmlCacheBehavior [ RunTime:0.001281s ]
INFO: [ app_begin ] --END-- [ RunTime:0.001432s ]
SQL: SHOW COLUMNS FROM `vue-productlist` [ RunTime:0.0028s ]
SQL: SELECT * FROM `vue-productlist`  [ RunTime:0.0004s ]

[ 2018-11-15T00:38:14+08:00 ] ::1 /nhkjw/index.php/Home/index/Producmodify
INFO: [ app_init ] --START--
INFO: Run Behavior\BuildLiteBehavior [ RunTime:0.000023s ]
INFO: [ app_init ] --END-- [ RunTime:0.001815s ]
INFO: [ app_begin ] --START--
INFO: Run Behavior\ReadHtmlCacheBehavior [ RunTime:0.000464s ]
INFO: [ app_begin ] --END-- [ RunTime:0.000516s ]
SQL: SHOW COLUMNS FROM `vue-product` [ RunTime:0.0030s ]
SQL: SELECT * FROM `vue-product` WHERE `productID` = 1  [ RunTime:0.0005s ]
SQL: SHOW COLUMNS FROM `vue-serverproductdateattribute` [ RunTime:0.0026s ]
SQL: SELECT * FROM `vue-serverproductdateattribute` WHERE `productID` = 1  [ RunTime:0.0003s ]

[ 2018-11-15T00:38:17+08:00 ] ::1 /nhkjw/index.php/Home/index/yunshichang
INFO: [ app_init ] --START--
INFO: Run Behavior\BuildLiteBehavior [ RunTime:0.000059s ]
INFO: [ app_init ] --END-- [ RunTime:0.000847s ]
INFO: [ app_begin ] --START--
INFO: Run Behavior\ReadHtmlCacheBehavior [ RunTime:0.001069s ]
INFO: [ app_begin ] --END-- [ RunTime:0.001208s ]
SQL: SHOW COLUMNS FROM `vue-software` [ RunTime:0.0063s ]
SQL: SELECT * FROM `vue-software`  [ RunTime:0.0008s ]

[ 2018-11-15T00:38:19+08:00 ] ::1 /nhkjw/index.php/Home/index/ceshi
INFO: [ app_init ] --START--
INFO: Run Behavior\BuildLiteBehavior [ RunTime:0.000012s ]
INFO: [ app_init ] --END-- [ RunTime:0.000323s ]
INFO: [ app_begin ] --START--
INFO: Run Behavior\ReadHtmlCacheBehavior [ RunTime:0.000420s ]
INFO: [ app_begin ] --END-- [ RunTime:0.000469s ]
SQL: SHOW COLUMNS FROM `vue-productlist` [ RunTime:0.0044s ]
SQL: SELECT * FROM `vue-productlist`  [ RunTime:0.0004s ]

[ 2018-11-15T00:38:32+08:00 ] ::1 /nhkjw/index.php/Home/index/login
INFO: [ app_init ] --START--
INFO: Run Behavior\BuildLiteBehavior [ RunTime:0.000016s ]
INFO: [ app_init ] --END-- [ RunTime:0.000827s ]
INFO: [ app_begin ] --START--
INFO: Run Behavior\ReadHtmlCacheBehavior [ RunTime:0.000426s ]
INFO: [ app_begin ] --END-- [ RunTime:0.000471s ]
SQL: SHOW COLUMNS FROM `vue-user` [ RunTime:0.0132s ]
SQL: SELECT * FROM `vue-user` WHERE `userName` = '333' AND `userPwd` = '333' LIMIT 1   [ RunTime:0.0008s ]

[ 2018-11-15T00:38:34+08:00 ] ::1 /nhkjw/index.php/Home/index/ceshi
INFO: [ app_init ] --START--
INFO: Run Behavior\BuildLiteBehavior [ RunTime:0.000013s ]
INFO: [ app_init ] --END-- [ RunTime:0.000328s ]
INFO: [ app_begin ] --START--
INFO: Run Behavior\ReadHtmlCacheBehavior [ RunTime:0.000406s ]
INFO: [ app_begin ] --END-- [ RunTime:0.000453s ]
SQL: SHOW COLUMNS FROM `vue-productlist` [ RunTime:0.0035s ]
SQL: SELECT * FROM `vue-productlist`  [ RunTime:0.0003s ]

[ 2018-11-15T00:39:30+08:00 ] ::1 /nhkjw/index.php/Home/index/login
INFO: [ app_init ] --START--
INFO: Run Behavior\BuildLiteBehavior [ RunTime:0.000297s ]
INFO: [ app_init ] --END-- [ RunTime:0.002698s ]
INFO: [ app_begin ] --START--
INFO: Run Behavior\ReadHtmlCacheBehavior [ RunTime:0.000570s ]
INFO: [ app_begin ] --END-- [ RunTime:0.000647s ]
SQL: SHOW COLUMNS FROM `vue-user` [ RunTime:0.0090s ]
SQL: SELECT * FROM `vue-user` WHERE `userName` = '333' AND `userPwd` = '333' LIMIT 1   [ RunTime:0.0016s ]

[ 2018-11-15T00:39:32+08:00 ] ::1 /nhkjw/index.php/Home/index/ceshi
INFO: [ app_init ] --START--
INFO: Run Behavior\BuildLiteBehavior [ RunTime:0.000027s ]
INFO: [ app_init ] --END-- [ RunTime:0.000830s ]
INFO: [ app_begin ] --START--
INFO: Run Behavior\ReadHtmlCacheBehavior [ RunTime:0.000624s ]
INFO: [ app_begin ] --END-- [ RunTime:0.000713s ]
SQL: SHOW COLUMNS FROM `vue-productlist` [ RunTime:0.0047s ]
SQL: SELECT * FROM `vue-productlist`  [ RunTime:0.0006s ]

[ 2018-11-15T00:39:33+08:00 ] ::1 /nhkjw/index.php/Home/index/yunshichang
INFO: [ app_init ] --START--
INFO: Run Behavior\BuildLiteBehavior [ RunTime:0.000015s ]
INFO: [ app_init ] --END-- [ RunTime:0.000519s ]
INFO: [ app_begin ] --START--
INFO: Run Behavior\ReadHtmlCacheBehavior [ RunTime:0.000577s ]
INFO: [ app_begin ] --END-- [ RunTime:0.000642s ]
SQL: SHOW COLUMNS FROM `vue-software` [ RunTime:0.0045s ]
SQL: SELECT * FROM `vue-software`  [ RunTime:0.0006s ]

[ 2018-11-15T00:39:35+08:00 ] ::1 /nhkjw/index.php/Home/index/ceshi
INFO: [ app_init ] --START--
INFO: Run Behavior\BuildLiteBehavior [ RunTime:0.000021s ]
INFO: [ app_init ] --END-- [ RunTime:0.000736s ]
INFO: [ app_begin ] --START--
INFO: Run Behavior\ReadHtmlCacheBehavior [ RunTime:0.000634s ]
INFO: [ app_begin ] --END-- [ RunTime:0.000713s ]
SQL: SHOW COLUMNS FROM `vue-productlist` [ RunTime:0.0103s ]
SQL: SELECT * FROM `vue-productlist`  [ RunTime:0.0004s ]

[ 2018-11-15T00:39:36+08:00 ] ::1 /nhkjw/index.php/Home/index/Producmodify
INFO: [ app_init ] --START--
INFO: Run Behavior\BuildLiteBehavior [ RunTime:0.000020s ]
INFO: [ app_init ] --END-- [ RunTime:0.000555s ]
INFO: [ app_begin ] --START--
INFO: Run Behavior\ReadHtmlCacheBehavior [ RunTime:0.000621s ]
INFO: [ app_begin ] --END-- [ RunTime:0.000705s ]
SQL: SHOW COLUMNS FROM `vue-product` [ RunTime:0.0055s ]
SQL: SELECT * FROM `vue-product` WHERE `productID` = 1  [ RunTime:0.0015s ]
SQL: SHOW COLUMNS FROM `vue-serverproductdateattribute` [ RunTime:0.0051s ]
SQL: SELECT * FROM `vue-serverproductdateattribute` WHERE `productID` = 1  [ RunTime:0.0003s ]

[ 2018-11-15T00:40:36+08:00 ] ::1 /nhkjw/index.php/Home/index/Producmodify
INFO: [ app_init ] --START--
INFO: Run Behavior\BuildLiteBehavior [ RunTime:0.000015s ]
INFO: [ app_init ] --END-- [ RunTime:0.000525s ]
INFO: [ app_begin ] --START--
INFO: Run Behavior\ReadHtmlCacheBehavior [ RunTime:0.000718s ]
INFO: [ app_begin ] --END-- [ RunTime:0.000779s ]
SQL: SHOW COLUMNS FROM `vue-product` [ RunTime:0.0076s ]
SQL: SELECT * FROM `vue-product` WHERE `productID` = 1  [ RunTime:0.0006s ]
SQL: SHOW COLUMNS FROM `vue-serverproductdateattribute` [ RunTime:0.0025s ]
SQL: SELECT * FROM `vue-serverproductdateattribute` WHERE `productID` = 1  [ RunTime:0.0004s ]

[ 2018-11-15T00:41:05+08:00 ] ::1 /nhkjw/index.php/Home/index/yunshichang
INFO: [ app_init ] --START--
INFO: Run Behavior\BuildLiteBehavior [ RunTime:0.000019s ]
INFO: [ app_init ] --END-- [ RunTime:0.001009s ]
INFO: [ app_begin ] --START--
INFO: Run Behavior\ReadHtmlCacheBehavior [ RunTime:0.000476s ]
INFO: [ app_begin ] --END-- [ RunTime:0.000537s ]
SQL: SHOW COLUMNS FROM `vue-software` [ RunTime:0.0045s ]
SQL: SELECT * FROM `vue-software`  [ RunTime:0.0005s ]

[ 2018-11-15T00:41:08+08:00 ] ::1 /nhkjw/index.php/Home/index/ceshi
INFO: [ app_init ] --START--
INFO: Run Behavior\BuildLiteBehavior [ RunTime:0.000016s ]
INFO: [ app_init ] --END-- [ RunTime:0.000391s ]
INFO: [ app_begin ] --START--
INFO: Run Behavior\ReadHtmlCacheBehavior [ RunTime:0.000524s ]
INFO: [ app_begin ] --END-- [ RunTime:0.000582s ]
SQL: SHOW COLUMNS FROM `vue-productlist` [ RunTime:0.0038s ]
SQL: SELECT * FROM `vue-productlist`  [ RunTime:0.0005s ]

[ 2018-11-15T00:41:09+08:00 ] ::1 /nhkjw/index.php/Home/index/Producmodify
INFO: [ app_init ] --START--
INFO: Run Behavior\BuildLiteBehavior [ RunTime:0.000015s ]
INFO: [ app_init ] --END-- [ RunTime:0.000567s ]
INFO: [ app_begin ] --START--
INFO: Run Behavior\ReadHtmlCacheBehavior [ RunTime:0.000526s ]
INFO: [ app_begin ] --END-- [ RunTime:0.000586s ]
SQL: SHOW COLUMNS FROM `vue-product` [ RunTime:0.0033s ]
SQL: SELECT * FROM `vue-product` WHERE `productID` = 1  [ RunTime:0.0006s ]
SQL: SHOW COLUMNS FROM `vue-serverproductdateattribute` [ RunTime:0.0107s ]
SQL: SELECT * FROM `vue-serverproductdateattribute` WHERE `productID` = 1  [ RunTime:0.0006s ]

[ 2018-11-15T00:44:27+08:00 ] ::1 /nhkjw/index.php/Home/index/Producmodify
INFO: [ app_init ] --START--
INFO: Run Behavior\BuildLiteBehavior [ RunTime:0.000025s ]
INFO: [ app_init ] --END-- [ RunTime:0.000396s ]
INFO: [ app_begin ] --START--
INFO: Run Behavior\ReadHtmlCacheBehavior [ RunTime:0.000545s ]
INFO: [ app_begin ] --END-- [ RunTime:0.000590s ]
SQL: SHOW COLUMNS FROM `vue-product` [ RunTime:0.0050s ]
SQL: SELECT * FROM `vue-product` WHERE `productID` = 1  [ RunTime:0.0035s ]
SQL: SHOW COLUMNS FROM `vue-serverproductdateattribute` [ RunTime:0.0057s ]
SQL: SELECT * FROM `vue-serverproductdateattribute` WHERE `productID` = 1  [ RunTime:0.0005s ]

[ 2018-11-15T00:46:06+08:00 ] ::1 /nhkjw/index.php/Home/index/Producmodify
INFO: [ app_init ] --START--
INFO: Run Behavior\BuildLiteBehavior [ RunTime:0.000011s ]
INFO: [ app_init ] --END-- [ RunTime:0.000287s ]
INFO: [ app_begin ] --START--
INFO: Run Behavior\ReadHtmlCacheBehavior [ RunTime:0.000360s ]
INFO: [ app_begin ] --END-- [ RunTime:0.000402s ]
SQL: SHOW COLUMNS FROM `vue-product` [ RunTime:0.0031s ]
SQL: SELECT * FROM `vue-product` WHERE `productID` = 1  [ RunTime:0.0006s ]
SQL: SHOW COLUMNS FROM `vue-serverproductdateattribute` [ RunTime:0.0027s ]
SQL: SELECT * FROM `vue-serverproductdateattribute` WHERE `productID` = 1  [ RunTime:0.0004s ]

[ 2018-11-15T00:46:10+08:00 ] ::1 /nhkjw/index.php/Home/index/Producmodify
INFO: [ app_init ] --START--
INFO: Run Behavior\BuildLiteBehavior [ RunTime:0.000013s ]
INFO: [ app_init ] --END-- [ RunTime:0.000366s ]
INFO: [ app_begin ] --START--
INFO: Run Behavior\ReadHtmlCacheBehavior [ RunTime:0.000471s ]
INFO: [ app_begin ] --END-- [ RunTime:0.000520s ]
SQL: SHOW COLUMNS FROM `vue-product` [ RunTime:0.0029s ]
SQL: SELECT * FROM `vue-product` WHERE `productID` = 1  [ RunTime:0.0007s ]
SQL: SHOW COLUMNS FROM `vue-serverproductdateattribute` [ RunTime:0.0034s ]
SQL: SELECT * FROM `vue-serverproductdateattribute` WHERE `productID` = 1  [ RunTime:0.0003s ]

[ 2018-11-15T00:46:50+08:00 ] ::1 /nhkjw/index.php/Home/index/ceshi
INFO: [ app_init ] --START--
INFO: Run Behavior\BuildLiteBehavior [ RunTime:0.000010s ]
INFO: [ app_init ] --END-- [ RunTime:0.000354s ]
INFO: [ app_begin ] --START--
INFO: Run Behavior\ReadHtmlCacheBehavior [ RunTime:0.001424s ]
INFO: [ app_begin ] --END-- [ RunTime:0.001548s ]
SQL: SHOW COLUMNS FROM `vue-productlist` [ RunTime:0.0036s ]
SQL: SELECT * FROM `vue-productlist`  [ RunTime:0.0003s ]

[ 2018-11-15T00:46:51+08:00 ] ::1 /nhkjw/index.php/Home/index/yunshichang
INFO: [ app_init ] --START--
INFO: Run Behavior\BuildLiteBehavior [ RunTime:0.000012s ]
INFO: [ app_init ] --END-- [ RunTime:0.000357s ]
INFO: [ app_begin ] --START--
INFO: Run Behavior\ReadHtmlCacheBehavior [ RunTime:0.000410s ]
INFO: [ app_begin ] --END-- [ RunTime:0.000452s ]
SQL: SHOW COLUMNS FROM `vue-software` [ RunTime:0.0049s ]
SQL: SELECT * FROM `vue-software`  [ RunTime:0.0004s ]

[ 2018-11-15T00:46:52+08:00 ] ::1 /nhkjw/index.php/Home/index/ceshi
INFO: [ app_init ] --START--
INFO: Run Behavior\BuildLiteBehavior [ RunTime:0.000012s ]
INFO: [ app_init ] --END-- [ RunTime:0.000315s ]
INFO: [ app_begin ] --START--
INFO: Run Behavior\ReadHtmlCacheBehavior [ RunTime:0.000389s ]
INFO: [ app_begin ] --END-- [ RunTime:0.000433s ]
SQL: SHOW COLUMNS FROM `vue-productlist` [ RunTime:0.0027s ]
SQL: SELECT * FROM `vue-productlist`  [ RunTime:0.0003s ]

[ 2018-11-15T00:46:54+08:00 ] ::1 /nhkjw/index.php/Home/index/ceshi
INFO: [ app_init ] --START--
INFO: Run Behavior\BuildLiteBehavior [ RunTime:0.000030s ]
INFO: [ app_init ] --END-- [ RunTime:0.002447s ]
INFO: [ app_begin ] --START--
INFO: Run Behavior\ReadHtmlCacheBehavior [ RunTime:0.001189s ]
INFO: [ app_begin ] --END-- [ RunTime:0.001350s ]
SQL: SHOW COLUMNS FROM `vue-productlist` [ RunTime:0.0087s ]
SQL: SELECT * FROM `vue-productlist`  [ RunTime:0.0006s ]

[ 2018-11-15T00:47:03+08:00 ] ::1 /nhkjw/index.php/Home/index/ceshi
INFO: [ app_init ] --START--
INFO: Run Behavior\BuildLiteBehavior [ RunTime:0.000018s ]
INFO: [ app_init ] --END-- [ RunTime:0.000404s ]
INFO: [ app_begin ] --START--
INFO: Run Behavior\ReadHtmlCacheBehavior [ RunTime:0.000422s ]
INFO: [ app_begin ] --END-- [ RunTime:0.000472s ]
SQL: SHOW COLUMNS FROM `vue-productlist` [ RunTime:0.0081s ]
SQL: SELECT * FROM `vue-productlist`  [ RunTime:0.0007s ]

[ 2018-11-15T00:48:04+08:00 ] ::1 /nhkjw/index.php/Home/index/ceshi
INFO: [ app_init ] --START--
INFO: Run Behavior\BuildLiteBehavior [ RunTime:0.000020s ]
INFO: [ app_init ] --END-- [ RunTime:0.002517s ]
INFO: [ app_begin ] --START--
INFO: Run Behavior\ReadHtmlCacheBehavior [ RunTime:0.000844s ]
INFO: [ app_begin ] --END-- [ RunTime:0.000939s ]
SQL: SHOW COLUMNS FROM `vue-productlist` [ RunTime:0.0035s ]
SQL: SELECT * FROM `vue-productlist`  [ RunTime:0.0003s ]

[ 2018-11-15T00:48:08+08:00 ] ::1 /nhkjw/index.php/Home/index/ceshi
INFO: [ app_init ] --START--
INFO: Run Behavior\BuildLiteBehavior [ RunTime:0.000021s ]
INFO: [ app_init ] --END-- [ RunTime:0.000713s ]
INFO: [ app_begin ] --START--
INFO: Run Behavior\ReadHtmlCacheBehavior [ RunTime:0.000721s ]
INFO: [ app_begin ] --END-- [ RunTime:0.000794s ]
SQL: SHOW COLUMNS FROM `vue-productlist` [ RunTime:0.0048s ]
SQL: SELECT * FROM `vue-productlist`  [ RunTime:0.0008s ]

[ 2018-11-15T00:48:17+08:00 ] ::1 /nhkjw/index.php/Home/index/ceshi
INFO: [ app_init ] --START--
INFO: Run Behavior\BuildLiteBehavior [ RunTime:0.000012s ]
INFO: [ app_init ] --END-- [ RunTime:0.000326s ]
INFO: [ app_begin ] --START--
INFO: Run Behavior\ReadHtmlCacheBehavior [ RunTime:0.000408s ]
INFO: [ app_begin ] --END-- [ RunTime:0.000452s ]
SQL: SHOW COLUMNS FROM `vue-productlist` [ RunTime:0.0047s ]
SQL: SELECT * FROM `vue-productlist`  [ RunTime:0.0009s ]

[ 2018-11-15T00:48:28+08:00 ] ::1 /nhkjw/index.php/Home/index/login
INFO: [ app_init ] --START--
INFO: Run Behavior\BuildLiteBehavior [ RunTime:0.000025s ]
INFO: [ app_init ] --END-- [ RunTime:0.001606s ]
INFO: [ app_begin ] --START--
INFO: Run Behavior\ReadHtmlCacheBehavior [ RunTime:0.000538s ]
INFO: [ app_begin ] --END-- [ RunTime:0.000602s ]
SQL: SHOW COLUMNS FROM `vue-user` [ RunTime:0.0080s ]
SQL: SELECT * FROM `vue-user` WHERE `userName` = '333' AND `userPwd` = '33' LIMIT 1   [ RunTime:0.0018s ]

[ 2018-11-15T00:48:29+08:00 ] ::1 /nhkjw/index.php/Home/index/login
INFO: [ app_init ] --START--
INFO: Run Behavior\BuildLiteBehavior [ RunTime:0.000015s ]
INFO: [ app_init ] --END-- [ RunTime:0.000585s ]
INFO: [ app_begin ] --START--
INFO: Run Behavior\ReadHtmlCacheBehavior [ RunTime:0.000544s ]
INFO: [ app_begin ] --END-- [ RunTime:0.000601s ]
SQL: SHOW COLUMNS FROM `vue-user` [ RunTime:0.0081s ]
SQL: SELECT * FROM `vue-user` WHERE `userName` = '333' AND `userPwd` = '333' LIMIT 1   [ RunTime:0.0004s ]

[ 2018-11-15T00:48:31+08:00 ] ::1 /nhkjw/index.php/Home/index/Producmodify
INFO: [ app_init ] --START--
INFO: Run Behavior\BuildLiteBehavior [ RunTime:0.000024s ]
INFO: [ app_init ] --END-- [ RunTime:0.000559s ]
INFO: [ app_begin ] --START--
INFO: Run Behavior\ReadHtmlCacheBehavior [ RunTime:0.001690s ]
INFO: [ app_begin ] --END-- [ RunTime:0.001912s ]
SQL: SHOW COLUMNS FROM `vue-product` [ RunTime:0.0090s ]
SQL: SELECT * FROM `vue-product` WHERE `productID` = 1  [ RunTime:0.0014s ]
SQL: SHOW COLUMNS FROM `vue-serverproductdateattribute` [ RunTime:0.0056s ]
SQL: SELECT * FROM `vue-serverproductdateattribute` WHERE `productID` = 1  [ RunTime:0.0005s ]

[ 2018-11-15T00:48:49+08:00 ] ::1 /nhkjw/index.php/Home/index/ceshi
INFO: [ app_init ] --START--
INFO: Run Behavior\BuildLiteBehavior [ RunTime:0.000012s ]
INFO: [ app_init ] --END-- [ RunTime:0.000342s ]
INFO: [ app_begin ] --START--
INFO: Run Behavior\ReadHtmlCacheBehavior [ RunTime:0.003992s ]
INFO: [ app_begin ] --END-- [ RunTime:0.004063s ]
SQL: SHOW COLUMNS FROM `vue-productlist` [ RunTime:0.0058s ]
SQL: SELECT * FROM `vue-productlist`  [ RunTime:0.0005s ]

[ 2018-11-15T00:49:34+08:00 ] ::1 /nhkjw/index.php/Home/index/ceshi
INFO: [ app_init ] --START--
INFO: Run Behavior\BuildLiteBehavior [ RunTime:0.000011s ]
INFO: [ app_init ] --END-- [ RunTime:0.000370s ]
INFO: [ app_begin ] --START--
INFO: Run Behavior\ReadHtmlCacheBehavior [ RunTime:0.000861s ]
INFO: [ app_begin ] --END-- [ RunTime:0.000904s ]
SQL: SHOW COLUMNS FROM `vue-productlist` [ RunTime:0.0033s ]
SQL: SELECT * FROM `vue-productlist`  [ RunTime:0.0003s ]

[ 2018-11-15T00:49:59+08:00 ] ::1 /nhkjw/index.php/Home/index/yunshichang
INFO: [ app_init ] --START--
INFO: Run Behavior\BuildLiteBehavior [ RunTime:0.000012s ]
INFO: [ app_init ] --END-- [ RunTime:0.000421s ]
INFO: [ app_begin ] --START--
INFO: Run Behavior\ReadHtmlCacheBehavior [ RunTime:0.000413s ]
INFO: [ app_begin ] --END-- [ RunTime:0.000457s ]
SQL: SHOW COLUMNS FROM `vue-software` [ RunTime:0.0040s ]
SQL: SELECT * FROM `vue-software`  [ RunTime:0.0007s ]

[ 2018-11-15T00:50:03+08:00 ] ::1 /nhkjw/index.php/Home/index/ceshi
INFO: [ app_init ] --START--
INFO: Run Behavior\BuildLiteBehavior [ RunTime:0.000022s ]
INFO: [ app_init ] --END-- [ RunTime:0.000506s ]
INFO: [ app_begin ] --START--
INFO: Run Behavior\ReadHtmlCacheBehavior [ RunTime:0.001169s ]
INFO: [ app_begin ] --END-- [ RunTime:0.001300s ]
SQL: SHOW COLUMNS FROM `vue-productlist` [ RunTime:0.0061s ]
SQL: SELECT * FROM `vue-productlist`  [ RunTime:0.0005s ]

[ 2018-11-15T00:54:50+08:00 ] ::1 /nhkjw/index.php/Home/index/ceshi
INFO: [ app_init ] --START--
INFO: Run Behavior\BuildLiteBehavior [ RunTime:0.000010s ]
INFO: [ app_init ] --END-- [ RunTime:0.000346s ]
INFO: [ app_begin ] --START--
INFO: Run Behavior\ReadHtmlCacheBehavior [ RunTime:0.000504s ]
INFO: [ app_begin ] --END-- [ RunTime:0.000548s ]
SQL: SHOW COLUMNS FROM `vue-productlist` [ RunTime:0.0074s ]
SQL: SELECT * FROM `vue-productlist`  [ RunTime:0.0005s ]

[ 2018-11-15T00:55:16+08:00 ] ::1 /nhkjw/index.php/Home/index/Producmodify
INFO: [ app_init ] --START--
INFO: Run Behavior\BuildLiteBehavior [ RunTime:0.000038s ]
INFO: [ app_init ] --END-- [ RunTime:0.005600s ]
INFO: [ app_begin ] --START--
INFO: Run Behavior\ReadHtmlCacheBehavior [ RunTime:0.000612s ]
INFO: [ app_begin ] --END-- [ RunTime:0.000684s ]
SQL: SHOW COLUMNS FROM `vue-product` [ RunTime:0.0051s ]
SQL: SELECT * FROM `vue-product` WHERE `productID` = 1  [ RunTime:0.0009s ]
SQL: SHOW COLUMNS FROM `vue-serverproductdateattribute` [ RunTime:0.0058s ]
SQL: SELECT * FROM `vue-serverproductdateattribute` WHERE `productID` = 1  [ RunTime:0.0003s ]

[ 2018-11-15T00:56:11+08:00 ] ::1 /nhkjw/index.php/Home/index/Producmodify
INFO: [ app_init ] --START--
INFO: Run Behavior\BuildLiteBehavior [ RunTime:0.000018s ]
INFO: [ app_init ] --END-- [ RunTime:0.000434s ]
INFO: [ app_begin ] --START--
INFO: Run Behavior\ReadHtmlCacheBehavior [ RunTime:0.000525s ]
INFO: [ app_begin ] --END-- [ RunTime:0.000594s ]
SQL: SHOW COLUMNS FROM `vue-product` [ RunTime:0.0052s ]
SQL: SELECT * FROM `vue-product` WHERE `productID` = 1  [ RunTime:0.0008s ]
SQL: SHOW COLUMNS FROM `vue-serverproductdateattribute` [ RunTime:0.0026s ]
SQL: SELECT * FROM `vue-serverproductdateattribute` WHERE `productID` = 1  [ RunTime:0.0002s ]

[ 2018-11-15T00:56:16+08:00 ] ::1 /nhkjw/index.php/Home/index/ceshi
INFO: [ app_init ] --START--
INFO: Run Behavior\BuildLiteBehavior [ RunTime:0.000039s ]
INFO: [ app_init ] --END-- [ RunTime:0.000988s ]
INFO: [ app_begin ] --START--
INFO: Run Behavior\ReadHtmlCacheBehavior [ RunTime:0.000924s ]
INFO: [ app_begin ] --END-- [ RunTime:0.001043s ]
SQL: SHOW COLUMNS FROM `vue-productlist` [ RunTime:0.0059s ]
SQL: SELECT * FROM `vue-productlist`  [ RunTime:0.0008s ]

[ 2018-11-15T00:56:18+08:00 ] ::1 /nhkjw/index.php/Home/index/yunshichang
INFO: [ app_init ] --START--
INFO: Run Behavior\BuildLiteBehavior [ RunTime:0.000023s ]
INFO: [ app_init ] --END-- [ RunTime:0.000441s ]
INFO: [ app_begin ] --START--
INFO: Run Behavior\ReadHtmlCacheBehavior [ RunTime:0.000579s ]
INFO: [ app_begin ] --END-- [ RunTime:0.000648s ]
SQL: SHOW COLUMNS FROM `vue-software` [ RunTime:0.0072s ]
SQL: SELECT * FROM `vue-software`  [ RunTime:0.0004s ]

[ 2018-11-15T00:56:21+08:00 ] ::1 /nhkjw/index.php/Home/index/ceshi
INFO: [ app_init ] --START--
INFO: Run Behavior\BuildLiteBehavior [ RunTime:0.000013s ]
INFO: [ app_init ] --END-- [ RunTime:0.000400s ]
INFO: [ app_begin ] --START--
INFO: Run Behavior\ReadHtmlCacheBehavior [ RunTime:0.000618s ]
INFO: [ app_begin ] --END-- [ RunTime:0.000704s ]
SQL: SHOW COLUMNS FROM `vue-productlist` [ RunTime:0.0052s ]
SQL: SELECT * FROM `vue-productlist`  [ RunTime:0.0003s ]

[ 2018-11-15T20:25:12+08:00 ] ::1 /nhkjw/index.php/Home/index/ceshi
INFO: [ app_init ] --START--
INFO: Run Behavior\BuildLiteBehavior [ RunTime:0.000015s ]
INFO: [ app_init ] --END-- [ RunTime:0.002880s ]
INFO: [ app_begin ] --START--
INFO: Run Behavior\ReadHtmlCacheBehavior [ RunTime:0.000898s ]
INFO: [ app_begin ] --END-- [ RunTime:0.000959s ]
SQL: SHOW COLUMNS FROM `vue-productlist` [ RunTime:0.0068s ]
SQL: SELECT * FROM `vue-productlist`  [ RunTime:0.0003s ]

[ 2018-11-15T20:25:54+08:00 ] ::1 /nhkjw/index.php/Home/index/ceshi
INFO: [ app_init ] --START--
INFO: Run Behavior\BuildLiteBehavior [ RunTime:0.000011s ]
INFO: [ app_init ] --END-- [ RunTime:0.000298s ]
INFO: [ app_begin ] --START--
INFO: Run Behavior\ReadHtmlCacheBehavior [ RunTime:0.000492s ]
INFO: [ app_begin ] --END-- [ RunTime:0.000551s ]
SQL: SHOW COLUMNS FROM `vue-productlist` [ RunTime:0.0030s ]
SQL: SELECT * FROM `vue-productlist`  [ RunTime:0.0004s ]

[ 2018-11-15T20:26:05+08:00 ] ::1 /nhkjw/index.php/Home/index/ceshi
INFO: [ app_init ] --START--
INFO: Run Behavior\BuildLiteBehavior [ RunTime:0.000034s ]
INFO: [ app_init ] --END-- [ RunTime:0.001577s ]
INFO: [ app_begin ] --START--
INFO: Run Behavior\ReadHtmlCacheBehavior [ RunTime:0.000423s ]
INFO: [ app_begin ] --END-- [ RunTime:0.000475s ]
SQL: SHOW COLUMNS FROM `vue-productlist` [ RunTime:0.0054s ]
SQL: SELECT * FROM `vue-productlist`  [ RunTime:0.0006s ]

[ 2018-11-15T20:26:06+08:00 ] ::1 /nhkjw/index.php/Home/index/ceshi
INFO: [ app_init ] --START--
INFO: Run Behavior\BuildLiteBehavior [ RunTime:0.000020s ]
INFO: [ app_init ] --END-- [ RunTime:0.000563s ]
INFO: [ app_begin ] --START--
INFO: Run Behavior\ReadHtmlCacheBehavior [ RunTime:0.000675s ]
INFO: [ app_begin ] --END-- [ RunTime:0.000766s ]
SQL: SHOW COLUMNS FROM `vue-productlist` [ RunTime:0.0052s ]
SQL: SELECT * FROM `vue-productlist`  [ RunTime:0.0005s ]

[ 2018-11-15T20:26:14+08:00 ] ::1 /nhkjw/index.php/Home/index/ceshi
INFO: [ app_init ] --START--
INFO: Run Behavior\BuildLiteBehavior [ RunTime:0.000011s ]
INFO: [ app_init ] --END-- [ RunTime:0.000304s ]
INFO: [ app_begin ] --START--
INFO: Run Behavior\ReadHtmlCacheBehavior [ RunTime:0.000418s ]
INFO: [ app_begin ] --END-- [ RunTime:0.000461s ]
SQL: SHOW COLUMNS FROM `vue-productlist` [ RunTime:0.0026s ]
SQL: SELECT * FROM `vue-productlist`  [ RunTime:0.0003s ]

[ 2018-11-15T20:26:15+08:00 ] ::1 /nhkjw/index.php/Home/index/ceshi
INFO: [ app_init ] --START--
INFO: Run Behavior\BuildLiteBehavior [ RunTime:0.000012s ]
INFO: [ app_init ] --END-- [ RunTime:0.000382s ]
INFO: [ app_begin ] --START--
INFO: Run Behavior\ReadHtmlCacheBehavior [ RunTime:0.000568s ]
INFO: [ app_begin ] --END-- [ RunTime:0.000655s ]
SQL: SHOW COLUMNS FROM `vue-productlist` [ RunTime:0.0030s ]
SQL: SELECT * FROM `vue-productlist`  [ RunTime:0.0003s ]

[ 2018-11-15T20:27:09+08:00 ] ::1 /nhkjw/index.php/Home/index/ceshi
INFO: [ app_init ] --START--
INFO: Run Behavior\BuildLiteBehavior [ RunTime:0.000014s ]
INFO: [ app_init ] --END-- [ RunTime:0.000725s ]
INFO: [ app_begin ] --START--
INFO: Run Behavior\ReadHtmlCacheBehavior [ RunTime:0.000665s ]
INFO: [ app_begin ] --END-- [ RunTime:0.000749s ]
SQL: SHOW COLUMNS FROM `vue-productlist` [ RunTime:0.0055s ]
SQL: SELECT * FROM `vue-productlist`  [ RunTime:0.0010s ]

[ 2018-11-15T20:27:18+08:00 ] ::1 /nhkjw/index.php/Home/index/yunshichang
INFO: [ app_init ] --START--
INFO: Run Behavior\BuildLiteBehavior [ RunTime:0.000012s ]
INFO: [ app_init ] --END-- [ RunTime:0.000343s ]
INFO: [ app_begin ] --START--
INFO: Run Behavior\ReadHtmlCacheBehavior [ RunTime:0.000506s ]
INFO: [ app_begin ] --END-- [ RunTime:0.000548s ]
SQL: SHOW COLUMNS FROM `vue-software` [ RunTime:0.0062s ]
SQL: SELECT * FROM `vue-software`  [ RunTime:0.0005s ]

[ 2018-11-15T20:27:27+08:00 ] ::1 /nhkjw/index.php/Home/index/ceshi
INFO: [ app_init ] --START--
INFO: Run Behavior\BuildLiteBehavior [ RunTime:0.000016s ]
INFO: [ app_init ] --END-- [ RunTime:0.000528s ]
INFO: [ app_begin ] --START--
INFO: Run Behavior\ReadHtmlCacheBehavior [ RunTime:0.000609s ]
INFO: [ app_begin ] --END-- [ RunTime:0.000679s ]
SQL: SHOW COLUMNS FROM `vue-productlist` [ RunTime:0.0029s ]
SQL: SELECT * FROM `vue-productlist`  [ RunTime:0.0003s ]

[ 2018-11-15T20:27:30+08:00 ] ::1 /nhkjw/index.php/Home/index/ceshi
INFO: [ app_init ] --START--
INFO: Run Behavior\BuildLiteBehavior [ RunTime:0.000014s ]
INFO: [ app_init ] --END-- [ RunTime:0.000335s ]
INFO: [ app_begin ] --START--
INFO: Run Behavior\ReadHtmlCacheBehavior [ RunTime:0.000530s ]
INFO: [ app_begin ] --END-- [ RunTime:0.000585s ]
SQL: SHOW COLUMNS FROM `vue-productlist` [ RunTime:0.0030s ]
SQL: SELECT * FROM `vue-productlist`  [ RunTime:0.0003s ]

[ 2018-11-15T20:27:37+08:00 ] ::1 /nhkjw/index.php/Home/index/login
INFO: [ app_init ] --START--
INFO: Run Behavior\BuildLiteBehavior [ RunTime:0.000012s ]
INFO: [ app_init ] --END-- [ RunTime:0.000390s ]
INFO: [ app_begin ] --START--
INFO: Run Behavior\ReadHtmlCacheBehavior [ RunTime:0.000429s ]
INFO: [ app_begin ] --END-- [ RunTime:0.000482s ]
SQL: SHOW COLUMNS FROM `vue-user` [ RunTime:0.0062s ]
SQL: SELECT * FROM `vue-user` WHERE `userName` = '333' AND `userPwd` = '333' LIMIT 1   [ RunTime:0.0079s ]

[ 2018-11-15T20:27:45+08:00 ] ::1 /nhkjw/index.php/Home/index/Producmodify
INFO: [ app_init ] --START--
INFO: Run Behavior\BuildLiteBehavior [ RunTime:0.000013s ]
INFO: [ app_init ] --END-- [ RunTime:0.000407s ]
INFO: [ app_begin ] --START--
INFO: Run Behavior\ReadHtmlCacheBehavior [ RunTime:0.000603s ]
INFO: [ app_begin ] --END-- [ RunTime:0.000688s ]
SQL: SHOW COLUMNS FROM `vue-product` [ RunTime:0.0368s ]
SQL: SELECT * FROM `vue-product` WHERE `productID` = 1  [ RunTime:0.0033s ]
SQL: SHOW COLUMNS FROM `vue-serverproductdateattribute` [ RunTime:0.0060s ]
SQL: SELECT * FROM `vue-serverproductdateattribute` WHERE `productID` = 1  [ RunTime:0.0004s ]

[ 2018-11-15T20:30:43+08:00 ] ::1 /nhkjw/index.php/Home/index/Producmodify
INFO: [ app_init ] --START--
INFO: Run Behavior\BuildLiteBehavior [ RunTime:0.000012s ]
INFO: [ app_init ] --END-- [ RunTime:0.000369s ]
INFO: [ app_begin ] --START--
INFO: Run Behavior\ReadHtmlCacheBehavior [ RunTime:0.000545s ]
INFO: [ app_begin ] --END-- [ RunTime:0.000599s ]
SQL: SHOW COLUMNS FROM `vue-product` [ RunTime:0.0049s ]
SQL: SELECT * FROM `vue-product` WHERE `productID` = 1  [ RunTime:0.0008s ]
SQL: SHOW COLUMNS FROM `vue-serverproductdateattribute` [ RunTime:0.0028s ]
SQL: SELECT * FROM `vue-serverproductdateattribute` WHERE `productID` = 1  [ RunTime:0.0002s ]

[ 2018-11-15T22:16:23+08:00 ] ::1 /nhkjw/index.php/Home/index/ceshi
INFO: [ app_init ] --START--
INFO: Run Behavior\BuildLiteBehavior [ RunTime:0.000874s ]
INFO: [ app_init ] --END-- [ RunTime:0.002437s ]
INFO: [ app_begin ] --START--
INFO: Run Behavior\ReadHtmlCacheBehavior [ RunTime:0.000959s ]
INFO: [ app_begin ] --END-- [ RunTime:0.001030s ]
SQL: SHOW COLUMNS FROM `vue-productlist` [ RunTime:0.0095s ]
SQL: SELECT * FROM `vue-productlist`  [ RunTime:0.0006s ]

