[ 2018-11-03T00:48:32+08:00 ] ::1 /nhkjw/index.php/Home/index/login
INFO: [ app_init ] --START--
INFO: Run Behavior\BuildLiteBehavior [ RunTime:0.000011s ]
INFO: [ app_init ] --END-- [ RunTime:0.000489s ]
INFO: [ app_begin ] --START--
INFO: Run Behavior\ReadHtmlCacheBehavior [ RunTime:0.001540s ]
INFO: [ app_begin ] --END-- [ RunTime:0.001898s ]
SQL: SHOW COLUMNS FROM `vue-user` [ RunTime:0.0040s ]
SQL: SELECT * FROM `vue-user` WHERE `userName` = '333' AND `userPwd` = '333' LIMIT 1   [ RunTime:0.0004s ]

[ 2018-11-03T00:48:50+08:00 ] ::1 /nhkjw/index.php/Home/index/login
INFO: [ app_init ] --START--
INFO: Run Behavior\BuildLiteBehavior [ RunTime:0.000015s ]
INFO: [ app_init ] --END-- [ RunTime:0.000708s ]
INFO: [ app_begin ] --START--
INFO: Run Behavior\ReadHtmlCacheBehavior [ RunTime:0.001766s ]
INFO: [ app_begin ] --END-- [ RunTime:0.001950s ]
SQL: SHOW COLUMNS FROM `vue-user` [ RunTime:0.0046s ]
SQL: SELECT * FROM `vue-user` WHERE `userName` = '333' AND `userPwd` = '333' LIMIT 1   [ RunTime:0.0004s ]

[ 2018-11-03T00:54:58+08:00 ] ::1 /nhkjw/index.php/Home/index/login
INFO: [ app_init ] --START--
INFO: Run Behavior\BuildLiteBehavior [ RunTime:0.000012s ]
INFO: [ app_init ] --END-- [ RunTime:0.000438s ]
INFO: [ app_begin ] --START--
INFO: Run Behavior\ReadHtmlCacheBehavior [ RunTime:0.001764s ]
INFO: [ app_begin ] --END-- [ RunTime:0.001874s ]
SQL: SHOW COLUMNS FROM `vue-user` [ RunTime:0.0048s ]
SQL: SELECT * FROM `vue-user` WHERE `userName` = '333' AND `userPwd` = '333' LIMIT 1   [ RunTime:0.0005s ]

[ 2018-11-03T00:57:26+08:00 ] ::1 /nhkjw/index.php/Home/index/login
INFO: [ app_init ] --START--
INFO: Run Behavior\BuildLiteBehavior [ RunTime:0.000031s ]
INFO: [ app_init ] --END-- [ RunTime:0.000639s ]
INFO: [ app_begin ] --START--
INFO: Run Behavior\ReadHtmlCacheBehavior [ RunTime:0.000962s ]
INFO: [ app_begin ] --END-- [ RunTime:0.001176s ]
SQL: SHOW COLUMNS FROM `vue-user` [ RunTime:0.0027s ]
SQL: SELECT * FROM `vue-user` WHERE `userName` = '333' AND `userPwd` = '333' LIMIT 1   [ RunTime:0.0009s ]

[ 2018-11-03T00:57:43+08:00 ] ::1 /nhkjw/index.php/Home/index/login
INFO: [ app_init ] --START--
INFO: Run Behavior\BuildLiteBehavior [ RunTime:0.000011s ]
INFO: [ app_init ] --END-- [ RunTime:0.000395s ]
INFO: [ app_begin ] --START--
INFO: Run Behavior\ReadHtmlCacheBehavior [ RunTime:0.000549s ]
INFO: [ app_begin ] --END-- [ RunTime:0.000620s ]
SQL: SHOW COLUMNS FROM `vue-user` [ RunTime:0.0037s ]
SQL: SELECT * FROM `vue-user` WHERE `userName` = '333' AND `userPwd` = '333' LIMIT 1   [ RunTime:0.0004s ]

[ 2018-11-03T01:00:01+08:00 ] ::1 /nhkjw/index.php/Home/index/login
INFO: [ app_init ] --START--
INFO: Run Behavior\BuildLiteBehavior [ RunTime:0.000012s ]
INFO: [ app_init ] --END-- [ RunTime:0.000402s ]
INFO: [ app_begin ] --START--
INFO: Run Behavior\ReadHtmlCacheBehavior [ RunTime:0.000561s ]
INFO: [ app_begin ] --END-- [ RunTime:0.000615s ]
SQL: SHOW COLUMNS FROM `vue-user` [ RunTime:0.0038s ]
SQL: SELECT * FROM `vue-user` WHERE `userName` = '333' AND `userPwd` = '333' LIMIT 1   [ RunTime:0.0005s ]

[ 2018-11-03T01:15:34+08:00 ] ::1 /nhkjw/index.php/Home/index/login
INFO: [ app_init ] --START--
INFO: Run Behavior\BuildLiteBehavior [ RunTime:0.000010s ]
INFO: [ app_init ] --END-- [ RunTime:0.000431s ]
INFO: [ app_begin ] --START--
INFO: Run Behavior\ReadHtmlCacheBehavior [ RunTime:0.000930s ]
INFO: [ app_begin ] --END-- [ RunTime:0.001009s ]
SQL: SHOW COLUMNS FROM `vue-user` [ RunTime:0.0049s ]
SQL: SELECT * FROM `vue-user` WHERE `userName` = '333' AND `userPwd` = '333' LIMIT 1   [ RunTime:0.0004s ]

[ 2018-11-03T01:16:41+08:00 ] ::1 /nhkjw/index.php/Home/index/login
INFO: [ app_init ] --START--
INFO: Run Behavior\BuildLiteBehavior [ RunTime:0.000010s ]
INFO: [ app_init ] --END-- [ RunTime:0.000295s ]
INFO: [ app_begin ] --START--
INFO: Run Behavior\ReadHtmlCacheBehavior [ RunTime:0.000404s ]
INFO: [ app_begin ] --END-- [ RunTime:0.000448s ]
SQL: SHOW COLUMNS FROM `vue-user` [ RunTime:0.0035s ]
SQL: SELECT * FROM `vue-user` WHERE `userName` = '333' AND `userPwd` = '333' LIMIT 1   [ RunTime:0.0005s ]
NOTIC: [8] Use of undefined constant userphone - assumed 'userphone' J:\xampp\htdocs\NHKJW\Application\Home\Controller\IndexController.class.php 第 26 行.
NOTIC: [8] Array to string conversion J:\xampp\htdocs\NHKJW\Application\Home\Controller\IndexController.class.php 第 26 行.

[ 2018-11-03T01:17:19+08:00 ] ::1 /nhkjw/index.php/Home/index/login
INFO: [ app_init ] --START--
INFO: Run Behavior\BuildLiteBehavior [ RunTime:0.000052s ]
INFO: [ app_init ] --END-- [ RunTime:0.000399s ]
INFO: [ app_begin ] --START--
INFO: Run Behavior\ReadHtmlCacheBehavior [ RunTime:0.000739s ]
INFO: [ app_begin ] --END-- [ RunTime:0.000946s ]
SQL: SHOW COLUMNS FROM `vue-user` [ RunTime:0.0031s ]
SQL: SELECT * FROM `vue-user` WHERE `userName` = '333' AND `userPwd` = '333' LIMIT 1   [ RunTime:0.0003s ]

[ 2018-11-03T01:23:48+08:00 ] ::1 /nhkjw/index.php/Home/index/login
INFO: [ app_init ] --START--
INFO: Run Behavior\BuildLiteBehavior [ RunTime:0.000010s ]
INFO: [ app_init ] --END-- [ RunTime:0.000348s ]
INFO: [ app_begin ] --START--
INFO: Run Behavior\ReadHtmlCacheBehavior [ RunTime:0.000785s ]
INFO: [ app_begin ] --END-- [ RunTime:0.000832s ]
SQL: SHOW COLUMNS FROM `vue-user` [ RunTime:0.0058s ]
SQL: SELECT * FROM `vue-user` WHERE `userName` = '333' AND `userPwd` = '333' LIMIT 1   [ RunTime:0.0013s ]
NOTIC: [8] Undefined offset: 4 J:\xampp\htdocs\NHKJW\Application\Home\Controller\IndexController.class.php 第 26 行.

[ 2018-11-03T01:26:56+08:00 ] ::1 /nhkjw/index.php/Home/index/login
INFO: [ app_init ] --START--
INFO: Run Behavior\BuildLiteBehavior [ RunTime:0.000037s ]
INFO: [ app_init ] --END-- [ RunTime:0.000749s ]
INFO: [ app_begin ] --START--
INFO: Run Behavior\ReadHtmlCacheBehavior [ RunTime:0.000602s ]
INFO: [ app_begin ] --END-- [ RunTime:0.000660s ]
SQL: SHOW COLUMNS FROM `vue-user` [ RunTime:0.0046s ]
SQL: SELECT * FROM `vue-user` WHERE `userName` = '333' AND `userPwd` = '333' LIMIT 1   [ RunTime:0.0003s ]
NOTIC: [8] Undefined offset: 3 J:\xampp\htdocs\NHKJW\Application\Home\Controller\IndexController.class.php 第 26 行.

[ 2018-11-03T01:30:46+08:00 ] ::1 /nhkjw/index.php/Home/index/login
INFO: [ app_init ] --START--
INFO: Run Behavior\BuildLiteBehavior [ RunTime:0.000015s ]
INFO: [ app_init ] --END-- [ RunTime:0.003962s ]
INFO: [ app_begin ] --START--
INFO: Run Behavior\ReadHtmlCacheBehavior [ RunTime:0.000929s ]
INFO: [ app_begin ] --END-- [ RunTime:0.001003s ]
SQL: SHOW COLUMNS FROM `vue-user` [ RunTime:0.0035s ]
SQL: SELECT * FROM `vue-user` WHERE `userName` = '333' AND `userPwd` = '333' LIMIT 1   [ RunTime:0.0004s ]

[ 2018-11-03T01:43:17+08:00 ] ::1 /nhkjw/index.php/Home/index/login
INFO: [ app_init ] --START--
INFO: Run Behavior\BuildLiteBehavior [ RunTime:0.000067s ]
INFO: [ app_init ] --END-- [ RunTime:0.001990s ]
INFO: [ app_begin ] --START--
INFO: Run Behavior\ReadHtmlCacheBehavior [ RunTime:0.001207s ]
INFO: [ app_begin ] --END-- [ RunTime:0.001333s ]
SQL: SHOW COLUMNS FROM `vue-user` [ RunTime:0.0042s ]
SQL: SELECT * FROM `vue-user` WHERE `userName` = '333' AND `userPwd` = '333' LIMIT 1   [ RunTime:0.0004s ]

[ 2018-11-03T01:43:38+08:00 ] ::1 /nhkjw/index.php/Home/index/login
INFO: [ app_init ] --START--
INFO: Run Behavior\BuildLiteBehavior [ RunTime:0.000037s ]
INFO: [ app_init ] --END-- [ RunTime:0.001121s ]
INFO: [ app_begin ] --START--
INFO: Run Behavior\ReadHtmlCacheBehavior [ RunTime:0.001035s ]
INFO: [ app_begin ] --END-- [ RunTime:0.001125s ]
SQL: SHOW COLUMNS FROM `vue-user` [ RunTime:0.0045s ]
SQL: SELECT * FROM `vue-user` WHERE `userName` = '333' AND `userPwd` = '333' LIMIT 1   [ RunTime:0.0003s ]

[ 2018-11-03T01:45:03+08:00 ] ::1 /nhkjw/index.php/Home/index/login
INFO: [ app_init ] --START--
INFO: Run Behavior\BuildLiteBehavior [ RunTime:0.000011s ]
INFO: [ app_init ] --END-- [ RunTime:0.000350s ]
INFO: [ app_begin ] --START--
INFO: Run Behavior\ReadHtmlCacheBehavior [ RunTime:0.000722s ]
INFO: [ app_begin ] --END-- [ RunTime:0.000833s ]
SQL: SHOW COLUMNS FROM `vue-user` [ RunTime:0.0048s ]
SQL: SELECT * FROM `vue-user` WHERE `userName` = '333' AND `userPwd` = '333' LIMIT 1   [ RunTime:0.0014s ]

[ 2018-11-03T01:48:58+08:00 ] ::1 /nhkjw/index.php/Home/index/login
INFO: [ app_init ] --START--
INFO: Run Behavior\BuildLiteBehavior [ RunTime:0.000013s ]
INFO: [ app_init ] --END-- [ RunTime:0.000433s ]
INFO: [ app_begin ] --START--
INFO: Run Behavior\ReadHtmlCacheBehavior [ RunTime:0.000491s ]
INFO: [ app_begin ] --END-- [ RunTime:0.000551s ]
SQL: SHOW COLUMNS FROM `vue-user` [ RunTime:0.0035s ]
SQL: SELECT * FROM `vue-user` WHERE `userName` = '333' AND `userPwd` = '333' LIMIT 1   [ RunTime:0.0004s ]

[ 2018-11-03T01:49:38+08:00 ] ::1 /nhkjw/index.php/Home/index/login
INFO: [ app_init ] --START--
INFO: Run Behavior\BuildLiteBehavior [ RunTime:0.000010s ]
INFO: [ app_init ] --END-- [ RunTime:0.000342s ]
INFO: [ app_begin ] --START--
INFO: Run Behavior\ReadHtmlCacheBehavior [ RunTime:0.000558s ]
INFO: [ app_begin ] --END-- [ RunTime:0.000610s ]
SQL: SHOW COLUMNS FROM `vue-user` [ RunTime:0.0045s ]
SQL: SELECT * FROM `vue-user` WHERE `userName` = '123' AND `userPwd` = '123' LIMIT 1   [ RunTime:0.0003s ]

[ 2018-11-03T01:51:17+08:00 ] ::1 /nhkjw/index.php/Home/index/login
INFO: [ app_init ] --START--
INFO: Run Behavior\BuildLiteBehavior [ RunTime:0.000013s ]
INFO: [ app_init ] --END-- [ RunTime:0.000657s ]
INFO: [ app_begin ] --START--
INFO: Run Behavior\ReadHtmlCacheBehavior [ RunTime:0.000784s ]
INFO: [ app_begin ] --END-- [ RunTime:0.000870s ]
SQL: SHOW COLUMNS FROM `vue-user` [ RunTime:0.0043s ]
SQL: SELECT * FROM `vue-user` WHERE `userName` = '123' AND `userPwd` = '123' LIMIT 1   [ RunTime:0.0004s ]

[ 2018-11-03T01:59:33+08:00 ] ::1 /nhkjw/index.php/Home/index/login
INFO: [ app_init ] --START--
INFO: Run Behavior\BuildLiteBehavior [ RunTime:0.000027s ]
INFO: [ app_init ] --END-- [ RunTime:0.000596s ]
INFO: [ app_begin ] --START--
INFO: Run Behavior\ReadHtmlCacheBehavior [ RunTime:0.000837s ]
INFO: [ app_begin ] --END-- [ RunTime:0.000881s ]
SQL: SHOW COLUMNS FROM `vue-user` [ RunTime:0.0038s ]
SQL: SELECT * FROM `vue-user` WHERE `userName` = '333' AND `userPwd` = '333' LIMIT 1   [ RunTime:0.0004s ]

[ 2018-11-03T02:10:53+08:00 ] ::1 /nhkjw/index.php/Home/index/login
INFO: [ app_init ] --START--
INFO: Run Behavior\BuildLiteBehavior [ RunTime:0.000014s ]
INFO: [ app_init ] --END-- [ RunTime:0.001911s ]
INFO: [ app_begin ] --START--
INFO: Run Behavior\ReadHtmlCacheBehavior [ RunTime:0.000562s ]
INFO: [ app_begin ] --END-- [ RunTime:0.000616s ]
SQL: SHOW COLUMNS FROM `vue-user` [ RunTime:0.0040s ]
SQL: SELECT * FROM `vue-user` WHERE `userName` = '123' AND `userPwd` = '123' LIMIT 1   [ RunTime:0.0005s ]

[ 2018-11-03T02:11:53+08:00 ] ::1 /nhkjw/index.php/Home/index/login
INFO: [ app_init ] --START--
INFO: Run Behavior\BuildLiteBehavior [ RunTime:0.000011s ]
INFO: [ app_init ] --END-- [ RunTime:0.000403s ]
INFO: [ app_begin ] --START--
INFO: Run Behavior\ReadHtmlCacheBehavior [ RunTime:0.000841s ]
INFO: [ app_begin ] --END-- [ RunTime:0.001018s ]
SQL: SHOW COLUMNS FROM `vue-user` [ RunTime:0.0042s ]
SQL: SELECT * FROM `vue-user` WHERE `userName` = '333' AND `userPwd` = '333' LIMIT 1   [ RunTime:0.0003s ]

[ 2018-11-03T02:13:00+08:00 ] ::1 /nhkjw/index.php/Home/index/login
INFO: [ app_init ] --START--
INFO: Run Behavior\BuildLiteBehavior [ RunTime:0.000013s ]
INFO: [ app_init ] --END-- [ RunTime:0.000819s ]
INFO: [ app_begin ] --START--
INFO: Run Behavior\ReadHtmlCacheBehavior [ RunTime:0.000962s ]
INFO: [ app_begin ] --END-- [ RunTime:0.001009s ]
SQL: SHOW COLUMNS FROM `vue-user` [ RunTime:0.0051s ]
SQL: SELECT * FROM `vue-user` WHERE `userName` = '333' AND `userPwd` = '333' LIMIT 1   [ RunTime:0.0005s ]

[ 2018-11-03T02:23:48+08:00 ] ::1 /nhkjw/index.php/Home/index/login
INFO: [ app_init ] --START--
INFO: Run Behavior\BuildLiteBehavior [ RunTime:0.000018s ]
INFO: [ app_init ] --END-- [ RunTime:0.000468s ]
INFO: [ app_begin ] --START--
INFO: Run Behavior\ReadHtmlCacheBehavior [ RunTime:0.000936s ]
INFO: [ app_begin ] --END-- [ RunTime:0.001163s ]
SQL: SHOW COLUMNS FROM `vue-user` [ RunTime:0.0107s ]
SQL: SELECT * FROM `vue-user` WHERE `userName` = '333' AND `userPwd` = '333' LIMIT 1   [ RunTime:0.0007s ]

[ 2018-11-03T02:25:29+08:00 ] ::1 /nhkjw/index.php/Home/index/login
INFO: [ app_init ] --START--
INFO: Run Behavior\BuildLiteBehavior [ RunTime:0.000029s ]
INFO: [ app_init ] --END-- [ RunTime:0.000568s ]
INFO: [ app_begin ] --START--
INFO: Run Behavior\ReadHtmlCacheBehavior [ RunTime:0.003509s ]
INFO: [ app_begin ] --END-- [ RunTime:0.003597s ]
SQL: SHOW COLUMNS FROM `vue-user` [ RunTime:0.0040s ]
SQL: SELECT * FROM `vue-user` WHERE `userName` = '333' AND `userPwd` = '333' LIMIT 1   [ RunTime:0.0004s ]

[ 2018-11-03T02:27:25+08:00 ] ::1 /nhkjw/index.php/Home/index/login
INFO: [ app_init ] --START--
INFO: Run Behavior\BuildLiteBehavior [ RunTime:0.000010s ]
INFO: [ app_init ] --END-- [ RunTime:0.000316s ]
INFO: [ app_begin ] --START--
INFO: Run Behavior\ReadHtmlCacheBehavior [ RunTime:0.000508s ]
INFO: [ app_begin ] --END-- [ RunTime:0.000615s ]
SQL: SHOW COLUMNS FROM `vue-user` [ RunTime:0.0037s ]
SQL: SELECT * FROM `vue-user` WHERE `userName` = '333' AND `userPwd` = '333' LIMIT 1   [ RunTime:0.0005s ]

[ 2018-11-03T02:28:24+08:00 ] ::1 /nhkjw/index.php/Home/index/login
INFO: [ app_init ] --START--
INFO: Run Behavior\BuildLiteBehavior [ RunTime:0.000011s ]
INFO: [ app_init ] --END-- [ RunTime:0.000382s ]
INFO: [ app_begin ] --START--
INFO: Run Behavior\ReadHtmlCacheBehavior [ RunTime:0.000499s ]
INFO: [ app_begin ] --END-- [ RunTime:0.000542s ]
SQL: SHOW COLUMNS FROM `vue-user` [ RunTime:0.0047s ]
SQL: SELECT * FROM `vue-user` WHERE `userName` = '333' AND `userPwd` = '333' LIMIT 1   [ RunTime:0.0004s ]

[ 2018-11-03T02:29:00+08:00 ] ::1 /nhkjw/index.php/Home/index/login
INFO: [ app_init ] --START--
INFO: Run Behavior\BuildLiteBehavior [ RunTime:0.000010s ]
INFO: [ app_init ] --END-- [ RunTime:0.000263s ]
INFO: [ app_begin ] --START--
INFO: Run Behavior\ReadHtmlCacheBehavior [ RunTime:0.000400s ]
INFO: [ app_begin ] --END-- [ RunTime:0.000445s ]
SQL: SHOW COLUMNS FROM `vue-user` [ RunTime:0.0031s ]
SQL: SELECT * FROM `vue-user` WHERE `userName` = '333' AND `userPwd` = '333' LIMIT 1   [ RunTime:0.0004s ]

[ 2018-11-03T02:29:22+08:00 ] ::1 /nhkjw/index.php/Home/index/login
INFO: [ app_init ] --START--
INFO: Run Behavior\BuildLiteBehavior [ RunTime:0.000011s ]
INFO: [ app_init ] --END-- [ RunTime:0.000276s ]
INFO: [ app_begin ] --START--
INFO: Run Behavior\ReadHtmlCacheBehavior [ RunTime:0.000389s ]
INFO: [ app_begin ] --END-- [ RunTime:0.000441s ]
SQL: SHOW COLUMNS FROM `vue-user` [ RunTime:0.0040s ]
SQL: SELECT * FROM `vue-user` WHERE `userName` = '123' AND `userPwd` = '123' LIMIT 1   [ RunTime:0.0007s ]

[ 2018-11-03T02:29:46+08:00 ] ::1 /nhkjw/index.php/Home/index/login
INFO: [ app_init ] --START--
INFO: Run Behavior\BuildLiteBehavior [ RunTime:0.000057s ]
INFO: [ app_init ] --END-- [ RunTime:0.001631s ]
INFO: [ app_begin ] --START--
INFO: Run Behavior\ReadHtmlCacheBehavior [ RunTime:0.001954s ]
INFO: [ app_begin ] --END-- [ RunTime:0.002079s ]
SQL: SHOW COLUMNS FROM `vue-user` [ RunTime:0.0062s ]
SQL: SELECT * FROM `vue-user` WHERE `userName` = '123' AND `userPwd` = '123' LIMIT 1   [ RunTime:0.0021s ]

[ 2018-11-03T15:15:45+08:00 ] ::1 /nhkjw/index.php/Home/index/login
INFO: [ app_init ] --START--
INFO: Run Behavior\BuildLiteBehavior [ RunTime:0.000014s ]
INFO: [ app_init ] --END-- [ RunTime:0.001379s ]
INFO: [ app_begin ] --START--
INFO: Run Behavior\ReadHtmlCacheBehavior [ RunTime:0.001022s ]
INFO: [ app_begin ] --END-- [ RunTime:0.001080s ]
SQL: SHOW COLUMNS FROM `vue-user` [ RunTime:0.0135s ]
SQL: SELECT * FROM `vue-user` WHERE `userName` = '333' AND `userPwd` = '333' LIMIT 1   [ RunTime:0.0037s ]

[ 2018-11-03T15:15:54+08:00 ] ::1 /nhkjw/index.php/Home/index/login
INFO: [ app_init ] --START--
INFO: Run Behavior\BuildLiteBehavior [ RunTime:0.000012s ]
INFO: [ app_init ] --END-- [ RunTime:0.000326s ]
INFO: [ app_begin ] --START--
INFO: Run Behavior\ReadHtmlCacheBehavior [ RunTime:0.000431s ]
INFO: [ app_begin ] --END-- [ RunTime:0.000477s ]
SQL: SHOW COLUMNS FROM `vue-user` [ RunTime:0.0082s ]
SQL: SELECT * FROM `vue-user` WHERE `userName` = '333' AND `userPwd` = '333' LIMIT 1   [ RunTime:0.0009s ]

[ 2018-11-03T15:16:11+08:00 ] ::1 /nhkjw/index.php/Home/index/login
INFO: [ app_init ] --START--
INFO: Run Behavior\BuildLiteBehavior [ RunTime:0.000021s ]
INFO: [ app_init ] --END-- [ RunTime:0.001048s ]
INFO: [ app_begin ] --START--
INFO: Run Behavior\ReadHtmlCacheBehavior [ RunTime:0.000767s ]
INFO: [ app_begin ] --END-- [ RunTime:0.000861s ]
SQL: SHOW COLUMNS FROM `vue-user` [ RunTime:0.0083s ]
SQL: SELECT * FROM `vue-user` WHERE `userName` = '123' AND `userPwd` = '123' LIMIT 1   [ RunTime:0.0013s ]

[ 2018-11-03T15:16:28+08:00 ] ::1 /nhkjw/index.php/Home/index/login
INFO: [ app_init ] --START--
INFO: Run Behavior\BuildLiteBehavior [ RunTime:0.000022s ]
INFO: [ app_init ] --END-- [ RunTime:0.002124s ]
INFO: [ app_begin ] --START--
INFO: Run Behavior\ReadHtmlCacheBehavior [ RunTime:0.004840s ]
INFO: [ app_begin ] --END-- [ RunTime:0.005894s ]
SQL: SHOW COLUMNS FROM `vue-user` [ RunTime:0.0056s ]
SQL: SELECT * FROM `vue-user` WHERE `userName` = '123' AND `userPwd` = '123' LIMIT 1   [ RunTime:0.0011s ]

