[ 2018-11-25T00:06:57+08:00 ] ::1 /nhkjw/index.php/Home/index/getProductCat
INFO: [ app_init ] --START--
INFO: Run Behavior\BuildLiteBehavior [ RunTime:0.000020s ]
INFO: [ app_init ] --END-- [ RunTime:0.000527s ]
INFO: [ app_begin ] --START--
INFO: Run Behavior\ReadHtmlCacheBehavior [ RunTime:0.000572s ]
INFO: [ app_begin ] --END-- [ RunTime:0.000620s ]
SQL: SHOW COLUMNS FROM `vue-shopingcart` [ RunTime:0.0038s ]
SQL: SELECT * FROM `vue-shopingcart` WHERE `userid` = 1 AND `userName` = '123'  [ RunTime:0.0004s ]

[ 2018-11-25T00:07:40+08:00 ] ::1 /nhkjw/index.php/Home/index/getProductCat
INFO: [ app_init ] --START--
INFO: Run Behavior\BuildLiteBehavior [ RunTime:0.000016s ]
INFO: [ app_init ] --END-- [ RunTime:0.000487s ]
INFO: [ app_begin ] --START--
INFO: Run Behavior\ReadHtmlCacheBehavior [ RunTime:0.000696s ]
INFO: [ app_begin ] --END-- [ RunTime:0.000786s ]
SQL: SHOW COLUMNS FROM `vue-shopingcart` [ RunTime:0.0051s ]
SQL: SELECT * FROM `vue-shopingcart` WHERE `userid` = 1 AND `userName` = '123'  [ RunTime:0.0004s ]

[ 2018-11-25T00:07:45+08:00 ] ::1 /nhkjw/index.php/Home/index/getProductCat
INFO: [ app_init ] --START--
INFO: Run Behavior\BuildLiteBehavior [ RunTime:0.000023s ]
INFO: [ app_init ] --END-- [ RunTime:0.000586s ]
INFO: [ app_begin ] --START--
INFO: Run Behavior\ReadHtmlCacheBehavior [ RunTime:0.000684s ]
INFO: [ app_begin ] --END-- [ RunTime:0.000757s ]
SQL: SHOW COLUMNS FROM `vue-shopingcart` [ RunTime:0.0033s ]
SQL: SELECT * FROM `vue-shopingcart` WHERE `userid` = 1 AND `userName` = '123'  [ RunTime:0.0003s ]

[ 2018-11-25T00:08:23+08:00 ] ::1 /nhkjw/index.php/Home/index/getProductCat
INFO: [ app_init ] --START--
INFO: Run Behavior\BuildLiteBehavior [ RunTime:0.000046s ]
INFO: [ app_init ] --END-- [ RunTime:0.000629s ]
INFO: [ app_begin ] --START--
INFO: Run Behavior\ReadHtmlCacheBehavior [ RunTime:0.001365s ]
INFO: [ app_begin ] --END-- [ RunTime:0.001493s ]
SQL: SHOW COLUMNS FROM `vue-shopingcart` [ RunTime:0.0041s ]
SQL: SELECT * FROM `vue-shopingcart` WHERE `userid` = 1 AND `userName` = '123'  [ RunTime:0.0004s ]

[ 2018-11-25T00:08:51+08:00 ] ::1 /nhkjw/index.php/Home/index/getProductCat
INFO: [ app_init ] --START--
INFO: Run Behavior\BuildLiteBehavior [ RunTime:0.000014s ]
INFO: [ app_init ] --END-- [ RunTime:0.000443s ]
INFO: [ app_begin ] --START--
INFO: Run Behavior\ReadHtmlCacheBehavior [ RunTime:0.000577s ]
INFO: [ app_begin ] --END-- [ RunTime:0.000644s ]
SQL: SHOW COLUMNS FROM `vue-shopingcart` [ RunTime:0.0030s ]
SQL: SELECT * FROM `vue-shopingcart` WHERE `userid` = 1 AND `userName` = '123'  [ RunTime:0.0003s ]

[ 2018-11-25T00:11:39+08:00 ] ::1 /nhkjw/index.php/Home/index/getProductCat
INFO: [ app_init ] --START--
INFO: Run Behavior\BuildLiteBehavior [ RunTime:0.000024s ]
INFO: [ app_init ] --END-- [ RunTime:0.001072s ]
INFO: [ app_begin ] --START--
INFO: Run Behavior\ReadHtmlCacheBehavior [ RunTime:0.000719s ]
INFO: [ app_begin ] --END-- [ RunTime:0.000798s ]
SQL: SHOW COLUMNS FROM `vue-shopingcart` [ RunTime:0.0070s ]
SQL: SELECT * FROM `vue-shopingcart` WHERE `userid` = 1 AND `userName` = '123'  [ RunTime:0.0009s ]

[ 2018-11-25T00:11:46+08:00 ] ::1 /nhkjw/index.php/Home/index/getProductCat
INFO: [ app_init ] --START--
INFO: Run Behavior\BuildLiteBehavior [ RunTime:0.000018s ]
INFO: [ app_init ] --END-- [ RunTime:0.000462s ]
INFO: [ app_begin ] --START--
INFO: Run Behavior\ReadHtmlCacheBehavior [ RunTime:0.001444s ]
INFO: [ app_begin ] --END-- [ RunTime:0.001574s ]
SQL: SHOW COLUMNS FROM `vue-shopingcart` [ RunTime:0.0045s ]
SQL: SELECT * FROM `vue-shopingcart` WHERE `userid` = 1 AND `userName` = '123'  [ RunTime:0.0005s ]

[ 2018-11-25T00:11:47+08:00 ] ::1 /nhkjw/index.php/Home/index/getProductCat
INFO: [ app_init ] --START--
INFO: Run Behavior\BuildLiteBehavior [ RunTime:0.000011s ]
INFO: [ app_init ] --END-- [ RunTime:0.000340s ]
INFO: [ app_begin ] --START--
INFO: Run Behavior\ReadHtmlCacheBehavior [ RunTime:0.000377s ]
INFO: [ app_begin ] --END-- [ RunTime:0.000417s ]
SQL: SHOW COLUMNS FROM `vue-shopingcart` [ RunTime:0.0028s ]
SQL: SELECT * FROM `vue-shopingcart` WHERE `userid` = 1 AND `userName` = '123'  [ RunTime:0.0004s ]

[ 2018-11-25T00:12:34+08:00 ] ::1 /nhkjw/index.php/Home/index/getProductCat
INFO: [ app_init ] --START--
INFO: Run Behavior\BuildLiteBehavior [ RunTime:0.000021s ]
INFO: [ app_init ] --END-- [ RunTime:0.000461s ]
INFO: [ app_begin ] --START--
INFO: Run Behavior\ReadHtmlCacheBehavior [ RunTime:0.000595s ]
INFO: [ app_begin ] --END-- [ RunTime:0.000681s ]
SQL: SHOW COLUMNS FROM `vue-shopingcart` [ RunTime:0.0047s ]
SQL: SELECT * FROM `vue-shopingcart` WHERE `userid` = 1 AND `userName` = '123'  [ RunTime:0.0005s ]

[ 2018-11-25T00:12:36+08:00 ] ::1 /nhkjw/index.php/Home/index/getProductCat
INFO: [ app_init ] --START--
INFO: Run Behavior\BuildLiteBehavior [ RunTime:0.000011s ]
INFO: [ app_init ] --END-- [ RunTime:0.000306s ]
INFO: [ app_begin ] --START--
INFO: Run Behavior\ReadHtmlCacheBehavior [ RunTime:0.000389s ]
INFO: [ app_begin ] --END-- [ RunTime:0.000431s ]
SQL: SHOW COLUMNS FROM `vue-shopingcart` [ RunTime:0.0046s ]
SQL: SELECT * FROM `vue-shopingcart` WHERE `userid` = 1 AND `userName` = '123'  [ RunTime:0.0006s ]

[ 2018-11-25T00:12:47+08:00 ] ::1 /nhkjw/index.php/Home/index/getProductCat
INFO: [ app_init ] --START--
INFO: Run Behavior\BuildLiteBehavior [ RunTime:0.000020s ]
INFO: [ app_init ] --END-- [ RunTime:0.000443s ]
INFO: [ app_begin ] --START--
INFO: Run Behavior\ReadHtmlCacheBehavior [ RunTime:0.000691s ]
INFO: [ app_begin ] --END-- [ RunTime:0.000905s ]
SQL: SHOW COLUMNS FROM `vue-shopingcart` [ RunTime:0.0056s ]
SQL: SELECT * FROM `vue-shopingcart` WHERE `userid` = 1 AND `userName` = '123'  [ RunTime:0.0006s ]

[ 2018-11-25T00:13:45+08:00 ] ::1 /nhkjw/index.php/Home/index/getProductCat
INFO: [ app_init ] --START--
INFO: Run Behavior\BuildLiteBehavior [ RunTime:0.000014s ]
INFO: [ app_init ] --END-- [ RunTime:0.000445s ]
INFO: [ app_begin ] --START--
INFO: Run Behavior\ReadHtmlCacheBehavior [ RunTime:0.000747s ]
INFO: [ app_begin ] --END-- [ RunTime:0.000834s ]
SQL: SHOW COLUMNS FROM `vue-shopingcart` [ RunTime:0.0052s ]
SQL: SELECT * FROM `vue-shopingcart` WHERE `userid` = 1 AND `userName` = '123'  [ RunTime:0.0005s ]

[ 2018-11-25T00:14:08+08:00 ] ::1 /nhkjw/index.php/Home/index/getProductCat
INFO: [ app_init ] --START--
INFO: Run Behavior\BuildLiteBehavior [ RunTime:0.000020s ]
INFO: [ app_init ] --END-- [ RunTime:0.000480s ]
INFO: [ app_begin ] --START--
INFO: Run Behavior\ReadHtmlCacheBehavior [ RunTime:0.000526s ]
INFO: [ app_begin ] --END-- [ RunTime:0.000586s ]
SQL: SHOW COLUMNS FROM `vue-shopingcart` [ RunTime:0.0029s ]
SQL: SELECT * FROM `vue-shopingcart` WHERE `userid` = 1 AND `userName` = '123'  [ RunTime:0.0004s ]

[ 2018-11-25T00:14:41+08:00 ] ::1 /nhkjw/index.php/Home/index/homeServerProduct
INFO: [ app_init ] --START--
INFO: Run Behavior\BuildLiteBehavior [ RunTime:0.000015s ]
INFO: [ app_init ] --END-- [ RunTime:0.000345s ]
INFO: [ app_begin ] --START--
INFO: Run Behavior\ReadHtmlCacheBehavior [ RunTime:0.000456s ]
INFO: [ app_begin ] --END-- [ RunTime:0.000501s ]
SQL: SHOW COLUMNS FROM `vue-serverproduct` [ RunTime:0.0028s ]
NOTIC: [2] Missing argument 1 for Think\Model::where(), called in J:\xampp\htdocs\NHKJW\Application\Home\Controller\IndexController.class.php on line 59 and defined J:\xampp\htdocs\NHKJW\ThinkPHP\Library\Think\Model.class.php 第 1797 行.
NOTIC: [8] Undefined variable: where J:\xampp\htdocs\NHKJW\ThinkPHP\Library\Think\Model.class.php 第 1805 行.
NOTIC: [8] Undefined variable: where J:\xampp\htdocs\NHKJW\ThinkPHP\Library\Think\Model.class.php 第 1808 行.
NOTIC: [8] Undefined variable: where J:\xampp\htdocs\NHKJW\ThinkPHP\Library\Think\Model.class.php 第 1816 行.
SQL: SELECT * FROM `vue-serverproduct`  [ RunTime:0.0007s ]

[ 2018-11-25T00:14:44+08:00 ] ::1 /nhkjw/index.php/Home/index/Producmodify
INFO: [ app_init ] --START--
INFO: Run Behavior\BuildLiteBehavior [ RunTime:0.000015s ]
INFO: [ app_init ] --END-- [ RunTime:0.000451s ]
INFO: [ app_begin ] --START--
INFO: Run Behavior\ReadHtmlCacheBehavior [ RunTime:0.000750s ]
INFO: [ app_begin ] --END-- [ RunTime:0.000820s ]
SQL: SHOW COLUMNS FROM `vue-product` [ RunTime:0.0050s ]
SQL: SELECT * FROM `vue-product` WHERE `productID` = '5'  [ RunTime:0.0011s ]
SQL: SHOW COLUMNS FROM `vue-serverproductdateattribute` [ RunTime:0.0064s ]
SQL: SELECT * FROM `vue-serverproductdateattribute` WHERE `productID` = 1  [ RunTime:0.0010s ]

[ 2018-11-25T00:18:08+08:00 ] ::1 /nhkjw/index.php/Home/index/productUserInquire
INFO: [ app_init ] --START--
INFO: Run Behavior\BuildLiteBehavior [ RunTime:0.000711s ]
INFO: [ app_init ] --END-- [ RunTime:0.002167s ]
INFO: [ app_begin ] --START--
INFO: Run Behavior\ReadHtmlCacheBehavior [ RunTime:0.000617s ]
INFO: [ app_begin ] --END-- [ RunTime:0.000687s ]
SQL: SHOW COLUMNS FROM `vue-userorder` [ RunTime:0.0051s ]
SQL: SELECT * FROM `vue-userorder` WHERE `userid` = 1 AND `userName` = '123'  [ RunTime:0.0004s ]

[ 2018-11-25T00:18:08+08:00 ] ::1 /nhkjw/index.php/Home/index/getProductCat
INFO: [ app_init ] --START--
INFO: Run Behavior\BuildLiteBehavior [ RunTime:0.000014s ]
INFO: [ app_init ] --END-- [ RunTime:0.000367s ]
INFO: [ app_begin ] --START--
INFO: Run Behavior\ReadHtmlCacheBehavior [ RunTime:0.000437s ]
INFO: [ app_begin ] --END-- [ RunTime:0.000485s ]
SQL: SHOW COLUMNS FROM `vue-shopingcart` [ RunTime:0.0047s ]
SQL: SELECT * FROM `vue-shopingcart` WHERE `userid` = 1 AND `userName` = '123'  [ RunTime:0.0005s ]

[ 2018-11-25T00:18:11+08:00 ] ::1 /nhkjw/index.php/Home/index/productUserInquire
INFO: [ app_init ] --START--
INFO: Run Behavior\BuildLiteBehavior [ RunTime:0.000015s ]
INFO: [ app_init ] --END-- [ RunTime:0.000397s ]
INFO: [ app_begin ] --START--
INFO: Run Behavior\ReadHtmlCacheBehavior [ RunTime:0.000428s ]
INFO: [ app_begin ] --END-- [ RunTime:0.000479s ]
SQL: SHOW COLUMNS FROM `vue-userorder` [ RunTime:0.0039s ]
SQL: SELECT * FROM `vue-userorder` WHERE `userid` = 1 AND `userName` = '123'  [ RunTime:0.0006s ]

[ 2018-11-25T00:18:18+08:00 ] ::1 /nhkjw/index.php/Home/index/getProductCat
INFO: [ app_init ] --START--
INFO: Run Behavior\BuildLiteBehavior [ RunTime:0.000018s ]
INFO: [ app_init ] --END-- [ RunTime:0.000466s ]
INFO: [ app_begin ] --START--
INFO: Run Behavior\ReadHtmlCacheBehavior [ RunTime:0.000473s ]
INFO: [ app_begin ] --END-- [ RunTime:0.000530s ]
SQL: SHOW COLUMNS FROM `vue-shopingcart` [ RunTime:0.0042s ]
SQL: SELECT * FROM `vue-shopingcart` WHERE `userid` = 1 AND `userName` = '123'  [ RunTime:0.0004s ]

[ 2018-11-25T00:18:46+08:00 ] ::1 /nhkjw/index.php/Home/index/homeServerProduct
INFO: [ app_init ] --START--
INFO: Run Behavior\BuildLiteBehavior [ RunTime:0.000011s ]
INFO: [ app_init ] --END-- [ RunTime:0.000343s ]
INFO: [ app_begin ] --START--
INFO: Run Behavior\ReadHtmlCacheBehavior [ RunTime:0.000435s ]
INFO: [ app_begin ] --END-- [ RunTime:0.000481s ]
SQL: SHOW COLUMNS FROM `vue-serverproduct` [ RunTime:0.0071s ]
NOTIC: [2] Missing argument 1 for Think\Model::where(), called in J:\xampp\htdocs\NHKJW\Application\Home\Controller\IndexController.class.php on line 59 and defined J:\xampp\htdocs\NHKJW\ThinkPHP\Library\Think\Model.class.php 第 1797 行.
NOTIC: [8] Undefined variable: where J:\xampp\htdocs\NHKJW\ThinkPHP\Library\Think\Model.class.php 第 1805 行.
NOTIC: [8] Undefined variable: where J:\xampp\htdocs\NHKJW\ThinkPHP\Library\Think\Model.class.php 第 1808 行.
NOTIC: [8] Undefined variable: where J:\xampp\htdocs\NHKJW\ThinkPHP\Library\Think\Model.class.php 第 1816 行.
SQL: SELECT * FROM `vue-serverproduct`  [ RunTime:0.0034s ]

[ 2018-11-25T00:19:18+08:00 ] ::1 /nhkjw/index.php/Home/index/Producmodify
INFO: [ app_init ] --START--
INFO: Run Behavior\BuildLiteBehavior [ RunTime:0.000017s ]
INFO: [ app_init ] --END-- [ RunTime:0.000485s ]
INFO: [ app_begin ] --START--
INFO: Run Behavior\ReadHtmlCacheBehavior [ RunTime:0.000735s ]
INFO: [ app_begin ] --END-- [ RunTime:0.000812s ]
SQL: SHOW COLUMNS FROM `vue-product` [ RunTime:0.0084s ]
SQL: SELECT * FROM `vue-product` WHERE `productID` = '1'  [ RunTime:0.0051s ]
SQL: SHOW COLUMNS FROM `vue-serverproductdateattribute` [ RunTime:0.0040s ]
SQL: SELECT * FROM `vue-serverproductdateattribute` WHERE `productID` = 1  [ RunTime:0.0029s ]

[ 2018-11-25T00:19:22+08:00 ] ::1 /nhkjw/index.php/Home/index/AddShopingcart
INFO: [ app_init ] --START--
INFO: Run Behavior\BuildLiteBehavior [ RunTime:0.000038s ]
INFO: [ app_init ] --END-- [ RunTime:0.000336s ]
INFO: [ app_begin ] --START--
INFO: Run Behavior\ReadHtmlCacheBehavior [ RunTime:0.000342s ]
INFO: [ app_begin ] --END-- [ RunTime:0.000381s ]
SQL: SHOW COLUMNS FROM `vue-shopingcart` [ RunTime:0.0029s ]
SQL: INSERT INTO `vue-shopingcart` (`userid`,`userName`,`productid`,`productName`,`Configuration`,`paymentMethod`,`cycle`,`Quantity`,`price`,`unitprice`) VALUES ('1','123','1','云服务器 CVM','地域 :广州机型 :1核1G镜像 :Windows Server 2012 R2 数据中心版 64位中文版','在线支付','4年','1','4310','4310') [ RunTime:0.0033s ]
INFO: [ app_end ] --START--
INFO: Run Behavior\ShowPageTraceBehavior [ RunTime:0.001610s ]
INFO: [ app_end ] --END-- [ RunTime:0.001696s ]

[ 2018-11-25T00:19:24+08:00 ] ::1 /nhkjw/index.php/Home/index/AddShopingcart
INFO: [ app_init ] --START--
INFO: Run Behavior\BuildLiteBehavior [ RunTime:0.000011s ]
INFO: [ app_init ] --END-- [ RunTime:0.000332s ]
INFO: [ app_begin ] --START--
INFO: Run Behavior\ReadHtmlCacheBehavior [ RunTime:0.000384s ]
INFO: [ app_begin ] --END-- [ RunTime:0.000423s ]
SQL: SHOW COLUMNS FROM `vue-shopingcart` [ RunTime:0.0034s ]
SQL: INSERT INTO `vue-shopingcart` (`userid`,`userName`,`productid`,`productName`,`Configuration`,`paymentMethod`,`cycle`,`Quantity`,`price`,`unitprice`) VALUES ('1','123','1','云服务器 CVM','地域 :广州机型 :1核1G镜像 :Windows Server 2012 R2 数据中心版 64位中文版','在线支付','半年','1','910','910') [ RunTime:0.0028s ]
INFO: [ app_end ] --START--
INFO: Run Behavior\ShowPageTraceBehavior [ RunTime:0.000451s ]
INFO: [ app_end ] --END-- [ RunTime:0.000502s ]

[ 2018-11-25T00:19:26+08:00 ] ::1 /nhkjw/index.php/Home/index/AddShopingcart
INFO: [ app_init ] --START--
INFO: Run Behavior\BuildLiteBehavior [ RunTime:0.000010s ]
INFO: [ app_init ] --END-- [ RunTime:0.000268s ]
INFO: [ app_begin ] --START--
INFO: Run Behavior\ReadHtmlCacheBehavior [ RunTime:0.000330s ]
INFO: [ app_begin ] --END-- [ RunTime:0.000369s ]
SQL: SHOW COLUMNS FROM `vue-shopingcart` [ RunTime:0.0034s ]
SQL: INSERT INTO `vue-shopingcart` (`userid`,`userName`,`productid`,`productName`,`Configuration`,`paymentMethod`,`cycle`,`Quantity`,`price`,`unitprice`) VALUES ('1','123','1','云服务器 CVM','地域 :广州机型 :1核1G镜像 :Windows Server 2012 R2 数据中心版 64位中文版','在线支付','2个月','1','510','510') [ RunTime:0.0027s ]
INFO: [ app_end ] --START--
INFO: Run Behavior\ShowPageTraceBehavior [ RunTime:0.000573s ]
INFO: [ app_end ] --END-- [ RunTime:0.000623s ]

[ 2018-11-25T00:19:28+08:00 ] ::1 /nhkjw/index.php/Home/index/AddShopingcart
INFO: [ app_init ] --START--
INFO: Run Behavior\BuildLiteBehavior [ RunTime:0.000011s ]
INFO: [ app_init ] --END-- [ RunTime:0.000303s ]
INFO: [ app_begin ] --START--
INFO: Run Behavior\ReadHtmlCacheBehavior [ RunTime:0.000381s ]
INFO: [ app_begin ] --END-- [ RunTime:0.000426s ]
SQL: SHOW COLUMNS FROM `vue-shopingcart` [ RunTime:0.0032s ]
SQL: INSERT INTO `vue-shopingcart` (`userid`,`userName`,`productid`,`productName`,`Configuration`,`paymentMethod`,`cycle`,`Quantity`,`price`,`unitprice`) VALUES ('1','123','1','云服务器 CVM','地域 :广州机型 :1核1G镜像 :Windows Server 2012 R2 数据中心版 64位中文版','在线支付','2年','1','2710','2710') [ RunTime:0.0032s ]
INFO: [ app_end ] --START--
INFO: Run Behavior\ShowPageTraceBehavior [ RunTime:0.002469s ]
INFO: [ app_end ] --END-- [ RunTime:0.002504s ]

[ 2018-11-25T00:19:44+08:00 ] ::1 /nhkjw/index.php/Home/index/productUserInquire
INFO: [ app_init ] --START--
INFO: Run Behavior\BuildLiteBehavior [ RunTime:0.000020s ]
INFO: [ app_init ] --END-- [ RunTime:0.000547s ]
INFO: [ app_begin ] --START--
INFO: Run Behavior\ReadHtmlCacheBehavior [ RunTime:0.000518s ]
INFO: [ app_begin ] --END-- [ RunTime:0.000621s ]
SQL: SHOW COLUMNS FROM `vue-userorder` [ RunTime:0.0031s ]
SQL: SELECT * FROM `vue-userorder` WHERE `userid` = 1 AND `userName` = '123'  [ RunTime:0.0004s ]

[ 2018-11-25T00:19:45+08:00 ] ::1 /nhkjw/index.php/Home/index/getProductCat
INFO: [ app_init ] --START--
INFO: Run Behavior\BuildLiteBehavior [ RunTime:0.000020s ]
INFO: [ app_init ] --END-- [ RunTime:0.000521s ]
INFO: [ app_begin ] --START--
INFO: Run Behavior\ReadHtmlCacheBehavior [ RunTime:0.000516s ]
INFO: [ app_begin ] --END-- [ RunTime:0.000662s ]
SQL: SHOW COLUMNS FROM `vue-shopingcart` [ RunTime:0.0044s ]
SQL: SELECT * FROM `vue-shopingcart` WHERE `userid` = 1 AND `userName` = '123'  [ RunTime:0.0006s ]

[ 2018-11-25T00:20:30+08:00 ] ::1 /nhkjw/index.php/Home/index/getProductCat
INFO: [ app_init ] --START--
INFO: Run Behavior\BuildLiteBehavior [ RunTime:0.000021s ]
INFO: [ app_init ] --END-- [ RunTime:0.001561s ]
INFO: [ app_begin ] --START--
INFO: Run Behavior\ReadHtmlCacheBehavior [ RunTime:0.000586s ]
INFO: [ app_begin ] --END-- [ RunTime:0.000651s ]
SQL: SHOW COLUMNS FROM `vue-shopingcart` [ RunTime:0.0028s ]
SQL: SELECT * FROM `vue-shopingcart` WHERE `userid` = 1 AND `userName` = '123'  [ RunTime:0.0003s ]

[ 2018-11-25T00:20:41+08:00 ] ::1 /nhkjw/index.php/Home/index/getProductCat
INFO: [ app_init ] --START--
INFO: Run Behavior\BuildLiteBehavior [ RunTime:0.000020s ]
INFO: [ app_init ] --END-- [ RunTime:0.000777s ]
INFO: [ app_begin ] --START--
INFO: Run Behavior\ReadHtmlCacheBehavior [ RunTime:0.000461s ]
INFO: [ app_begin ] --END-- [ RunTime:0.000510s ]
SQL: SHOW COLUMNS FROM `vue-shopingcart` [ RunTime:0.0027s ]
SQL: SELECT * FROM `vue-shopingcart` WHERE `userid` = 1 AND `userName` = '123'  [ RunTime:0.0005s ]

[ 2018-11-25T00:20:56+08:00 ] ::1 /nhkjw/index.php/Home/index/getProductCat
INFO: [ app_init ] --START--
INFO: Run Behavior\BuildLiteBehavior [ RunTime:0.000016s ]
INFO: [ app_init ] --END-- [ RunTime:0.000500s ]
INFO: [ app_begin ] --START--
INFO: Run Behavior\ReadHtmlCacheBehavior [ RunTime:0.000555s ]
INFO: [ app_begin ] --END-- [ RunTime:0.000633s ]
SQL: SHOW COLUMNS FROM `vue-shopingcart` [ RunTime:0.0056s ]
SQL: SELECT * FROM `vue-shopingcart` WHERE `userid` = 1 AND `userName` = '123'  [ RunTime:0.0008s ]

[ 2018-11-25T00:22:10+08:00 ] ::1 /nhkjw/index.php/Home/index/getProductCat
INFO: [ app_init ] --START--
INFO: Run Behavior\BuildLiteBehavior [ RunTime:0.000021s ]
INFO: [ app_init ] --END-- [ RunTime:0.000441s ]
INFO: [ app_begin ] --START--
INFO: Run Behavior\ReadHtmlCacheBehavior [ RunTime:0.000518s ]
INFO: [ app_begin ] --END-- [ RunTime:0.000577s ]
SQL: SHOW COLUMNS FROM `vue-shopingcart` [ RunTime:0.0060s ]
SQL: SELECT * FROM `vue-shopingcart` WHERE `userid` = 1 AND `userName` = '123'  [ RunTime:0.0006s ]

[ 2018-11-25T00:22:44+08:00 ] ::1 /nhkjw/index.php/Home/index/getProductCat
INFO: [ app_init ] --START--
INFO: Run Behavior\BuildLiteBehavior [ RunTime:0.000012s ]
INFO: [ app_init ] --END-- [ RunTime:0.000371s ]
INFO: [ app_begin ] --START--
INFO: Run Behavior\ReadHtmlCacheBehavior [ RunTime:0.000514s ]
INFO: [ app_begin ] --END-- [ RunTime:0.000556s ]
SQL: SHOW COLUMNS FROM `vue-shopingcart` [ RunTime:0.0040s ]
SQL: SELECT * FROM `vue-shopingcart` WHERE `userid` = 1 AND `userName` = '123'  [ RunTime:0.0004s ]

[ 2018-11-25T00:23:06+08:00 ] ::1 /nhkjw/index.php/Home/index/getProductCat
INFO: [ app_init ] --START--
INFO: Run Behavior\BuildLiteBehavior [ RunTime:0.000016s ]
INFO: [ app_init ] --END-- [ RunTime:0.000412s ]
INFO: [ app_begin ] --START--
INFO: Run Behavior\ReadHtmlCacheBehavior [ RunTime:0.000565s ]
INFO: [ app_begin ] --END-- [ RunTime:0.000631s ]
SQL: SHOW COLUMNS FROM `vue-shopingcart` [ RunTime:0.0054s ]
SQL: SELECT * FROM `vue-shopingcart` WHERE `userid` = 1 AND `userName` = '123'  [ RunTime:0.0010s ]

[ 2018-11-25T00:23:41+08:00 ] ::1 /nhkjw/index.php/Home/index/getProductCat
INFO: [ app_init ] --START--
INFO: Run Behavior\BuildLiteBehavior [ RunTime:0.000033s ]
INFO: [ app_init ] --END-- [ RunTime:0.000788s ]
INFO: [ app_begin ] --START--
INFO: Run Behavior\ReadHtmlCacheBehavior [ RunTime:0.000582s ]
INFO: [ app_begin ] --END-- [ RunTime:0.000643s ]
SQL: SHOW COLUMNS FROM `vue-shopingcart` [ RunTime:0.0045s ]
SQL: SELECT * FROM `vue-shopingcart` WHERE `userid` = 1 AND `userName` = '123'  [ RunTime:0.0007s ]

[ 2018-11-25T00:23:53+08:00 ] ::1 /nhkjw/index.php/Home/index/getProductCat
INFO: [ app_init ] --START--
INFO: Run Behavior\BuildLiteBehavior [ RunTime:0.000018s ]
INFO: [ app_init ] --END-- [ RunTime:0.000401s ]
INFO: [ app_begin ] --START--
INFO: Run Behavior\ReadHtmlCacheBehavior [ RunTime:0.000645s ]
INFO: [ app_begin ] --END-- [ RunTime:0.000710s ]
SQL: SHOW COLUMNS FROM `vue-shopingcart` [ RunTime:0.0037s ]
SQL: SELECT * FROM `vue-shopingcart` WHERE `userid` = 1 AND `userName` = '123'  [ RunTime:0.0004s ]

[ 2018-11-25T00:24:21+08:00 ] ::1 /nhkjw/index.php/Home/index/getProductCat
INFO: [ app_init ] --START--
INFO: Run Behavior\BuildLiteBehavior [ RunTime:0.000016s ]
INFO: [ app_init ] --END-- [ RunTime:0.000459s ]
INFO: [ app_begin ] --START--
INFO: Run Behavior\ReadHtmlCacheBehavior [ RunTime:0.000391s ]
INFO: [ app_begin ] --END-- [ RunTime:0.000433s ]
SQL: SHOW COLUMNS FROM `vue-shopingcart` [ RunTime:0.0029s ]
SQL: SELECT * FROM `vue-shopingcart` WHERE `userid` = 1 AND `userName` = '123'  [ RunTime:0.0003s ]

[ 2018-11-25T00:24:39+08:00 ] ::1 /nhkjw/index.php/Home/index/homeServerProduct
INFO: [ app_init ] --START--
INFO: Run Behavior\BuildLiteBehavior [ RunTime:0.000020s ]
INFO: [ app_init ] --END-- [ RunTime:0.000534s ]
INFO: [ app_begin ] --START--
INFO: Run Behavior\ReadHtmlCacheBehavior [ RunTime:0.000515s ]
INFO: [ app_begin ] --END-- [ RunTime:0.000586s ]
SQL: SHOW COLUMNS FROM `vue-serverproduct` [ RunTime:0.0041s ]
NOTIC: [2] Missing argument 1 for Think\Model::where(), called in J:\xampp\htdocs\NHKJW\Application\Home\Controller\IndexController.class.php on line 59 and defined J:\xampp\htdocs\NHKJW\ThinkPHP\Library\Think\Model.class.php 第 1797 行.
NOTIC: [8] Undefined variable: where J:\xampp\htdocs\NHKJW\ThinkPHP\Library\Think\Model.class.php 第 1805 行.
NOTIC: [8] Undefined variable: where J:\xampp\htdocs\NHKJW\ThinkPHP\Library\Think\Model.class.php 第 1808 行.
NOTIC: [8] Undefined variable: where J:\xampp\htdocs\NHKJW\ThinkPHP\Library\Think\Model.class.php 第 1816 行.
SQL: SELECT * FROM `vue-serverproduct`  [ RunTime:0.0015s ]

[ 2018-11-25T00:24:41+08:00 ] ::1 /nhkjw/index.php/Home/index/Producmodify
INFO: [ app_init ] --START--
INFO: Run Behavior\BuildLiteBehavior [ RunTime:0.000017s ]
INFO: [ app_init ] --END-- [ RunTime:0.000482s ]
INFO: [ app_begin ] --START--
INFO: Run Behavior\ReadHtmlCacheBehavior [ RunTime:0.000816s ]
INFO: [ app_begin ] --END-- [ RunTime:0.000895s ]
SQL: SHOW COLUMNS FROM `vue-product` [ RunTime:0.0035s ]
SQL: SELECT * FROM `vue-product` WHERE `productID` = '1'  [ RunTime:0.0006s ]
SQL: SHOW COLUMNS FROM `vue-serverproductdateattribute` [ RunTime:0.0036s ]
SQL: SELECT * FROM `vue-serverproductdateattribute` WHERE `productID` = 1  [ RunTime:0.0006s ]

[ 2018-11-25T00:24:44+08:00 ] ::1 /nhkjw/index.php/Home/index/AddShopingcart
INFO: [ app_init ] --START--
INFO: Run Behavior\BuildLiteBehavior [ RunTime:0.000010s ]
INFO: [ app_init ] --END-- [ RunTime:0.000355s ]
INFO: [ app_begin ] --START--
INFO: Run Behavior\ReadHtmlCacheBehavior [ RunTime:0.000348s ]
INFO: [ app_begin ] --END-- [ RunTime:0.000388s ]
SQL: SHOW COLUMNS FROM `vue-shopingcart` [ RunTime:0.0041s ]
SQL: INSERT INTO `vue-shopingcart` (`userid`,`userName`,`productid`,`productName`,`Configuration`,`paymentMethod`,`cycle`,`Quantity`,`price`,`unitprice`) VALUES ('1','123','1','云服务器 CVM','地域 :广州机型 :1核1G镜像 :Windows Server 2012 R2 数据中心版 64位中文版','在线支付','1个月','4','1640','410') [ RunTime:0.0033s ]
INFO: [ app_end ] --START--
INFO: Run Behavior\ShowPageTraceBehavior [ RunTime:0.000672s ]
INFO: [ app_end ] --END-- [ RunTime:0.000709s ]

[ 2018-11-25T00:24:47+08:00 ] ::1 /nhkjw/index.php/Home/index/getProductCat
INFO: [ app_init ] --START--
INFO: Run Behavior\BuildLiteBehavior [ RunTime:0.000012s ]
INFO: [ app_init ] --END-- [ RunTime:0.000363s ]
INFO: [ app_begin ] --START--
INFO: Run Behavior\ReadHtmlCacheBehavior [ RunTime:0.000558s ]
INFO: [ app_begin ] --END-- [ RunTime:0.000608s ]
SQL: SHOW COLUMNS FROM `vue-shopingcart` [ RunTime:0.0046s ]
SQL: SELECT * FROM `vue-shopingcart` WHERE `userid` = 1 AND `userName` = '123'  [ RunTime:0.0012s ]

[ 2018-11-25T00:25:05+08:00 ] ::1 /nhkjw/index.php/Home/index/homeServerProduct
INFO: [ app_init ] --START--
INFO: Run Behavior\BuildLiteBehavior [ RunTime:0.000012s ]
INFO: [ app_init ] --END-- [ RunTime:0.000302s ]
INFO: [ app_begin ] --START--
INFO: Run Behavior\ReadHtmlCacheBehavior [ RunTime:0.000374s ]
INFO: [ app_begin ] --END-- [ RunTime:0.000416s ]
SQL: SHOW COLUMNS FROM `vue-serverproduct` [ RunTime:0.0034s ]
NOTIC: [2] Missing argument 1 for Think\Model::where(), called in J:\xampp\htdocs\NHKJW\Application\Home\Controller\IndexController.class.php on line 59 and defined J:\xampp\htdocs\NHKJW\ThinkPHP\Library\Think\Model.class.php 第 1797 行.
NOTIC: [8] Undefined variable: where J:\xampp\htdocs\NHKJW\ThinkPHP\Library\Think\Model.class.php 第 1805 行.
NOTIC: [8] Undefined variable: where J:\xampp\htdocs\NHKJW\ThinkPHP\Library\Think\Model.class.php 第 1808 行.
NOTIC: [8] Undefined variable: where J:\xampp\htdocs\NHKJW\ThinkPHP\Library\Think\Model.class.php 第 1816 行.
SQL: SELECT * FROM `vue-serverproduct`  [ RunTime:0.0015s ]

[ 2018-11-25T00:25:07+08:00 ] ::1 /nhkjw/index.php/Home/index/Producmodify
INFO: [ app_init ] --START--
INFO: Run Behavior\BuildLiteBehavior [ RunTime:0.000036s ]
INFO: [ app_init ] --END-- [ RunTime:0.000402s ]
INFO: [ app_begin ] --START--
INFO: Run Behavior\ReadHtmlCacheBehavior [ RunTime:0.000525s ]
INFO: [ app_begin ] --END-- [ RunTime:0.000598s ]
SQL: SHOW COLUMNS FROM `vue-product` [ RunTime:0.0053s ]
SQL: SELECT * FROM `vue-product` WHERE `productID` = '1'  [ RunTime:0.0014s ]
SQL: SHOW COLUMNS FROM `vue-serverproductdateattribute` [ RunTime:0.0043s ]
SQL: SELECT * FROM `vue-serverproductdateattribute` WHERE `productID` = 1  [ RunTime:0.0006s ]

[ 2018-11-25T00:25:14+08:00 ] ::1 /nhkjw/index.php/Home/index/AddShopingcart
INFO: [ app_init ] --START--
INFO: Run Behavior\BuildLiteBehavior [ RunTime:0.000010s ]
INFO: [ app_init ] --END-- [ RunTime:0.000271s ]
INFO: [ app_begin ] --START--
INFO: Run Behavior\ReadHtmlCacheBehavior [ RunTime:0.000339s ]
INFO: [ app_begin ] --END-- [ RunTime:0.000379s ]
SQL: SHOW COLUMNS FROM `vue-shopingcart` [ RunTime:0.0041s ]
SQL: INSERT INTO `vue-shopingcart` (`userid`,`userName`,`productid`,`productName`,`Configuration`,`paymentMethod`,`cycle`,`Quantity`,`price`,`unitprice`) VALUES ('1','123','1','云服务器 CVM','地域 :广州机型 :1核1G镜像 :Windows Server 2012 R2 数据中心版 64位中文版','在线支付','1个月','8','3280','410') [ RunTime:0.0031s ]
INFO: [ app_end ] --START--
INFO: Run Behavior\ShowPageTraceBehavior [ RunTime:0.000463s ]
INFO: [ app_end ] --END-- [ RunTime:0.000500s ]

[ 2018-11-25T00:25:16+08:00 ] ::1 /nhkjw/index.php/Home/index/getProductCat
INFO: [ app_init ] --START--
INFO: Run Behavior\BuildLiteBehavior [ RunTime:0.000014s ]
INFO: [ app_init ] --END-- [ RunTime:0.000347s ]
INFO: [ app_begin ] --START--
INFO: Run Behavior\ReadHtmlCacheBehavior [ RunTime:0.000630s ]
INFO: [ app_begin ] --END-- [ RunTime:0.000715s ]
SQL: SHOW COLUMNS FROM `vue-shopingcart` [ RunTime:0.0051s ]
SQL: SELECT * FROM `vue-shopingcart` WHERE `userid` = 1 AND `userName` = '123'  [ RunTime:0.0008s ]

[ 2018-11-25T00:25:37+08:00 ] ::1 /nhkjw/index.php/Home/index/homeServerProduct
INFO: [ app_init ] --START--
INFO: Run Behavior\BuildLiteBehavior [ RunTime:0.000011s ]
INFO: [ app_init ] --END-- [ RunTime:0.000352s ]
INFO: [ app_begin ] --START--
INFO: Run Behavior\ReadHtmlCacheBehavior [ RunTime:0.001908s ]
INFO: [ app_begin ] --END-- [ RunTime:0.002045s ]
SQL: SHOW COLUMNS FROM `vue-serverproduct` [ RunTime:0.0114s ]
NOTIC: [2] Missing argument 1 for Think\Model::where(), called in J:\xampp\htdocs\NHKJW\Application\Home\Controller\IndexController.class.php on line 59 and defined J:\xampp\htdocs\NHKJW\ThinkPHP\Library\Think\Model.class.php 第 1797 行.
NOTIC: [8] Undefined variable: where J:\xampp\htdocs\NHKJW\ThinkPHP\Library\Think\Model.class.php 第 1805 行.
NOTIC: [8] Undefined variable: where J:\xampp\htdocs\NHKJW\ThinkPHP\Library\Think\Model.class.php 第 1808 行.
NOTIC: [8] Undefined variable: where J:\xampp\htdocs\NHKJW\ThinkPHP\Library\Think\Model.class.php 第 1816 行.
SQL: SELECT * FROM `vue-serverproduct`  [ RunTime:0.0028s ]

[ 2018-11-25T00:25:40+08:00 ] ::1 /nhkjw/index.php/Home/index/Producmodify
INFO: [ app_init ] --START--
INFO: Run Behavior\BuildLiteBehavior [ RunTime:0.000018s ]
INFO: [ app_init ] --END-- [ RunTime:0.000434s ]
INFO: [ app_begin ] --START--
INFO: Run Behavior\ReadHtmlCacheBehavior [ RunTime:0.000588s ]
INFO: [ app_begin ] --END-- [ RunTime:0.000690s ]
SQL: SHOW COLUMNS FROM `vue-product` [ RunTime:0.0057s ]
SQL: SELECT * FROM `vue-product` WHERE `productID` = '1'  [ RunTime:0.0017s ]
SQL: SHOW COLUMNS FROM `vue-serverproductdateattribute` [ RunTime:0.0050s ]
SQL: SELECT * FROM `vue-serverproductdateattribute` WHERE `productID` = 1  [ RunTime:0.0006s ]

[ 2018-11-25T00:25:43+08:00 ] ::1 /nhkjw/index.php/Home/index/AddShopingcart
INFO: [ app_init ] --START--
INFO: Run Behavior\BuildLiteBehavior [ RunTime:0.000010s ]
INFO: [ app_init ] --END-- [ RunTime:0.000344s ]
INFO: [ app_begin ] --START--
INFO: Run Behavior\ReadHtmlCacheBehavior [ RunTime:0.000390s ]
INFO: [ app_begin ] --END-- [ RunTime:0.000431s ]
SQL: SHOW COLUMNS FROM `vue-shopingcart` [ RunTime:0.0039s ]
SQL: INSERT INTO `vue-shopingcart` (`userid`,`userName`,`productid`,`productName`,`Configuration`,`paymentMethod`,`cycle`,`Quantity`,`price`,`unitprice`) VALUES ('1','123','1','云服务器 CVM','地域 :广州机型 :1核1G镜像 :Windows Server 2012 R2 数据中心版 64位中文版','在线支付','1个月','2','820','410') [ RunTime:0.0035s ]
INFO: [ app_end ] --START--
INFO: Run Behavior\ShowPageTraceBehavior [ RunTime:0.000441s ]
INFO: [ app_end ] --END-- [ RunTime:0.000476s ]

[ 2018-11-25T00:25:46+08:00 ] ::1 /nhkjw/index.php/Home/index/getProductCat
INFO: [ app_init ] --START--
INFO: Run Behavior\BuildLiteBehavior [ RunTime:0.000040s ]
INFO: [ app_init ] --END-- [ RunTime:0.000604s ]
INFO: [ app_begin ] --START--
INFO: Run Behavior\ReadHtmlCacheBehavior [ RunTime:0.000560s ]
INFO: [ app_begin ] --END-- [ RunTime:0.000627s ]
SQL: SHOW COLUMNS FROM `vue-shopingcart` [ RunTime:0.0055s ]
SQL: SELECT * FROM `vue-shopingcart` WHERE `userid` = 1 AND `userName` = '123'  [ RunTime:0.0004s ]

[ 2018-11-25T00:25:59+08:00 ] ::1 /nhkjw/index.php/Home/index/homeServerProduct
INFO: [ app_init ] --START--
INFO: Run Behavior\BuildLiteBehavior [ RunTime:0.000017s ]
INFO: [ app_init ] --END-- [ RunTime:0.000451s ]
INFO: [ app_begin ] --START--
INFO: Run Behavior\ReadHtmlCacheBehavior [ RunTime:0.000410s ]
INFO: [ app_begin ] --END-- [ RunTime:0.000459s ]
SQL: SHOW COLUMNS FROM `vue-serverproduct` [ RunTime:0.0031s ]
NOTIC: [2] Missing argument 1 for Think\Model::where(), called in J:\xampp\htdocs\NHKJW\Application\Home\Controller\IndexController.class.php on line 59 and defined J:\xampp\htdocs\NHKJW\ThinkPHP\Library\Think\Model.class.php 第 1797 行.
NOTIC: [8] Undefined variable: where J:\xampp\htdocs\NHKJW\ThinkPHP\Library\Think\Model.class.php 第 1805 行.
NOTIC: [8] Undefined variable: where J:\xampp\htdocs\NHKJW\ThinkPHP\Library\Think\Model.class.php 第 1808 行.
NOTIC: [8] Undefined variable: where J:\xampp\htdocs\NHKJW\ThinkPHP\Library\Think\Model.class.php 第 1816 行.
SQL: SELECT * FROM `vue-serverproduct`  [ RunTime:0.0008s ]

[ 2018-11-25T00:26:01+08:00 ] ::1 /nhkjw/index.php/Home/index/Producmodify
INFO: [ app_init ] --START--
INFO: Run Behavior\BuildLiteBehavior [ RunTime:0.000013s ]
INFO: [ app_init ] --END-- [ RunTime:0.000371s ]
INFO: [ app_begin ] --START--
INFO: Run Behavior\ReadHtmlCacheBehavior [ RunTime:0.000541s ]
INFO: [ app_begin ] --END-- [ RunTime:0.000615s ]
SQL: SHOW COLUMNS FROM `vue-product` [ RunTime:0.0115s ]
SQL: SELECT * FROM `vue-product` WHERE `productID` = '1'  [ RunTime:0.0009s ]
SQL: SHOW COLUMNS FROM `vue-serverproductdateattribute` [ RunTime:0.0052s ]
SQL: SELECT * FROM `vue-serverproductdateattribute` WHERE `productID` = 1  [ RunTime:0.0009s ]

[ 2018-11-25T00:26:13+08:00 ] ::1 /nhkjw/index.php/Home/index/getProductCat
INFO: [ app_init ] --START--
INFO: Run Behavior\BuildLiteBehavior [ RunTime:0.000013s ]
INFO: [ app_init ] --END-- [ RunTime:0.000362s ]
INFO: [ app_begin ] --START--
INFO: Run Behavior\ReadHtmlCacheBehavior [ RunTime:0.000398s ]
INFO: [ app_begin ] --END-- [ RunTime:0.000443s ]
SQL: SHOW COLUMNS FROM `vue-shopingcart` [ RunTime:0.0038s ]
SQL: SELECT * FROM `vue-shopingcart` WHERE `userid` = 1 AND `userName` = '123'  [ RunTime:0.0008s ]

[ 2018-11-25T00:27:33+08:00 ] ::1 /nhkjw/index.php/Home/index/getProductCat
INFO: [ app_init ] --START--
INFO: Run Behavior\BuildLiteBehavior [ RunTime:0.000011s ]
INFO: [ app_init ] --END-- [ RunTime:0.000335s ]
INFO: [ app_begin ] --START--
INFO: Run Behavior\ReadHtmlCacheBehavior [ RunTime:0.000611s ]
INFO: [ app_begin ] --END-- [ RunTime:0.000666s ]
SQL: SHOW COLUMNS FROM `vue-shopingcart` [ RunTime:0.0032s ]
SQL: SELECT * FROM `vue-shopingcart` WHERE `userid` = 1 AND `userName` = '123'  [ RunTime:0.0004s ]

[ 2018-11-25T15:20:04+08:00 ] ::1 /nhkjw/index.php/Home/index/login
INFO: [ app_init ] --START--
INFO: Run Behavior\BuildLiteBehavior [ RunTime:0.000021s ]
INFO: [ app_init ] --END-- [ RunTime:0.002265s ]
INFO: [ app_begin ] --START--
INFO: Run Behavior\ReadHtmlCacheBehavior [ RunTime:0.001288s ]
INFO: [ app_begin ] --END-- [ RunTime:0.001409s ]
SQL: SHOW COLUMNS FROM `vue-user` [ RunTime:0.0116s ]
SQL: SELECT * FROM `vue-user` WHERE `userName` = '333' AND `userPwd` = '333' LIMIT 1   [ RunTime:0.0019s ]

[ 2018-11-25T15:20:08+08:00 ] ::1 /nhkjw/index.php/Home/index/getProductCat
INFO: [ app_init ] --START--
INFO: Run Behavior\BuildLiteBehavior [ RunTime:0.000014s ]
INFO: [ app_init ] --END-- [ RunTime:0.000442s ]
INFO: [ app_begin ] --START--
INFO: Run Behavior\ReadHtmlCacheBehavior [ RunTime:0.000797s ]
INFO: [ app_begin ] --END-- [ RunTime:0.000889s ]
SQL: SHOW COLUMNS FROM `vue-shopingcart` [ RunTime:0.0063s ]
SQL: SELECT * FROM `vue-shopingcart` WHERE `userid` = 2 AND `userName` = '333'  [ RunTime:0.0006s ]

[ 2018-11-25T15:20:27+08:00 ] ::1 /nhkjw/index.php/Home/index/login
INFO: [ app_init ] --START--
INFO: Run Behavior\BuildLiteBehavior [ RunTime:0.000018s ]
INFO: [ app_init ] --END-- [ RunTime:0.003171s ]
INFO: [ app_begin ] --START--
INFO: Run Behavior\ReadHtmlCacheBehavior [ RunTime:0.000474s ]
INFO: [ app_begin ] --END-- [ RunTime:0.000549s ]
SQL: SHOW COLUMNS FROM `vue-user` [ RunTime:0.0046s ]
SQL: SELECT * FROM `vue-user` WHERE `userName` = '123' AND `userPwd` = '123' LIMIT 1   [ RunTime:0.0006s ]

[ 2018-11-25T15:20:31+08:00 ] ::1 /nhkjw/index.php/Home/index/getProductCat
INFO: [ app_init ] --START--
INFO: Run Behavior\BuildLiteBehavior [ RunTime:0.000013s ]
INFO: [ app_init ] --END-- [ RunTime:0.000408s ]
INFO: [ app_begin ] --START--
INFO: Run Behavior\ReadHtmlCacheBehavior [ RunTime:0.000565s ]
INFO: [ app_begin ] --END-- [ RunTime:0.000611s ]
SQL: SHOW COLUMNS FROM `vue-shopingcart` [ RunTime:0.0044s ]
SQL: SELECT * FROM `vue-shopingcart` WHERE `userid` = 1 AND `userName` = '123'  [ RunTime:0.0007s ]

[ 2018-11-25T15:22:16+08:00 ] ::1 /nhkjw/index.php/Home/index/getProductCat
INFO: [ app_init ] --START--
INFO: Run Behavior\BuildLiteBehavior [ RunTime:0.000022s ]
INFO: [ app_init ] --END-- [ RunTime:0.000462s ]
INFO: [ app_begin ] --START--
INFO: Run Behavior\ReadHtmlCacheBehavior [ RunTime:0.001276s ]
INFO: [ app_begin ] --END-- [ RunTime:0.001356s ]
SQL: SHOW COLUMNS FROM `vue-shopingcart` [ RunTime:0.0042s ]
SQL: SELECT * FROM `vue-shopingcart` WHERE `userid` = 1 AND `userName` = '123'  [ RunTime:0.0004s ]

[ 2018-11-25T15:22:59+08:00 ] ::1 /nhkjw/index.php/Home/index/getProductCat
INFO: [ app_init ] --START--
INFO: Run Behavior\BuildLiteBehavior [ RunTime:0.000011s ]
INFO: [ app_init ] --END-- [ RunTime:0.000358s ]
INFO: [ app_begin ] --START--
INFO: Run Behavior\ReadHtmlCacheBehavior [ RunTime:0.000458s ]
INFO: [ app_begin ] --END-- [ RunTime:0.000510s ]
SQL: SHOW COLUMNS FROM `vue-shopingcart` [ RunTime:0.0049s ]
SQL: SELECT * FROM `vue-shopingcart` WHERE `userid` = 1 AND `userName` = '123'  [ RunTime:0.0008s ]

[ 2018-11-25T15:23:08+08:00 ] ::1 /nhkjw/index.php/Home/index/getProductCat
INFO: [ app_init ] --START--
INFO: Run Behavior\BuildLiteBehavior [ RunTime:0.000013s ]
INFO: [ app_init ] --END-- [ RunTime:0.000379s ]
INFO: [ app_begin ] --START--
INFO: Run Behavior\ReadHtmlCacheBehavior [ RunTime:0.000455s ]
INFO: [ app_begin ] --END-- [ RunTime:0.000505s ]
SQL: SHOW COLUMNS FROM `vue-shopingcart` [ RunTime:0.0033s ]
SQL: SELECT * FROM `vue-shopingcart` WHERE `userid` = 1 AND `userName` = '123'  [ RunTime:0.0003s ]

[ 2018-11-25T15:23:27+08:00 ] ::1 /nhkjw/index.php/Home/index/getProductCat
INFO: [ app_init ] --START--
INFO: Run Behavior\BuildLiteBehavior [ RunTime:0.000011s ]
INFO: [ app_init ] --END-- [ RunTime:0.000314s ]
INFO: [ app_begin ] --START--
INFO: Run Behavior\ReadHtmlCacheBehavior [ RunTime:0.000527s ]
INFO: [ app_begin ] --END-- [ RunTime:0.000569s ]
SQL: SHOW COLUMNS FROM `vue-shopingcart` [ RunTime:0.0061s ]
SQL: SELECT * FROM `vue-shopingcart` WHERE `userid` = 1 AND `userName` = '123'  [ RunTime:0.0011s ]

[ 2018-11-25T15:26:40+08:00 ] ::1 /nhkjw/index.php/Home/index/getProductCat
INFO: [ app_init ] --START--
INFO: Run Behavior\BuildLiteBehavior [ RunTime:0.000015s ]
INFO: [ app_init ] --END-- [ RunTime:0.000927s ]
INFO: [ app_begin ] --START--
INFO: Run Behavior\ReadHtmlCacheBehavior [ RunTime:0.000557s ]
INFO: [ app_begin ] --END-- [ RunTime:0.000616s ]
SQL: SHOW COLUMNS FROM `vue-shopingcart` [ RunTime:0.0032s ]
SQL: SELECT * FROM `vue-shopingcart` WHERE `userid` = 1 AND `userName` = '123'  [ RunTime:0.0008s ]

[ 2018-11-25T15:26:45+08:00 ] ::1 /nhkjw/index.php/Home/index/getProductCat
INFO: [ app_init ] --START--
INFO: Run Behavior\BuildLiteBehavior [ RunTime:0.000014s ]
INFO: [ app_init ] --END-- [ RunTime:0.000396s ]
INFO: [ app_begin ] --START--
INFO: Run Behavior\ReadHtmlCacheBehavior [ RunTime:0.000526s ]
INFO: [ app_begin ] --END-- [ RunTime:0.000595s ]
SQL: SHOW COLUMNS FROM `vue-shopingcart` [ RunTime:0.0054s ]
SQL: SELECT * FROM `vue-shopingcart` WHERE `userid` = 1 AND `userName` = '123'  [ RunTime:0.0005s ]

[ 2018-11-25T15:29:30+08:00 ] ::1 /nhkjw/index.php/Home/index/getProductCat
INFO: [ app_init ] --START--
INFO: Run Behavior\BuildLiteBehavior [ RunTime:0.000014s ]
INFO: [ app_init ] --END-- [ RunTime:0.000375s ]
INFO: [ app_begin ] --START--
INFO: Run Behavior\ReadHtmlCacheBehavior [ RunTime:0.000514s ]
INFO: [ app_begin ] --END-- [ RunTime:0.000556s ]
SQL: SHOW COLUMNS FROM `vue-shopingcart` [ RunTime:0.0044s ]
SQL: SELECT * FROM `vue-shopingcart` WHERE `userid` = 1 AND `userName` = '123'  [ RunTime:0.0004s ]

[ 2018-11-25T15:33:29+08:00 ] ::1 /nhkjw/index.php/Home/index/getProductCat
INFO: [ app_init ] --START--
INFO: Run Behavior\BuildLiteBehavior [ RunTime:0.000022s ]
INFO: [ app_init ] --END-- [ RunTime:0.000638s ]
INFO: [ app_begin ] --START--
INFO: Run Behavior\ReadHtmlCacheBehavior [ RunTime:0.000926s ]
INFO: [ app_begin ] --END-- [ RunTime:0.001020s ]
SQL: SHOW COLUMNS FROM `vue-shopingcart` [ RunTime:0.0030s ]
SQL: SELECT * FROM `vue-shopingcart` WHERE `userid` = 1 AND `userName` = '123'  [ RunTime:0.0003s ]

[ 2018-11-25T15:33:51+08:00 ] ::1 /nhkjw/index.php/Home/index/getProductCat
INFO: [ app_init ] --START--
INFO: Run Behavior\BuildLiteBehavior [ RunTime:0.000024s ]
INFO: [ app_init ] --END-- [ RunTime:0.000487s ]
INFO: [ app_begin ] --START--
INFO: Run Behavior\ReadHtmlCacheBehavior [ RunTime:0.000457s ]
INFO: [ app_begin ] --END-- [ RunTime:0.000504s ]
SQL: SHOW COLUMNS FROM `vue-shopingcart` [ RunTime:0.0033s ]
SQL: SELECT * FROM `vue-shopingcart` WHERE `userid` = 1 AND `userName` = '123'  [ RunTime:0.0006s ]

[ 2018-11-25T15:34:07+08:00 ] ::1 /nhkjw/index.php/Home/index/getProductCat
INFO: [ app_init ] --START--
INFO: Run Behavior\BuildLiteBehavior [ RunTime:0.000044s ]
INFO: [ app_init ] --END-- [ RunTime:0.000372s ]
INFO: [ app_begin ] --START--
INFO: Run Behavior\ReadHtmlCacheBehavior [ RunTime:0.000421s ]
INFO: [ app_begin ] --END-- [ RunTime:0.000459s ]
SQL: SHOW COLUMNS FROM `vue-shopingcart` [ RunTime:0.0033s ]
SQL: SELECT * FROM `vue-shopingcart` WHERE `userid` = 1 AND `userName` = '123'  [ RunTime:0.0004s ]

[ 2018-11-25T15:35:56+08:00 ] ::1 /nhkjw/index.php/Home/index/getProductCat
INFO: [ app_init ] --START--
INFO: Run Behavior\BuildLiteBehavior [ RunTime:0.000018s ]
INFO: [ app_init ] --END-- [ RunTime:0.000643s ]
INFO: [ app_begin ] --START--
INFO: Run Behavior\ReadHtmlCacheBehavior [ RunTime:0.000934s ]
INFO: [ app_begin ] --END-- [ RunTime:0.001017s ]
SQL: SHOW COLUMNS FROM `vue-shopingcart` [ RunTime:0.0055s ]
SQL: SELECT * FROM `vue-shopingcart` WHERE `userid` = 1 AND `userName` = '123'  [ RunTime:0.0010s ]

[ 2018-11-25T15:36:36+08:00 ] ::1 /nhkjw/index.php/Home/index/getProductCat
INFO: [ app_init ] --START--
INFO: Run Behavior\BuildLiteBehavior [ RunTime:0.000022s ]
INFO: [ app_init ] --END-- [ RunTime:0.000673s ]
INFO: [ app_begin ] --START--
INFO: Run Behavior\ReadHtmlCacheBehavior [ RunTime:0.000568s ]
INFO: [ app_begin ] --END-- [ RunTime:0.000636s ]
SQL: SHOW COLUMNS FROM `vue-shopingcart` [ RunTime:0.0031s ]
SQL: SELECT * FROM `vue-shopingcart` WHERE `userid` = 1 AND `userName` = '123'  [ RunTime:0.0004s ]

[ 2018-11-25T15:36:55+08:00 ] ::1 /nhkjw/index.php/Home/index/getProductCat
INFO: [ app_init ] --START--
INFO: Run Behavior\BuildLiteBehavior [ RunTime:0.000011s ]
INFO: [ app_init ] --END-- [ RunTime:0.000295s ]
INFO: [ app_begin ] --START--
INFO: Run Behavior\ReadHtmlCacheBehavior [ RunTime:0.000377s ]
INFO: [ app_begin ] --END-- [ RunTime:0.000415s ]
SQL: SHOW COLUMNS FROM `vue-shopingcart` [ RunTime:0.0071s ]
SQL: SELECT * FROM `vue-shopingcart` WHERE `userid` = 1 AND `userName` = '123'  [ RunTime:0.0010s ]

[ 2018-11-25T15:37:14+08:00 ] ::1 /nhkjw/index.php/Home/index/getProductCat
INFO: [ app_init ] --START--
INFO: Run Behavior\BuildLiteBehavior [ RunTime:0.000031s ]
INFO: [ app_init ] --END-- [ RunTime:0.001209s ]
INFO: [ app_begin ] --START--
INFO: Run Behavior\ReadHtmlCacheBehavior [ RunTime:0.000628s ]
INFO: [ app_begin ] --END-- [ RunTime:0.000715s ]
SQL: SHOW COLUMNS FROM `vue-shopingcart` [ RunTime:0.0038s ]
SQL: SELECT * FROM `vue-shopingcart` WHERE `userid` = 1 AND `userName` = '123'  [ RunTime:0.0004s ]

[ 2018-11-25T15:39:01+08:00 ] ::1 /nhkjw/index.php/Home/index/getProductCat
INFO: [ app_init ] --START--
INFO: Run Behavior\BuildLiteBehavior [ RunTime:0.000024s ]
INFO: [ app_init ] --END-- [ RunTime:0.000605s ]
INFO: [ app_begin ] --START--
INFO: Run Behavior\ReadHtmlCacheBehavior [ RunTime:0.000682s ]
INFO: [ app_begin ] --END-- [ RunTime:0.000743s ]
SQL: SHOW COLUMNS FROM `vue-shopingcart` [ RunTime:0.0049s ]
SQL: SELECT * FROM `vue-shopingcart` WHERE `userid` = 1 AND `userName` = '123'  [ RunTime:0.0004s ]

[ 2018-11-25T15:39:55+08:00 ] ::1 /nhkjw/index.php/Home/index/getProductCat
INFO: [ app_init ] --START--
INFO: Run Behavior\BuildLiteBehavior [ RunTime:0.000016s ]
INFO: [ app_init ] --END-- [ RunTime:0.000350s ]
INFO: [ app_begin ] --START--
INFO: Run Behavior\ReadHtmlCacheBehavior [ RunTime:0.000496s ]
INFO: [ app_begin ] --END-- [ RunTime:0.000566s ]
SQL: SHOW COLUMNS FROM `vue-shopingcart` [ RunTime:0.0041s ]
SQL: SELECT * FROM `vue-shopingcart` WHERE `userid` = 1 AND `userName` = '123'  [ RunTime:0.0011s ]

[ 2018-11-25T15:40:06+08:00 ] ::1 /nhkjw/index.php/Home/index/getProductCat
INFO: [ app_init ] --START--
INFO: Run Behavior\BuildLiteBehavior [ RunTime:0.000009s ]
INFO: [ app_init ] --END-- [ RunTime:0.000305s ]
INFO: [ app_begin ] --START--
INFO: Run Behavior\ReadHtmlCacheBehavior [ RunTime:0.000363s ]
INFO: [ app_begin ] --END-- [ RunTime:0.000410s ]
SQL: SHOW COLUMNS FROM `vue-shopingcart` [ RunTime:0.0052s ]
SQL: SELECT * FROM `vue-shopingcart` WHERE `userid` = 1 AND `userName` = '123'  [ RunTime:0.0005s ]

[ 2018-11-25T15:40:12+08:00 ] ::1 /nhkjw/index.php/Home/index/getProductCat
INFO: [ app_init ] --START--
INFO: Run Behavior\BuildLiteBehavior [ RunTime:0.000011s ]
INFO: [ app_init ] --END-- [ RunTime:0.000295s ]
INFO: [ app_begin ] --START--
INFO: Run Behavior\ReadHtmlCacheBehavior [ RunTime:0.000418s ]
INFO: [ app_begin ] --END-- [ RunTime:0.000458s ]
SQL: SHOW COLUMNS FROM `vue-shopingcart` [ RunTime:0.0031s ]
SQL: SELECT * FROM `vue-shopingcart` WHERE `userid` = 1 AND `userName` = '123'  [ RunTime:0.0007s ]

[ 2018-11-25T15:40:38+08:00 ] ::1 /nhkjw/index.php/Home/index/getProductCat
INFO: [ app_init ] --START--
INFO: Run Behavior\BuildLiteBehavior [ RunTime:0.000010s ]
INFO: [ app_init ] --END-- [ RunTime:0.000309s ]
INFO: [ app_begin ] --START--
INFO: Run Behavior\ReadHtmlCacheBehavior [ RunTime:0.000390s ]
INFO: [ app_begin ] --END-- [ RunTime:0.000434s ]
SQL: SHOW COLUMNS FROM `vue-shopingcart` [ RunTime:0.0058s ]
SQL: SELECT * FROM `vue-shopingcart` WHERE `userid` = 1 AND `userName` = '123'  [ RunTime:0.0004s ]

[ 2018-11-25T15:42:04+08:00 ] ::1 /nhkjw/index.php/Home/index/getProductCat
INFO: [ app_init ] --START--
INFO: Run Behavior\BuildLiteBehavior [ RunTime:0.000013s ]
INFO: [ app_init ] --END-- [ RunTime:0.000443s ]
INFO: [ app_begin ] --START--
INFO: Run Behavior\ReadHtmlCacheBehavior [ RunTime:0.000751s ]
INFO: [ app_begin ] --END-- [ RunTime:0.000834s ]
SQL: SHOW COLUMNS FROM `vue-shopingcart` [ RunTime:0.0047s ]
SQL: SELECT * FROM `vue-shopingcart` WHERE `userid` = 1 AND `userName` = '123'  [ RunTime:0.0005s ]

[ 2018-11-25T15:42:09+08:00 ] ::1 /nhkjw/index.php/Home/index/getProductCat
INFO: [ app_init ] --START--
INFO: Run Behavior\BuildLiteBehavior [ RunTime:0.000021s ]
INFO: [ app_init ] --END-- [ RunTime:0.000740s ]
INFO: [ app_begin ] --START--
INFO: Run Behavior\ReadHtmlCacheBehavior [ RunTime:0.000460s ]
INFO: [ app_begin ] --END-- [ RunTime:0.000513s ]
SQL: SHOW COLUMNS FROM `vue-shopingcart` [ RunTime:0.0086s ]
SQL: SELECT * FROM `vue-shopingcart` WHERE `userid` = 1 AND `userName` = '123'  [ RunTime:0.0004s ]

[ 2018-11-25T15:42:26+08:00 ] ::1 /nhkjw/index.php/Home/index/getProductCat
INFO: [ app_init ] --START--
INFO: Run Behavior\BuildLiteBehavior [ RunTime:0.000019s ]
INFO: [ app_init ] --END-- [ RunTime:0.002229s ]
INFO: [ app_begin ] --START--
INFO: Run Behavior\ReadHtmlCacheBehavior [ RunTime:0.000434s ]
INFO: [ app_begin ] --END-- [ RunTime:0.000483s ]
SQL: SHOW COLUMNS FROM `vue-shopingcart` [ RunTime:0.0044s ]
SQL: SELECT * FROM `vue-shopingcart` WHERE `userid` = 1 AND `userName` = '123'  [ RunTime:0.0014s ]

[ 2018-11-25T15:42:34+08:00 ] ::1 /nhkjw/index.php/Home/index/getProductCat
INFO: [ app_init ] --START--
INFO: Run Behavior\BuildLiteBehavior [ RunTime:0.000019s ]
INFO: [ app_init ] --END-- [ RunTime:0.000423s ]
INFO: [ app_begin ] --START--
INFO: Run Behavior\ReadHtmlCacheBehavior [ RunTime:0.000631s ]
INFO: [ app_begin ] --END-- [ RunTime:0.000715s ]
SQL: SHOW COLUMNS FROM `vue-shopingcart` [ RunTime:0.0033s ]
SQL: SELECT * FROM `vue-shopingcart` WHERE `userid` = 1 AND `userName` = '123'  [ RunTime:0.0009s ]

[ 2018-11-25T15:43:15+08:00 ] ::1 /nhkjw/index.php/Home/index/getProductCat
INFO: [ app_init ] --START--
INFO: Run Behavior\BuildLiteBehavior [ RunTime:0.000011s ]
INFO: [ app_init ] --END-- [ RunTime:0.000330s ]
INFO: [ app_begin ] --START--
INFO: Run Behavior\ReadHtmlCacheBehavior [ RunTime:0.000453s ]
INFO: [ app_begin ] --END-- [ RunTime:0.000698s ]
SQL: SHOW COLUMNS FROM `vue-shopingcart` [ RunTime:0.0050s ]
SQL: SELECT * FROM `vue-shopingcart` WHERE `userid` = 1 AND `userName` = '123'  [ RunTime:0.0006s ]

[ 2018-11-25T15:43:36+08:00 ] ::1 /nhkjw/index.php/Home/index/getProductCat
INFO: [ app_init ] --START--
INFO: Run Behavior\BuildLiteBehavior [ RunTime:0.000020s ]
INFO: [ app_init ] --END-- [ RunTime:0.000522s ]
INFO: [ app_begin ] --START--
INFO: Run Behavior\ReadHtmlCacheBehavior [ RunTime:0.000518s ]
INFO: [ app_begin ] --END-- [ RunTime:0.000577s ]
SQL: SHOW COLUMNS FROM `vue-shopingcart` [ RunTime:0.0051s ]
SQL: SELECT * FROM `vue-shopingcart` WHERE `userid` = 1 AND `userName` = '123'  [ RunTime:0.0007s ]

[ 2018-11-25T15:45:26+08:00 ] ::1 /nhkjw/index.php/Home/index/getProductCat
INFO: [ app_init ] --START--
INFO: Run Behavior\BuildLiteBehavior [ RunTime:0.000020s ]
INFO: [ app_init ] --END-- [ RunTime:0.000653s ]
INFO: [ app_begin ] --START--
INFO: Run Behavior\ReadHtmlCacheBehavior [ RunTime:0.001297s ]
INFO: [ app_begin ] --END-- [ RunTime:0.001500s ]
SQL: SHOW COLUMNS FROM `vue-shopingcart` [ RunTime:0.0047s ]
SQL: SELECT * FROM `vue-shopingcart` WHERE `userid` = 1 AND `userName` = '123'  [ RunTime:0.0011s ]

[ 2018-11-25T15:45:46+08:00 ] ::1 /nhkjw/index.php/Home/index/getProductCat
INFO: [ app_init ] --START--
INFO: Run Behavior\BuildLiteBehavior [ RunTime:0.000016s ]
INFO: [ app_init ] --END-- [ RunTime:0.000724s ]
INFO: [ app_begin ] --START--
INFO: Run Behavior\ReadHtmlCacheBehavior [ RunTime:0.000492s ]
INFO: [ app_begin ] --END-- [ RunTime:0.000559s ]
SQL: SHOW COLUMNS FROM `vue-shopingcart` [ RunTime:0.0088s ]
SQL: SELECT * FROM `vue-shopingcart` WHERE `userid` = 1 AND `userName` = '123'  [ RunTime:0.0005s ]

[ 2018-11-25T15:46:12+08:00 ] ::1 /nhkjw/index.php/Home/index/getProductCat
INFO: [ app_init ] --START--
INFO: Run Behavior\BuildLiteBehavior [ RunTime:0.000017s ]
INFO: [ app_init ] --END-- [ RunTime:0.000644s ]
INFO: [ app_begin ] --START--
INFO: Run Behavior\ReadHtmlCacheBehavior [ RunTime:0.002722s ]
INFO: [ app_begin ] --END-- [ RunTime:0.002856s ]
SQL: SHOW COLUMNS FROM `vue-shopingcart` [ RunTime:0.0029s ]
SQL: SELECT * FROM `vue-shopingcart` WHERE `userid` = 1 AND `userName` = '123'  [ RunTime:0.0005s ]

[ 2018-11-25T15:46:38+08:00 ] ::1 /nhkjw/index.php/Home/index/getProductCat
INFO: [ app_init ] --START--
INFO: Run Behavior\BuildLiteBehavior [ RunTime:0.000011s ]
INFO: [ app_init ] --END-- [ RunTime:0.000578s ]
INFO: [ app_begin ] --START--
INFO: Run Behavior\ReadHtmlCacheBehavior [ RunTime:0.000611s ]
INFO: [ app_begin ] --END-- [ RunTime:0.000654s ]
SQL: SHOW COLUMNS FROM `vue-shopingcart` [ RunTime:0.0059s ]
SQL: SELECT * FROM `vue-shopingcart` WHERE `userid` = 1 AND `userName` = '123'  [ RunTime:0.0005s ]

[ 2018-11-25T15:47:02+08:00 ] ::1 /nhkjw/index.php/Home/index/getProductCat
INFO: [ app_init ] --START--
INFO: Run Behavior\BuildLiteBehavior [ RunTime:0.000011s ]
INFO: [ app_init ] --END-- [ RunTime:0.000367s ]
INFO: [ app_begin ] --START--
INFO: Run Behavior\ReadHtmlCacheBehavior [ RunTime:0.000441s ]
INFO: [ app_begin ] --END-- [ RunTime:0.000491s ]
SQL: SHOW COLUMNS FROM `vue-shopingcart` [ RunTime:0.0056s ]
SQL: SELECT * FROM `vue-shopingcart` WHERE `userid` = 1 AND `userName` = '123'  [ RunTime:0.0008s ]

[ 2018-11-25T15:47:20+08:00 ] ::1 /nhkjw/index.php/Home/index/getProductCat
INFO: [ app_init ] --START--
INFO: Run Behavior\BuildLiteBehavior [ RunTime:0.000015s ]
INFO: [ app_init ] --END-- [ RunTime:0.000350s ]
INFO: [ app_begin ] --START--
INFO: Run Behavior\ReadHtmlCacheBehavior [ RunTime:0.001091s ]
INFO: [ app_begin ] --END-- [ RunTime:0.001235s ]
SQL: SHOW COLUMNS FROM `vue-shopingcart` [ RunTime:0.0035s ]
SQL: SELECT * FROM `vue-shopingcart` WHERE `userid` = 1 AND `userName` = '123'  [ RunTime:0.0003s ]

[ 2018-11-25T15:49:56+08:00 ] ::1 /nhkjw/index.php/Home/index/getProductCat
INFO: [ app_init ] --START--
INFO: Run Behavior\BuildLiteBehavior [ RunTime:0.000013s ]
INFO: [ app_init ] --END-- [ RunTime:0.000919s ]
INFO: [ app_begin ] --START--
INFO: Run Behavior\ReadHtmlCacheBehavior [ RunTime:0.000779s ]
INFO: [ app_begin ] --END-- [ RunTime:0.000875s ]
SQL: SHOW COLUMNS FROM `vue-shopingcart` [ RunTime:0.0049s ]
SQL: SELECT * FROM `vue-shopingcart` WHERE `userid` = 1 AND `userName` = '123'  [ RunTime:0.0005s ]

[ 2018-11-25T15:50:23+08:00 ] ::1 /nhkjw/index.php/Home/index/getProductCat
INFO: [ app_init ] --START--
INFO: Run Behavior\BuildLiteBehavior [ RunTime:0.000015s ]
INFO: [ app_init ] --END-- [ RunTime:0.000514s ]
INFO: [ app_begin ] --START--
INFO: Run Behavior\ReadHtmlCacheBehavior [ RunTime:0.000584s ]
INFO: [ app_begin ] --END-- [ RunTime:0.000652s ]
SQL: SHOW COLUMNS FROM `vue-shopingcart` [ RunTime:0.0068s ]
SQL: SELECT * FROM `vue-shopingcart` WHERE `userid` = 1 AND `userName` = '123'  [ RunTime:0.0032s ]

[ 2018-11-25T15:52:17+08:00 ] ::1 /nhkjw/index.php/Home/index/getProductCat
INFO: [ app_init ] --START--
INFO: Run Behavior\BuildLiteBehavior [ RunTime:0.000014s ]
INFO: [ app_init ] --END-- [ RunTime:0.000811s ]
INFO: [ app_begin ] --START--
INFO: Run Behavior\ReadHtmlCacheBehavior [ RunTime:0.001667s ]
INFO: [ app_begin ] --END-- [ RunTime:0.001810s ]
SQL: SHOW COLUMNS FROM `vue-shopingcart` [ RunTime:0.0072s ]
SQL: SELECT * FROM `vue-shopingcart` WHERE `userid` = 1 AND `userName` = '123'  [ RunTime:0.0005s ]

[ 2018-11-25T15:55:20+08:00 ] ::1 /nhkjw/index.php/Home/index/getProductCat
INFO: [ app_init ] --START--
INFO: Run Behavior\BuildLiteBehavior [ RunTime:0.000012s ]
INFO: [ app_init ] --END-- [ RunTime:0.000424s ]
INFO: [ app_begin ] --START--
INFO: Run Behavior\ReadHtmlCacheBehavior [ RunTime:0.000522s ]
INFO: [ app_begin ] --END-- [ RunTime:0.000567s ]
SQL: SHOW COLUMNS FROM `vue-shopingcart` [ RunTime:0.0036s ]
SQL: SELECT * FROM `vue-shopingcart` WHERE `userid` = 1 AND `userName` = '123'  [ RunTime:0.0004s ]

[ 2018-11-25T15:56:18+08:00 ] ::1 /nhkjw/index.php/Home/index/getProductCat
INFO: [ app_init ] --START--
INFO: Run Behavior\BuildLiteBehavior [ RunTime:0.000022s ]
INFO: [ app_init ] --END-- [ RunTime:0.000520s ]
INFO: [ app_begin ] --START--
INFO: Run Behavior\ReadHtmlCacheBehavior [ RunTime:0.000645s ]
INFO: [ app_begin ] --END-- [ RunTime:0.000737s ]
SQL: SHOW COLUMNS FROM `vue-shopingcart` [ RunTime:0.0041s ]
SQL: SELECT * FROM `vue-shopingcart` WHERE `userid` = 1 AND `userName` = '123'  [ RunTime:0.0008s ]

[ 2018-11-25T15:58:29+08:00 ] ::1 /nhkjw/index.php/Home/index/getProductCat
INFO: [ app_init ] --START--
INFO: Run Behavior\BuildLiteBehavior [ RunTime:0.000024s ]
INFO: [ app_init ] --END-- [ RunTime:0.000583s ]
INFO: [ app_begin ] --START--
INFO: Run Behavior\ReadHtmlCacheBehavior [ RunTime:0.000592s ]
INFO: [ app_begin ] --END-- [ RunTime:0.000658s ]
SQL: SHOW COLUMNS FROM `vue-shopingcart` [ RunTime:0.0044s ]
SQL: SELECT * FROM `vue-shopingcart` WHERE `userid` = 1 AND `userName` = '123'  [ RunTime:0.0004s ]

[ 2018-11-25T16:08:19+08:00 ] ::1 /nhkjw/index.php/Home/index/getProductCat
INFO: [ app_init ] --START--
INFO: Run Behavior\BuildLiteBehavior [ RunTime:0.000011s ]
INFO: [ app_init ] --END-- [ RunTime:0.000377s ]
INFO: [ app_begin ] --START--
INFO: Run Behavior\ReadHtmlCacheBehavior [ RunTime:0.000546s ]
INFO: [ app_begin ] --END-- [ RunTime:0.000588s ]
SQL: SHOW COLUMNS FROM `vue-shopingcart` [ RunTime:0.0056s ]
SQL: SELECT * FROM `vue-shopingcart` WHERE `userid` = 1 AND `userName` = '123'  [ RunTime:0.0020s ]

[ 2018-11-25T16:08:34+08:00 ] ::1 /nhkjw/index.php/Home/index/getProductCat
INFO: [ app_init ] --START--
INFO: Run Behavior\BuildLiteBehavior [ RunTime:0.000026s ]
INFO: [ app_init ] --END-- [ RunTime:0.000541s ]
INFO: [ app_begin ] --START--
INFO: Run Behavior\ReadHtmlCacheBehavior [ RunTime:0.000539s ]
INFO: [ app_begin ] --END-- [ RunTime:0.000627s ]
SQL: SHOW COLUMNS FROM `vue-shopingcart` [ RunTime:0.0049s ]
SQL: SELECT * FROM `vue-shopingcart` WHERE `userid` = 1 AND `userName` = '123'  [ RunTime:0.0011s ]

[ 2018-11-25T16:09:10+08:00 ] ::1 /nhkjw/index.php/Home/index/getProductCat
INFO: [ app_init ] --START--
INFO: Run Behavior\BuildLiteBehavior [ RunTime:0.000022s ]
INFO: [ app_init ] --END-- [ RunTime:0.000481s ]
INFO: [ app_begin ] --START--
INFO: Run Behavior\ReadHtmlCacheBehavior [ RunTime:0.000483s ]
INFO: [ app_begin ] --END-- [ RunTime:0.000576s ]
SQL: SHOW COLUMNS FROM `vue-shopingcart` [ RunTime:0.0035s ]
SQL: SELECT * FROM `vue-shopingcart` WHERE `userid` = 1 AND `userName` = '123'  [ RunTime:0.0007s ]

[ 2018-11-25T16:09:41+08:00 ] ::1 /nhkjw/index.php/Home/index/getProductCat
INFO: [ app_init ] --START--
INFO: Run Behavior\BuildLiteBehavior [ RunTime:0.000011s ]
INFO: [ app_init ] --END-- [ RunTime:0.000300s ]
INFO: [ app_begin ] --START--
INFO: Run Behavior\ReadHtmlCacheBehavior [ RunTime:0.000371s ]
INFO: [ app_begin ] --END-- [ RunTime:0.000412s ]
SQL: SHOW COLUMNS FROM `vue-shopingcart` [ RunTime:0.0061s ]
SQL: SELECT * FROM `vue-shopingcart` WHERE `userid` = 1 AND `userName` = '123'  [ RunTime:0.0008s ]

[ 2018-11-25T16:17:36+08:00 ] ::1 /nhkjw/index.php/Home/index/homeServerProduct
INFO: [ app_init ] --START--
INFO: Run Behavior\BuildLiteBehavior [ RunTime:0.000010s ]
INFO: [ app_init ] --END-- [ RunTime:0.000320s ]
INFO: [ app_begin ] --START--
INFO: Run Behavior\ReadHtmlCacheBehavior [ RunTime:0.000450s ]
INFO: [ app_begin ] --END-- [ RunTime:0.000513s ]
SQL: SHOW COLUMNS FROM `vue-serverproduct` [ RunTime:0.0035s ]
NOTIC: [2] Missing argument 1 for Think\Model::where(), called in J:\xampp\htdocs\NHKJW\Application\Home\Controller\IndexController.class.php on line 59 and defined J:\xampp\htdocs\NHKJW\ThinkPHP\Library\Think\Model.class.php 第 1797 行.
NOTIC: [8] Undefined variable: where J:\xampp\htdocs\NHKJW\ThinkPHP\Library\Think\Model.class.php 第 1805 行.
NOTIC: [8] Undefined variable: where J:\xampp\htdocs\NHKJW\ThinkPHP\Library\Think\Model.class.php 第 1808 行.
NOTIC: [8] Undefined variable: where J:\xampp\htdocs\NHKJW\ThinkPHP\Library\Think\Model.class.php 第 1816 行.
SQL: SELECT * FROM `vue-serverproduct`  [ RunTime:0.0006s ]

[ 2018-11-25T16:17:38+08:00 ] ::1 /nhkjw/index.php/Home/index/productUserInquire
INFO: [ app_init ] --START--
INFO: Run Behavior\BuildLiteBehavior [ RunTime:0.000018s ]
INFO: [ app_init ] --END-- [ RunTime:0.000441s ]
INFO: [ app_begin ] --START--
INFO: Run Behavior\ReadHtmlCacheBehavior [ RunTime:0.000604s ]
INFO: [ app_begin ] --END-- [ RunTime:0.000691s ]
SQL: SHOW COLUMNS FROM `vue-userorder` [ RunTime:0.0047s ]
SQL: SELECT * FROM `vue-userorder` WHERE `userid` = 1 AND `userName` = '123'  [ RunTime:0.0008s ]

[ 2018-11-25T16:17:40+08:00 ] ::1 /nhkjw/index.php/Home/index/getProductCat
INFO: [ app_init ] --START--
INFO: Run Behavior\BuildLiteBehavior [ RunTime:0.000017s ]
INFO: [ app_init ] --END-- [ RunTime:0.000928s ]
INFO: [ app_begin ] --START--
INFO: Run Behavior\ReadHtmlCacheBehavior [ RunTime:0.000472s ]
INFO: [ app_begin ] --END-- [ RunTime:0.000534s ]
SQL: SHOW COLUMNS FROM `vue-shopingcart` [ RunTime:0.0078s ]
SQL: SELECT * FROM `vue-shopingcart` WHERE `userid` = 1 AND `userName` = '123'  [ RunTime:0.0007s ]

[ 2018-11-25T16:27:29+08:00 ] ::1 /nhkjw/index.php/Home/index/getProductCat
INFO: [ app_init ] --START--
INFO: Run Behavior\BuildLiteBehavior [ RunTime:0.000031s ]
INFO: [ app_init ] --END-- [ RunTime:0.000473s ]
INFO: [ app_begin ] --START--
INFO: Run Behavior\ReadHtmlCacheBehavior [ RunTime:0.000653s ]
INFO: [ app_begin ] --END-- [ RunTime:0.000718s ]
SQL: SHOW COLUMNS FROM `vue-shopingcart` [ RunTime:0.0050s ]
SQL: SELECT * FROM `vue-shopingcart` WHERE `userid` = 1 AND `userName` = '123'  [ RunTime:0.0005s ]

[ 2018-11-25T16:29:43+08:00 ] ::1 /nhkjw/index.php/Home/index/getProductCat
INFO: [ app_init ] --START--
INFO: Run Behavior\BuildLiteBehavior [ RunTime:0.000011s ]
INFO: [ app_init ] --END-- [ RunTime:0.000347s ]
INFO: [ app_begin ] --START--
INFO: Run Behavior\ReadHtmlCacheBehavior [ RunTime:0.000512s ]
INFO: [ app_begin ] --END-- [ RunTime:0.000553s ]
SQL: SHOW COLUMNS FROM `vue-shopingcart` [ RunTime:0.0044s ]
SQL: SELECT * FROM `vue-shopingcart` WHERE `userid` = 1 AND `userName` = '123'  [ RunTime:0.0005s ]

[ 2018-11-25T16:32:05+08:00 ] ::1 /nhkjw/index.php/Home/index/getProductCat
INFO: [ app_init ] --START--
INFO: Run Behavior\BuildLiteBehavior [ RunTime:0.000015s ]
INFO: [ app_init ] --END-- [ RunTime:0.000460s ]
INFO: [ app_begin ] --START--
INFO: Run Behavior\ReadHtmlCacheBehavior [ RunTime:0.000615s ]
INFO: [ app_begin ] --END-- [ RunTime:0.000678s ]
SQL: SHOW COLUMNS FROM `vue-shopingcart` [ RunTime:0.0059s ]
SQL: SELECT * FROM `vue-shopingcart` WHERE `userid` = 1 AND `userName` = '123'  [ RunTime:0.0005s ]

[ 2018-11-25T16:33:25+08:00 ] ::1 /nhkjw/index.php/Home/index/getProductCat
INFO: [ app_init ] --START--
INFO: Run Behavior\BuildLiteBehavior [ RunTime:0.000031s ]
INFO: [ app_init ] --END-- [ RunTime:0.000624s ]
INFO: [ app_begin ] --START--
INFO: Run Behavior\ReadHtmlCacheBehavior [ RunTime:0.000468s ]
INFO: [ app_begin ] --END-- [ RunTime:0.000524s ]
SQL: SHOW COLUMNS FROM `vue-shopingcart` [ RunTime:0.0059s ]
SQL: SELECT * FROM `vue-shopingcart` WHERE `userid` = 1 AND `userName` = '123'  [ RunTime:0.0009s ]

[ 2018-11-25T16:39:55+08:00 ] ::1 /nhkjw/index.php/Home/index/getProductCat
INFO: [ app_init ] --START--
INFO: Run Behavior\BuildLiteBehavior [ RunTime:0.000014s ]
INFO: [ app_init ] --END-- [ RunTime:0.000547s ]
INFO: [ app_begin ] --START--
INFO: Run Behavior\ReadHtmlCacheBehavior [ RunTime:0.005257s ]
INFO: [ app_begin ] --END-- [ RunTime:0.005355s ]
SQL: SHOW COLUMNS FROM `vue-shopingcart` [ RunTime:0.0031s ]
SQL: SELECT * FROM `vue-shopingcart` WHERE `userid` = 1 AND `userName` = '123'  [ RunTime:0.0004s ]

[ 2018-11-25T16:40:03+08:00 ] ::1 /nhkjw/index.php/Home/index/getProductCat
INFO: [ app_init ] --START--
INFO: Run Behavior\BuildLiteBehavior [ RunTime:0.000011s ]
INFO: [ app_init ] --END-- [ RunTime:0.000332s ]
INFO: [ app_begin ] --START--
INFO: Run Behavior\ReadHtmlCacheBehavior [ RunTime:0.000832s ]
INFO: [ app_begin ] --END-- [ RunTime:0.001171s ]
SQL: SHOW COLUMNS FROM `vue-shopingcart` [ RunTime:0.0030s ]
SQL: SELECT * FROM `vue-shopingcart` WHERE `userid` = 1 AND `userName` = '123'  [ RunTime:0.0016s ]

[ 2018-11-25T16:40:28+08:00 ] ::1 /nhkjw/index.php/Home/index/getProductCat
INFO: [ app_init ] --START--
INFO: Run Behavior\BuildLiteBehavior [ RunTime:0.000014s ]
INFO: [ app_init ] --END-- [ RunTime:0.000584s ]
INFO: [ app_begin ] --START--
INFO: Run Behavior\ReadHtmlCacheBehavior [ RunTime:0.000491s ]
INFO: [ app_begin ] --END-- [ RunTime:0.000542s ]
SQL: SHOW COLUMNS FROM `vue-shopingcart` [ RunTime:0.0072s ]
SQL: SELECT * FROM `vue-shopingcart` WHERE `userid` = 1 AND `userName` = '123'  [ RunTime:0.0014s ]

[ 2018-11-25T16:40:49+08:00 ] ::1 /nhkjw/index.php/Home/index/getProductCat
INFO: [ app_init ] --START--
INFO: Run Behavior\BuildLiteBehavior [ RunTime:0.000039s ]
INFO: [ app_init ] --END-- [ RunTime:0.001185s ]
INFO: [ app_begin ] --START--
INFO: Run Behavior\ReadHtmlCacheBehavior [ RunTime:0.000678s ]
INFO: [ app_begin ] --END-- [ RunTime:0.000787s ]
SQL: SHOW COLUMNS FROM `vue-shopingcart` [ RunTime:0.0030s ]
SQL: SELECT * FROM `vue-shopingcart` WHERE `userid` = 1 AND `userName` = '123'  [ RunTime:0.0003s ]

[ 2018-11-25T16:41:03+08:00 ] ::1 /nhkjw/index.php/Home/index/getProductCat
INFO: [ app_init ] --START--
INFO: Run Behavior\BuildLiteBehavior [ RunTime:0.000016s ]
INFO: [ app_init ] --END-- [ RunTime:0.000442s ]
INFO: [ app_begin ] --START--
INFO: Run Behavior\ReadHtmlCacheBehavior [ RunTime:0.000549s ]
INFO: [ app_begin ] --END-- [ RunTime:0.000629s ]
SQL: SHOW COLUMNS FROM `vue-shopingcart` [ RunTime:0.0049s ]
SQL: SELECT * FROM `vue-shopingcart` WHERE `userid` = 1 AND `userName` = '123'  [ RunTime:0.0022s ]

[ 2018-11-25T16:42:03+08:00 ] ::1 /nhkjw/index.php/Home/index/getProductCat
INFO: [ app_init ] --START--
INFO: Run Behavior\BuildLiteBehavior [ RunTime:0.000013s ]
INFO: [ app_init ] --END-- [ RunTime:0.000518s ]
INFO: [ app_begin ] --START--
INFO: Run Behavior\ReadHtmlCacheBehavior [ RunTime:0.000502s ]
INFO: [ app_begin ] --END-- [ RunTime:0.000547s ]
SQL: SHOW COLUMNS FROM `vue-shopingcart` [ RunTime:0.0030s ]
SQL: SELECT * FROM `vue-shopingcart` WHERE `userid` = 1 AND `userName` = '123'  [ RunTime:0.0003s ]

[ 2018-11-25T16:46:51+08:00 ] ::1 /nhkjw/index.php/Home/index/getProductCat
INFO: [ app_init ] --START--
INFO: Run Behavior\BuildLiteBehavior [ RunTime:0.000026s ]
INFO: [ app_init ] --END-- [ RunTime:0.000713s ]
INFO: [ app_begin ] --START--
INFO: Run Behavior\ReadHtmlCacheBehavior [ RunTime:0.000999s ]
INFO: [ app_begin ] --END-- [ RunTime:0.001879s ]
SQL: SHOW COLUMNS FROM `vue-shopingcart` [ RunTime:0.0042s ]
SQL: SELECT * FROM `vue-shopingcart` WHERE `userid` = 1 AND `userName` = '123'  [ RunTime:0.0030s ]

[ 2018-11-25T16:47:09+08:00 ] ::1 /nhkjw/index.php/Home/index/getProductCat
INFO: [ app_init ] --START--
INFO: Run Behavior\BuildLiteBehavior [ RunTime:0.000015s ]
INFO: [ app_init ] --END-- [ RunTime:0.000455s ]
INFO: [ app_begin ] --START--
INFO: Run Behavior\ReadHtmlCacheBehavior [ RunTime:0.000886s ]
INFO: [ app_begin ] --END-- [ RunTime:0.001034s ]
SQL: SHOW COLUMNS FROM `vue-shopingcart` [ RunTime:0.0072s ]
SQL: SELECT * FROM `vue-shopingcart` WHERE `userid` = 1 AND `userName` = '123'  [ RunTime:0.0008s ]

[ 2018-11-25T16:53:18+08:00 ] ::1 /nhkjw/index.php/Home/index/getProductCat
INFO: [ app_init ] --START--
INFO: Run Behavior\BuildLiteBehavior [ RunTime:0.000012s ]
INFO: [ app_init ] --END-- [ RunTime:0.000358s ]
INFO: [ app_begin ] --START--
INFO: Run Behavior\ReadHtmlCacheBehavior [ RunTime:0.000744s ]
INFO: [ app_begin ] --END-- [ RunTime:0.000830s ]
SQL: SHOW COLUMNS FROM `vue-shopingcart` [ RunTime:0.0045s ]
SQL: SELECT * FROM `vue-shopingcart` WHERE `userid` = 1 AND `userName` = '123'  [ RunTime:0.0004s ]

[ 2018-11-25T16:54:02+08:00 ] ::1 /nhkjw/index.php/Home/index/getProductCat
INFO: [ app_init ] --START--
INFO: Run Behavior\BuildLiteBehavior [ RunTime:0.000009s ]
INFO: [ app_init ] --END-- [ RunTime:0.000295s ]
INFO: [ app_begin ] --START--
INFO: Run Behavior\ReadHtmlCacheBehavior [ RunTime:0.000380s ]
INFO: [ app_begin ] --END-- [ RunTime:0.000421s ]
SQL: SHOW COLUMNS FROM `vue-shopingcart` [ RunTime:0.0038s ]
SQL: SELECT * FROM `vue-shopingcart` WHERE `userid` = 1 AND `userName` = '123'  [ RunTime:0.0006s ]

[ 2018-11-25T16:54:18+08:00 ] ::1 /nhkjw/index.php/Home/index/getProductCat
INFO: [ app_init ] --START--
INFO: Run Behavior\BuildLiteBehavior [ RunTime:0.000018s ]
INFO: [ app_init ] --END-- [ RunTime:0.000451s ]
INFO: [ app_begin ] --START--
INFO: Run Behavior\ReadHtmlCacheBehavior [ RunTime:0.000513s ]
INFO: [ app_begin ] --END-- [ RunTime:0.000571s ]
SQL: SHOW COLUMNS FROM `vue-shopingcart` [ RunTime:0.0093s ]
SQL: SELECT * FROM `vue-shopingcart` WHERE `userid` = 1 AND `userName` = '123'  [ RunTime:0.0008s ]

[ 2018-11-25T16:55:26+08:00 ] ::1 /nhkjw/index.php/Home/index/getProductCat
INFO: [ app_init ] --START--
INFO: Run Behavior\BuildLiteBehavior [ RunTime:0.000025s ]
INFO: [ app_init ] --END-- [ RunTime:0.000617s ]
INFO: [ app_begin ] --START--
INFO: Run Behavior\ReadHtmlCacheBehavior [ RunTime:0.000741s ]
INFO: [ app_begin ] --END-- [ RunTime:0.000818s ]
SQL: SHOW COLUMNS FROM `vue-shopingcart` [ RunTime:0.0054s ]
SQL: SELECT * FROM `vue-shopingcart` WHERE `userid` = 1 AND `userName` = '123'  [ RunTime:0.0012s ]

[ 2018-11-25T16:56:19+08:00 ] ::1 /nhkjw/index.php/Home/index/getProductCat
INFO: [ app_init ] --START--
INFO: Run Behavior\BuildLiteBehavior [ RunTime:0.000015s ]
INFO: [ app_init ] --END-- [ RunTime:0.000476s ]
INFO: [ app_begin ] --START--
INFO: Run Behavior\ReadHtmlCacheBehavior [ RunTime:0.000550s ]
INFO: [ app_begin ] --END-- [ RunTime:0.000624s ]
SQL: SHOW COLUMNS FROM `vue-shopingcart` [ RunTime:0.0040s ]
SQL: SELECT * FROM `vue-shopingcart` WHERE `userid` = 1 AND `userName` = '123'  [ RunTime:0.0004s ]

[ 2018-11-25T16:56:45+08:00 ] ::1 /nhkjw/index.php/Home/index/getProductCat
INFO: [ app_init ] --START--
INFO: Run Behavior\BuildLiteBehavior [ RunTime:0.000023s ]
INFO: [ app_init ] --END-- [ RunTime:0.000440s ]
INFO: [ app_begin ] --START--
INFO: Run Behavior\ReadHtmlCacheBehavior [ RunTime:0.000712s ]
INFO: [ app_begin ] --END-- [ RunTime:0.000798s ]
SQL: SHOW COLUMNS FROM `vue-shopingcart` [ RunTime:0.0069s ]
SQL: SELECT * FROM `vue-shopingcart` WHERE `userid` = 1 AND `userName` = '123'  [ RunTime:0.0006s ]

[ 2018-11-25T16:57:06+08:00 ] ::1 /nhkjw/index.php/Home/index/getProductCat
INFO: [ app_init ] --START--
INFO: Run Behavior\BuildLiteBehavior [ RunTime:0.000017s ]
INFO: [ app_init ] --END-- [ RunTime:0.002027s ]
INFO: [ app_begin ] --START--
INFO: Run Behavior\ReadHtmlCacheBehavior [ RunTime:0.000443s ]
INFO: [ app_begin ] --END-- [ RunTime:0.000494s ]
SQL: SHOW COLUMNS FROM `vue-shopingcart` [ RunTime:0.0061s ]
SQL: SELECT * FROM `vue-shopingcart` WHERE `userid` = 1 AND `userName` = '123'  [ RunTime:0.0032s ]

[ 2018-11-25T16:57:17+08:00 ] ::1 /nhkjw/index.php/Home/index/getProductCat
INFO: [ app_init ] --START--
INFO: Run Behavior\BuildLiteBehavior [ RunTime:0.000014s ]
INFO: [ app_init ] --END-- [ RunTime:0.000350s ]
INFO: [ app_begin ] --START--
INFO: Run Behavior\ReadHtmlCacheBehavior [ RunTime:0.000411s ]
INFO: [ app_begin ] --END-- [ RunTime:0.000461s ]
SQL: SHOW COLUMNS FROM `vue-shopingcart` [ RunTime:0.0794s ]
SQL: SELECT * FROM `vue-shopingcart` WHERE `userid` = 1 AND `userName` = '123'  [ RunTime:0.0006s ]

[ 2018-11-25T16:57:33+08:00 ] ::1 /nhkjw/index.php/Home/index/getProductCat
INFO: [ app_init ] --START--
INFO: Run Behavior\BuildLiteBehavior [ RunTime:0.000013s ]
INFO: [ app_init ] --END-- [ RunTime:0.000511s ]
INFO: [ app_begin ] --START--
INFO: Run Behavior\ReadHtmlCacheBehavior [ RunTime:0.000513s ]
INFO: [ app_begin ] --END-- [ RunTime:0.000555s ]
SQL: SHOW COLUMNS FROM `vue-shopingcart` [ RunTime:0.0048s ]
SQL: SELECT * FROM `vue-shopingcart` WHERE `userid` = 1 AND `userName` = '123'  [ RunTime:0.0009s ]

[ 2018-11-25T16:58:41+08:00 ] ::1 /nhkjw/index.php/Home/index/getProductCat
INFO: [ app_init ] --START--
INFO: Run Behavior\BuildLiteBehavior [ RunTime:0.000021s ]
INFO: [ app_init ] --END-- [ RunTime:0.000602s ]
INFO: [ app_begin ] --START--
INFO: Run Behavior\ReadHtmlCacheBehavior [ RunTime:0.000594s ]
INFO: [ app_begin ] --END-- [ RunTime:0.000682s ]
SQL: SHOW COLUMNS FROM `vue-shopingcart` [ RunTime:0.0050s ]
SQL: SELECT * FROM `vue-shopingcart` WHERE `userid` = 1 AND `userName` = '123'  [ RunTime:0.0005s ]

[ 2018-11-25T16:59:37+08:00 ] ::1 /nhkjw/index.php/Home/index/getProductCat
INFO: [ app_init ] --START--
INFO: Run Behavior\BuildLiteBehavior [ RunTime:0.000012s ]
INFO: [ app_init ] --END-- [ RunTime:0.000433s ]
INFO: [ app_begin ] --START--
INFO: Run Behavior\ReadHtmlCacheBehavior [ RunTime:0.000562s ]
INFO: [ app_begin ] --END-- [ RunTime:0.000603s ]
SQL: SHOW COLUMNS FROM `vue-shopingcart` [ RunTime:0.0033s ]
SQL: SELECT * FROM `vue-shopingcart` WHERE `userid` = 1 AND `userName` = '123'  [ RunTime:0.0004s ]

[ 2018-11-25T17:00:15+08:00 ] ::1 /nhkjw/index.php/Home/index/getProductCat
INFO: [ app_init ] --START--
INFO: Run Behavior\BuildLiteBehavior [ RunTime:0.000016s ]
INFO: [ app_init ] --END-- [ RunTime:0.000465s ]
INFO: [ app_begin ] --START--
INFO: Run Behavior\ReadHtmlCacheBehavior [ RunTime:0.000628s ]
INFO: [ app_begin ] --END-- [ RunTime:0.000759s ]
SQL: SHOW COLUMNS FROM `vue-shopingcart` [ RunTime:0.0046s ]
SQL: SELECT * FROM `vue-shopingcart` WHERE `userid` = 1 AND `userName` = '123'  [ RunTime:0.0007s ]

[ 2018-11-25T17:01:37+08:00 ] ::1 /nhkjw/index.php/Home/index/getProductCat
INFO: [ app_init ] --START--
INFO: Run Behavior\BuildLiteBehavior [ RunTime:0.000035s ]
INFO: [ app_init ] --END-- [ RunTime:0.000395s ]
INFO: [ app_begin ] --START--
INFO: Run Behavior\ReadHtmlCacheBehavior [ RunTime:0.000704s ]
INFO: [ app_begin ] --END-- [ RunTime:0.000754s ]
SQL: SHOW COLUMNS FROM `vue-shopingcart` [ RunTime:0.0063s ]
SQL: SELECT * FROM `vue-shopingcart` WHERE `userid` = 1 AND `userName` = '123'  [ RunTime:0.0005s ]

[ 2018-11-25T17:02:04+08:00 ] ::1 /nhkjw/index.php/Home/index/getProductCat
INFO: [ app_init ] --START--
INFO: Run Behavior\BuildLiteBehavior [ RunTime:0.000019s ]
INFO: [ app_init ] --END-- [ RunTime:0.000557s ]
INFO: [ app_begin ] --START--
INFO: Run Behavior\ReadHtmlCacheBehavior [ RunTime:0.001087s ]
INFO: [ app_begin ] --END-- [ RunTime:0.001260s ]
SQL: SHOW COLUMNS FROM `vue-shopingcart` [ RunTime:0.0057s ]
SQL: SELECT * FROM `vue-shopingcart` WHERE `userid` = 1 AND `userName` = '123'  [ RunTime:0.0007s ]

[ 2018-11-25T17:02:11+08:00 ] ::1 /nhkjw/index.php/Home/index/getProductCat
INFO: [ app_init ] --START--
INFO: Run Behavior\BuildLiteBehavior [ RunTime:0.000019s ]
INFO: [ app_init ] --END-- [ RunTime:0.000595s ]
INFO: [ app_begin ] --START--
INFO: Run Behavior\ReadHtmlCacheBehavior [ RunTime:0.000839s ]
INFO: [ app_begin ] --END-- [ RunTime:0.000970s ]
SQL: SHOW COLUMNS FROM `vue-shopingcart` [ RunTime:0.0046s ]
SQL: SELECT * FROM `vue-shopingcart` WHERE `userid` = 1 AND `userName` = '123'  [ RunTime:0.0005s ]

[ 2018-11-25T17:02:25+08:00 ] ::1 /nhkjw/index.php/Home/index/getProductCat
INFO: [ app_init ] --START--
INFO: Run Behavior\BuildLiteBehavior [ RunTime:0.000025s ]
INFO: [ app_init ] --END-- [ RunTime:0.000408s ]
INFO: [ app_begin ] --START--
INFO: Run Behavior\ReadHtmlCacheBehavior [ RunTime:0.000496s ]
INFO: [ app_begin ] --END-- [ RunTime:0.000553s ]
SQL: SHOW COLUMNS FROM `vue-shopingcart` [ RunTime:0.0054s ]
SQL: SELECT * FROM `vue-shopingcart` WHERE `userid` = 1 AND `userName` = '123'  [ RunTime:0.0004s ]

[ 2018-11-25T17:03:15+08:00 ] ::1 /nhkjw/index.php/Home/index/getProductCat
INFO: [ app_init ] --START--
INFO: Run Behavior\BuildLiteBehavior [ RunTime:0.000014s ]
INFO: [ app_init ] --END-- [ RunTime:0.000481s ]
INFO: [ app_begin ] --START--
INFO: Run Behavior\ReadHtmlCacheBehavior [ RunTime:0.000467s ]
INFO: [ app_begin ] --END-- [ RunTime:0.000538s ]
SQL: SHOW COLUMNS FROM `vue-shopingcart` [ RunTime:0.0038s ]
SQL: SELECT * FROM `vue-shopingcart` WHERE `userid` = 1 AND `userName` = '123'  [ RunTime:0.0004s ]

[ 2018-11-25T17:03:34+08:00 ] ::1 /nhkjw/index.php/Home/index/getProductCat
INFO: [ app_init ] --START--
INFO: Run Behavior\BuildLiteBehavior [ RunTime:0.000035s ]
INFO: [ app_init ] --END-- [ RunTime:0.001254s ]
INFO: [ app_begin ] --START--
INFO: Run Behavior\ReadHtmlCacheBehavior [ RunTime:0.000683s ]
INFO: [ app_begin ] --END-- [ RunTime:0.000885s ]
SQL: SHOW COLUMNS FROM `vue-shopingcart` [ RunTime:0.0040s ]
SQL: SELECT * FROM `vue-shopingcart` WHERE `userid` = 1 AND `userName` = '123'  [ RunTime:0.0005s ]

[ 2018-11-25T17:03:52+08:00 ] ::1 /nhkjw/index.php/Home/index/getProductCat
INFO: [ app_init ] --START--
INFO: Run Behavior\BuildLiteBehavior [ RunTime:0.000015s ]
INFO: [ app_init ] --END-- [ RunTime:0.000507s ]
INFO: [ app_begin ] --START--
INFO: Run Behavior\ReadHtmlCacheBehavior [ RunTime:0.000753s ]
INFO: [ app_begin ] --END-- [ RunTime:0.000842s ]
SQL: SHOW COLUMNS FROM `vue-shopingcart` [ RunTime:0.0037s ]
SQL: SELECT * FROM `vue-shopingcart` WHERE `userid` = 1 AND `userName` = '123'  [ RunTime:0.0004s ]

[ 2018-11-25T17:04:06+08:00 ] ::1 /nhkjw/index.php/Home/index/getProductCat
INFO: [ app_init ] --START--
INFO: Run Behavior\BuildLiteBehavior [ RunTime:0.000027s ]
INFO: [ app_init ] --END-- [ RunTime:0.001285s ]
INFO: [ app_begin ] --START--
INFO: Run Behavior\ReadHtmlCacheBehavior [ RunTime:0.001490s ]
INFO: [ app_begin ] --END-- [ RunTime:0.001644s ]
SQL: SHOW COLUMNS FROM `vue-shopingcart` [ RunTime:0.0033s ]
SQL: SELECT * FROM `vue-shopingcart` WHERE `userid` = 1 AND `userName` = '123'  [ RunTime:0.0004s ]

[ 2018-11-25T17:04:58+08:00 ] ::1 /nhkjw/index.php/Home/index/getProductCat
INFO: [ app_init ] --START--
INFO: Run Behavior\BuildLiteBehavior [ RunTime:0.000016s ]
INFO: [ app_init ] --END-- [ RunTime:0.000422s ]
INFO: [ app_begin ] --START--
INFO: Run Behavior\ReadHtmlCacheBehavior [ RunTime:0.000891s ]
INFO: [ app_begin ] --END-- [ RunTime:0.000986s ]
SQL: SHOW COLUMNS FROM `vue-shopingcart` [ RunTime:0.0178s ]
SQL: SELECT * FROM `vue-shopingcart` WHERE `userid` = 1 AND `userName` = '123'  [ RunTime:0.0014s ]

[ 2018-11-25T17:05:02+08:00 ] ::1 /nhkjw/index.php/Home/index/getProductCat
INFO: [ app_init ] --START--
INFO: Run Behavior\BuildLiteBehavior [ RunTime:0.000015s ]
INFO: [ app_init ] --END-- [ RunTime:0.001416s ]
INFO: [ app_begin ] --START--
INFO: Run Behavior\ReadHtmlCacheBehavior [ RunTime:0.000531s ]
INFO: [ app_begin ] --END-- [ RunTime:0.000648s ]
SQL: SHOW COLUMNS FROM `vue-shopingcart` [ RunTime:0.0041s ]
SQL: SELECT * FROM `vue-shopingcart` WHERE `userid` = 1 AND `userName` = '123'  [ RunTime:0.0005s ]

[ 2018-11-25T17:05:36+08:00 ] ::1 /nhkjw/index.php/Home/index/getProductCat
INFO: [ app_init ] --START--
INFO: Run Behavior\BuildLiteBehavior [ RunTime:0.000014s ]
INFO: [ app_init ] --END-- [ RunTime:0.000343s ]
INFO: [ app_begin ] --START--
INFO: Run Behavior\ReadHtmlCacheBehavior [ RunTime:0.000489s ]
INFO: [ app_begin ] --END-- [ RunTime:0.000555s ]
SQL: SHOW COLUMNS FROM `vue-shopingcart` [ RunTime:0.0071s ]
SQL: SELECT * FROM `vue-shopingcart` WHERE `userid` = 1 AND `userName` = '123'  [ RunTime:0.0005s ]

[ 2018-11-25T17:05:46+08:00 ] ::1 /nhkjw/index.php/Home/index/getProductCat
INFO: [ app_init ] --START--
INFO: Run Behavior\BuildLiteBehavior [ RunTime:0.000017s ]
INFO: [ app_init ] --END-- [ RunTime:0.002717s ]
INFO: [ app_begin ] --START--
INFO: Run Behavior\ReadHtmlCacheBehavior [ RunTime:0.000536s ]
INFO: [ app_begin ] --END-- [ RunTime:0.000635s ]
SQL: SHOW COLUMNS FROM `vue-shopingcart` [ RunTime:0.0095s ]
SQL: SELECT * FROM `vue-shopingcart` WHERE `userid` = 1 AND `userName` = '123'  [ RunTime:0.0014s ]

[ 2018-11-25T17:06:05+08:00 ] ::1 /nhkjw/index.php/Home/index/getProductCat
INFO: [ app_init ] --START--
INFO: Run Behavior\BuildLiteBehavior [ RunTime:0.000011s ]
INFO: [ app_init ] --END-- [ RunTime:0.000322s ]
INFO: [ app_begin ] --START--
INFO: Run Behavior\ReadHtmlCacheBehavior [ RunTime:0.000374s ]
INFO: [ app_begin ] --END-- [ RunTime:0.000414s ]
SQL: SHOW COLUMNS FROM `vue-shopingcart` [ RunTime:0.0037s ]
SQL: SELECT * FROM `vue-shopingcart` WHERE `userid` = 1 AND `userName` = '123'  [ RunTime:0.0005s ]

[ 2018-11-25T17:07:21+08:00 ] ::1 /nhkjw/index.php/Home/index/getProductCat
INFO: [ app_init ] --START--
INFO: Run Behavior\BuildLiteBehavior [ RunTime:0.000019s ]
INFO: [ app_init ] --END-- [ RunTime:0.000547s ]
INFO: [ app_begin ] --START--
INFO: Run Behavior\ReadHtmlCacheBehavior [ RunTime:0.000803s ]
INFO: [ app_begin ] --END-- [ RunTime:0.000888s ]
SQL: SHOW COLUMNS FROM `vue-shopingcart` [ RunTime:0.0033s ]
SQL: SELECT * FROM `vue-shopingcart` WHERE `userid` = 1 AND `userName` = '123'  [ RunTime:0.0004s ]

