[ 2018-10-30T18:54:26+08:00 ] ::1 /vue-my/
INFO: [ app_init ] --START--
INFO: Run Behavior\BuildLiteBehavior [ RunTime:0.000013s ]
INFO: [ app_init ] --END-- [ RunTime:0.001489s ]
INFO: [ app_begin ] --START--
INFO: Run Behavior\ReadHtmlCacheBehavior [ RunTime:0.001107s ]
INFO: [ app_begin ] --END-- [ RunTime:0.001160s ]
INFO: [ view_parse ] --START--
INFO: [ template_filter ] --START--
INFO: Run Behavior\ContentReplaceBehavior [ RunTime:0.001210s ]
INFO: [ template_filter ] --END-- [ RunTime:0.001276s ]
INFO: Run Behavior\ParseTemplateBehavior [ RunTime:0.010859s ]
INFO: [ view_parse ] --END-- [ RunTime:0.010917s ]
INFO: [ view_filter ] --START--
INFO: Run Behavior\WriteHtmlCacheBehavior [ RunTime:0.001283s ]
INFO: [ view_filter ] --END-- [ RunTime:0.001354s ]
INFO: [ app_end ] --START--
INFO: Run Behavior\ShowPageTraceBehavior [ RunTime:0.001025s ]
INFO: [ app_end ] --END-- [ RunTime:0.001066s ]

[ 2018-10-30T19:00:01+08:00 ] ::1 /vue-my/index.php/Home/index/ceshi
INFO: [ app_init ] --START--
INFO: Run Behavior\BuildLiteBehavior [ RunTime:0.000010s ]
INFO: [ app_init ] --END-- [ RunTime:0.000438s ]
INFO: [ app_begin ] --START--
INFO: Run Behavior\ReadHtmlCacheBehavior [ RunTime:0.000621s ]
INFO: [ app_begin ] --END-- [ RunTime:0.000665s ]
SQL: SHOW COLUMNS FROM `vue-productlist` [ RunTime:0.0048s ]
SQL: SELECT * FROM `vue-productlist`  [ RunTime:0.0003s ]

[ 2018-10-30T19:00:04+08:00 ] ::1 /vue-my/index.php/Home/index/ceshi
INFO: [ app_init ] --START--
INFO: Run Behavior\BuildLiteBehavior [ RunTime:0.000010s ]
INFO: [ app_init ] --END-- [ RunTime:0.000340s ]
INFO: [ app_begin ] --START--
INFO: Run Behavior\ReadHtmlCacheBehavior [ RunTime:0.000595s ]
INFO: [ app_begin ] --END-- [ RunTime:0.000644s ]
SQL: SHOW COLUMNS FROM `vue-productlist` [ RunTime:0.0075s ]
SQL: SELECT * FROM `vue-productlist`  [ RunTime:0.0006s ]

[ 2018-10-30T19:02:02+08:00 ] ::1 /vue-my/index.php/Home/index/ceshi
INFO: [ app_init ] --START--
INFO: Run Behavior\BuildLiteBehavior [ RunTime:0.000012s ]
INFO: [ app_init ] --END-- [ RunTime:0.000425s ]
INFO: [ app_begin ] --START--
INFO: Run Behavior\ReadHtmlCacheBehavior [ RunTime:0.000719s ]
INFO: [ app_begin ] --END-- [ RunTime:0.000769s ]
SQL: SHOW COLUMNS FROM `vue-productlist` [ RunTime:0.0043s ]
SQL: SELECT * FROM `vue-productlist`  [ RunTime:0.0002s ]

[ 2018-10-30T19:02:26+08:00 ] ::1 /vue-my/index.php/Home/index/ceshi
INFO: [ app_init ] --START--
INFO: Run Behavior\BuildLiteBehavior [ RunTime:0.000011s ]
INFO: [ app_init ] --END-- [ RunTime:0.000467s ]
INFO: [ app_begin ] --START--
INFO: Run Behavior\ReadHtmlCacheBehavior [ RunTime:0.000597s ]
INFO: [ app_begin ] --END-- [ RunTime:0.000641s ]
SQL: SHOW COLUMNS FROM `vue-productlist` [ RunTime:0.0067s ]
SQL: SELECT * FROM `vue-productlist`  [ RunTime:0.0003s ]

[ 2018-10-30T19:08:20+08:00 ] ::1 /vue-my/index.php/Home/index/yunshichang
INFO: [ app_init ] --START--
INFO: Run Behavior\BuildLiteBehavior [ RunTime:0.000011s ]
INFO: [ app_init ] --END-- [ RunTime:0.000522s ]
INFO: [ app_begin ] --START--
INFO: Run Behavior\ReadHtmlCacheBehavior [ RunTime:0.001111s ]
INFO: [ app_begin ] --END-- [ RunTime:0.001161s ]
SQL: SHOW COLUMNS FROM `vue-software` [ RunTime:0.0071s ]
SQL: SELECT * FROM `vue-software`  [ RunTime:0.0004s ]

[ 2018-10-30T19:11:46+08:00 ] ::1 /vue-my/index.php/Home/index/yunshichang
INFO: [ app_init ] --START--
INFO: Run Behavior\BuildLiteBehavior [ RunTime:0.000274s ]
INFO: [ app_init ] --END-- [ RunTime:0.001015s ]
INFO: [ app_begin ] --START--
INFO: Run Behavior\ReadHtmlCacheBehavior [ RunTime:0.000706s ]
INFO: [ app_begin ] --END-- [ RunTime:0.000761s ]
SQL: SHOW COLUMNS FROM `vue-software` [ RunTime:0.0069s ]
SQL: SELECT * FROM `vue-software`  [ RunTime:0.0004s ]

[ 2018-10-30T19:12:03+08:00 ] ::1 /vue-my/index.php/Home/index/yunshichang
INFO: [ app_init ] --START--
INFO: Run Behavior\BuildLiteBehavior [ RunTime:0.000010s ]
INFO: [ app_init ] --END-- [ RunTime:0.000371s ]
INFO: [ app_begin ] --START--
INFO: Run Behavior\ReadHtmlCacheBehavior [ RunTime:0.000613s ]
INFO: [ app_begin ] --END-- [ RunTime:0.000653s ]
SQL: SHOW COLUMNS FROM `vue-software` [ RunTime:0.0058s ]
SQL: SELECT * FROM `vue-software`  [ RunTime:0.0003s ]

[ 2018-10-30T19:12:37+08:00 ] ::1 /vue-my/index.php/Home/index/yunshichang
INFO: [ app_init ] --START--
INFO: Run Behavior\BuildLiteBehavior [ RunTime:0.000012s ]
INFO: [ app_init ] --END-- [ RunTime:0.004515s ]
INFO: [ app_begin ] --START--
INFO: Run Behavior\ReadHtmlCacheBehavior [ RunTime:0.000800s ]
INFO: [ app_begin ] --END-- [ RunTime:0.000846s ]
SQL: SHOW COLUMNS FROM `vue-software` [ RunTime:0.0051s ]
SQL: SELECT * FROM `vue-software`  [ RunTime:0.0003s ]

[ 2018-10-30T19:14:32+08:00 ] ::1 /vue-my/index.php/Home/index/yunshichang
INFO: [ app_init ] --START--
INFO: Run Behavior\BuildLiteBehavior [ RunTime:0.000011s ]
INFO: [ app_init ] --END-- [ RunTime:0.000407s ]
INFO: [ app_begin ] --START--
INFO: Run Behavior\ReadHtmlCacheBehavior [ RunTime:0.000725s ]
INFO: [ app_begin ] --END-- [ RunTime:0.000770s ]
SQL: SHOW COLUMNS FROM `vue-software` [ RunTime:0.0074s ]
SQL: SELECT * FROM `vue-software`  [ RunTime:0.0003s ]

[ 2018-10-30T19:15:20+08:00 ] ::1 /vue-my/index.php/Home/index/yunshichang
INFO: [ app_init ] --START--
INFO: Run Behavior\BuildLiteBehavior [ RunTime:0.000010s ]
INFO: [ app_init ] --END-- [ RunTime:0.000348s ]
INFO: [ app_begin ] --START--
INFO: Run Behavior\ReadHtmlCacheBehavior [ RunTime:0.000583s ]
INFO: [ app_begin ] --END-- [ RunTime:0.000628s ]
SQL: SHOW COLUMNS FROM `vue-software` [ RunTime:0.0071s ]
SQL: SELECT * FROM `vue-software`  [ RunTime:0.0004s ]

[ 2018-10-30T19:18:08+08:00 ] ::1 /vue-my/index.php/Home/index/yunshichang
INFO: [ app_init ] --START--
INFO: Run Behavior\BuildLiteBehavior [ RunTime:0.000010s ]
INFO: [ app_init ] --END-- [ RunTime:0.000402s ]
INFO: [ app_begin ] --START--
INFO: Run Behavior\ReadHtmlCacheBehavior [ RunTime:0.000589s ]
INFO: [ app_begin ] --END-- [ RunTime:0.000626s ]
SQL: SHOW COLUMNS FROM `vue-software` [ RunTime:0.0083s ]
SQL: SELECT * FROM `vue-software`  [ RunTime:0.0005s ]

[ 2018-10-30T19:19:31+08:00 ] ::1 /vue-my/index.php/Home/index/yunshichang
INFO: [ app_init ] --START--
INFO: Run Behavior\BuildLiteBehavior [ RunTime:0.000012s ]
INFO: [ app_init ] --END-- [ RunTime:0.000526s ]
INFO: [ app_begin ] --START--
INFO: Run Behavior\ReadHtmlCacheBehavior [ RunTime:0.000624s ]
INFO: [ app_begin ] --END-- [ RunTime:0.000668s ]
SQL: SHOW COLUMNS FROM `vue-software` [ RunTime:0.0046s ]
SQL: SELECT * FROM `vue-software`  [ RunTime:0.0003s ]

[ 2018-10-30T19:20:41+08:00 ] ::1 /vue-my/index.php/Home/index/yunshichang
INFO: [ app_init ] --START--
INFO: Run Behavior\BuildLiteBehavior [ RunTime:0.000010s ]
INFO: [ app_init ] --END-- [ RunTime:0.000316s ]
INFO: [ app_begin ] --START--
INFO: Run Behavior\ReadHtmlCacheBehavior [ RunTime:0.000520s ]
INFO: [ app_begin ] --END-- [ RunTime:0.000559s ]
SQL: SHOW COLUMNS FROM `vue-software` [ RunTime:0.0061s ]
SQL: SELECT * FROM `vue-software`  [ RunTime:0.0005s ]

[ 2018-10-30T20:31:00+08:00 ] ::1 /vue-my/index.php/Home/index/yunshichang
INFO: [ app_init ] --START--
INFO: Run Behavior\BuildLiteBehavior [ RunTime:0.000011s ]
INFO: [ app_init ] --END-- [ RunTime:0.000401s ]
INFO: [ app_begin ] --START--
INFO: Run Behavior\ReadHtmlCacheBehavior [ RunTime:0.000710s ]
INFO: [ app_begin ] --END-- [ RunTime:0.000756s ]
SQL: SHOW COLUMNS FROM `vue-software` [ RunTime:0.0071s ]
SQL: SELECT * FROM `vue-software`  [ RunTime:0.0004s ]

