[ 2018-11-20T17:19:37+08:00 ] ::1 /nhkjw/index.php/Home/index/homeServerProduct
INFO: [ app_init ] --START--
INFO: Run Behavior\BuildLiteBehavior [ RunTime:0.000013s ]
INFO: [ app_init ] --END-- [ RunTime:0.001549s ]
INFO: [ app_begin ] --START--
INFO: Run Behavior\ReadHtmlCacheBehavior [ RunTime:0.000776s ]
INFO: [ app_begin ] --END-- [ RunTime:0.000866s ]
SQL: SHOW COLUMNS FROM `vue-serverproduct` [ RunTime:0.0077s ]
NOTIC: [2] Missing argument 1 for Think\Model::where(), called in J:\xampp\htdocs\NHKJW\Application\Home\Controller\IndexController.class.php on line 59 and defined J:\xampp\htdocs\NHKJW\ThinkPHP\Library\Think\Model.class.php 第 1797 行.
NOTIC: [8] Undefined variable: where J:\xampp\htdocs\NHKJW\ThinkPHP\Library\Think\Model.class.php 第 1805 行.
NOTIC: [8] Undefined variable: where J:\xampp\htdocs\NHKJW\ThinkPHP\Library\Think\Model.class.php 第 1808 行.
NOTIC: [8] Undefined variable: where J:\xampp\htdocs\NHKJW\ThinkPHP\Library\Think\Model.class.php 第 1816 行.
SQL: SELECT * FROM `vue-serverproduct`  [ RunTime:0.0007s ]

[ 2018-11-20T17:24:55+08:00 ] ::1 /nhkjw/
INFO: [ app_init ] --START--
INFO: Run Behavior\BuildLiteBehavior [ RunTime:0.000020s ]
INFO: [ app_init ] --END-- [ RunTime:0.000492s ]
INFO: [ app_begin ] --START--
INFO: Run Behavior\ReadHtmlCacheBehavior [ RunTime:0.000760s ]
INFO: [ app_begin ] --END-- [ RunTime:0.000885s ]
INFO: [ view_parse ] --START--
INFO: [ template_filter ] --START--
INFO: Run Behavior\ContentReplaceBehavior [ RunTime:0.000053s ]
INFO: [ template_filter ] --END-- [ RunTime:0.000102s ]
INFO: Run Behavior\ParseTemplateBehavior [ RunTime:0.009451s ]
INFO: [ view_parse ] --END-- [ RunTime:0.009512s ]
INFO: [ view_filter ] --START--
INFO: Run Behavior\WriteHtmlCacheBehavior [ RunTime:0.000793s ]
INFO: [ view_filter ] --END-- [ RunTime:0.000832s ]
INFO: [ app_end ] --START--
INFO: Run Behavior\ShowPageTraceBehavior [ RunTime:0.000854s ]
INFO: [ app_end ] --END-- [ RunTime:0.000893s ]

[ 2018-11-20T17:24:56+08:00 ] ::1 /nhkjw/index.php/Home/index/add
INFO: [ app_init ] --START--
INFO: Run Behavior\BuildLiteBehavior [ RunTime:0.000021s ]
INFO: [ app_init ] --END-- [ RunTime:0.000472s ]
INFO: [ app_begin ] --START--
INFO: Run Behavior\ReadHtmlCacheBehavior [ RunTime:0.000525s ]
INFO: [ app_begin ] --END-- [ RunTime:0.000590s ]
SQL: SHOW COLUMNS FROM `vue-product` [ RunTime:0.0047s ]
NOTIC: [2] Missing argument 1 for Think\Model::where(), called in J:\xampp\htdocs\NHKJW\Application\Home\Controller\IndexController.class.php on line 142 and defined J:\xampp\htdocs\NHKJW\ThinkPHP\Library\Think\Model.class.php 第 1797 行.
NOTIC: [8] Undefined variable: where J:\xampp\htdocs\NHKJW\ThinkPHP\Library\Think\Model.class.php 第 1805 行.
NOTIC: [8] Undefined variable: where J:\xampp\htdocs\NHKJW\ThinkPHP\Library\Think\Model.class.php 第 1808 行.
NOTIC: [8] Undefined variable: where J:\xampp\htdocs\NHKJW\ThinkPHP\Library\Think\Model.class.php 第 1816 行.
SQL: SELECT * FROM `vue-product`  [ RunTime:0.0015s ]

[ 2018-11-20T17:33:13+08:00 ] ::1 /nhkjw/index.php/Home/index/add
INFO: [ app_init ] --START--
INFO: Run Behavior\BuildLiteBehavior [ RunTime:0.000013s ]
INFO: [ app_init ] --END-- [ RunTime:0.000450s ]
INFO: [ app_begin ] --START--
INFO: Run Behavior\ReadHtmlCacheBehavior [ RunTime:0.000556s ]
INFO: [ app_begin ] --END-- [ RunTime:0.000607s ]
SQL: SHOW COLUMNS FROM `vue-commoditydata` [ RunTime:0.0032s ]
SQL: INSERT INTO `vue-commoditydata` (`productID`,`productAttributesID`,`Provider`,`ProductLabel`,`ProductSpecifications`,`ProductCycle`,`cycleprice`,`SpecificationsPrice`,`productDetails`) VALUES ('9','1','南华科技网有限公司','数据智能  应用开发  windows','华东1 可用区B','','','160','') [ RunTime:0.0030s ]
SQL: SHOW COLUMNS FROM `vue-product` [ RunTime:0.0038s ]
NOTIC: [2] Missing argument 1 for Think\Model::where(), called in J:\xampp\htdocs\NHKJW\Application\Home\Controller\IndexController.class.php on line 142 and defined J:\xampp\htdocs\NHKJW\ThinkPHP\Library\Think\Model.class.php 第 1797 行.
NOTIC: [8] Undefined variable: where J:\xampp\htdocs\NHKJW\ThinkPHP\Library\Think\Model.class.php 第 1805 行.
NOTIC: [8] Undefined variable: where J:\xampp\htdocs\NHKJW\ThinkPHP\Library\Think\Model.class.php 第 1808 行.
NOTIC: [8] Undefined variable: where J:\xampp\htdocs\NHKJW\ThinkPHP\Library\Think\Model.class.php 第 1816 行.
SQL: SELECT * FROM `vue-product`  [ RunTime:0.0010s ]

[ 2018-11-20T17:39:11+08:00 ] ::1 /nhkjw/index.php/Home/index/add
INFO: [ app_init ] --START--
INFO: Run Behavior\BuildLiteBehavior [ RunTime:0.000012s ]
INFO: [ app_init ] --END-- [ RunTime:0.000359s ]
INFO: [ app_begin ] --START--
INFO: Run Behavior\ReadHtmlCacheBehavior [ RunTime:0.000579s ]
INFO: [ app_begin ] --END-- [ RunTime:0.000638s ]
SQL: SHOW COLUMNS FROM `vue-commoditydata` [ RunTime:0.0033s ]
SQL: INSERT INTO `vue-commoditydata` (`productID`,`productAttributesID`,`Provider`,`ProductLabel`,`ProductSpecifications`,`SpecificationsPrice`,`productDetails`) VALUES ('9','1','南华科技网有限公司','数据智能  应用开发  windows','华东2 可用区C','180','') [ RunTime:0.0025s ]
SQL: SHOW COLUMNS FROM `vue-product` [ RunTime:0.0048s ]
NOTIC: [2] Missing argument 1 for Think\Model::where(), called in J:\xampp\htdocs\NHKJW\Application\Home\Controller\IndexController.class.php on line 138 and defined J:\xampp\htdocs\NHKJW\ThinkPHP\Library\Think\Model.class.php 第 1797 行.
NOTIC: [8] Undefined variable: where J:\xampp\htdocs\NHKJW\ThinkPHP\Library\Think\Model.class.php 第 1805 行.
NOTIC: [8] Undefined variable: where J:\xampp\htdocs\NHKJW\ThinkPHP\Library\Think\Model.class.php 第 1808 行.
NOTIC: [8] Undefined variable: where J:\xampp\htdocs\NHKJW\ThinkPHP\Library\Think\Model.class.php 第 1816 行.
SQL: SELECT * FROM `vue-product`  [ RunTime:0.0008s ]

[ 2018-11-20T17:43:27+08:00 ] ::1 /nhkjw/index.php/Home/index/add
INFO: [ app_init ] --START--
INFO: Run Behavior\BuildLiteBehavior [ RunTime:0.000010s ]
INFO: [ app_init ] --END-- [ RunTime:0.000467s ]
INFO: [ app_begin ] --START--
INFO: Run Behavior\ReadHtmlCacheBehavior [ RunTime:0.000640s ]
INFO: [ app_begin ] --END-- [ RunTime:0.000676s ]
SQL: SHOW COLUMNS FROM `vue-commoditydata` [ RunTime:0.0035s ]
SQL: INSERT INTO `vue-commoditydata` (`productID`,`productAttributesID`,`Provider`,`ProductLabel`,`ProductSpecifications`,`SpecificationsPrice`,`productDetails`) VALUES ('9','1','南华科技网有限公司','','华南2 可用区D','190','') [ RunTime:0.0033s ]
SQL: SHOW COLUMNS FROM `vue-product` [ RunTime:0.0033s ]
NOTIC: [2] Missing argument 1 for Think\Model::where(), called in J:\xampp\htdocs\NHKJW\Application\Home\Controller\IndexController.class.php on line 138 and defined J:\xampp\htdocs\NHKJW\ThinkPHP\Library\Think\Model.class.php 第 1797 行.
NOTIC: [8] Undefined variable: where J:\xampp\htdocs\NHKJW\ThinkPHP\Library\Think\Model.class.php 第 1805 行.
NOTIC: [8] Undefined variable: where J:\xampp\htdocs\NHKJW\ThinkPHP\Library\Think\Model.class.php 第 1808 行.
NOTIC: [8] Undefined variable: where J:\xampp\htdocs\NHKJW\ThinkPHP\Library\Think\Model.class.php 第 1816 行.
SQL: SELECT * FROM `vue-product`  [ RunTime:0.0011s ]

[ 2018-11-20T17:43:42+08:00 ] ::1 /nhkjw/index.php/Home/index/add
INFO: [ app_init ] --START--
INFO: Run Behavior\BuildLiteBehavior [ RunTime:0.000024s ]
INFO: [ app_init ] --END-- [ RunTime:0.000295s ]
INFO: [ app_begin ] --START--
INFO: Run Behavior\ReadHtmlCacheBehavior [ RunTime:0.000356s ]
INFO: [ app_begin ] --END-- [ RunTime:0.000395s ]
SQL: SHOW COLUMNS FROM `vue-commoditydata` [ RunTime:0.0038s ]
SQL: INSERT INTO `vue-commoditydata` (`productID`,`productAttributesID`,`Provider`,`ProductLabel`,`ProductSpecifications`,`SpecificationsPrice`,`productDetails`) VALUES ('9','1','南华科技网有限公司','','华北1 可用区A','210','') [ RunTime:0.0034s ]
SQL: SHOW COLUMNS FROM `vue-product` [ RunTime:0.0031s ]
NOTIC: [2] Missing argument 1 for Think\Model::where(), called in J:\xampp\htdocs\NHKJW\Application\Home\Controller\IndexController.class.php on line 138 and defined J:\xampp\htdocs\NHKJW\ThinkPHP\Library\Think\Model.class.php 第 1797 行.
NOTIC: [8] Undefined variable: where J:\xampp\htdocs\NHKJW\ThinkPHP\Library\Think\Model.class.php 第 1805 行.
NOTIC: [8] Undefined variable: where J:\xampp\htdocs\NHKJW\ThinkPHP\Library\Think\Model.class.php 第 1808 行.
NOTIC: [8] Undefined variable: where J:\xampp\htdocs\NHKJW\ThinkPHP\Library\Think\Model.class.php 第 1816 行.
SQL: SELECT * FROM `vue-product`  [ RunTime:0.0010s ]

[ 2018-11-20T17:44:00+08:00 ] ::1 /nhkjw/index.php/Home/index/add
INFO: [ app_init ] --START--
INFO: Run Behavior\BuildLiteBehavior [ RunTime:0.000011s ]
INFO: [ app_init ] --END-- [ RunTime:0.000307s ]
INFO: [ app_begin ] --START--
INFO: Run Behavior\ReadHtmlCacheBehavior [ RunTime:0.000381s ]
INFO: [ app_begin ] --END-- [ RunTime:0.000436s ]
SQL: SHOW COLUMNS FROM `vue-commoditydata` [ RunTime:0.0034s ]
SQL: INSERT INTO `vue-commoditydata` (`productID`,`productAttributesID`,`Provider`,`ProductLabel`,`ProductSpecifications`,`SpecificationsPrice`,`productDetails`) VALUES ('9','1','南华科技网有限公司','','华东3 可用区 F','422','') [ RunTime:0.0032s ]
SQL: SHOW COLUMNS FROM `vue-product` [ RunTime:0.0047s ]
NOTIC: [2] Missing argument 1 for Think\Model::where(), called in J:\xampp\htdocs\NHKJW\Application\Home\Controller\IndexController.class.php on line 138 and defined J:\xampp\htdocs\NHKJW\ThinkPHP\Library\Think\Model.class.php 第 1797 行.
NOTIC: [8] Undefined variable: where J:\xampp\htdocs\NHKJW\ThinkPHP\Library\Think\Model.class.php 第 1805 行.
NOTIC: [8] Undefined variable: where J:\xampp\htdocs\NHKJW\ThinkPHP\Library\Think\Model.class.php 第 1808 行.
NOTIC: [8] Undefined variable: where J:\xampp\htdocs\NHKJW\ThinkPHP\Library\Think\Model.class.php 第 1816 行.
SQL: SELECT * FROM `vue-product`  [ RunTime:0.0007s ]

[ 2018-11-20T18:00:33+08:00 ] ::1 /nhkjw/index.php/Home/index/priducttowS
INFO: [ app_init ] --START--
INFO: Run Behavior\BuildLiteBehavior [ RunTime:0.000044s ]
INFO: [ app_init ] --END-- [ RunTime:0.000673s ]
INFO: [ app_begin ] --START--
INFO: Run Behavior\ReadHtmlCacheBehavior [ RunTime:0.001116s ]
INFO: [ app_begin ] --END-- [ RunTime:0.001259s ]
SQL: SHOW COLUMNS FROM `vue-producttwo` [ RunTime:0.0032s ]
SQL: SELECT * FROM `vue-producttwo` WHERE `productID` = '9'  [ RunTime:0.0005s ]

[ 2018-11-20T18:00:49+08:00 ] ::1 /nhkjw/index.php/Home/index/homeServerProduct
INFO: [ app_init ] --START--
INFO: Run Behavior\BuildLiteBehavior [ RunTime:0.000010s ]
INFO: [ app_init ] --END-- [ RunTime:0.000306s ]
INFO: [ app_begin ] --START--
INFO: Run Behavior\ReadHtmlCacheBehavior [ RunTime:0.000375s ]
INFO: [ app_begin ] --END-- [ RunTime:0.000420s ]
SQL: SHOW COLUMNS FROM `vue-serverproduct` [ RunTime:0.0029s ]
NOTIC: [2] Missing argument 1 for Think\Model::where(), called in J:\xampp\htdocs\NHKJW\Application\Home\Controller\IndexController.class.php on line 59 and defined J:\xampp\htdocs\NHKJW\ThinkPHP\Library\Think\Model.class.php 第 1797 行.
NOTIC: [8] Undefined variable: where J:\xampp\htdocs\NHKJW\ThinkPHP\Library\Think\Model.class.php 第 1805 行.
NOTIC: [8] Undefined variable: where J:\xampp\htdocs\NHKJW\ThinkPHP\Library\Think\Model.class.php 第 1808 行.
NOTIC: [8] Undefined variable: where J:\xampp\htdocs\NHKJW\ThinkPHP\Library\Think\Model.class.php 第 1816 行.
SQL: SELECT * FROM `vue-serverproduct`  [ RunTime:0.0005s ]

[ 2018-11-20T18:00:54+08:00 ] ::1 /nhkjw/index.php/Home/index/priducttowS
INFO: [ app_init ] --START--
INFO: Run Behavior\BuildLiteBehavior [ RunTime:0.000017s ]
INFO: [ app_init ] --END-- [ RunTime:0.000400s ]
INFO: [ app_begin ] --START--
INFO: Run Behavior\ReadHtmlCacheBehavior [ RunTime:0.000442s ]
INFO: [ app_begin ] --END-- [ RunTime:0.000497s ]
SQL: SHOW COLUMNS FROM `vue-producttwo` [ RunTime:0.0054s ]
SQL: SELECT * FROM `vue-producttwo` WHERE `productID` = '9'  [ RunTime:0.0009s ]

[ 2018-11-20T18:12:05+08:00 ] ::1 /nhkjw/index.php/Home/index/priducttowS
INFO: [ app_init ] --START--
INFO: Run Behavior\BuildLiteBehavior [ RunTime:0.000016s ]
INFO: [ app_init ] --END-- [ RunTime:0.001699s ]
INFO: [ app_begin ] --START--
INFO: Run Behavior\ReadHtmlCacheBehavior [ RunTime:0.000510s ]
INFO: [ app_begin ] --END-- [ RunTime:0.000554s ]
SQL: SHOW COLUMNS FROM `vue-producttwo` [ RunTime:0.0030s ]
SQL: SELECT * FROM `vue-producttwo` WHERE `productID` = '9'  [ RunTime:0.0005s ]

[ 2018-11-20T18:12:23+08:00 ] ::1 /nhkjw/index.php/Home/index/priducttowS
INFO: [ app_init ] --START--
INFO: Run Behavior\BuildLiteBehavior [ RunTime:0.000013s ]
INFO: [ app_init ] --END-- [ RunTime:0.000409s ]
INFO: [ app_begin ] --START--
INFO: Run Behavior\ReadHtmlCacheBehavior [ RunTime:0.000437s ]
INFO: [ app_begin ] --END-- [ RunTime:0.000487s ]
SQL: SHOW COLUMNS FROM `vue-producttwo` [ RunTime:0.0033s ]
SQL: SELECT * FROM `vue-producttwo` WHERE `productID` = '9'  [ RunTime:0.0006s ]

[ 2018-11-20T18:12:25+08:00 ] ::1 /nhkjw/index.php/Home/index/homeServerProduct
INFO: [ app_init ] --START--
INFO: Run Behavior\BuildLiteBehavior [ RunTime:0.000061s ]
INFO: [ app_init ] --END-- [ RunTime:0.000709s ]
INFO: [ app_begin ] --START--
INFO: Run Behavior\ReadHtmlCacheBehavior [ RunTime:0.000549s ]
INFO: [ app_begin ] --END-- [ RunTime:0.000604s ]
SQL: SHOW COLUMNS FROM `vue-serverproduct` [ RunTime:0.0051s ]
NOTIC: [2] Missing argument 1 for Think\Model::where(), called in J:\xampp\htdocs\NHKJW\Application\Home\Controller\IndexController.class.php on line 59 and defined J:\xampp\htdocs\NHKJW\ThinkPHP\Library\Think\Model.class.php 第 1797 行.
NOTIC: [8] Undefined variable: where J:\xampp\htdocs\NHKJW\ThinkPHP\Library\Think\Model.class.php 第 1805 行.
NOTIC: [8] Undefined variable: where J:\xampp\htdocs\NHKJW\ThinkPHP\Library\Think\Model.class.php 第 1808 行.
NOTIC: [8] Undefined variable: where J:\xampp\htdocs\NHKJW\ThinkPHP\Library\Think\Model.class.php 第 1816 行.
SQL: SELECT * FROM `vue-serverproduct`  [ RunTime:0.0007s ]

[ 2018-11-20T18:12:28+08:00 ] ::1 /nhkjw/index.php/Home/index/priducttowS
INFO: [ app_init ] --START--
INFO: Run Behavior\BuildLiteBehavior [ RunTime:0.000019s ]
INFO: [ app_init ] --END-- [ RunTime:0.000450s ]
INFO: [ app_begin ] --START--
INFO: Run Behavior\ReadHtmlCacheBehavior [ RunTime:0.000600s ]
INFO: [ app_begin ] --END-- [ RunTime:0.000683s ]
SQL: SHOW COLUMNS FROM `vue-producttwo` [ RunTime:0.0059s ]
SQL: SELECT * FROM `vue-producttwo` WHERE `productID` = '9'  [ RunTime:0.0006s ]

[ 2018-11-20T18:13:21+08:00 ] ::1 /nhkjw/index.php/Home/index/homeServerProduct
INFO: [ app_init ] --START--
INFO: Run Behavior\BuildLiteBehavior [ RunTime:0.000017s ]
INFO: [ app_init ] --END-- [ RunTime:0.000387s ]
INFO: [ app_begin ] --START--
INFO: Run Behavior\ReadHtmlCacheBehavior [ RunTime:0.000973s ]
INFO: [ app_begin ] --END-- [ RunTime:0.002146s ]
SQL: SHOW COLUMNS FROM `vue-serverproduct` [ RunTime:0.0035s ]
NOTIC: [2] Missing argument 1 for Think\Model::where(), called in J:\xampp\htdocs\NHKJW\Application\Home\Controller\IndexController.class.php on line 59 and defined J:\xampp\htdocs\NHKJW\ThinkPHP\Library\Think\Model.class.php 第 1797 行.
NOTIC: [8] Undefined variable: where J:\xampp\htdocs\NHKJW\ThinkPHP\Library\Think\Model.class.php 第 1805 行.
NOTIC: [8] Undefined variable: where J:\xampp\htdocs\NHKJW\ThinkPHP\Library\Think\Model.class.php 第 1808 行.
NOTIC: [8] Undefined variable: where J:\xampp\htdocs\NHKJW\ThinkPHP\Library\Think\Model.class.php 第 1816 行.
SQL: SELECT * FROM `vue-serverproduct`  [ RunTime:0.0012s ]

[ 2018-11-20T18:13:24+08:00 ] ::1 /nhkjw/index.php/Home/index/priducttowS
INFO: [ app_init ] --START--
INFO: Run Behavior\BuildLiteBehavior [ RunTime:0.000015s ]
INFO: [ app_init ] --END-- [ RunTime:0.000415s ]
INFO: [ app_begin ] --START--
INFO: Run Behavior\ReadHtmlCacheBehavior [ RunTime:0.000658s ]
INFO: [ app_begin ] --END-- [ RunTime:0.000775s ]
SQL: SHOW COLUMNS FROM `vue-producttwo` [ RunTime:0.0049s ]
SQL: SELECT * FROM `vue-producttwo` WHERE `productID` = '9'  [ RunTime:0.0017s ]

[ 2018-11-20T18:13:57+08:00 ] ::1 /nhkjw/index.php/Home/index/priducttowS
INFO: [ app_init ] --START--
INFO: Run Behavior\BuildLiteBehavior [ RunTime:0.000010s ]
INFO: [ app_init ] --END-- [ RunTime:0.000278s ]
INFO: [ app_begin ] --START--
INFO: Run Behavior\ReadHtmlCacheBehavior [ RunTime:0.000404s ]
INFO: [ app_begin ] --END-- [ RunTime:0.000455s ]
SQL: SHOW COLUMNS FROM `vue-producttwo` [ RunTime:0.0032s ]
SQL: SELECT * FROM `vue-producttwo` WHERE `productID` = '9'  [ RunTime:0.0006s ]

[ 2018-11-20T18:15:50+08:00 ] ::1 /nhkjw/index.php/Home/index/priducttowS
INFO: [ app_init ] --START--
INFO: Run Behavior\BuildLiteBehavior [ RunTime:0.000017s ]
INFO: [ app_init ] --END-- [ RunTime:0.000382s ]
INFO: [ app_begin ] --START--
INFO: Run Behavior\ReadHtmlCacheBehavior [ RunTime:0.005565s ]
INFO: [ app_begin ] --END-- [ RunTime:0.005614s ]
SQL: SHOW COLUMNS FROM `vue-producttwo` [ RunTime:0.0033s ]
SQL: SELECT * FROM `vue-producttwo` WHERE `productID` = '9'  [ RunTime:0.0007s ]

[ 2018-11-20T18:26:08+08:00 ] ::1 /nhkjw/index.php/Home/index/priducttowS
INFO: [ app_init ] --START--
INFO: Run Behavior\BuildLiteBehavior [ RunTime:0.000011s ]
INFO: [ app_init ] --END-- [ RunTime:0.000477s ]
INFO: [ app_begin ] --START--
INFO: Run Behavior\ReadHtmlCacheBehavior [ RunTime:0.001002s ]
INFO: [ app_begin ] --END-- [ RunTime:0.001066s ]
SQL: SHOW COLUMNS FROM `vue-producttwo` [ RunTime:0.0040s ]
SQL: SELECT * FROM `vue-producttwo` WHERE `productID` = '9'  [ RunTime:0.0005s ]

[ 2018-11-20T18:27:27+08:00 ] ::1 /nhkjw/index.php/Home/index/priducttowS
INFO: [ app_init ] --START--
INFO: Run Behavior\BuildLiteBehavior [ RunTime:0.000014s ]
INFO: [ app_init ] --END-- [ RunTime:0.000394s ]
INFO: [ app_begin ] --START--
INFO: Run Behavior\ReadHtmlCacheBehavior [ RunTime:0.000477s ]
INFO: [ app_begin ] --END-- [ RunTime:0.000539s ]
SQL: SHOW COLUMNS FROM `vue-producttwo` [ RunTime:0.0053s ]
SQL: SELECT * FROM `vue-producttwo` WHERE `productID` = '9'  [ RunTime:0.0011s ]

[ 2018-11-20T18:28:13+08:00 ] ::1 /nhkjw/index.php/Home/index/priducttowS
INFO: [ app_init ] --START--
INFO: Run Behavior\BuildLiteBehavior [ RunTime:0.000021s ]
INFO: [ app_init ] --END-- [ RunTime:0.000860s ]
INFO: [ app_begin ] --START--
INFO: Run Behavior\ReadHtmlCacheBehavior [ RunTime:0.000637s ]
INFO: [ app_begin ] --END-- [ RunTime:0.000700s ]
SQL: SHOW COLUMNS FROM `vue-producttwo` [ RunTime:0.0050s ]
SQL: SELECT * FROM `vue-producttwo` WHERE `productID` = '9'  [ RunTime:0.0008s ]

[ 2018-11-20T18:33:29+08:00 ] ::1 /nhkjw/index.php/Home/index/priducttowS
INFO: [ app_init ] --START--
INFO: Run Behavior\BuildLiteBehavior [ RunTime:0.000012s ]
INFO: [ app_init ] --END-- [ RunTime:0.000398s ]
INFO: [ app_begin ] --START--
INFO: Run Behavior\ReadHtmlCacheBehavior [ RunTime:0.001907s ]
INFO: [ app_begin ] --END-- [ RunTime:0.001973s ]
SQL: SHOW COLUMNS FROM `vue-producttwo` [ RunTime:0.0091s ]
SQL: SELECT * FROM `vue-producttwo` WHERE `productID` = '9'  [ RunTime:0.0013s ]

[ 2018-11-20T18:34:24+08:00 ] ::1 /nhkjw/index.php/Home/index/priducttowS
INFO: [ app_init ] --START--
INFO: Run Behavior\BuildLiteBehavior [ RunTime:0.000073s ]
INFO: [ app_init ] --END-- [ RunTime:0.000948s ]
INFO: [ app_begin ] --START--
INFO: Run Behavior\ReadHtmlCacheBehavior [ RunTime:0.000566s ]
INFO: [ app_begin ] --END-- [ RunTime:0.000633s ]
SQL: SHOW COLUMNS FROM `vue-producttwo` [ RunTime:0.0028s ]
SQL: SELECT * FROM `vue-producttwo` WHERE `productID` = '9'  [ RunTime:0.0005s ]

[ 2018-11-20T18:35:03+08:00 ] ::1 /nhkjw/index.php/Home/index/priducttowS
INFO: [ app_init ] --START--
INFO: Run Behavior\BuildLiteBehavior [ RunTime:0.000020s ]
INFO: [ app_init ] --END-- [ RunTime:0.000426s ]
INFO: [ app_begin ] --START--
INFO: Run Behavior\ReadHtmlCacheBehavior [ RunTime:0.001250s ]
INFO: [ app_begin ] --END-- [ RunTime:0.001406s ]
SQL: SHOW COLUMNS FROM `vue-producttwo` [ RunTime:0.0068s ]
SQL: SELECT * FROM `vue-producttwo` WHERE `productID` = '9'  [ RunTime:0.0011s ]

[ 2018-11-20T18:35:39+08:00 ] ::1 /nhkjw/index.php/Home/index/priducttowS
INFO: [ app_init ] --START--
INFO: Run Behavior\BuildLiteBehavior [ RunTime:0.000020s ]
INFO: [ app_init ] --END-- [ RunTime:0.000729s ]
INFO: [ app_begin ] --START--
INFO: Run Behavior\ReadHtmlCacheBehavior [ RunTime:0.000771s ]
INFO: [ app_begin ] --END-- [ RunTime:0.000860s ]
SQL: SHOW COLUMNS FROM `vue-producttwo` [ RunTime:0.0039s ]
SQL: SELECT * FROM `vue-producttwo` WHERE `productID` = '9'  [ RunTime:0.0007s ]

[ 2018-11-20T18:40:21+08:00 ] ::1 /nhkjw/index.php/Home/index/priducttowS
INFO: [ app_init ] --START--
INFO: Run Behavior\BuildLiteBehavior [ RunTime:0.000017s ]
INFO: [ app_init ] --END-- [ RunTime:0.000606s ]
INFO: [ app_begin ] --START--
INFO: Run Behavior\ReadHtmlCacheBehavior [ RunTime:0.000552s ]
INFO: [ app_begin ] --END-- [ RunTime:0.000599s ]
SQL: SHOW COLUMNS FROM `vue-producttwo` [ RunTime:0.0047s ]
SQL: SELECT * FROM `vue-producttwo` WHERE `productID` = '9'  [ RunTime:0.0008s ]

[ 2018-11-20T18:43:21+08:00 ] ::1 /nhkjw/index.php/Home/index/priducttowS
INFO: [ app_init ] --START--
INFO: Run Behavior\BuildLiteBehavior [ RunTime:0.000012s ]
INFO: [ app_init ] --END-- [ RunTime:0.000486s ]
INFO: [ app_begin ] --START--
INFO: Run Behavior\ReadHtmlCacheBehavior [ RunTime:0.000612s ]
INFO: [ app_begin ] --END-- [ RunTime:0.000656s ]
SQL: SHOW COLUMNS FROM `vue-producttwo` [ RunTime:0.0031s ]
SQL: SELECT * FROM `vue-producttwo` WHERE `productID` = '9'  [ RunTime:0.0006s ]
SQL: SHOW COLUMNS FROM `vue-serverproductdateattribute` [ RunTime:0.0028s ]
SQL: SELECT * FROM `vue-serverproductdateattribute` WHERE `productID` = 1  [ RunTime:0.0003s ]

[ 2018-11-20T18:43:50+08:00 ] ::1 /nhkjw/index.php/Home/index/priducttowS
INFO: [ app_init ] --START--
INFO: Run Behavior\BuildLiteBehavior [ RunTime:0.000014s ]
INFO: [ app_init ] --END-- [ RunTime:0.000427s ]
INFO: [ app_begin ] --START--
INFO: Run Behavior\ReadHtmlCacheBehavior [ RunTime:0.000990s ]
INFO: [ app_begin ] --END-- [ RunTime:0.001069s ]
SQL: SHOW COLUMNS FROM `vue-producttwo` [ RunTime:0.0053s ]
SQL: SELECT * FROM `vue-producttwo` WHERE `productID` = '9'  [ RunTime:0.0008s ]
SQL: SHOW COLUMNS FROM `vue-serverproductdateattribute` [ RunTime:0.0036s ]
SQL: SELECT * FROM `vue-serverproductdateattribute` WHERE `productID` = 1  [ RunTime:0.0006s ]

[ 2018-11-20T18:44:01+08:00 ] ::1 /nhkjw/index.php/Home/index/priducttowS
INFO: [ app_init ] --START--
INFO: Run Behavior\BuildLiteBehavior [ RunTime:0.000016s ]
INFO: [ app_init ] --END-- [ RunTime:0.000383s ]
INFO: [ app_begin ] --START--
INFO: Run Behavior\ReadHtmlCacheBehavior [ RunTime:0.000616s ]
INFO: [ app_begin ] --END-- [ RunTime:0.000702s ]
SQL: SHOW COLUMNS FROM `vue-producttwo` [ RunTime:0.0115s ]
SQL: SELECT * FROM `vue-producttwo` WHERE `productID` = '9'  [ RunTime:0.0007s ]
SQL: SHOW COLUMNS FROM `vue-serverproductdateattribute` [ RunTime:0.0036s ]
SQL: SELECT * FROM `vue-serverproductdateattribute` WHERE `productID` = 1  [ RunTime:0.0004s ]

[ 2018-11-20T18:44:43+08:00 ] ::1 /nhkjw/index.php/Home/index/priducttowS
INFO: [ app_init ] --START--
INFO: Run Behavior\BuildLiteBehavior [ RunTime:0.000021s ]
INFO: [ app_init ] --END-- [ RunTime:0.000450s ]
INFO: [ app_begin ] --START--
INFO: Run Behavior\ReadHtmlCacheBehavior [ RunTime:0.000533s ]
INFO: [ app_begin ] --END-- [ RunTime:0.000588s ]
SQL: SHOW COLUMNS FROM `vue-producttwo` [ RunTime:0.0056s ]
SQL: SELECT * FROM `vue-producttwo` WHERE `productID` = '9'  [ RunTime:0.0023s ]
SQL: SHOW COLUMNS FROM `vue-serverproductdateattribute` [ RunTime:0.0065s ]
SQL: SELECT * FROM `vue-serverproductdateattribute` WHERE `productID` = 1  [ RunTime:0.0003s ]

[ 2018-11-20T18:45:47+08:00 ] ::1 /nhkjw/index.php/Home/index/priducttowS
INFO: [ app_init ] --START--
INFO: Run Behavior\BuildLiteBehavior [ RunTime:0.000014s ]
INFO: [ app_init ] --END-- [ RunTime:0.000413s ]
INFO: [ app_begin ] --START--
INFO: Run Behavior\ReadHtmlCacheBehavior [ RunTime:0.000582s ]
INFO: [ app_begin ] --END-- [ RunTime:0.000644s ]
SQL: SHOW COLUMNS FROM `vue-producttwo` [ RunTime:0.0037s ]
SQL: SELECT * FROM `vue-producttwo` WHERE `productID` = '9'  [ RunTime:0.0007s ]
SQL: SHOW COLUMNS FROM `vue-serverproductdateattribute` [ RunTime:0.0031s ]
SQL: SELECT * FROM `vue-serverproductdateattribute` WHERE `productID` = 1  [ RunTime:0.0002s ]

[ 2018-11-20T19:41:45+08:00 ] ::1 /nhkjw/index.php/Home/index/priducttowS
INFO: [ app_init ] --START--
INFO: Run Behavior\BuildLiteBehavior [ RunTime:0.000018s ]
INFO: [ app_init ] --END-- [ RunTime:0.000535s ]
INFO: [ app_begin ] --START--
INFO: Run Behavior\ReadHtmlCacheBehavior [ RunTime:0.000687s ]
INFO: [ app_begin ] --END-- [ RunTime:0.000739s ]
SQL: SHOW COLUMNS FROM `vue-producttwo` [ RunTime:0.0030s ]
SQL: SELECT * FROM `vue-producttwo` WHERE `productID` = '9'  [ RunTime:0.0006s ]
SQL: SHOW COLUMNS FROM `vue-serverproductdateattribute` [ RunTime:0.0030s ]
SQL: SELECT * FROM `vue-serverproductdateattribute` WHERE `productID` = 1  [ RunTime:0.0003s ]

[ 2018-11-20T19:43:50+08:00 ] ::1 /nhkjw/index.php/Home/index/priducttowS
INFO: [ app_init ] --START--
INFO: Run Behavior\BuildLiteBehavior [ RunTime:0.000017s ]
INFO: [ app_init ] --END-- [ RunTime:0.000520s ]
INFO: [ app_begin ] --START--
INFO: Run Behavior\ReadHtmlCacheBehavior [ RunTime:0.000704s ]
INFO: [ app_begin ] --END-- [ RunTime:0.000776s ]
SQL: SHOW COLUMNS FROM `vue-producttwo` [ RunTime:0.0056s ]
SQL: SELECT * FROM `vue-producttwo` WHERE `productID` = '9'  [ RunTime:0.0006s ]
SQL: SHOW COLUMNS FROM `vue-serverproductdateattribute` [ RunTime:0.0040s ]
SQL: SELECT * FROM `vue-serverproductdateattribute` WHERE `productID` = 1  [ RunTime:0.0004s ]

[ 2018-11-20T19:44:01+08:00 ] ::1 /nhkjw/index.php/Home/index/priducttowS
INFO: [ app_init ] --START--
INFO: Run Behavior\BuildLiteBehavior [ RunTime:0.000027s ]
INFO: [ app_init ] --END-- [ RunTime:0.000487s ]
INFO: [ app_begin ] --START--
INFO: Run Behavior\ReadHtmlCacheBehavior [ RunTime:0.000738s ]
INFO: [ app_begin ] --END-- [ RunTime:0.000848s ]
SQL: SHOW COLUMNS FROM `vue-producttwo` [ RunTime:0.0054s ]
SQL: SELECT * FROM `vue-producttwo` WHERE `productID` = '9'  [ RunTime:0.0005s ]
SQL: SHOW COLUMNS FROM `vue-serverproductdateattribute` [ RunTime:0.0027s ]
SQL: SELECT * FROM `vue-serverproductdateattribute` WHERE `productID` = 1  [ RunTime:0.0005s ]

[ 2018-11-20T19:44:57+08:00 ] ::1 /nhkjw/index.php/Home/index/priducttowS
INFO: [ app_init ] --START--
INFO: Run Behavior\BuildLiteBehavior [ RunTime:0.000017s ]
INFO: [ app_init ] --END-- [ RunTime:0.000428s ]
INFO: [ app_begin ] --START--
INFO: Run Behavior\ReadHtmlCacheBehavior [ RunTime:0.000647s ]
INFO: [ app_begin ] --END-- [ RunTime:0.000727s ]
SQL: SHOW COLUMNS FROM `vue-producttwo` [ RunTime:0.0038s ]
SQL: SELECT * FROM `vue-producttwo` WHERE `productID` = '9'  [ RunTime:0.0005s ]
SQL: SHOW COLUMNS FROM `vue-serverproductdateattribute` [ RunTime:0.0033s ]
SQL: SELECT * FROM `vue-serverproductdateattribute` WHERE `productID` = 1  [ RunTime:0.0004s ]

[ 2018-11-20T19:45:16+08:00 ] ::1 /nhkjw/index.php/Home/index/priducttowS
INFO: [ app_init ] --START--
INFO: Run Behavior\BuildLiteBehavior [ RunTime:0.000012s ]
INFO: [ app_init ] --END-- [ RunTime:0.000351s ]
INFO: [ app_begin ] --START--
INFO: Run Behavior\ReadHtmlCacheBehavior [ RunTime:0.000410s ]
INFO: [ app_begin ] --END-- [ RunTime:0.000457s ]
SQL: SHOW COLUMNS FROM `vue-producttwo` [ RunTime:0.0057s ]
SQL: SELECT * FROM `vue-producttwo` WHERE `productID` = '9'  [ RunTime:0.0006s ]
SQL: SHOW COLUMNS FROM `vue-serverproductdateattribute` [ RunTime:0.0034s ]
SQL: SELECT * FROM `vue-serverproductdateattribute` WHERE `productID` = 1  [ RunTime:0.0003s ]

[ 2018-11-20T19:45:40+08:00 ] ::1 /nhkjw/index.php/Home/index/priducttowS
INFO: [ app_init ] --START--
INFO: Run Behavior\BuildLiteBehavior [ RunTime:0.000014s ]
INFO: [ app_init ] --END-- [ RunTime:0.000407s ]
INFO: [ app_begin ] --START--
INFO: Run Behavior\ReadHtmlCacheBehavior [ RunTime:0.000559s ]
INFO: [ app_begin ] --END-- [ RunTime:0.000639s ]
SQL: SHOW COLUMNS FROM `vue-producttwo` [ RunTime:0.0047s ]
SQL: SELECT * FROM `vue-producttwo` WHERE `productID` = '9'  [ RunTime:0.0006s ]
SQL: SHOW COLUMNS FROM `vue-serverproductdateattribute` [ RunTime:0.0034s ]
SQL: SELECT * FROM `vue-serverproductdateattribute` WHERE `productID` = 1  [ RunTime:0.0005s ]

[ 2018-11-20T19:46:35+08:00 ] ::1 /nhkjw/index.php/Home/index/priducttowS
INFO: [ app_init ] --START--
INFO: Run Behavior\BuildLiteBehavior [ RunTime:0.000014s ]
INFO: [ app_init ] --END-- [ RunTime:0.000427s ]
INFO: [ app_begin ] --START--
INFO: Run Behavior\ReadHtmlCacheBehavior [ RunTime:0.000659s ]
INFO: [ app_begin ] --END-- [ RunTime:0.000712s ]
SQL: SHOW COLUMNS FROM `vue-producttwo` [ RunTime:0.0047s ]
SQL: SELECT * FROM `vue-producttwo` WHERE `productID` = '9'  [ RunTime:0.0006s ]
SQL: SHOW COLUMNS FROM `vue-serverproductdateattribute` [ RunTime:0.0027s ]
SQL: SELECT * FROM `vue-serverproductdateattribute` WHERE `productID` = 1  [ RunTime:0.0002s ]

[ 2018-11-20T19:47:01+08:00 ] ::1 /nhkjw/index.php/Home/index/priducttowS
INFO: [ app_init ] --START--
INFO: Run Behavior\BuildLiteBehavior [ RunTime:0.000012s ]
INFO: [ app_init ] --END-- [ RunTime:0.000380s ]
INFO: [ app_begin ] --START--
INFO: Run Behavior\ReadHtmlCacheBehavior [ RunTime:0.000509s ]
INFO: [ app_begin ] --END-- [ RunTime:0.000562s ]
SQL: SHOW COLUMNS FROM `vue-producttwo` [ RunTime:0.0040s ]
SQL: SELECT * FROM `vue-producttwo` WHERE `productID` = '9'  [ RunTime:0.0006s ]
SQL: SHOW COLUMNS FROM `vue-serverproductdateattribute` [ RunTime:0.0044s ]
SQL: SELECT * FROM `vue-serverproductdateattribute` WHERE `productID` = 1  [ RunTime:0.0004s ]

[ 2018-11-20T19:48:14+08:00 ] ::1 /nhkjw/index.php/Home/index/priducttowS
INFO: [ app_init ] --START--
INFO: Run Behavior\BuildLiteBehavior [ RunTime:0.000014s ]
INFO: [ app_init ] --END-- [ RunTime:0.000411s ]
INFO: [ app_begin ] --START--
INFO: Run Behavior\ReadHtmlCacheBehavior [ RunTime:0.000467s ]
INFO: [ app_begin ] --END-- [ RunTime:0.000509s ]
SQL: SHOW COLUMNS FROM `vue-producttwo` [ RunTime:0.0033s ]
SQL: SELECT * FROM `vue-producttwo` WHERE `productID` = '9'  [ RunTime:0.0005s ]
SQL: SHOW COLUMNS FROM `vue-serverproductdateattribute` [ RunTime:0.0028s ]
SQL: SELECT * FROM `vue-serverproductdateattribute` WHERE `productID` = 1  [ RunTime:0.0003s ]

[ 2018-11-20T19:50:18+08:00 ] ::1 /nhkjw/index.php/Home/index/priducttowS
INFO: [ app_init ] --START--
INFO: Run Behavior\BuildLiteBehavior [ RunTime:0.000013s ]
INFO: [ app_init ] --END-- [ RunTime:0.000455s ]
INFO: [ app_begin ] --START--
INFO: Run Behavior\ReadHtmlCacheBehavior [ RunTime:0.000946s ]
INFO: [ app_begin ] --END-- [ RunTime:0.001072s ]
SQL: SHOW COLUMNS FROM `vue-producttwo` [ RunTime:0.0046s ]
SQL: SELECT * FROM `vue-producttwo` WHERE `productID` = '9'  [ RunTime:0.0005s ]
SQL: SHOW COLUMNS FROM `vue-serverproductdateattribute` [ RunTime:0.0043s ]
SQL: SELECT * FROM `vue-serverproductdateattribute` WHERE `productID` = 1  [ RunTime:0.0006s ]

[ 2018-11-20T19:50:36+08:00 ] ::1 /nhkjw/index.php/Home/index/priducttowS
INFO: [ app_init ] --START--
INFO: Run Behavior\BuildLiteBehavior [ RunTime:0.000015s ]
INFO: [ app_init ] --END-- [ RunTime:0.000468s ]
INFO: [ app_begin ] --START--
INFO: Run Behavior\ReadHtmlCacheBehavior [ RunTime:0.000638s ]
INFO: [ app_begin ] --END-- [ RunTime:0.000725s ]
SQL: SHOW COLUMNS FROM `vue-producttwo` [ RunTime:0.0060s ]
SQL: SELECT * FROM `vue-producttwo` WHERE `productID` = '9'  [ RunTime:0.0019s ]
SQL: SHOW COLUMNS FROM `vue-serverproductdateattribute` [ RunTime:0.0036s ]
SQL: SELECT * FROM `vue-serverproductdateattribute` WHERE `productID` = 1  [ RunTime:0.0003s ]

[ 2018-11-20T19:50:50+08:00 ] ::1 /nhkjw/index.php/Home/index/priducttowS
INFO: [ app_init ] --START--
INFO: Run Behavior\BuildLiteBehavior [ RunTime:0.000031s ]
INFO: [ app_init ] --END-- [ RunTime:0.000765s ]
INFO: [ app_begin ] --START--
INFO: Run Behavior\ReadHtmlCacheBehavior [ RunTime:0.000726s ]
INFO: [ app_begin ] --END-- [ RunTime:0.000802s ]
SQL: SHOW COLUMNS FROM `vue-producttwo` [ RunTime:0.0043s ]
SQL: SELECT * FROM `vue-producttwo` WHERE `productID` = '9'  [ RunTime:0.0012s ]
SQL: SHOW COLUMNS FROM `vue-serverproductdateattribute` [ RunTime:0.0051s ]
SQL: SELECT * FROM `vue-serverproductdateattribute` WHERE `productID` = 1  [ RunTime:0.0005s ]

[ 2018-11-20T19:51:00+08:00 ] ::1 /nhkjw/index.php/Home/index/priducttowS
INFO: [ app_init ] --START--
INFO: Run Behavior\BuildLiteBehavior [ RunTime:0.000016s ]
INFO: [ app_init ] --END-- [ RunTime:0.000809s ]
INFO: [ app_begin ] --START--
INFO: Run Behavior\ReadHtmlCacheBehavior [ RunTime:0.001857s ]
INFO: [ app_begin ] --END-- [ RunTime:0.002059s ]
SQL: SHOW COLUMNS FROM `vue-producttwo` [ RunTime:0.0049s ]
SQL: SELECT * FROM `vue-producttwo` WHERE `productID` = '9'  [ RunTime:0.0005s ]
SQL: SHOW COLUMNS FROM `vue-serverproductdateattribute` [ RunTime:0.0027s ]
SQL: SELECT * FROM `vue-serverproductdateattribute` WHERE `productID` = 1  [ RunTime:0.0003s ]

[ 2018-11-20T19:51:46+08:00 ] ::1 /nhkjw/index.php/Home/index/priducttowS
INFO: [ app_init ] --START--
INFO: Run Behavior\BuildLiteBehavior [ RunTime:0.000034s ]
INFO: [ app_init ] --END-- [ RunTime:0.001002s ]
INFO: [ app_begin ] --START--
INFO: Run Behavior\ReadHtmlCacheBehavior [ RunTime:0.000622s ]
INFO: [ app_begin ] --END-- [ RunTime:0.000688s ]
SQL: SHOW COLUMNS FROM `vue-producttwo` [ RunTime:0.0050s ]
SQL: SELECT * FROM `vue-producttwo` WHERE `productID` = '9'  [ RunTime:0.0005s ]
SQL: SHOW COLUMNS FROM `vue-serverproductdateattribute` [ RunTime:0.0035s ]
SQL: SELECT * FROM `vue-serverproductdateattribute` WHERE `productID` = 1  [ RunTime:0.0004s ]

[ 2018-11-20T19:52:06+08:00 ] ::1 /nhkjw/index.php/Home/index/priducttowS
INFO: [ app_init ] --START--
INFO: Run Behavior\BuildLiteBehavior [ RunTime:0.000018s ]
INFO: [ app_init ] --END-- [ RunTime:0.000457s ]
INFO: [ app_begin ] --START--
INFO: Run Behavior\ReadHtmlCacheBehavior [ RunTime:0.000621s ]
INFO: [ app_begin ] --END-- [ RunTime:0.000710s ]
SQL: SHOW COLUMNS FROM `vue-producttwo` [ RunTime:0.0055s ]
SQL: SELECT * FROM `vue-producttwo` WHERE `productID` = '9'  [ RunTime:0.0020s ]
SQL: SHOW COLUMNS FROM `vue-serverproductdateattribute` [ RunTime:0.0055s ]
SQL: SELECT * FROM `vue-serverproductdateattribute` WHERE `productID` = 1  [ RunTime:0.0006s ]

[ 2018-11-20T19:53:12+08:00 ] ::1 /nhkjw/index.php/Home/index/priducttowS
INFO: [ app_init ] --START--
INFO: Run Behavior\BuildLiteBehavior [ RunTime:0.000012s ]
INFO: [ app_init ] --END-- [ RunTime:0.000429s ]
INFO: [ app_begin ] --START--
INFO: Run Behavior\ReadHtmlCacheBehavior [ RunTime:0.000496s ]
INFO: [ app_begin ] --END-- [ RunTime:0.000538s ]
SQL: SHOW COLUMNS FROM `vue-producttwo` [ RunTime:0.0045s ]
SQL: SELECT * FROM `vue-producttwo` WHERE `productID` = '9'  [ RunTime:0.0010s ]
SQL: SHOW COLUMNS FROM `vue-serverproductdateattribute` [ RunTime:0.0042s ]
SQL: SELECT * FROM `vue-serverproductdateattribute` WHERE `productID` = 1  [ RunTime:0.0004s ]

[ 2018-11-20T19:53:52+08:00 ] ::1 /nhkjw/index.php/Home/index/priducttowS
INFO: [ app_init ] --START--
INFO: Run Behavior\BuildLiteBehavior [ RunTime:0.000023s ]
INFO: [ app_init ] --END-- [ RunTime:0.001043s ]
INFO: [ app_begin ] --START--
INFO: Run Behavior\ReadHtmlCacheBehavior [ RunTime:0.001069s ]
INFO: [ app_begin ] --END-- [ RunTime:0.001246s ]
SQL: SHOW COLUMNS FROM `vue-producttwo` [ RunTime:0.0079s ]
SQL: SELECT * FROM `vue-producttwo` WHERE `productID` = '9'  [ RunTime:0.0006s ]
SQL: SHOW COLUMNS FROM `vue-serverproductdateattribute` [ RunTime:0.0032s ]
SQL: SELECT * FROM `vue-serverproductdateattribute` WHERE `productID` = 1  [ RunTime:0.0004s ]

[ 2018-11-20T19:54:02+08:00 ] ::1 /nhkjw/index.php/Home/index/priducttowS
INFO: [ app_init ] --START--
INFO: Run Behavior\BuildLiteBehavior [ RunTime:0.000016s ]
INFO: [ app_init ] --END-- [ RunTime:0.000698s ]
INFO: [ app_begin ] --START--
INFO: Run Behavior\ReadHtmlCacheBehavior [ RunTime:0.000449s ]
INFO: [ app_begin ] --END-- [ RunTime:0.000500s ]
SQL: SHOW COLUMNS FROM `vue-producttwo` [ RunTime:0.0057s ]
SQL: SELECT * FROM `vue-producttwo` WHERE `productID` = '9'  [ RunTime:0.0006s ]
SQL: SHOW COLUMNS FROM `vue-serverproductdateattribute` [ RunTime:0.0052s ]
SQL: SELECT * FROM `vue-serverproductdateattribute` WHERE `productID` = 1  [ RunTime:0.0004s ]

[ 2018-11-20T19:54:11+08:00 ] ::1 /nhkjw/index.php/Home/index/priducttowS
INFO: [ app_init ] --START--
INFO: Run Behavior\BuildLiteBehavior [ RunTime:0.000016s ]
INFO: [ app_init ] --END-- [ RunTime:0.001095s ]
INFO: [ app_begin ] --START--
INFO: Run Behavior\ReadHtmlCacheBehavior [ RunTime:0.000465s ]
INFO: [ app_begin ] --END-- [ RunTime:0.000519s ]
SQL: SHOW COLUMNS FROM `vue-producttwo` [ RunTime:0.0042s ]
SQL: SELECT * FROM `vue-producttwo` WHERE `productID` = '9'  [ RunTime:0.0005s ]
SQL: SHOW COLUMNS FROM `vue-serverproductdateattribute` [ RunTime:0.0038s ]
SQL: SELECT * FROM `vue-serverproductdateattribute` WHERE `productID` = 1  [ RunTime:0.0005s ]

[ 2018-11-20T19:55:29+08:00 ] ::1 /nhkjw/index.php/Home/index/priducttowS
INFO: [ app_init ] --START--
INFO: Run Behavior\BuildLiteBehavior [ RunTime:0.000011s ]
INFO: [ app_init ] --END-- [ RunTime:0.000390s ]
INFO: [ app_begin ] --START--
INFO: Run Behavior\ReadHtmlCacheBehavior [ RunTime:0.000483s ]
INFO: [ app_begin ] --END-- [ RunTime:0.000524s ]
SQL: SHOW COLUMNS FROM `vue-producttwo` [ RunTime:0.0032s ]
SQL: SELECT * FROM `vue-producttwo` WHERE `productID` = '9'  [ RunTime:0.0006s ]
SQL: SHOW COLUMNS FROM `vue-serverproductdateattribute` [ RunTime:0.0026s ]
SQL: SELECT * FROM `vue-serverproductdateattribute` WHERE `productID` = 1  [ RunTime:0.0003s ]

[ 2018-11-20T19:56:09+08:00 ] ::1 /nhkjw/index.php/Home/index/priducttowS
INFO: [ app_init ] --START--
INFO: Run Behavior\BuildLiteBehavior [ RunTime:0.000016s ]
INFO: [ app_init ] --END-- [ RunTime:0.000429s ]
INFO: [ app_begin ] --START--
INFO: Run Behavior\ReadHtmlCacheBehavior [ RunTime:0.000572s ]
INFO: [ app_begin ] --END-- [ RunTime:0.000632s ]
SQL: SHOW COLUMNS FROM `vue-producttwo` [ RunTime:0.0042s ]
SQL: SELECT * FROM `vue-producttwo` WHERE `productID` = '9'  [ RunTime:0.0015s ]
SQL: SHOW COLUMNS FROM `vue-serverproductdateattribute` [ RunTime:0.0033s ]
SQL: SELECT * FROM `vue-serverproductdateattribute` WHERE `productID` = 1  [ RunTime:0.0003s ]

[ 2018-11-20T19:56:15+08:00 ] ::1 /nhkjw/index.php/Home/index/priducttowS
INFO: [ app_init ] --START--
INFO: Run Behavior\BuildLiteBehavior [ RunTime:0.000013s ]
INFO: [ app_init ] --END-- [ RunTime:0.000426s ]
INFO: [ app_begin ] --START--
INFO: Run Behavior\ReadHtmlCacheBehavior [ RunTime:0.000491s ]
INFO: [ app_begin ] --END-- [ RunTime:0.000580s ]
SQL: SHOW COLUMNS FROM `vue-producttwo` [ RunTime:0.0053s ]
SQL: SELECT * FROM `vue-producttwo` WHERE `productID` = '9'  [ RunTime:0.0008s ]
SQL: SHOW COLUMNS FROM `vue-serverproductdateattribute` [ RunTime:0.0048s ]
SQL: SELECT * FROM `vue-serverproductdateattribute` WHERE `productID` = 1  [ RunTime:0.0008s ]

[ 2018-11-20T19:57:16+08:00 ] ::1 /nhkjw/index.php/Home/index/priducttowS
INFO: [ app_init ] --START--
INFO: Run Behavior\BuildLiteBehavior [ RunTime:0.000010s ]
INFO: [ app_init ] --END-- [ RunTime:0.000303s ]
INFO: [ app_begin ] --START--
INFO: Run Behavior\ReadHtmlCacheBehavior [ RunTime:0.000386s ]
INFO: [ app_begin ] --END-- [ RunTime:0.000431s ]
SQL: SHOW COLUMNS FROM `vue-producttwo` [ RunTime:0.0048s ]
SQL: SELECT * FROM `vue-producttwo` WHERE `productID` = '9'  [ RunTime:0.0007s ]
SQL: SHOW COLUMNS FROM `vue-serverproductdateattribute` [ RunTime:0.0031s ]
SQL: SELECT * FROM `vue-serverproductdateattribute` WHERE `productID` = 1  [ RunTime:0.0005s ]

[ 2018-11-20T19:58:18+08:00 ] ::1 /nhkjw/index.php/Home/index/priducttowS
INFO: [ app_init ] --START--
INFO: Run Behavior\BuildLiteBehavior [ RunTime:0.000023s ]
INFO: [ app_init ] --END-- [ RunTime:0.000974s ]
INFO: [ app_begin ] --START--
INFO: Run Behavior\ReadHtmlCacheBehavior [ RunTime:0.001244s ]
INFO: [ app_begin ] --END-- [ RunTime:0.001344s ]
SQL: SHOW COLUMNS FROM `vue-producttwo` [ RunTime:0.0049s ]
SQL: SELECT * FROM `vue-producttwo` WHERE `productID` = '9'  [ RunTime:0.0005s ]
SQL: SHOW COLUMNS FROM `vue-serverproductdateattribute` [ RunTime:0.0050s ]
SQL: SELECT * FROM `vue-serverproductdateattribute` WHERE `productID` = 1  [ RunTime:0.0004s ]

[ 2018-11-20T20:00:48+08:00 ] ::1 /nhkjw/index.php/Home/index/priducttowS
INFO: [ app_init ] --START--
INFO: Run Behavior\BuildLiteBehavior [ RunTime:0.000012s ]
INFO: [ app_init ] --END-- [ RunTime:0.000394s ]
INFO: [ app_begin ] --START--
INFO: Run Behavior\ReadHtmlCacheBehavior [ RunTime:0.000619s ]
INFO: [ app_begin ] --END-- [ RunTime:0.000666s ]
SQL: SHOW COLUMNS FROM `vue-producttwo` [ RunTime:0.0032s ]
SQL: SELECT * FROM `vue-producttwo` WHERE `productID` = '9'  [ RunTime:0.0004s ]
SQL: SHOW COLUMNS FROM `vue-serverproductdateattribute` [ RunTime:0.0030s ]
SQL: SELECT * FROM `vue-serverproductdateattribute` WHERE `productID` = 1  [ RunTime:0.0004s ]

[ 2018-11-20T20:01:07+08:00 ] ::1 /nhkjw/index.php/Home/index/priducttowS
INFO: [ app_init ] --START--
INFO: Run Behavior\BuildLiteBehavior [ RunTime:0.000019s ]
INFO: [ app_init ] --END-- [ RunTime:0.000578s ]
INFO: [ app_begin ] --START--
INFO: Run Behavior\ReadHtmlCacheBehavior [ RunTime:0.004640s ]
INFO: [ app_begin ] --END-- [ RunTime:0.004814s ]
SQL: SHOW COLUMNS FROM `vue-producttwo` [ RunTime:0.0046s ]
SQL: SELECT * FROM `vue-producttwo` WHERE `productID` = '9'  [ RunTime:0.0006s ]
SQL: SHOW COLUMNS FROM `vue-serverproductdateattribute` [ RunTime:0.0045s ]
SQL: SELECT * FROM `vue-serverproductdateattribute` WHERE `productID` = 1  [ RunTime:0.0003s ]

[ 2018-11-20T20:01:20+08:00 ] ::1 /nhkjw/index.php/Home/index/priducttowS
INFO: [ app_init ] --START--
INFO: Run Behavior\BuildLiteBehavior [ RunTime:0.000022s ]
INFO: [ app_init ] --END-- [ RunTime:0.000538s ]
INFO: [ app_begin ] --START--
INFO: Run Behavior\ReadHtmlCacheBehavior [ RunTime:0.000598s ]
INFO: [ app_begin ] --END-- [ RunTime:0.000687s ]
SQL: SHOW COLUMNS FROM `vue-producttwo` [ RunTime:0.0053s ]
SQL: SELECT * FROM `vue-producttwo` WHERE `productID` = '9'  [ RunTime:0.0010s ]
SQL: SHOW COLUMNS FROM `vue-serverproductdateattribute` [ RunTime:0.0058s ]
SQL: SELECT * FROM `vue-serverproductdateattribute` WHERE `productID` = 1  [ RunTime:0.0004s ]

[ 2018-11-20T20:01:24+08:00 ] ::1 /nhkjw/index.php/Home/index/priducttowS
INFO: [ app_init ] --START--
INFO: Run Behavior\BuildLiteBehavior [ RunTime:0.000013s ]
INFO: [ app_init ] --END-- [ RunTime:0.000362s ]
INFO: [ app_begin ] --START--
INFO: Run Behavior\ReadHtmlCacheBehavior [ RunTime:0.000783s ]
INFO: [ app_begin ] --END-- [ RunTime:0.000844s ]
SQL: SHOW COLUMNS FROM `vue-producttwo` [ RunTime:0.0035s ]
SQL: SELECT * FROM `vue-producttwo` WHERE `productID` = '9'  [ RunTime:0.0008s ]
SQL: SHOW COLUMNS FROM `vue-serverproductdateattribute` [ RunTime:0.0049s ]
SQL: SELECT * FROM `vue-serverproductdateattribute` WHERE `productID` = 1  [ RunTime:0.0005s ]

[ 2018-11-20T20:01:53+08:00 ] ::1 /nhkjw/index.php/Home/index/priducttowS
INFO: [ app_init ] --START--
INFO: Run Behavior\BuildLiteBehavior [ RunTime:0.000013s ]
INFO: [ app_init ] --END-- [ RunTime:0.000330s ]
INFO: [ app_begin ] --START--
INFO: Run Behavior\ReadHtmlCacheBehavior [ RunTime:0.000547s ]
INFO: [ app_begin ] --END-- [ RunTime:0.000609s ]
SQL: SHOW COLUMNS FROM `vue-producttwo` [ RunTime:0.0035s ]
SQL: SELECT * FROM `vue-producttwo` WHERE `productID` = '9'  [ RunTime:0.0008s ]
SQL: SHOW COLUMNS FROM `vue-serverproductdateattribute` [ RunTime:0.0031s ]
SQL: SELECT * FROM `vue-serverproductdateattribute` WHERE `productID` = 1  [ RunTime:0.0009s ]

[ 2018-11-20T20:02:55+08:00 ] ::1 /nhkjw/index.php/Home/index/priducttowS
INFO: [ app_init ] --START--
INFO: Run Behavior\BuildLiteBehavior [ RunTime:0.000010s ]
INFO: [ app_init ] --END-- [ RunTime:0.001856s ]
INFO: [ app_begin ] --START--
INFO: Run Behavior\ReadHtmlCacheBehavior [ RunTime:0.000836s ]
INFO: [ app_begin ] --END-- [ RunTime:0.000900s ]
SQL: SHOW COLUMNS FROM `vue-producttwo` [ RunTime:0.0040s ]
SQL: SELECT * FROM `vue-producttwo` WHERE `productID` = '9'  [ RunTime:0.0012s ]
SQL: SHOW COLUMNS FROM `vue-serverproductdateattribute` [ RunTime:0.0036s ]
SQL: SELECT * FROM `vue-serverproductdateattribute` WHERE `productID` = 1  [ RunTime:0.0002s ]

[ 2018-11-20T20:03:11+08:00 ] ::1 /nhkjw/index.php/Home/index/priducttowS
INFO: [ app_init ] --START--
INFO: Run Behavior\BuildLiteBehavior [ RunTime:0.000018s ]
INFO: [ app_init ] --END-- [ RunTime:0.000559s ]
INFO: [ app_begin ] --START--
INFO: Run Behavior\ReadHtmlCacheBehavior [ RunTime:0.000650s ]
INFO: [ app_begin ] --END-- [ RunTime:0.000724s ]
SQL: SHOW COLUMNS FROM `vue-producttwo` [ RunTime:0.0059s ]
SQL: SELECT * FROM `vue-producttwo` WHERE `productID` = '9'  [ RunTime:0.0021s ]
SQL: SHOW COLUMNS FROM `vue-serverproductdateattribute` [ RunTime:0.0056s ]
SQL: SELECT * FROM `vue-serverproductdateattribute` WHERE `productID` = 1  [ RunTime:0.0003s ]

[ 2018-11-20T20:03:39+08:00 ] ::1 /nhkjw/index.php/Home/index/priducttowS
INFO: [ app_init ] --START--
INFO: Run Behavior\BuildLiteBehavior [ RunTime:0.000024s ]
INFO: [ app_init ] --END-- [ RunTime:0.000498s ]
INFO: [ app_begin ] --START--
INFO: Run Behavior\ReadHtmlCacheBehavior [ RunTime:0.000432s ]
INFO: [ app_begin ] --END-- [ RunTime:0.000491s ]
SQL: SHOW COLUMNS FROM `vue-producttwo` [ RunTime:0.0060s ]
SQL: SELECT * FROM `vue-producttwo` WHERE `productID` = '9'  [ RunTime:0.0008s ]
SQL: SHOW COLUMNS FROM `vue-serverproductdateattribute` [ RunTime:0.0046s ]
SQL: SELECT * FROM `vue-serverproductdateattribute` WHERE `productID` = 1  [ RunTime:0.0008s ]

[ 2018-11-20T20:05:30+08:00 ] ::1 /nhkjw/index.php/Home/index/priducttowS
INFO: [ app_init ] --START--
INFO: Run Behavior\BuildLiteBehavior [ RunTime:0.000015s ]
INFO: [ app_init ] --END-- [ RunTime:0.001151s ]
INFO: [ app_begin ] --START--
INFO: Run Behavior\ReadHtmlCacheBehavior [ RunTime:0.001212s ]
INFO: [ app_begin ] --END-- [ RunTime:0.001347s ]
SQL: SHOW COLUMNS FROM `vue-producttwo` [ RunTime:0.0043s ]
SQL: SELECT * FROM `vue-producttwo` WHERE `productID` = '9'  [ RunTime:0.0009s ]
SQL: SHOW COLUMNS FROM `vue-serverproductdateattribute` [ RunTime:0.0037s ]
SQL: SELECT * FROM `vue-serverproductdateattribute` WHERE `productID` = 1  [ RunTime:0.0005s ]

[ 2018-11-20T20:05:40+08:00 ] ::1 /nhkjw/index.php/Home/index/priducttowS
INFO: [ app_init ] --START--
INFO: Run Behavior\BuildLiteBehavior [ RunTime:0.000012s ]
INFO: [ app_init ] --END-- [ RunTime:0.000310s ]
INFO: [ app_begin ] --START--
INFO: Run Behavior\ReadHtmlCacheBehavior [ RunTime:0.000691s ]
INFO: [ app_begin ] --END-- [ RunTime:0.000744s ]
SQL: SHOW COLUMNS FROM `vue-producttwo` [ RunTime:0.0031s ]
SQL: SELECT * FROM `vue-producttwo` WHERE `productID` = '9'  [ RunTime:0.0006s ]
SQL: SHOW COLUMNS FROM `vue-serverproductdateattribute` [ RunTime:0.0026s ]
SQL: SELECT * FROM `vue-serverproductdateattribute` WHERE `productID` = 1  [ RunTime:0.0003s ]

[ 2018-11-20T20:06:28+08:00 ] ::1 /nhkjw/index.php/Home/index/priducttowS
INFO: [ app_init ] --START--
INFO: Run Behavior\BuildLiteBehavior [ RunTime:0.000018s ]
INFO: [ app_init ] --END-- [ RunTime:0.000444s ]
INFO: [ app_begin ] --START--
INFO: Run Behavior\ReadHtmlCacheBehavior [ RunTime:0.000698s ]
INFO: [ app_begin ] --END-- [ RunTime:0.000796s ]
SQL: SHOW COLUMNS FROM `vue-producttwo` [ RunTime:0.0051s ]
SQL: SELECT * FROM `vue-producttwo` WHERE `productID` = '9'  [ RunTime:0.0006s ]
SQL: SHOW COLUMNS FROM `vue-serverproductdateattribute` [ RunTime:0.0027s ]
SQL: SELECT * FROM `vue-serverproductdateattribute` WHERE `productID` = 1  [ RunTime:0.0003s ]

[ 2018-11-20T20:07:49+08:00 ] ::1 /nhkjw/index.php/Home/index/priducttowS
INFO: [ app_init ] --START--
INFO: Run Behavior\BuildLiteBehavior [ RunTime:0.000022s ]
INFO: [ app_init ] --END-- [ RunTime:0.000608s ]
INFO: [ app_begin ] --START--
INFO: Run Behavior\ReadHtmlCacheBehavior [ RunTime:0.000812s ]
INFO: [ app_begin ] --END-- [ RunTime:0.000906s ]
SQL: SHOW COLUMNS FROM `vue-producttwo` [ RunTime:0.0079s ]
SQL: SELECT * FROM `vue-producttwo` WHERE `productID` = '9'  [ RunTime:0.0007s ]
SQL: SHOW COLUMNS FROM `vue-serverproductdateattribute` [ RunTime:0.0036s ]
SQL: SELECT * FROM `vue-serverproductdateattribute` WHERE `productID` = 1  [ RunTime:0.0003s ]

[ 2018-11-20T20:07:59+08:00 ] ::1 /nhkjw/index.php/Home/index/priducttowS
INFO: [ app_init ] --START--
INFO: Run Behavior\BuildLiteBehavior [ RunTime:0.000014s ]
INFO: [ app_init ] --END-- [ RunTime:0.000599s ]
INFO: [ app_begin ] --START--
INFO: Run Behavior\ReadHtmlCacheBehavior [ RunTime:0.000726s ]
INFO: [ app_begin ] --END-- [ RunTime:0.000811s ]
SQL: SHOW COLUMNS FROM `vue-producttwo` [ RunTime:0.0034s ]
SQL: SELECT * FROM `vue-producttwo` WHERE `productID` = '9'  [ RunTime:0.0006s ]
SQL: SHOW COLUMNS FROM `vue-serverproductdateattribute` [ RunTime:0.0035s ]
SQL: SELECT * FROM `vue-serverproductdateattribute` WHERE `productID` = 1  [ RunTime:0.0005s ]

[ 2018-11-20T20:09:30+08:00 ] ::1 /nhkjw/index.php/Home/index/priducttowS
INFO: [ app_init ] --START--
INFO: Run Behavior\BuildLiteBehavior [ RunTime:0.000020s ]
INFO: [ app_init ] --END-- [ RunTime:0.001595s ]
INFO: [ app_begin ] --START--
INFO: Run Behavior\ReadHtmlCacheBehavior [ RunTime:0.000676s ]
INFO: [ app_begin ] --END-- [ RunTime:0.000744s ]
SQL: SHOW COLUMNS FROM `vue-producttwo` [ RunTime:0.0044s ]
SQL: SELECT * FROM `vue-producttwo` WHERE `productID` = '9'  [ RunTime:0.0015s ]
SQL: SHOW COLUMNS FROM `vue-serverproductdateattribute` [ RunTime:0.0175s ]
SQL: SELECT * FROM `vue-serverproductdateattribute` WHERE `productID` = 1  [ RunTime:0.0022s ]

[ 2018-11-20T20:10:08+08:00 ] ::1 /nhkjw/index.php/Home/index/priducttowS
INFO: [ app_init ] --START--
INFO: Run Behavior\BuildLiteBehavior [ RunTime:0.000048s ]
INFO: [ app_init ] --END-- [ RunTime:0.000774s ]
INFO: [ app_begin ] --START--
INFO: Run Behavior\ReadHtmlCacheBehavior [ RunTime:0.000766s ]
INFO: [ app_begin ] --END-- [ RunTime:0.000843s ]
SQL: SHOW COLUMNS FROM `vue-producttwo` [ RunTime:0.0446s ]
SQL: SELECT * FROM `vue-producttwo` WHERE `productID` = '9'  [ RunTime:0.0011s ]
SQL: SHOW COLUMNS FROM `vue-serverproductdateattribute` [ RunTime:0.0096s ]
SQL: SELECT * FROM `vue-serverproductdateattribute` WHERE `productID` = 1  [ RunTime:0.0006s ]

[ 2018-11-20T20:10:55+08:00 ] ::1 /nhkjw/index.php/Home/index/homeServerProduct
INFO: [ app_init ] --START--
INFO: Run Behavior\BuildLiteBehavior [ RunTime:0.000013s ]
INFO: [ app_init ] --END-- [ RunTime:0.000349s ]
INFO: [ app_begin ] --START--
INFO: Run Behavior\ReadHtmlCacheBehavior [ RunTime:0.000560s ]
INFO: [ app_begin ] --END-- [ RunTime:0.000607s ]
SQL: SHOW COLUMNS FROM `vue-serverproduct` [ RunTime:0.0043s ]
NOTIC: [2] Missing argument 1 for Think\Model::where(), called in J:\xampp\htdocs\NHKJW\Application\Home\Controller\IndexController.class.php on line 59 and defined J:\xampp\htdocs\NHKJW\ThinkPHP\Library\Think\Model.class.php 第 1797 行.
NOTIC: [8] Undefined variable: where J:\xampp\htdocs\NHKJW\ThinkPHP\Library\Think\Model.class.php 第 1805 行.
NOTIC: [8] Undefined variable: where J:\xampp\htdocs\NHKJW\ThinkPHP\Library\Think\Model.class.php 第 1808 行.
NOTIC: [8] Undefined variable: where J:\xampp\htdocs\NHKJW\ThinkPHP\Library\Think\Model.class.php 第 1816 行.
SQL: SELECT * FROM `vue-serverproduct`  [ RunTime:0.0006s ]

[ 2018-11-20T20:10:58+08:00 ] ::1 /nhkjw/index.php/Home/index/Producmodify
INFO: [ app_init ] --START--
INFO: Run Behavior\BuildLiteBehavior [ RunTime:0.000014s ]
INFO: [ app_init ] --END-- [ RunTime:0.000448s ]
INFO: [ app_begin ] --START--
INFO: Run Behavior\ReadHtmlCacheBehavior [ RunTime:0.000433s ]
INFO: [ app_begin ] --END-- [ RunTime:0.000487s ]
SQL: SHOW COLUMNS FROM `vue-product` [ RunTime:0.0050s ]
SQL: SELECT * FROM `vue-product` WHERE `productID` = '1'  [ RunTime:0.0012s ]
SQL: SHOW COLUMNS FROM `vue-serverproductdateattribute` [ RunTime:0.0040s ]
SQL: SELECT * FROM `vue-serverproductdateattribute` WHERE `productID` = 1  [ RunTime:0.0004s ]

[ 2018-11-20T20:12:21+08:00 ] ::1 /nhkjw/index.php/Home/index/Producmodify
INFO: [ app_init ] --START--
INFO: Run Behavior\BuildLiteBehavior [ RunTime:0.000013s ]
INFO: [ app_init ] --END-- [ RunTime:0.000591s ]
INFO: [ app_begin ] --START--
INFO: Run Behavior\ReadHtmlCacheBehavior [ RunTime:0.000989s ]
INFO: [ app_begin ] --END-- [ RunTime:0.001081s ]
SQL: SHOW COLUMNS FROM `vue-product` [ RunTime:0.0069s ]
SQL: SELECT * FROM `vue-product` WHERE `productID` = '1'  [ RunTime:0.0015s ]
SQL: SHOW COLUMNS FROM `vue-serverproductdateattribute` [ RunTime:0.0064s ]
SQL: SELECT * FROM `vue-serverproductdateattribute` WHERE `productID` = 1  [ RunTime:0.0005s ]

[ 2018-11-20T20:15:47+08:00 ] ::1 /nhkjw/index.php/Home/index/ceshi
INFO: [ app_init ] --START--
INFO: Run Behavior\BuildLiteBehavior [ RunTime:0.000010s ]
INFO: [ app_init ] --END-- [ RunTime:0.000382s ]
INFO: [ app_begin ] --START--
INFO: Run Behavior\ReadHtmlCacheBehavior [ RunTime:0.001403s ]
INFO: [ app_begin ] --END-- [ RunTime:0.001464s ]
SQL: SHOW COLUMNS FROM `vue-productlist` [ RunTime:0.0043s ]
SQL: SELECT * FROM `vue-productlist`  [ RunTime:0.0005s ]

[ 2018-11-20T20:15:49+08:00 ] ::1 /nhkjw/index.php/Home/index/homeServerProduct
INFO: [ app_init ] --START--
INFO: Run Behavior\BuildLiteBehavior [ RunTime:0.000011s ]
INFO: [ app_init ] --END-- [ RunTime:0.000315s ]
INFO: [ app_begin ] --START--
INFO: Run Behavior\ReadHtmlCacheBehavior [ RunTime:0.000400s ]
INFO: [ app_begin ] --END-- [ RunTime:0.000447s ]
SQL: SHOW COLUMNS FROM `vue-serverproduct` [ RunTime:0.0044s ]
NOTIC: [2] Missing argument 1 for Think\Model::where(), called in J:\xampp\htdocs\NHKJW\Application\Home\Controller\IndexController.class.php on line 59 and defined J:\xampp\htdocs\NHKJW\ThinkPHP\Library\Think\Model.class.php 第 1797 行.
NOTIC: [8] Undefined variable: where J:\xampp\htdocs\NHKJW\ThinkPHP\Library\Think\Model.class.php 第 1805 行.
NOTIC: [8] Undefined variable: where J:\xampp\htdocs\NHKJW\ThinkPHP\Library\Think\Model.class.php 第 1808 行.
NOTIC: [8] Undefined variable: where J:\xampp\htdocs\NHKJW\ThinkPHP\Library\Think\Model.class.php 第 1816 行.
SQL: SELECT * FROM `vue-serverproduct`  [ RunTime:0.0005s ]

[ 2018-11-20T20:15:52+08:00 ] ::1 /nhkjw/index.php/Home/index/priducttowS
INFO: [ app_init ] --START--
INFO: Run Behavior\BuildLiteBehavior [ RunTime:0.000016s ]
INFO: [ app_init ] --END-- [ RunTime:0.000413s ]
INFO: [ app_begin ] --START--
INFO: Run Behavior\ReadHtmlCacheBehavior [ RunTime:0.000399s ]
INFO: [ app_begin ] --END-- [ RunTime:0.000444s ]
SQL: SHOW COLUMNS FROM `vue-producttwo` [ RunTime:0.0070s ]
SQL: SELECT * FROM `vue-producttwo` WHERE `productID` = '9'  [ RunTime:0.0012s ]
SQL: SHOW COLUMNS FROM `vue-serverproductdateattribute` [ RunTime:0.0047s ]
SQL: SELECT * FROM `vue-serverproductdateattribute` WHERE `productID` = 1  [ RunTime:0.0004s ]

[ 2018-11-20T20:17:05+08:00 ] ::1 /nhkjw/index.php/Home/index/priducttowS
INFO: [ app_init ] --START--
INFO: Run Behavior\BuildLiteBehavior [ RunTime:0.000010s ]
INFO: [ app_init ] --END-- [ RunTime:0.000281s ]
INFO: [ app_begin ] --START--
INFO: Run Behavior\ReadHtmlCacheBehavior [ RunTime:0.000917s ]
INFO: [ app_begin ] --END-- [ RunTime:0.000996s ]
SQL: SHOW COLUMNS FROM `vue-producttwo` [ RunTime:0.0031s ]
SQL: SELECT * FROM `vue-producttwo` WHERE `productID` = '9'  [ RunTime:0.0007s ]
SQL: SHOW COLUMNS FROM `vue-serverproductdateattribute` [ RunTime:0.0051s ]
SQL: SELECT * FROM `vue-serverproductdateattribute` WHERE `productID` = 1  [ RunTime:0.0003s ]

[ 2018-11-20T20:17:08+08:00 ] ::1 /nhkjw/index.php/Home/index/priducttowS
INFO: [ app_init ] --START--
INFO: Run Behavior\BuildLiteBehavior [ RunTime:0.000017s ]
INFO: [ app_init ] --END-- [ RunTime:0.000428s ]
INFO: [ app_begin ] --START--
INFO: Run Behavior\ReadHtmlCacheBehavior [ RunTime:0.000445s ]
INFO: [ app_begin ] --END-- [ RunTime:0.000507s ]
SQL: SHOW COLUMNS FROM `vue-producttwo` [ RunTime:0.0056s ]
SQL: SELECT * FROM `vue-producttwo` WHERE `productID` = '9'  [ RunTime:0.0014s ]
SQL: SHOW COLUMNS FROM `vue-serverproductdateattribute` [ RunTime:0.0044s ]
SQL: SELECT * FROM `vue-serverproductdateattribute` WHERE `productID` = 1  [ RunTime:0.0004s ]

[ 2018-11-20T20:17:47+08:00 ] ::1 /nhkjw/index.php/Home/index/priducttowS
INFO: [ app_init ] --START--
INFO: Run Behavior\BuildLiteBehavior [ RunTime:0.000012s ]
INFO: [ app_init ] --END-- [ RunTime:0.000334s ]
INFO: [ app_begin ] --START--
INFO: Run Behavior\ReadHtmlCacheBehavior [ RunTime:0.000642s ]
INFO: [ app_begin ] --END-- [ RunTime:0.000695s ]
SQL: SHOW COLUMNS FROM `vue-producttwo` [ RunTime:0.0045s ]
SQL: SELECT * FROM `vue-producttwo` WHERE `productID` = '9'  [ RunTime:0.0005s ]
SQL: SHOW COLUMNS FROM `vue-serverproductdateattribute` [ RunTime:0.0051s ]
SQL: SELECT * FROM `vue-serverproductdateattribute` WHERE `productID` = 1  [ RunTime:0.0005s ]

[ 2018-11-20T20:17:55+08:00 ] ::1 /nhkjw/index.php/Home/index/priducttowS
INFO: [ app_init ] --START--
INFO: Run Behavior\BuildLiteBehavior [ RunTime:0.000013s ]
INFO: [ app_init ] --END-- [ RunTime:0.000407s ]
INFO: [ app_begin ] --START--
INFO: Run Behavior\ReadHtmlCacheBehavior [ RunTime:0.000896s ]
INFO: [ app_begin ] --END-- [ RunTime:0.000988s ]
SQL: SHOW COLUMNS FROM `vue-producttwo` [ RunTime:0.0054s ]
SQL: SELECT * FROM `vue-producttwo` WHERE `productID` = '9'  [ RunTime:0.0012s ]
SQL: SHOW COLUMNS FROM `vue-serverproductdateattribute` [ RunTime:0.0055s ]
SQL: SELECT * FROM `vue-serverproductdateattribute` WHERE `productID` = 1  [ RunTime:0.0010s ]

[ 2018-11-20T20:19:13+08:00 ] ::1 /nhkjw/index.php/Home/index/priducttowS
INFO: [ app_init ] --START--
INFO: Run Behavior\BuildLiteBehavior [ RunTime:0.000013s ]
INFO: [ app_init ] --END-- [ RunTime:0.000390s ]
INFO: [ app_begin ] --START--
INFO: Run Behavior\ReadHtmlCacheBehavior [ RunTime:0.000411s ]
INFO: [ app_begin ] --END-- [ RunTime:0.000460s ]
SQL: SHOW COLUMNS FROM `vue-producttwo` [ RunTime:0.0065s ]
SQL: SELECT * FROM `vue-producttwo` WHERE `productID` = '9'  [ RunTime:0.0009s ]
SQL: SHOW COLUMNS FROM `vue-serverproductdateattribute` [ RunTime:0.0051s ]
SQL: SELECT * FROM `vue-serverproductdateattribute` WHERE `productID` = 1  [ RunTime:0.0004s ]

[ 2018-11-20T20:19:46+08:00 ] ::1 /nhkjw/index.php/Home/index/priducttowS
INFO: [ app_init ] --START--
INFO: Run Behavior\BuildLiteBehavior [ RunTime:0.000020s ]
INFO: [ app_init ] --END-- [ RunTime:0.001047s ]
INFO: [ app_begin ] --START--
INFO: Run Behavior\ReadHtmlCacheBehavior [ RunTime:0.006498s ]
INFO: [ app_begin ] --END-- [ RunTime:0.007468s ]
SQL: SHOW COLUMNS FROM `vue-producttwo` [ RunTime:0.0031s ]
SQL: SELECT * FROM `vue-producttwo` WHERE `productID` = '9'  [ RunTime:0.0004s ]
SQL: SHOW COLUMNS FROM `vue-serverproductdateattribute` [ RunTime:0.0029s ]
SQL: SELECT * FROM `vue-serverproductdateattribute` WHERE `productID` = 1  [ RunTime:0.0005s ]

[ 2018-11-20T20:20:45+08:00 ] ::1 /nhkjw/index.php/Home/index/priducttowS
INFO: [ app_init ] --START--
INFO: Run Behavior\BuildLiteBehavior [ RunTime:0.000021s ]
INFO: [ app_init ] --END-- [ RunTime:0.000880s ]
INFO: [ app_begin ] --START--
INFO: Run Behavior\ReadHtmlCacheBehavior [ RunTime:0.000646s ]
INFO: [ app_begin ] --END-- [ RunTime:0.000714s ]
SQL: SHOW COLUMNS FROM `vue-producttwo` [ RunTime:0.0038s ]
SQL: SELECT * FROM `vue-producttwo` WHERE `productID` = '9'  [ RunTime:0.0006s ]
SQL: SHOW COLUMNS FROM `vue-serverproductdateattribute` [ RunTime:0.0032s ]
SQL: SELECT * FROM `vue-serverproductdateattribute` WHERE `productID` = 1  [ RunTime:0.0003s ]

[ 2018-11-20T20:22:08+08:00 ] ::1 /nhkjw/index.php/Home/index/priducttowS
INFO: [ app_init ] --START--
INFO: Run Behavior\BuildLiteBehavior [ RunTime:0.000011s ]
INFO: [ app_init ] --END-- [ RunTime:0.000336s ]
INFO: [ app_begin ] --START--
INFO: Run Behavior\ReadHtmlCacheBehavior [ RunTime:0.000387s ]
INFO: [ app_begin ] --END-- [ RunTime:0.000427s ]
SQL: SHOW COLUMNS FROM `vue-producttwo` [ RunTime:0.0035s ]
SQL: SELECT * FROM `vue-producttwo` WHERE `productID` = '9'  [ RunTime:0.0005s ]
SQL: SHOW COLUMNS FROM `vue-serverproductdateattribute` [ RunTime:0.0028s ]
SQL: SELECT * FROM `vue-serverproductdateattribute` WHERE `productID` = 1  [ RunTime:0.0003s ]

[ 2018-11-20T20:22:27+08:00 ] ::1 /nhkjw/index.php/Home/index/priducttowS
INFO: [ app_init ] --START--
INFO: Run Behavior\BuildLiteBehavior [ RunTime:0.000018s ]
INFO: [ app_init ] --END-- [ RunTime:0.000475s ]
INFO: [ app_begin ] --START--
INFO: Run Behavior\ReadHtmlCacheBehavior [ RunTime:0.000402s ]
INFO: [ app_begin ] --END-- [ RunTime:0.000453s ]
SQL: SHOW COLUMNS FROM `vue-producttwo` [ RunTime:0.0042s ]
SQL: SELECT * FROM `vue-producttwo` WHERE `productID` = '9'  [ RunTime:0.0007s ]
SQL: SHOW COLUMNS FROM `vue-serverproductdateattribute` [ RunTime:0.0031s ]
SQL: SELECT * FROM `vue-serverproductdateattribute` WHERE `productID` = 1  [ RunTime:0.0003s ]

[ 2018-11-20T20:22:38+08:00 ] ::1 /nhkjw/index.php/Home/index/priducttowS
INFO: [ app_init ] --START--
INFO: Run Behavior\BuildLiteBehavior [ RunTime:0.000023s ]
INFO: [ app_init ] --END-- [ RunTime:0.000521s ]
INFO: [ app_begin ] --START--
INFO: Run Behavior\ReadHtmlCacheBehavior [ RunTime:0.000676s ]
INFO: [ app_begin ] --END-- [ RunTime:0.000757s ]
SQL: SHOW COLUMNS FROM `vue-producttwo` [ RunTime:0.0055s ]
SQL: SELECT * FROM `vue-producttwo` WHERE `productID` = '9'  [ RunTime:0.0012s ]
SQL: SHOW COLUMNS FROM `vue-serverproductdateattribute` [ RunTime:0.0064s ]
SQL: SELECT * FROM `vue-serverproductdateattribute` WHERE `productID` = 1  [ RunTime:0.0004s ]

[ 2018-11-20T20:22:45+08:00 ] ::1 /nhkjw/index.php/Home/index/priducttowS
INFO: [ app_init ] --START--
INFO: Run Behavior\BuildLiteBehavior [ RunTime:0.000016s ]
INFO: [ app_init ] --END-- [ RunTime:0.000418s ]
INFO: [ app_begin ] --START--
INFO: Run Behavior\ReadHtmlCacheBehavior [ RunTime:0.000532s ]
INFO: [ app_begin ] --END-- [ RunTime:0.000601s ]
SQL: SHOW COLUMNS FROM `vue-producttwo` [ RunTime:0.0059s ]
SQL: SELECT * FROM `vue-producttwo` WHERE `productID` = '9'  [ RunTime:0.0009s ]
SQL: SHOW COLUMNS FROM `vue-serverproductdateattribute` [ RunTime:0.0046s ]
SQL: SELECT * FROM `vue-serverproductdateattribute` WHERE `productID` = 1  [ RunTime:0.0008s ]

[ 2018-11-20T20:24:48+08:00 ] ::1 /nhkjw/index.php/Home/index/priducttowS
INFO: [ app_init ] --START--
INFO: Run Behavior\BuildLiteBehavior [ RunTime:0.000020s ]
INFO: [ app_init ] --END-- [ RunTime:0.000571s ]
INFO: [ app_begin ] --START--
INFO: Run Behavior\ReadHtmlCacheBehavior [ RunTime:0.003773s ]
INFO: [ app_begin ] --END-- [ RunTime:0.003851s ]
SQL: SHOW COLUMNS FROM `vue-producttwo` [ RunTime:0.0052s ]
SQL: SELECT * FROM `vue-producttwo` WHERE `productID` = '9'  [ RunTime:0.0013s ]
SQL: SHOW COLUMNS FROM `vue-serverproductdateattribute` [ RunTime:0.0046s ]
SQL: SELECT * FROM `vue-serverproductdateattribute` WHERE `productID` = 1  [ RunTime:0.0005s ]

[ 2018-11-20T20:25:17+08:00 ] ::1 /nhkjw/index.php/Home/index/priducttowS
INFO: [ app_init ] --START--
INFO: Run Behavior\BuildLiteBehavior [ RunTime:0.000012s ]
INFO: [ app_init ] --END-- [ RunTime:0.000340s ]
INFO: [ app_begin ] --START--
INFO: Run Behavior\ReadHtmlCacheBehavior [ RunTime:0.000454s ]
INFO: [ app_begin ] --END-- [ RunTime:0.000565s ]
SQL: SHOW COLUMNS FROM `vue-producttwo` [ RunTime:0.0048s ]
SQL: SELECT * FROM `vue-producttwo` WHERE `productID` = '9'  [ RunTime:0.0027s ]
SQL: SHOW COLUMNS FROM `vue-serverproductdateattribute` [ RunTime:0.0046s ]
SQL: SELECT * FROM `vue-serverproductdateattribute` WHERE `productID` = 1  [ RunTime:0.0029s ]

[ 2018-11-20T20:25:30+08:00 ] ::1 /nhkjw/index.php/Home/index/priducttowS
INFO: [ app_init ] --START--
INFO: Run Behavior\BuildLiteBehavior [ RunTime:0.000015s ]
INFO: [ app_init ] --END-- [ RunTime:0.000393s ]
INFO: [ app_begin ] --START--
INFO: Run Behavior\ReadHtmlCacheBehavior [ RunTime:0.000519s ]
INFO: [ app_begin ] --END-- [ RunTime:0.000646s ]
SQL: SHOW COLUMNS FROM `vue-producttwo` [ RunTime:0.0084s ]
SQL: SELECT * FROM `vue-producttwo` WHERE `productID` = '9'  [ RunTime:0.0015s ]
SQL: SHOW COLUMNS FROM `vue-serverproductdateattribute` [ RunTime:0.0071s ]
SQL: SELECT * FROM `vue-serverproductdateattribute` WHERE `productID` = 1  [ RunTime:0.0008s ]

[ 2018-11-20T20:25:48+08:00 ] ::1 /nhkjw/index.php/Home/index/priducttowS
INFO: [ app_init ] --START--
INFO: Run Behavior\BuildLiteBehavior [ RunTime:0.000044s ]
INFO: [ app_init ] --END-- [ RunTime:0.004057s ]
INFO: [ app_begin ] --START--
INFO: Run Behavior\ReadHtmlCacheBehavior [ RunTime:0.000594s ]
INFO: [ app_begin ] --END-- [ RunTime:0.000682s ]
SQL: SHOW COLUMNS FROM `vue-producttwo` [ RunTime:0.0088s ]
SQL: SELECT * FROM `vue-producttwo` WHERE `productID` = '9'  [ RunTime:0.0007s ]
SQL: SHOW COLUMNS FROM `vue-serverproductdateattribute` [ RunTime:0.0038s ]
SQL: SELECT * FROM `vue-serverproductdateattribute` WHERE `productID` = 1  [ RunTime:0.0003s ]

[ 2018-11-20T20:26:12+08:00 ] ::1 /nhkjw/index.php/Home/index/priducttowS
INFO: [ app_init ] --START--
INFO: Run Behavior\BuildLiteBehavior [ RunTime:0.000010s ]
INFO: [ app_init ] --END-- [ RunTime:0.000287s ]
INFO: [ app_begin ] --START--
INFO: Run Behavior\ReadHtmlCacheBehavior [ RunTime:0.000361s ]
INFO: [ app_begin ] --END-- [ RunTime:0.000400s ]
SQL: SHOW COLUMNS FROM `vue-producttwo` [ RunTime:0.0030s ]
SQL: SELECT * FROM `vue-producttwo` WHERE `productID` = '9'  [ RunTime:0.0004s ]
SQL: SHOW COLUMNS FROM `vue-serverproductdateattribute` [ RunTime:0.0027s ]
SQL: SELECT * FROM `vue-serverproductdateattribute` WHERE `productID` = 1  [ RunTime:0.0002s ]

[ 2018-11-20T20:46:53+08:00 ] ::1 /nhkjw/index.php/Home/index/homeServerProduct
INFO: [ app_init ] --START--
INFO: Run Behavior\BuildLiteBehavior [ RunTime:0.000019s ]
INFO: [ app_init ] --END-- [ RunTime:0.000477s ]
INFO: [ app_begin ] --START--
INFO: Run Behavior\ReadHtmlCacheBehavior [ RunTime:0.000735s ]
INFO: [ app_begin ] --END-- [ RunTime:0.000823s ]
SQL: SHOW COLUMNS FROM `vue-serverproduct` [ RunTime:0.0045s ]
NOTIC: [2] Missing argument 1 for Think\Model::where(), called in J:\xampp\htdocs\NHKJW\Application\Home\Controller\IndexController.class.php on line 59 and defined J:\xampp\htdocs\NHKJW\ThinkPHP\Library\Think\Model.class.php 第 1797 行.
NOTIC: [8] Undefined variable: where J:\xampp\htdocs\NHKJW\ThinkPHP\Library\Think\Model.class.php 第 1805 行.
NOTIC: [8] Undefined variable: where J:\xampp\htdocs\NHKJW\ThinkPHP\Library\Think\Model.class.php 第 1808 行.
NOTIC: [8] Undefined variable: where J:\xampp\htdocs\NHKJW\ThinkPHP\Library\Think\Model.class.php 第 1816 行.
SQL: SELECT * FROM `vue-serverproduct`  [ RunTime:0.0009s ]

[ 2018-11-20T20:47:12+08:00 ] ::1 /nhkjw/index.php/Home/index/ceshi
INFO: [ app_init ] --START--
INFO: Run Behavior\BuildLiteBehavior [ RunTime:0.000017s ]
INFO: [ app_init ] --END-- [ RunTime:0.000425s ]
INFO: [ app_begin ] --START--
INFO: Run Behavior\ReadHtmlCacheBehavior [ RunTime:0.000579s ]
INFO: [ app_begin ] --END-- [ RunTime:0.000639s ]
SQL: SHOW COLUMNS FROM `vue-productlist` [ RunTime:0.0039s ]
SQL: SELECT * FROM `vue-productlist`  [ RunTime:0.0004s ]

[ 2018-11-20T20:47:49+08:00 ] ::1 /nhkjw/index.php/Home/index/homeServerProduct
INFO: [ app_init ] --START--
INFO: Run Behavior\BuildLiteBehavior [ RunTime:0.000012s ]
INFO: [ app_init ] --END-- [ RunTime:0.000310s ]
INFO: [ app_begin ] --START--
INFO: Run Behavior\ReadHtmlCacheBehavior [ RunTime:0.000366s ]
INFO: [ app_begin ] --END-- [ RunTime:0.000408s ]
SQL: SHOW COLUMNS FROM `vue-serverproduct` [ RunTime:0.0043s ]
NOTIC: [2] Missing argument 1 for Think\Model::where(), called in J:\xampp\htdocs\NHKJW\Application\Home\Controller\IndexController.class.php on line 59 and defined J:\xampp\htdocs\NHKJW\ThinkPHP\Library\Think\Model.class.php 第 1797 行.
NOTIC: [8] Undefined variable: where J:\xampp\htdocs\NHKJW\ThinkPHP\Library\Think\Model.class.php 第 1805 行.
NOTIC: [8] Undefined variable: where J:\xampp\htdocs\NHKJW\ThinkPHP\Library\Think\Model.class.php 第 1808 行.
NOTIC: [8] Undefined variable: where J:\xampp\htdocs\NHKJW\ThinkPHP\Library\Think\Model.class.php 第 1816 行.
SQL: SELECT * FROM `vue-serverproduct`  [ RunTime:0.0005s ]

[ 2018-11-20T20:47:53+08:00 ] ::1 /nhkjw/index.php/Home/index/Producmodify
INFO: [ app_init ] --START--
INFO: Run Behavior\BuildLiteBehavior [ RunTime:0.000013s ]
INFO: [ app_init ] --END-- [ RunTime:0.000351s ]
INFO: [ app_begin ] --START--
INFO: Run Behavior\ReadHtmlCacheBehavior [ RunTime:0.000391s ]
INFO: [ app_begin ] --END-- [ RunTime:0.000433s ]
SQL: SHOW COLUMNS FROM `vue-product` [ RunTime:0.0055s ]
SQL: SELECT * FROM `vue-product` WHERE `productID` = '1'  [ RunTime:0.0010s ]
SQL: SHOW COLUMNS FROM `vue-serverproductdateattribute` [ RunTime:0.0069s ]
SQL: SELECT * FROM `vue-serverproductdateattribute` WHERE `productID` = 1  [ RunTime:0.0005s ]

[ 2018-11-20T20:54:03+08:00 ] ::1 /nhkjw/index.php/Home/index/homeServerProduct
INFO: [ app_init ] --START--
INFO: Run Behavior\BuildLiteBehavior [ RunTime:0.000061s ]
INFO: [ app_init ] --END-- [ RunTime:0.001162s ]
INFO: [ app_begin ] --START--
INFO: Run Behavior\ReadHtmlCacheBehavior [ RunTime:0.001161s ]
INFO: [ app_begin ] --END-- [ RunTime:0.001236s ]
SQL: SHOW COLUMNS FROM `vue-serverproduct` [ RunTime:0.0057s ]
NOTIC: [2] Missing argument 1 for Think\Model::where(), called in J:\xampp\htdocs\NHKJW\Application\Home\Controller\IndexController.class.php on line 59 and defined J:\xampp\htdocs\NHKJW\ThinkPHP\Library\Think\Model.class.php 第 1797 行.
NOTIC: [8] Undefined variable: where J:\xampp\htdocs\NHKJW\ThinkPHP\Library\Think\Model.class.php 第 1805 行.
NOTIC: [8] Undefined variable: where J:\xampp\htdocs\NHKJW\ThinkPHP\Library\Think\Model.class.php 第 1808 行.
NOTIC: [8] Undefined variable: where J:\xampp\htdocs\NHKJW\ThinkPHP\Library\Think\Model.class.php 第 1816 行.
SQL: SELECT * FROM `vue-serverproduct`  [ RunTime:0.0008s ]

[ 2018-11-20T20:54:05+08:00 ] ::1 /nhkjw/index.php/Home/index/priducttowS
INFO: [ app_init ] --START--
INFO: Run Behavior\BuildLiteBehavior [ RunTime:0.000021s ]
INFO: [ app_init ] --END-- [ RunTime:0.000424s ]
INFO: [ app_begin ] --START--
INFO: Run Behavior\ReadHtmlCacheBehavior [ RunTime:0.000510s ]
INFO: [ app_begin ] --END-- [ RunTime:0.000575s ]
SQL: SHOW COLUMNS FROM `vue-producttwo` [ RunTime:0.0050s ]
SQL: SELECT * FROM `vue-producttwo` WHERE `productID` = '10'  [ RunTime:0.0006s ]
SQL: SHOW COLUMNS FROM `vue-serverproductdateattribute` [ RunTime:0.0034s ]
SQL: SELECT * FROM `vue-serverproductdateattribute` WHERE `productID` = 1  [ RunTime:0.0003s ]

[ 2018-11-20T20:54:18+08:00 ] ::1 /nhkjw/index.php/Home/index/homeServerProduct
INFO: [ app_init ] --START--
INFO: Run Behavior\BuildLiteBehavior [ RunTime:0.000028s ]
INFO: [ app_init ] --END-- [ RunTime:0.000809s ]
INFO: [ app_begin ] --START--
INFO: Run Behavior\ReadHtmlCacheBehavior [ RunTime:0.000722s ]
INFO: [ app_begin ] --END-- [ RunTime:0.000801s ]
SQL: SHOW COLUMNS FROM `vue-serverproduct` [ RunTime:0.0058s ]
NOTIC: [2] Missing argument 1 for Think\Model::where(), called in J:\xampp\htdocs\NHKJW\Application\Home\Controller\IndexController.class.php on line 59 and defined J:\xampp\htdocs\NHKJW\ThinkPHP\Library\Think\Model.class.php 第 1797 行.
NOTIC: [8] Undefined variable: where J:\xampp\htdocs\NHKJW\ThinkPHP\Library\Think\Model.class.php 第 1805 行.
NOTIC: [8] Undefined variable: where J:\xampp\htdocs\NHKJW\ThinkPHP\Library\Think\Model.class.php 第 1808 行.
NOTIC: [8] Undefined variable: where J:\xampp\htdocs\NHKJW\ThinkPHP\Library\Think\Model.class.php 第 1816 行.
SQL: SELECT * FROM `vue-serverproduct`  [ RunTime:0.0010s ]

[ 2018-11-20T20:54:23+08:00 ] ::1 /nhkjw/index.php/Home/index/Producmodify
INFO: [ app_init ] --START--
INFO: Run Behavior\BuildLiteBehavior [ RunTime:0.000024s ]
INFO: [ app_init ] --END-- [ RunTime:0.003087s ]
INFO: [ app_begin ] --START--
INFO: Run Behavior\ReadHtmlCacheBehavior [ RunTime:0.000773s ]
INFO: [ app_begin ] --END-- [ RunTime:0.000987s ]
SQL: SHOW COLUMNS FROM `vue-product` [ RunTime:0.0078s ]
SQL: SELECT * FROM `vue-product` WHERE `productID` = '1'  [ RunTime:0.0008s ]
SQL: SHOW COLUMNS FROM `vue-serverproductdateattribute` [ RunTime:0.0049s ]
SQL: SELECT * FROM `vue-serverproductdateattribute` WHERE `productID` = 1  [ RunTime:0.0007s ]

[ 2018-11-20T20:54:26+08:00 ] ::1 /nhkjw/index.php/Home/index/homeServerProduct
INFO: [ app_init ] --START--
INFO: Run Behavior\BuildLiteBehavior [ RunTime:0.000016s ]
INFO: [ app_init ] --END-- [ RunTime:0.000492s ]
INFO: [ app_begin ] --START--
INFO: Run Behavior\ReadHtmlCacheBehavior [ RunTime:0.000459s ]
INFO: [ app_begin ] --END-- [ RunTime:0.000515s ]
SQL: SHOW COLUMNS FROM `vue-serverproduct` [ RunTime:0.0055s ]
NOTIC: [2] Missing argument 1 for Think\Model::where(), called in J:\xampp\htdocs\NHKJW\Application\Home\Controller\IndexController.class.php on line 59 and defined J:\xampp\htdocs\NHKJW\ThinkPHP\Library\Think\Model.class.php 第 1797 行.
NOTIC: [8] Undefined variable: where J:\xampp\htdocs\NHKJW\ThinkPHP\Library\Think\Model.class.php 第 1805 行.
NOTIC: [8] Undefined variable: where J:\xampp\htdocs\NHKJW\ThinkPHP\Library\Think\Model.class.php 第 1808 行.
NOTIC: [8] Undefined variable: where J:\xampp\htdocs\NHKJW\ThinkPHP\Library\Think\Model.class.php 第 1816 行.
SQL: SELECT * FROM `vue-serverproduct`  [ RunTime:0.0008s ]

[ 2018-11-20T20:54:31+08:00 ] ::1 /nhkjw/index.php/Home/index/priducttowS
INFO: [ app_init ] --START--
INFO: Run Behavior\BuildLiteBehavior [ RunTime:0.000014s ]
INFO: [ app_init ] --END-- [ RunTime:0.000359s ]
INFO: [ app_begin ] --START--
INFO: Run Behavior\ReadHtmlCacheBehavior [ RunTime:0.000523s ]
INFO: [ app_begin ] --END-- [ RunTime:0.000590s ]
SQL: SHOW COLUMNS FROM `vue-producttwo` [ RunTime:0.0067s ]
SQL: SELECT * FROM `vue-producttwo` WHERE `productID` = '9'  [ RunTime:0.0008s ]
SQL: SHOW COLUMNS FROM `vue-serverproductdateattribute` [ RunTime:0.0046s ]
SQL: SELECT * FROM `vue-serverproductdateattribute` WHERE `productID` = 1  [ RunTime:0.0006s ]

[ 2018-11-20T20:54:33+08:00 ] ::1 /nhkjw/index.php/Home/index/homeServerProduct
INFO: [ app_init ] --START--
INFO: Run Behavior\BuildLiteBehavior [ RunTime:0.000025s ]
INFO: [ app_init ] --END-- [ RunTime:0.000482s ]
INFO: [ app_begin ] --START--
INFO: Run Behavior\ReadHtmlCacheBehavior [ RunTime:0.000683s ]
INFO: [ app_begin ] --END-- [ RunTime:0.000769s ]
SQL: SHOW COLUMNS FROM `vue-serverproduct` [ RunTime:0.0106s ]
NOTIC: [2] Missing argument 1 for Think\Model::where(), called in J:\xampp\htdocs\NHKJW\Application\Home\Controller\IndexController.class.php on line 59 and defined J:\xampp\htdocs\NHKJW\ThinkPHP\Library\Think\Model.class.php 第 1797 行.
NOTIC: [8] Undefined variable: where J:\xampp\htdocs\NHKJW\ThinkPHP\Library\Think\Model.class.php 第 1805 行.
NOTIC: [8] Undefined variable: where J:\xampp\htdocs\NHKJW\ThinkPHP\Library\Think\Model.class.php 第 1808 行.
NOTIC: [8] Undefined variable: where J:\xampp\htdocs\NHKJW\ThinkPHP\Library\Think\Model.class.php 第 1816 行.
SQL: SELECT * FROM `vue-serverproduct`  [ RunTime:0.0009s ]

[ 2018-11-20T20:54:38+08:00 ] ::1 /nhkjw/index.php/Home/index/priducttowS
INFO: [ app_init ] --START--
INFO: Run Behavior\BuildLiteBehavior [ RunTime:0.000022s ]
INFO: [ app_init ] --END-- [ RunTime:0.000443s ]
INFO: [ app_begin ] --START--
INFO: Run Behavior\ReadHtmlCacheBehavior [ RunTime:0.000528s ]
INFO: [ app_begin ] --END-- [ RunTime:0.000587s ]
SQL: SHOW COLUMNS FROM `vue-producttwo` [ RunTime:0.0056s ]
SQL: SELECT * FROM `vue-producttwo` WHERE `productID` = '9'  [ RunTime:0.0011s ]
SQL: SHOW COLUMNS FROM `vue-serverproductdateattribute` [ RunTime:0.0042s ]
SQL: SELECT * FROM `vue-serverproductdateattribute` WHERE `productID` = 1  [ RunTime:0.0002s ]

[ 2018-11-20T20:54:41+08:00 ] ::1 /nhkjw/index.php/Home/index/homeServerProduct
INFO: [ app_init ] --START--
INFO: Run Behavior\BuildLiteBehavior [ RunTime:0.000015s ]
INFO: [ app_init ] --END-- [ RunTime:0.000452s ]
INFO: [ app_begin ] --START--
INFO: Run Behavior\ReadHtmlCacheBehavior [ RunTime:0.001200s ]
INFO: [ app_begin ] --END-- [ RunTime:0.001358s ]
SQL: SHOW COLUMNS FROM `vue-serverproduct` [ RunTime:0.0055s ]
NOTIC: [2] Missing argument 1 for Think\Model::where(), called in J:\xampp\htdocs\NHKJW\Application\Home\Controller\IndexController.class.php on line 59 and defined J:\xampp\htdocs\NHKJW\ThinkPHP\Library\Think\Model.class.php 第 1797 行.
NOTIC: [8] Undefined variable: where J:\xampp\htdocs\NHKJW\ThinkPHP\Library\Think\Model.class.php 第 1805 行.
NOTIC: [8] Undefined variable: where J:\xampp\htdocs\NHKJW\ThinkPHP\Library\Think\Model.class.php 第 1808 行.
NOTIC: [8] Undefined variable: where J:\xampp\htdocs\NHKJW\ThinkPHP\Library\Think\Model.class.php 第 1816 行.
SQL: SELECT * FROM `vue-serverproduct`  [ RunTime:0.0005s ]

[ 2018-11-20T20:54:46+08:00 ] ::1 /nhkjw/index.php/Home/index/priducttowS
INFO: [ app_init ] --START--
INFO: Run Behavior\BuildLiteBehavior [ RunTime:0.000026s ]
INFO: [ app_init ] --END-- [ RunTime:0.000478s ]
INFO: [ app_begin ] --START--
INFO: Run Behavior\ReadHtmlCacheBehavior [ RunTime:0.000854s ]
INFO: [ app_begin ] --END-- [ RunTime:0.000944s ]
SQL: SHOW COLUMNS FROM `vue-producttwo` [ RunTime:0.0100s ]
SQL: SELECT * FROM `vue-producttwo` WHERE `productID` = '9'  [ RunTime:0.0008s ]
SQL: SHOW COLUMNS FROM `vue-serverproductdateattribute` [ RunTime:0.0062s ]
SQL: SELECT * FROM `vue-serverproductdateattribute` WHERE `productID` = 1  [ RunTime:0.0006s ]

[ 2018-11-20T20:54:49+08:00 ] ::1 /nhkjw/index.php/Home/index/homeServerProduct
INFO: [ app_init ] --START--
INFO: Run Behavior\BuildLiteBehavior [ RunTime:0.000019s ]
INFO: [ app_init ] --END-- [ RunTime:0.000746s ]
INFO: [ app_begin ] --START--
INFO: Run Behavior\ReadHtmlCacheBehavior [ RunTime:0.000539s ]
INFO: [ app_begin ] --END-- [ RunTime:0.000598s ]
SQL: SHOW COLUMNS FROM `vue-serverproduct` [ RunTime:0.0051s ]
NOTIC: [2] Missing argument 1 for Think\Model::where(), called in J:\xampp\htdocs\NHKJW\Application\Home\Controller\IndexController.class.php on line 59 and defined J:\xampp\htdocs\NHKJW\ThinkPHP\Library\Think\Model.class.php 第 1797 行.
NOTIC: [8] Undefined variable: where J:\xampp\htdocs\NHKJW\ThinkPHP\Library\Think\Model.class.php 第 1805 行.
NOTIC: [8] Undefined variable: where J:\xampp\htdocs\NHKJW\ThinkPHP\Library\Think\Model.class.php 第 1808 行.
NOTIC: [8] Undefined variable: where J:\xampp\htdocs\NHKJW\ThinkPHP\Library\Think\Model.class.php 第 1816 行.
SQL: SELECT * FROM `vue-serverproduct`  [ RunTime:0.0008s ]

[ 2018-11-20T20:54:53+08:00 ] ::1 /nhkjw/index.php/Home/index/priducttowS
INFO: [ app_init ] --START--
INFO: Run Behavior\BuildLiteBehavior [ RunTime:0.000021s ]
INFO: [ app_init ] --END-- [ RunTime:0.000891s ]
INFO: [ app_begin ] --START--
INFO: Run Behavior\ReadHtmlCacheBehavior [ RunTime:0.000603s ]
INFO: [ app_begin ] --END-- [ RunTime:0.000684s ]
SQL: SHOW COLUMNS FROM `vue-producttwo` [ RunTime:0.0062s ]
SQL: SELECT * FROM `vue-producttwo` WHERE `productID` = '10'  [ RunTime:0.0006s ]
SQL: SHOW COLUMNS FROM `vue-serverproductdateattribute` [ RunTime:0.0038s ]
SQL: SELECT * FROM `vue-serverproductdateattribute` WHERE `productID` = 1  [ RunTime:0.0003s ]

[ 2018-11-20T20:56:20+08:00 ] ::1 /nhkjw/index.php/Home/index/priducttowS
INFO: [ app_init ] --START--
INFO: Run Behavior\BuildLiteBehavior [ RunTime:0.000020s ]
INFO: [ app_init ] --END-- [ RunTime:0.001400s ]
INFO: [ app_begin ] --START--
INFO: Run Behavior\ReadHtmlCacheBehavior [ RunTime:0.000938s ]
INFO: [ app_begin ] --END-- [ RunTime:0.001024s ]
SQL: SHOW COLUMNS FROM `vue-producttwo` [ RunTime:0.0057s ]
SQL: SELECT * FROM `vue-producttwo` WHERE `productID` = '10'  [ RunTime:0.0009s ]
SQL: SHOW COLUMNS FROM `vue-serverproductdateattribute` [ RunTime:0.0050s ]
SQL: SELECT * FROM `vue-serverproductdateattribute` WHERE `productID` = 1  [ RunTime:0.0006s ]

[ 2018-11-20T20:56:27+08:00 ] ::1 /nhkjw/index.php/Home/index/homeServerProduct
INFO: [ app_init ] --START--
INFO: Run Behavior\BuildLiteBehavior [ RunTime:0.000022s ]
INFO: [ app_init ] --END-- [ RunTime:0.000577s ]
INFO: [ app_begin ] --START--
INFO: Run Behavior\ReadHtmlCacheBehavior [ RunTime:0.000425s ]
INFO: [ app_begin ] --END-- [ RunTime:0.000473s ]
SQL: SHOW COLUMNS FROM `vue-serverproduct` [ RunTime:0.0054s ]
NOTIC: [2] Missing argument 1 for Think\Model::where(), called in J:\xampp\htdocs\NHKJW\Application\Home\Controller\IndexController.class.php on line 59 and defined J:\xampp\htdocs\NHKJW\ThinkPHP\Library\Think\Model.class.php 第 1797 行.
NOTIC: [8] Undefined variable: where J:\xampp\htdocs\NHKJW\ThinkPHP\Library\Think\Model.class.php 第 1805 行.
NOTIC: [8] Undefined variable: where J:\xampp\htdocs\NHKJW\ThinkPHP\Library\Think\Model.class.php 第 1808 行.
NOTIC: [8] Undefined variable: where J:\xampp\htdocs\NHKJW\ThinkPHP\Library\Think\Model.class.php 第 1816 行.
SQL: SELECT * FROM `vue-serverproduct`  [ RunTime:0.0008s ]

[ 2018-11-20T20:56:27+08:00 ] ::1 /nhkjw/index.php/Home/index/ceshi
INFO: [ app_init ] --START--
INFO: Run Behavior\BuildLiteBehavior [ RunTime:0.000136s ]
INFO: [ app_init ] --END-- [ RunTime:0.000717s ]
INFO: [ app_begin ] --START--
INFO: Run Behavior\ReadHtmlCacheBehavior [ RunTime:0.000693s ]
INFO: [ app_begin ] --END-- [ RunTime:0.000779s ]
SQL: SHOW COLUMNS FROM `vue-productlist` [ RunTime:0.0029s ]
SQL: SELECT * FROM `vue-productlist`  [ RunTime:0.0003s ]

[ 2018-11-20T20:56:29+08:00 ] ::1 /nhkjw/index.php/Home/index/homeServerProduct
INFO: [ app_init ] --START--
INFO: Run Behavior\BuildLiteBehavior [ RunTime:0.000017s ]
INFO: [ app_init ] --END-- [ RunTime:0.000605s ]
INFO: [ app_begin ] --START--
INFO: Run Behavior\ReadHtmlCacheBehavior [ RunTime:0.000419s ]
INFO: [ app_begin ] --END-- [ RunTime:0.000473s ]
SQL: SHOW COLUMNS FROM `vue-serverproduct` [ RunTime:0.0072s ]
NOTIC: [2] Missing argument 1 for Think\Model::where(), called in J:\xampp\htdocs\NHKJW\Application\Home\Controller\IndexController.class.php on line 59 and defined J:\xampp\htdocs\NHKJW\ThinkPHP\Library\Think\Model.class.php 第 1797 行.
NOTIC: [8] Undefined variable: where J:\xampp\htdocs\NHKJW\ThinkPHP\Library\Think\Model.class.php 第 1805 行.
NOTIC: [8] Undefined variable: where J:\xampp\htdocs\NHKJW\ThinkPHP\Library\Think\Model.class.php 第 1808 行.
NOTIC: [8] Undefined variable: where J:\xampp\htdocs\NHKJW\ThinkPHP\Library\Think\Model.class.php 第 1816 行.
SQL: SELECT * FROM `vue-serverproduct`  [ RunTime:0.0010s ]

[ 2018-11-20T20:56:32+08:00 ] ::1 /nhkjw/index.php/Home/index/priducttowS
INFO: [ app_init ] --START--
INFO: Run Behavior\BuildLiteBehavior [ RunTime:0.000041s ]
INFO: [ app_init ] --END-- [ RunTime:0.000881s ]
INFO: [ app_begin ] --START--
INFO: Run Behavior\ReadHtmlCacheBehavior [ RunTime:0.000532s ]
INFO: [ app_begin ] --END-- [ RunTime:0.000610s ]
SQL: SHOW COLUMNS FROM `vue-producttwo` [ RunTime:0.0038s ]
SQL: SELECT * FROM `vue-producttwo` WHERE `productID` = '9'  [ RunTime:0.0008s ]
SQL: SHOW COLUMNS FROM `vue-serverproductdateattribute` [ RunTime:0.0032s ]
SQL: SELECT * FROM `vue-serverproductdateattribute` WHERE `productID` = 1  [ RunTime:0.0003s ]

[ 2018-11-20T20:56:36+08:00 ] ::1 /nhkjw/index.php/Home/index/homeServerProduct
INFO: [ app_init ] --START--
INFO: Run Behavior\BuildLiteBehavior [ RunTime:0.000025s ]
INFO: [ app_init ] --END-- [ RunTime:0.000860s ]
INFO: [ app_begin ] --START--
INFO: Run Behavior\ReadHtmlCacheBehavior [ RunTime:0.001018s ]
INFO: [ app_begin ] --END-- [ RunTime:0.001180s ]
SQL: SHOW COLUMNS FROM `vue-serverproduct` [ RunTime:0.0047s ]
NOTIC: [2] Missing argument 1 for Think\Model::where(), called in J:\xampp\htdocs\NHKJW\Application\Home\Controller\IndexController.class.php on line 59 and defined J:\xampp\htdocs\NHKJW\ThinkPHP\Library\Think\Model.class.php 第 1797 行.
NOTIC: [8] Undefined variable: where J:\xampp\htdocs\NHKJW\ThinkPHP\Library\Think\Model.class.php 第 1805 行.
NOTIC: [8] Undefined variable: where J:\xampp\htdocs\NHKJW\ThinkPHP\Library\Think\Model.class.php 第 1808 行.
NOTIC: [8] Undefined variable: where J:\xampp\htdocs\NHKJW\ThinkPHP\Library\Think\Model.class.php 第 1816 行.
SQL: SELECT * FROM `vue-serverproduct`  [ RunTime:0.0005s ]

[ 2018-11-20T20:56:43+08:00 ] ::1 /nhkjw/index.php/Home/index/priducttowS
INFO: [ app_init ] --START--
INFO: Run Behavior\BuildLiteBehavior [ RunTime:0.000014s ]
INFO: [ app_init ] --END-- [ RunTime:0.000442s ]
INFO: [ app_begin ] --START--
INFO: Run Behavior\ReadHtmlCacheBehavior [ RunTime:0.000861s ]
INFO: [ app_begin ] --END-- [ RunTime:0.000941s ]
SQL: SHOW COLUMNS FROM `vue-producttwo` [ RunTime:0.0060s ]
SQL: SELECT * FROM `vue-producttwo` WHERE `productID` = '10'  [ RunTime:0.0015s ]
SQL: SHOW COLUMNS FROM `vue-serverproductdateattribute` [ RunTime:0.0026s ]
SQL: SELECT * FROM `vue-serverproductdateattribute` WHERE `productID` = 1  [ RunTime:0.0003s ]

[ 2018-11-20T22:27:57+08:00 ] ::1 /nhkjw/index.php/Home/index/homeServerProduct
INFO: [ app_init ] --START--
INFO: Run Behavior\BuildLiteBehavior [ RunTime:0.000013s ]
INFO: [ app_init ] --END-- [ RunTime:0.001051s ]
INFO: [ app_begin ] --START--
INFO: Run Behavior\ReadHtmlCacheBehavior [ RunTime:0.000860s ]
INFO: [ app_begin ] --END-- [ RunTime:0.000916s ]
SQL: SHOW COLUMNS FROM `vue-serverproduct` [ RunTime:0.0034s ]
NOTIC: [2] Missing argument 1 for Think\Model::where(), called in J:\xampp\htdocs\NHKJW\Application\Home\Controller\IndexController.class.php on line 59 and defined J:\xampp\htdocs\NHKJW\ThinkPHP\Library\Think\Model.class.php 第 1797 行.
NOTIC: [8] Undefined variable: where J:\xampp\htdocs\NHKJW\ThinkPHP\Library\Think\Model.class.php 第 1805 行.
NOTIC: [8] Undefined variable: where J:\xampp\htdocs\NHKJW\ThinkPHP\Library\Think\Model.class.php 第 1808 行.
NOTIC: [8] Undefined variable: where J:\xampp\htdocs\NHKJW\ThinkPHP\Library\Think\Model.class.php 第 1816 行.
SQL: SELECT * FROM `vue-serverproduct`  [ RunTime:0.0006s ]

[ 2018-11-20T22:28:15+08:00 ] ::1 /nhkjw/index.php/Home/index/priducttowS
INFO: [ app_init ] --START--
INFO: Run Behavior\BuildLiteBehavior [ RunTime:0.000011s ]
INFO: [ app_init ] --END-- [ RunTime:0.000321s ]
INFO: [ app_begin ] --START--
INFO: Run Behavior\ReadHtmlCacheBehavior [ RunTime:0.000374s ]
INFO: [ app_begin ] --END-- [ RunTime:0.000421s ]
SQL: SHOW COLUMNS FROM `vue-producttwo` [ RunTime:0.0085s ]
SQL: SELECT * FROM `vue-producttwo` WHERE `productID` = '10'  [ RunTime:0.0034s ]
SQL: SHOW COLUMNS FROM `vue-serverproductdateattribute` [ RunTime:0.0043s ]
SQL: SELECT * FROM `vue-serverproductdateattribute` WHERE `productID` = 1  [ RunTime:0.0004s ]

[ 2018-11-20T22:28:24+08:00 ] ::1 /nhkjw/index.php/Home/index/homeServerProduct
INFO: [ app_init ] --START--
INFO: Run Behavior\BuildLiteBehavior [ RunTime:0.000027s ]
INFO: [ app_init ] --END-- [ RunTime:0.001307s ]
INFO: [ app_begin ] --START--
INFO: Run Behavior\ReadHtmlCacheBehavior [ RunTime:0.000514s ]
INFO: [ app_begin ] --END-- [ RunTime:0.000577s ]
SQL: SHOW COLUMNS FROM `vue-serverproduct` [ RunTime:0.0246s ]
NOTIC: [2] Missing argument 1 for Think\Model::where(), called in J:\xampp\htdocs\NHKJW\Application\Home\Controller\IndexController.class.php on line 59 and defined J:\xampp\htdocs\NHKJW\ThinkPHP\Library\Think\Model.class.php 第 1797 行.
NOTIC: [8] Undefined variable: where J:\xampp\htdocs\NHKJW\ThinkPHP\Library\Think\Model.class.php 第 1805 行.
NOTIC: [8] Undefined variable: where J:\xampp\htdocs\NHKJW\ThinkPHP\Library\Think\Model.class.php 第 1808 行.
NOTIC: [8] Undefined variable: where J:\xampp\htdocs\NHKJW\ThinkPHP\Library\Think\Model.class.php 第 1816 行.
SQL: SELECT * FROM `vue-serverproduct`  [ RunTime:0.0021s ]

[ 2018-11-20T23:26:52+08:00 ] ::1 /nhkjw/index.php/Home/index/priducttowS
INFO: [ app_init ] --START--
INFO: Run Behavior\BuildLiteBehavior [ RunTime:0.000022s ]
INFO: [ app_init ] --END-- [ RunTime:0.001379s ]
INFO: [ app_begin ] --START--
INFO: Run Behavior\ReadHtmlCacheBehavior [ RunTime:0.001077s ]
INFO: [ app_begin ] --END-- [ RunTime:0.001155s ]
SQL: SHOW COLUMNS FROM `vue-producttwo` [ RunTime:0.0043s ]
SQL: SELECT * FROM `vue-producttwo` WHERE `productID` = '11'  [ RunTime:0.0024s ]
SQL: SHOW COLUMNS FROM `vue-serverproductdateattribute` [ RunTime:0.0047s ]
SQL: SELECT * FROM `vue-serverproductdateattribute` WHERE `productID` = 1  [ RunTime:0.0005s ]

[ 2018-11-20T23:26:55+08:00 ] ::1 /nhkjw/index.php/Home/index/homeServerProduct
INFO: [ app_init ] --START--
INFO: Run Behavior\BuildLiteBehavior [ RunTime:0.000023s ]
INFO: [ app_init ] --END-- [ RunTime:0.000783s ]
INFO: [ app_begin ] --START--
INFO: Run Behavior\ReadHtmlCacheBehavior [ RunTime:0.000618s ]
INFO: [ app_begin ] --END-- [ RunTime:0.000699s ]
SQL: SHOW COLUMNS FROM `vue-serverproduct` [ RunTime:0.0096s ]
NOTIC: [2] Missing argument 1 for Think\Model::where(), called in J:\xampp\htdocs\NHKJW\Application\Home\Controller\IndexController.class.php on line 59 and defined J:\xampp\htdocs\NHKJW\ThinkPHP\Library\Think\Model.class.php 第 1797 行.
NOTIC: [8] Undefined variable: where J:\xampp\htdocs\NHKJW\ThinkPHP\Library\Think\Model.class.php 第 1805 行.
NOTIC: [8] Undefined variable: where J:\xampp\htdocs\NHKJW\ThinkPHP\Library\Think\Model.class.php 第 1808 行.
NOTIC: [8] Undefined variable: where J:\xampp\htdocs\NHKJW\ThinkPHP\Library\Think\Model.class.php 第 1816 行.
SQL: SELECT * FROM `vue-serverproduct`  [ RunTime:0.0018s ]

[ 2018-11-20T23:27:04+08:00 ] ::1 /nhkjw/index.php/Home/index/priducttowS
INFO: [ app_init ] --START--
INFO: Run Behavior\BuildLiteBehavior [ RunTime:0.000045s ]
INFO: [ app_init ] --END-- [ RunTime:0.001028s ]
INFO: [ app_begin ] --START--
INFO: Run Behavior\ReadHtmlCacheBehavior [ RunTime:0.002522s ]
INFO: [ app_begin ] --END-- [ RunTime:0.002960s ]
SQL: SHOW COLUMNS FROM `vue-producttwo` [ RunTime:0.0043s ]
SQL: SELECT * FROM `vue-producttwo` WHERE `productID` = '17'  [ RunTime:0.0007s ]
SQL: SHOW COLUMNS FROM `vue-serverproductdateattribute` [ RunTime:0.0041s ]
SQL: SELECT * FROM `vue-serverproductdateattribute` WHERE `productID` = 1  [ RunTime:0.0003s ]

