[ 2018-11-18T14:34:28+08:00 ] ::1 /nhkjw/index.php/Home/index/homeServerProduct
INFO: [ app_init ] --START--
INFO: Run Behavior\BuildLiteBehavior [ RunTime:0.000028s ]
INFO: [ app_init ] --END-- [ RunTime:0.002268s ]
INFO: [ app_begin ] --START--
INFO: Run Behavior\ReadHtmlCacheBehavior [ RunTime:0.005592s ]
INFO: [ app_begin ] --END-- [ RunTime:0.005869s ]
SQL: SHOW COLUMNS FROM `vue-serverproduct` [ RunTime:0.0167s ]
NOTIC: [2] Missing argument 1 for Think\Model::where(), called in J:\xampp\htdocs\NHKJW\Application\Home\Controller\IndexController.class.php on line 59 and defined J:\xampp\htdocs\NHKJW\ThinkPHP\Library\Think\Model.class.php 第 1797 行.
NOTIC: [8] Undefined variable: where J:\xampp\htdocs\NHKJW\ThinkPHP\Library\Think\Model.class.php 第 1805 行.
NOTIC: [8] Undefined variable: where J:\xampp\htdocs\NHKJW\ThinkPHP\Library\Think\Model.class.php 第 1808 行.
NOTIC: [8] Undefined variable: where J:\xampp\htdocs\NHKJW\ThinkPHP\Library\Think\Model.class.php 第 1816 行.
SQL: SELECT * FROM `vue-serverproduct`  [ RunTime:0.0009s ]

[ 2018-11-18T15:10:53+08:00 ] ::1 /nhkjw/
INFO: [ app_init ] --START--
INFO: Run Behavior\BuildLiteBehavior [ RunTime:0.000025s ]
INFO: [ app_init ] --END-- [ RunTime:0.000600s ]
INFO: [ app_begin ] --START--
INFO: Run Behavior\ReadHtmlCacheBehavior [ RunTime:0.000739s ]
INFO: [ app_begin ] --END-- [ RunTime:0.000801s ]
INFO: [ view_parse ] --START--
INFO: [ template_filter ] --START--
INFO: Run Behavior\ContentReplaceBehavior [ RunTime:0.001604s ]
INFO: [ template_filter ] --END-- [ RunTime:0.001652s ]
INFO: Run Behavior\ParseTemplateBehavior [ RunTime:0.009888s ]
INFO: [ view_parse ] --END-- [ RunTime:0.010001s ]
INFO: [ view_filter ] --START--
INFO: Run Behavior\WriteHtmlCacheBehavior [ RunTime:0.000670s ]
INFO: [ view_filter ] --END-- [ RunTime:0.000716s ]
INFO: [ app_end ] --START--
INFO: Run Behavior\ShowPageTraceBehavior [ RunTime:0.000979s ]
INFO: [ app_end ] --END-- [ RunTime:0.001023s ]

[ 2018-11-18T15:10:54+08:00 ] ::1 /nhkjw/index.php/Home/index/add
INFO: [ app_init ] --START--
INFO: Run Behavior\BuildLiteBehavior [ RunTime:0.000012s ]
INFO: [ app_init ] --END-- [ RunTime:0.000346s ]
INFO: [ app_begin ] --START--
INFO: Run Behavior\ReadHtmlCacheBehavior [ RunTime:0.009109s ]
INFO: [ app_begin ] --END-- [ RunTime:0.009166s ]
SQL: SHOW COLUMNS FROM `vue-product` [ RunTime:0.0059s ]
NOTIC: [2] Missing argument 1 for Think\Model::where(), called in J:\xampp\htdocs\NHKJW\Application\Home\Controller\IndexController.class.php on line 99 and defined J:\xampp\htdocs\NHKJW\ThinkPHP\Library\Think\Model.class.php 第 1797 行.
NOTIC: [8] Undefined variable: where J:\xampp\htdocs\NHKJW\ThinkPHP\Library\Think\Model.class.php 第 1805 行.
NOTIC: [8] Undefined variable: where J:\xampp\htdocs\NHKJW\ThinkPHP\Library\Think\Model.class.php 第 1808 行.
NOTIC: [8] Undefined variable: where J:\xampp\htdocs\NHKJW\ThinkPHP\Library\Think\Model.class.php 第 1816 行.
SQL: SELECT * FROM `vue-product`  [ RunTime:0.0017s ]

[ 2018-11-18T15:17:41+08:00 ] ::1 /nhkjw/
INFO: [ app_init ] --START--
INFO: Run Behavior\BuildLiteBehavior [ RunTime:0.000010s ]
INFO: [ app_init ] --END-- [ RunTime:0.000393s ]
INFO: [ app_begin ] --START--
INFO: Run Behavior\ReadHtmlCacheBehavior [ RunTime:0.000659s ]
INFO: [ app_begin ] --END-- [ RunTime:0.000731s ]
INFO: [ view_parse ] --START--
INFO: [ template_filter ] --START--
INFO: Run Behavior\ContentReplaceBehavior [ RunTime:0.000043s ]
INFO: [ template_filter ] --END-- [ RunTime:0.000086s ]
INFO: Run Behavior\ParseTemplateBehavior [ RunTime:0.007035s ]
INFO: [ view_parse ] --END-- [ RunTime:0.007079s ]
INFO: [ view_filter ] --START--
INFO: Run Behavior\WriteHtmlCacheBehavior [ RunTime:0.000470s ]
INFO: [ view_filter ] --END-- [ RunTime:0.000499s ]
INFO: [ app_end ] --START--
INFO: Run Behavior\ShowPageTraceBehavior [ RunTime:0.001996s ]
INFO: [ app_end ] --END-- [ RunTime:0.002090s ]

[ 2018-11-18T15:17:41+08:00 ] ::1 /nhkjw/index.php/Home/index/add
INFO: [ app_init ] --START--
INFO: Run Behavior\BuildLiteBehavior [ RunTime:0.000009s ]
INFO: [ app_init ] --END-- [ RunTime:0.000289s ]
INFO: [ app_begin ] --START--
INFO: Run Behavior\ReadHtmlCacheBehavior [ RunTime:0.000358s ]
INFO: [ app_begin ] --END-- [ RunTime:0.000392s ]
SQL: SHOW COLUMNS FROM `vue-product` [ RunTime:0.0031s ]
NOTIC: [2] Missing argument 1 for Think\Model::where(), called in J:\xampp\htdocs\NHKJW\Application\Home\Controller\IndexController.class.php on line 99 and defined J:\xampp\htdocs\NHKJW\ThinkPHP\Library\Think\Model.class.php 第 1797 行.
NOTIC: [8] Undefined variable: where J:\xampp\htdocs\NHKJW\ThinkPHP\Library\Think\Model.class.php 第 1805 行.
NOTIC: [8] Undefined variable: where J:\xampp\htdocs\NHKJW\ThinkPHP\Library\Think\Model.class.php 第 1808 行.
NOTIC: [8] Undefined variable: where J:\xampp\htdocs\NHKJW\ThinkPHP\Library\Think\Model.class.php 第 1816 行.
SQL: SELECT * FROM `vue-product`  [ RunTime:0.0009s ]

[ 2018-11-18T15:20:15+08:00 ] ::1 /nhkjw/
INFO: [ app_init ] --START--
INFO: Run Behavior\BuildLiteBehavior [ RunTime:0.000012s ]
INFO: [ app_init ] --END-- [ RunTime:0.000426s ]
INFO: [ app_begin ] --START--
INFO: Run Behavior\ReadHtmlCacheBehavior [ RunTime:0.000551s ]
INFO: [ app_begin ] --END-- [ RunTime:0.000601s ]
INFO: [ view_parse ] --START--
INFO: [ template_filter ] --START--
INFO: Run Behavior\ContentReplaceBehavior [ RunTime:0.000056s ]
INFO: [ template_filter ] --END-- [ RunTime:0.000121s ]
INFO: Run Behavior\ParseTemplateBehavior [ RunTime:0.009857s ]
INFO: [ view_parse ] --END-- [ RunTime:0.009926s ]
INFO: [ view_filter ] --START--
INFO: Run Behavior\WriteHtmlCacheBehavior [ RunTime:0.000589s ]
INFO: [ view_filter ] --END-- [ RunTime:0.000644s ]
INFO: [ app_end ] --START--
INFO: Run Behavior\ShowPageTraceBehavior [ RunTime:0.000491s ]
INFO: [ app_end ] --END-- [ RunTime:0.000523s ]

[ 2018-11-18T15:20:15+08:00 ] ::1 /nhkjw/index.php/Home/index/add
INFO: [ app_init ] --START--
INFO: Run Behavior\BuildLiteBehavior [ RunTime:0.000012s ]
INFO: [ app_init ] --END-- [ RunTime:0.000294s ]
INFO: [ app_begin ] --START--
INFO: Run Behavior\ReadHtmlCacheBehavior [ RunTime:0.000367s ]
INFO: [ app_begin ] --END-- [ RunTime:0.000402s ]
SQL: SHOW COLUMNS FROM `vue-product` [ RunTime:0.0036s ]
NOTIC: [2] Missing argument 1 for Think\Model::where(), called in J:\xampp\htdocs\NHKJW\Application\Home\Controller\IndexController.class.php on line 99 and defined J:\xampp\htdocs\NHKJW\ThinkPHP\Library\Think\Model.class.php 第 1797 行.
NOTIC: [8] Undefined variable: where J:\xampp\htdocs\NHKJW\ThinkPHP\Library\Think\Model.class.php 第 1805 行.
NOTIC: [8] Undefined variable: where J:\xampp\htdocs\NHKJW\ThinkPHP\Library\Think\Model.class.php 第 1808 行.
NOTIC: [8] Undefined variable: where J:\xampp\htdocs\NHKJW\ThinkPHP\Library\Think\Model.class.php 第 1816 行.
SQL: SELECT * FROM `vue-product`  [ RunTime:0.0008s ]

[ 2018-11-18T15:48:55+08:00 ] ::1 /nhkjw/
INFO: [ app_init ] --START--
INFO: Run Behavior\BuildLiteBehavior [ RunTime:0.000035s ]
INFO: [ app_init ] --END-- [ RunTime:0.000782s ]
INFO: [ app_begin ] --START--
INFO: Run Behavior\ReadHtmlCacheBehavior [ RunTime:0.001370s ]
INFO: [ app_begin ] --END-- [ RunTime:0.001514s ]
INFO: [ view_parse ] --START--
INFO: [ template_filter ] --START--
INFO: Run Behavior\ContentReplaceBehavior [ RunTime:0.000054s ]
INFO: [ template_filter ] --END-- [ RunTime:0.000096s ]
INFO: Run Behavior\ParseTemplateBehavior [ RunTime:0.006255s ]
INFO: [ view_parse ] --END-- [ RunTime:0.006306s ]
INFO: [ view_filter ] --START--
INFO: Run Behavior\WriteHtmlCacheBehavior [ RunTime:0.000357s ]
INFO: [ view_filter ] --END-- [ RunTime:0.000400s ]
INFO: [ app_end ] --START--
INFO: Run Behavior\ShowPageTraceBehavior [ RunTime:0.000537s ]
INFO: [ app_end ] --END-- [ RunTime:0.000569s ]

[ 2018-11-18T15:48:55+08:00 ] ::1 /nhkjw/index.php/Home/index/add
INFO: [ app_init ] --START--
INFO: Run Behavior\BuildLiteBehavior [ RunTime:0.000010s ]
INFO: [ app_init ] --END-- [ RunTime:0.000269s ]
INFO: [ app_begin ] --START--
INFO: Run Behavior\ReadHtmlCacheBehavior [ RunTime:0.000335s ]
INFO: [ app_begin ] --END-- [ RunTime:0.000373s ]
SQL: SHOW COLUMNS FROM `vue-product` [ RunTime:0.0035s ]
NOTIC: [2] Missing argument 1 for Think\Model::where(), called in J:\xampp\htdocs\NHKJW\Application\Home\Controller\IndexController.class.php on line 99 and defined J:\xampp\htdocs\NHKJW\ThinkPHP\Library\Think\Model.class.php 第 1797 行.
NOTIC: [8] Undefined variable: where J:\xampp\htdocs\NHKJW\ThinkPHP\Library\Think\Model.class.php 第 1805 行.
NOTIC: [8] Undefined variable: where J:\xampp\htdocs\NHKJW\ThinkPHP\Library\Think\Model.class.php 第 1808 行.
NOTIC: [8] Undefined variable: where J:\xampp\htdocs\NHKJW\ThinkPHP\Library\Think\Model.class.php 第 1816 行.
SQL: SELECT * FROM `vue-product`  [ RunTime:0.0009s ]

[ 2018-11-18T15:49:30+08:00 ] ::1 /nhkjw/index.php/Home/index/add
INFO: [ app_init ] --START--
INFO: Run Behavior\BuildLiteBehavior [ RunTime:0.000011s ]
INFO: [ app_init ] --END-- [ RunTime:0.000428s ]
INFO: [ app_begin ] --START--
INFO: Run Behavior\ReadHtmlCacheBehavior [ RunTime:0.000526s ]
INFO: [ app_begin ] --END-- [ RunTime:0.000606s ]
SQL: SHOW COLUMNS FROM `vue-serverproduct` [ RunTime:0.0031s ]
SQL: INSERT INTO `vue-serverproduct` (`productID`,`productName`,`productIntroduction`,`Introduction`,`classification`) VALUES ('53','嗖嗖嗖','','','') [ RunTime:0.0025s ]
SQL: SHOW COLUMNS FROM `vue-product` [ RunTime:0.0029s ]
NOTIC: [2] Missing argument 1 for Think\Model::where(), called in J:\xampp\htdocs\NHKJW\Application\Home\Controller\IndexController.class.php on line 99 and defined J:\xampp\htdocs\NHKJW\ThinkPHP\Library\Think\Model.class.php 第 1797 行.
NOTIC: [8] Undefined variable: where J:\xampp\htdocs\NHKJW\ThinkPHP\Library\Think\Model.class.php 第 1805 行.
NOTIC: [8] Undefined variable: where J:\xampp\htdocs\NHKJW\ThinkPHP\Library\Think\Model.class.php 第 1808 行.
NOTIC: [8] Undefined variable: where J:\xampp\htdocs\NHKJW\ThinkPHP\Library\Think\Model.class.php 第 1816 行.
SQL: SELECT * FROM `vue-product`  [ RunTime:0.0007s ]

[ 2018-11-18T15:59:33+08:00 ] ::1 /nhkjw/index.php/Home/index/add
INFO: [ app_init ] --START--
INFO: Run Behavior\BuildLiteBehavior [ RunTime:0.000010s ]
INFO: [ app_init ] --END-- [ RunTime:0.000319s ]
INFO: [ app_begin ] --START--
INFO: Run Behavior\ReadHtmlCacheBehavior [ RunTime:0.000654s ]
INFO: [ app_begin ] --END-- [ RunTime:0.000694s ]
SQL: SHOW COLUMNS FROM `vue-serverproduct` [ RunTime:0.0027s ]
SQL: INSERT INTO `vue-serverproduct` (`productID`,`productName`,`productIntroduction`,`Introduction`,`classification`) VALUES ('53','嗖嗖嗖','','','') [ RunTime:0.0034s ]
SQL: SHOW COLUMNS FROM `vue-product` [ RunTime:0.0030s ]
NOTIC: [2] Missing argument 1 for Think\Model::where(), called in J:\xampp\htdocs\NHKJW\Application\Home\Controller\IndexController.class.php on line 99 and defined J:\xampp\htdocs\NHKJW\ThinkPHP\Library\Think\Model.class.php 第 1797 行.
NOTIC: [8] Undefined variable: where J:\xampp\htdocs\NHKJW\ThinkPHP\Library\Think\Model.class.php 第 1805 行.
NOTIC: [8] Undefined variable: where J:\xampp\htdocs\NHKJW\ThinkPHP\Library\Think\Model.class.php 第 1808 行.
NOTIC: [8] Undefined variable: where J:\xampp\htdocs\NHKJW\ThinkPHP\Library\Think\Model.class.php 第 1816 行.
SQL: SELECT * FROM `vue-product`  [ RunTime:0.0007s ]

[ 2018-11-18T15:59:34+08:00 ] ::1 /nhkjw/index.php/Home/index/add
INFO: [ app_init ] --START--
INFO: Run Behavior\BuildLiteBehavior [ RunTime:0.000009s ]
INFO: [ app_init ] --END-- [ RunTime:0.000271s ]
INFO: [ app_begin ] --START--
INFO: Run Behavior\ReadHtmlCacheBehavior [ RunTime:0.000352s ]
INFO: [ app_begin ] --END-- [ RunTime:0.000389s ]
SQL: SHOW COLUMNS FROM `vue-serverproduct` [ RunTime:0.0032s ]
ERR: 1062:Duplicate entry '53' for key 'productID'
 [ SQL语句 ] : INSERT INTO `vue-serverproduct` (`productID`,`productName`,`productIntroduction`,`Introduction`,`classification`) VALUES ('53','嗖嗖嗖','','','')
ERR: 1062:Duplicate entry '53' for key 'productID'
 [ SQL语句 ] : INSERT INTO `vue-serverproduct` (`productID`,`productName`,`productIntroduction`,`Introduction`,`classification`) VALUES ('53','嗖嗖嗖','','','')

[ 2018-11-18T15:59:34+08:00 ] ::1 /nhkjw/index.php/Home/index/add
INFO: [ app_init ] --START--
INFO: Run Behavior\BuildLiteBehavior [ RunTime:0.000010s ]
INFO: [ app_init ] --END-- [ RunTime:0.000291s ]
INFO: [ app_begin ] --START--
INFO: Run Behavior\ReadHtmlCacheBehavior [ RunTime:0.000370s ]
INFO: [ app_begin ] --END-- [ RunTime:0.000409s ]
SQL: SHOW COLUMNS FROM `vue-serverproduct` [ RunTime:0.0030s ]
ERR: 1062:Duplicate entry '53' for key 'productID'
 [ SQL语句 ] : INSERT INTO `vue-serverproduct` (`productID`,`productName`,`productIntroduction`,`Introduction`,`classification`) VALUES ('53','嗖嗖嗖','','','')
ERR: 1062:Duplicate entry '53' for key 'productID'
 [ SQL语句 ] : INSERT INTO `vue-serverproduct` (`productID`,`productName`,`productIntroduction`,`Introduction`,`classification`) VALUES ('53','嗖嗖嗖','','','')

[ 2018-11-18T15:59:35+08:00 ] ::1 /nhkjw/index.php/Home/index/add
INFO: [ app_init ] --START--
INFO: Run Behavior\BuildLiteBehavior [ RunTime:0.000018s ]
INFO: [ app_init ] --END-- [ RunTime:0.000445s ]
INFO: [ app_begin ] --START--
INFO: Run Behavior\ReadHtmlCacheBehavior [ RunTime:0.000356s ]
INFO: [ app_begin ] --END-- [ RunTime:0.000393s ]
SQL: SHOW COLUMNS FROM `vue-serverproduct` [ RunTime:0.0043s ]
ERR: 1062:Duplicate entry '53' for key 'productID'
 [ SQL语句 ] : INSERT INTO `vue-serverproduct` (`productID`,`productName`,`productIntroduction`,`Introduction`,`classification`) VALUES ('53','嗖嗖嗖','','','')
ERR: 1062:Duplicate entry '53' for key 'productID'
 [ SQL语句 ] : INSERT INTO `vue-serverproduct` (`productID`,`productName`,`productIntroduction`,`Introduction`,`classification`) VALUES ('53','嗖嗖嗖','','','')

[ 2018-11-18T16:00:36+08:00 ] ::1 /nhkjw/index.php/Home/index/add
INFO: [ app_init ] --START--
INFO: Run Behavior\BuildLiteBehavior [ RunTime:0.000009s ]
INFO: [ app_init ] --END-- [ RunTime:0.000260s ]
INFO: [ app_begin ] --START--
INFO: Run Behavior\ReadHtmlCacheBehavior [ RunTime:0.000331s ]
INFO: [ app_begin ] --END-- [ RunTime:0.000366s ]
SQL: SHOW COLUMNS FROM `vue-serverproduct` [ RunTime:0.0031s ]
SQL: INSERT INTO `vue-serverproduct` (`productID`,`productName`,`productIntroduction`,`Introduction`,`classification`) VALUES ('53','嗖嗖嗖','','','') [ RunTime:0.0047s ]
SQL: SHOW COLUMNS FROM `vue-serverproductattributes` [ RunTime:0.0035s ]
SQL: INSERT INTO `vue-serverproductattributes` (`productID`,`productAttributesID`,`productmodel`,`PRODUCTmodeltips`,`modelprice`,`productMirror`,`mirrortips`,`Clouddisk`,`cloudprice`) VALUES ('53','1','123','12321','31231','3123','123','12312','') [ RunTime:0.0030s ]
SQL: SHOW COLUMNS FROM `vue-product` [ RunTime:0.0048s ]
NOTIC: [2] Missing argument 1 for Think\Model::where(), called in J:\xampp\htdocs\NHKJW\Application\Home\Controller\IndexController.class.php on line 115 and defined J:\xampp\htdocs\NHKJW\ThinkPHP\Library\Think\Model.class.php 第 1797 行.
NOTIC: [8] Undefined variable: where J:\xampp\htdocs\NHKJW\ThinkPHP\Library\Think\Model.class.php 第 1805 行.
NOTIC: [8] Undefined variable: where J:\xampp\htdocs\NHKJW\ThinkPHP\Library\Think\Model.class.php 第 1808 行.
NOTIC: [8] Undefined variable: where J:\xampp\htdocs\NHKJW\ThinkPHP\Library\Think\Model.class.php 第 1816 行.
SQL: SELECT * FROM `vue-product`  [ RunTime:0.0007s ]

[ 2018-11-18T16:18:04+08:00 ] ::1 /nhkjw/index.php/Home/index/add
INFO: [ app_init ] --START--
INFO: Run Behavior\BuildLiteBehavior [ RunTime:0.000024s ]
INFO: [ app_init ] --END-- [ RunTime:0.000812s ]
INFO: [ app_begin ] --START--
INFO: Run Behavior\ReadHtmlCacheBehavior [ RunTime:0.000470s ]
INFO: [ app_begin ] --END-- [ RunTime:0.000508s ]
SQL: SHOW COLUMNS FROM `vue-serverproduct` [ RunTime:0.0045s ]
SQL: INSERT INTO `vue-serverproduct` (`productID`,`productName`,`productIntroduction`,`Introduction`,`classification`) VALUES ('53','嗖嗖嗖','','','') [ RunTime:0.0035s ]
NOTIC: [8] Undefined variable: Provider J:\xampp\htdocs\NHKJW\Application\Home\Controller\IndexController.class.php 第 114 行.
SQL: SHOW COLUMNS FROM `vue-product` [ RunTime:0.0031s ]
NOTIC: [2] Missing argument 1 for Think\Model::where(), called in J:\xampp\htdocs\NHKJW\Application\Home\Controller\IndexController.class.php on line 132 and defined J:\xampp\htdocs\NHKJW\ThinkPHP\Library\Think\Model.class.php 第 1797 行.
NOTIC: [8] Undefined variable: where J:\xampp\htdocs\NHKJW\ThinkPHP\Library\Think\Model.class.php 第 1805 行.
NOTIC: [8] Undefined variable: where J:\xampp\htdocs\NHKJW\ThinkPHP\Library\Think\Model.class.php 第 1808 行.
NOTIC: [8] Undefined variable: where J:\xampp\htdocs\NHKJW\ThinkPHP\Library\Think\Model.class.php 第 1816 行.
SQL: SELECT * FROM `vue-product`  [ RunTime:0.0009s ]

[ 2018-11-18T16:19:03+08:00 ] ::1 /nhkjw/index.php/Home/index/add
INFO: [ app_init ] --START--
INFO: Run Behavior\BuildLiteBehavior [ RunTime:0.000011s ]
INFO: [ app_init ] --END-- [ RunTime:0.000327s ]
INFO: [ app_begin ] --START--
INFO: Run Behavior\ReadHtmlCacheBehavior [ RunTime:0.000414s ]
INFO: [ app_begin ] --END-- [ RunTime:0.000459s ]
SQL: SHOW COLUMNS FROM `vue-serverproduct` [ RunTime:0.0035s ]
ERR: 1062:Duplicate entry '53' for key 'productID'
 [ SQL语句 ] : INSERT INTO `vue-serverproduct` (`productID`,`productName`,`productIntroduction`,`Introduction`,`classification`) VALUES ('53','嗖嗖嗖','','','')
ERR: 1062:Duplicate entry '53' for key 'productID'
 [ SQL语句 ] : INSERT INTO `vue-serverproduct` (`productID`,`productName`,`productIntroduction`,`Introduction`,`classification`) VALUES ('53','嗖嗖嗖','','','')

[ 2018-11-18T16:19:35+08:00 ] ::1 /nhkjw/index.php/Home/index/add
INFO: [ app_init ] --START--
INFO: Run Behavior\BuildLiteBehavior [ RunTime:0.000008s ]
INFO: [ app_init ] --END-- [ RunTime:0.000260s ]
INFO: [ app_begin ] --START--
INFO: Run Behavior\ReadHtmlCacheBehavior [ RunTime:0.000837s ]
INFO: [ app_begin ] --END-- [ RunTime:0.000893s ]
SQL: SHOW COLUMNS FROM `vue-serverproduct` [ RunTime:0.0030s ]
SQL: INSERT INTO `vue-serverproduct` (`productID`,`productName`,`productIntroduction`,`Introduction`,`classification`) VALUES ('53','嗖嗖嗖','','','') [ RunTime:0.0034s ]
NOTIC: [8] Undefined variable: Provider J:\xampp\htdocs\NHKJW\Application\Home\Controller\IndexController.class.php 第 114 行.
SQL: SHOW COLUMNS FROM `vue-product` [ RunTime:0.0027s ]
NOTIC: [2] Missing argument 1 for Think\Model::where(), called in J:\xampp\htdocs\NHKJW\Application\Home\Controller\IndexController.class.php on line 132 and defined J:\xampp\htdocs\NHKJW\ThinkPHP\Library\Think\Model.class.php 第 1797 行.
NOTIC: [8] Undefined variable: where J:\xampp\htdocs\NHKJW\ThinkPHP\Library\Think\Model.class.php 第 1805 行.
NOTIC: [8] Undefined variable: where J:\xampp\htdocs\NHKJW\ThinkPHP\Library\Think\Model.class.php 第 1808 行.
NOTIC: [8] Undefined variable: where J:\xampp\htdocs\NHKJW\ThinkPHP\Library\Think\Model.class.php 第 1816 行.
SQL: SELECT * FROM `vue-product`  [ RunTime:0.0007s ]

[ 2018-11-18T16:19:38+08:00 ] ::1 /nhkjw/index.php/Home/index/add
INFO: [ app_init ] --START--
INFO: Run Behavior\BuildLiteBehavior [ RunTime:0.000010s ]
INFO: [ app_init ] --END-- [ RunTime:0.000272s ]
INFO: [ app_begin ] --START--
INFO: Run Behavior\ReadHtmlCacheBehavior [ RunTime:0.000346s ]
INFO: [ app_begin ] --END-- [ RunTime:0.000383s ]
SQL: SHOW COLUMNS FROM `vue-serverproduct` [ RunTime:0.0031s ]
ERR: 1062:Duplicate entry '53' for key 'productID'
 [ SQL语句 ] : INSERT INTO `vue-serverproduct` (`productID`,`productName`,`productIntroduction`,`Introduction`,`classification`) VALUES ('53','嗖嗖嗖','','','')
ERR: 1062:Duplicate entry '53' for key 'productID'
 [ SQL语句 ] : INSERT INTO `vue-serverproduct` (`productID`,`productName`,`productIntroduction`,`Introduction`,`classification`) VALUES ('53','嗖嗖嗖','','','')

[ 2018-11-18T16:22:03+08:00 ] ::1 /nhkjw/index.php/Home/index/add
INFO: [ app_init ] --START--
INFO: Run Behavior\BuildLiteBehavior [ RunTime:0.000009s ]
INFO: [ app_init ] --END-- [ RunTime:0.000307s ]
INFO: [ app_begin ] --START--
INFO: Run Behavior\ReadHtmlCacheBehavior [ RunTime:0.000501s ]
INFO: [ app_begin ] --END-- [ RunTime:0.000558s ]
SQL: SHOW COLUMNS FROM `vue-serverproduct` [ RunTime:0.0033s ]
ERR: 1062:Duplicate entry '53' for key 'productID'
 [ SQL语句 ] : INSERT INTO `vue-serverproduct` (`productID`,`productName`,`productIntroduction`,`Introduction`,`classification`) VALUES ('53','嗖嗖嗖','','','')
ERR: 1062:Duplicate entry '53' for key 'productID'
 [ SQL语句 ] : INSERT INTO `vue-serverproduct` (`productID`,`productName`,`productIntroduction`,`Introduction`,`classification`) VALUES ('53','嗖嗖嗖','','','')

[ 2018-11-18T16:22:27+08:00 ] ::1 /nhkjw/index.php/Home/index/add
INFO: [ app_init ] --START--
INFO: Run Behavior\BuildLiteBehavior [ RunTime:0.000010s ]
INFO: [ app_init ] --END-- [ RunTime:0.000338s ]
INFO: [ app_begin ] --START--
INFO: Run Behavior\ReadHtmlCacheBehavior [ RunTime:0.000354s ]
INFO: [ app_begin ] --END-- [ RunTime:0.000410s ]
SQL: SHOW COLUMNS FROM `vue-serverproduct` [ RunTime:0.0028s ]
SQL: INSERT INTO `vue-serverproduct` (`productID`,`productName`,`productIntroduction`,`Introduction`,`classification`) VALUES ('53','嗖嗖嗖','','','') [ RunTime:0.0028s ]
NOTIC: [8] Undefined variable: Provider J:\xampp\htdocs\NHKJW\Application\Home\Controller\IndexController.class.php 第 114 行.
SQL: SHOW COLUMNS FROM `vue-product` [ RunTime:0.0038s ]
NOTIC: [2] Missing argument 1 for Think\Model::where(), called in J:\xampp\htdocs\NHKJW\Application\Home\Controller\IndexController.class.php on line 132 and defined J:\xampp\htdocs\NHKJW\ThinkPHP\Library\Think\Model.class.php 第 1797 行.
NOTIC: [8] Undefined variable: where J:\xampp\htdocs\NHKJW\ThinkPHP\Library\Think\Model.class.php 第 1805 行.
NOTIC: [8] Undefined variable: where J:\xampp\htdocs\NHKJW\ThinkPHP\Library\Think\Model.class.php 第 1808 行.
NOTIC: [8] Undefined variable: where J:\xampp\htdocs\NHKJW\ThinkPHP\Library\Think\Model.class.php 第 1816 行.
SQL: SELECT * FROM `vue-product`  [ RunTime:0.0007s ]

[ 2018-11-18T16:23:18+08:00 ] ::1 /nhkjw/index.php/Home/index/add
INFO: [ app_init ] --START--
INFO: Run Behavior\BuildLiteBehavior [ RunTime:0.000011s ]
INFO: [ app_init ] --END-- [ RunTime:0.000296s ]
INFO: [ app_begin ] --START--
INFO: Run Behavior\ReadHtmlCacheBehavior [ RunTime:0.000428s ]
INFO: [ app_begin ] --END-- [ RunTime:0.000469s ]
SQL: SHOW COLUMNS FROM `vue-serverproduct` [ RunTime:0.0028s ]
SQL: INSERT INTO `vue-serverproduct` (`productID`,`productName`,`productIntroduction`,`Introduction`,`classification`) VALUES ('53','嗖嗖嗖','','','') [ RunTime:0.0028s ]
NOTIC: [8] Undefined variable: Provider J:\xampp\htdocs\NHKJW\Application\Home\Controller\IndexController.class.php 第 114 行.
SQL: SHOW COLUMNS FROM `vue-product` [ RunTime:0.0027s ]
NOTIC: [2] Missing argument 1 for Think\Model::where(), called in J:\xampp\htdocs\NHKJW\Application\Home\Controller\IndexController.class.php on line 132 and defined J:\xampp\htdocs\NHKJW\ThinkPHP\Library\Think\Model.class.php 第 1797 行.
NOTIC: [8] Undefined variable: where J:\xampp\htdocs\NHKJW\ThinkPHP\Library\Think\Model.class.php 第 1805 行.
NOTIC: [8] Undefined variable: where J:\xampp\htdocs\NHKJW\ThinkPHP\Library\Think\Model.class.php 第 1808 行.
NOTIC: [8] Undefined variable: where J:\xampp\htdocs\NHKJW\ThinkPHP\Library\Think\Model.class.php 第 1816 行.
SQL: SELECT * FROM `vue-product`  [ RunTime:0.0007s ]

[ 2018-11-18T16:24:08+08:00 ] ::1 /nhkjw/index.php/Home/index/add
INFO: [ app_init ] --START--
INFO: Run Behavior\BuildLiteBehavior [ RunTime:0.000028s ]
INFO: [ app_init ] --END-- [ RunTime:0.000597s ]
INFO: [ app_begin ] --START--
INFO: Run Behavior\ReadHtmlCacheBehavior [ RunTime:0.000544s ]
INFO: [ app_begin ] --END-- [ RunTime:0.000589s ]
SQL: SHOW COLUMNS FROM `vue-serverproduct` [ RunTime:0.0043s ]
SQL: INSERT INTO `vue-serverproduct` (`productID`,`productName`,`productIntroduction`,`Introduction`,`classification`) VALUES ('53','嗖嗖嗖','','','') [ RunTime:0.0027s ]
NOTIC: [8] Undefined variable: Provider J:\xampp\htdocs\NHKJW\Application\Home\Controller\IndexController.class.php 第 114 行.
SQL: SHOW COLUMNS FROM `vue-product` [ RunTime:0.0027s ]
NOTIC: [2] Missing argument 1 for Think\Model::where(), called in J:\xampp\htdocs\NHKJW\Application\Home\Controller\IndexController.class.php on line 132 and defined J:\xampp\htdocs\NHKJW\ThinkPHP\Library\Think\Model.class.php 第 1797 行.
NOTIC: [8] Undefined variable: where J:\xampp\htdocs\NHKJW\ThinkPHP\Library\Think\Model.class.php 第 1805 行.
NOTIC: [8] Undefined variable: where J:\xampp\htdocs\NHKJW\ThinkPHP\Library\Think\Model.class.php 第 1808 行.
NOTIC: [8] Undefined variable: where J:\xampp\htdocs\NHKJW\ThinkPHP\Library\Think\Model.class.php 第 1816 行.
SQL: SELECT * FROM `vue-product`  [ RunTime:0.0007s ]

[ 2018-11-18T16:27:14+08:00 ] ::1 /nhkjw/
INFO: [ app_init ] --START--
INFO: Run Behavior\BuildLiteBehavior [ RunTime:0.000011s ]
INFO: [ app_init ] --END-- [ RunTime:0.000372s ]
INFO: [ app_begin ] --START--
INFO: Run Behavior\ReadHtmlCacheBehavior [ RunTime:0.000495s ]
INFO: [ app_begin ] --END-- [ RunTime:0.000537s ]
INFO: [ view_parse ] --START--
INFO: [ template_filter ] --START--
INFO: Run Behavior\ContentReplaceBehavior [ RunTime:0.000314s ]
INFO: [ template_filter ] --END-- [ RunTime:0.000637s ]
INFO: Run Behavior\ParseTemplateBehavior [ RunTime:0.009828s ]
INFO: [ view_parse ] --END-- [ RunTime:0.009909s ]
INFO: [ view_filter ] --START--
INFO: Run Behavior\WriteHtmlCacheBehavior [ RunTime:0.000337s ]
INFO: [ view_filter ] --END-- [ RunTime:0.000367s ]
INFO: [ app_end ] --START--
INFO: Run Behavior\ShowPageTraceBehavior [ RunTime:0.000456s ]
INFO: [ app_end ] --END-- [ RunTime:0.000487s ]

[ 2018-11-18T16:27:14+08:00 ] ::1 /nhkjw/index.php/Home/index/add
INFO: [ app_init ] --START--
INFO: Run Behavior\BuildLiteBehavior [ RunTime:0.000012s ]
INFO: [ app_init ] --END-- [ RunTime:0.000375s ]
INFO: [ app_begin ] --START--
INFO: Run Behavior\ReadHtmlCacheBehavior [ RunTime:0.000719s ]
INFO: [ app_begin ] --END-- [ RunTime:0.000836s ]
SQL: SHOW COLUMNS FROM `vue-product` [ RunTime:0.0068s ]
NOTIC: [2] Missing argument 1 for Think\Model::where(), called in J:\xampp\htdocs\NHKJW\Application\Home\Controller\IndexController.class.php on line 132 and defined J:\xampp\htdocs\NHKJW\ThinkPHP\Library\Think\Model.class.php 第 1797 行.
NOTIC: [8] Undefined variable: where J:\xampp\htdocs\NHKJW\ThinkPHP\Library\Think\Model.class.php 第 1805 行.
NOTIC: [8] Undefined variable: where J:\xampp\htdocs\NHKJW\ThinkPHP\Library\Think\Model.class.php 第 1808 行.
NOTIC: [8] Undefined variable: where J:\xampp\htdocs\NHKJW\ThinkPHP\Library\Think\Model.class.php 第 1816 行.
SQL: SELECT * FROM `vue-product`  [ RunTime:0.0007s ]

[ 2018-11-18T16:27:27+08:00 ] ::1 /nhkjw/index.php/Home/index/add
INFO: [ app_init ] --START--
INFO: Run Behavior\BuildLiteBehavior [ RunTime:0.000010s ]
INFO: [ app_init ] --END-- [ RunTime:0.000337s ]
INFO: [ app_begin ] --START--
INFO: Run Behavior\ReadHtmlCacheBehavior [ RunTime:0.000673s ]
INFO: [ app_begin ] --END-- [ RunTime:0.000798s ]
NOTIC: [8] Undefined variable: Provider J:\xampp\htdocs\NHKJW\Application\Home\Controller\IndexController.class.php 第 114 行.
SQL: SHOW COLUMNS FROM `vue-product` [ RunTime:0.0038s ]
NOTIC: [2] Missing argument 1 for Think\Model::where(), called in J:\xampp\htdocs\NHKJW\Application\Home\Controller\IndexController.class.php on line 132 and defined J:\xampp\htdocs\NHKJW\ThinkPHP\Library\Think\Model.class.php 第 1797 行.
NOTIC: [8] Undefined variable: where J:\xampp\htdocs\NHKJW\ThinkPHP\Library\Think\Model.class.php 第 1805 行.
NOTIC: [8] Undefined variable: where J:\xampp\htdocs\NHKJW\ThinkPHP\Library\Think\Model.class.php 第 1808 行.
NOTIC: [8] Undefined variable: where J:\xampp\htdocs\NHKJW\ThinkPHP\Library\Think\Model.class.php 第 1816 行.
SQL: SELECT * FROM `vue-product`  [ RunTime:0.0007s ]

[ 2018-11-18T16:27:40+08:00 ] ::1 /nhkjw/index.php/Home/index/add
INFO: [ app_init ] --START--
INFO: Run Behavior\BuildLiteBehavior [ RunTime:0.000010s ]
INFO: [ app_init ] --END-- [ RunTime:0.000283s ]
INFO: [ app_begin ] --START--
INFO: Run Behavior\ReadHtmlCacheBehavior [ RunTime:0.000654s ]
INFO: [ app_begin ] --END-- [ RunTime:0.000758s ]
NOTIC: [8] Undefined variable: Provider J:\xampp\htdocs\NHKJW\Application\Home\Controller\IndexController.class.php 第 114 行.
SQL: SHOW COLUMNS FROM `vue-product` [ RunTime:0.0075s ]
NOTIC: [2] Missing argument 1 for Think\Model::where(), called in J:\xampp\htdocs\NHKJW\Application\Home\Controller\IndexController.class.php on line 132 and defined J:\xampp\htdocs\NHKJW\ThinkPHP\Library\Think\Model.class.php 第 1797 行.
NOTIC: [8] Undefined variable: where J:\xampp\htdocs\NHKJW\ThinkPHP\Library\Think\Model.class.php 第 1805 行.
NOTIC: [8] Undefined variable: where J:\xampp\htdocs\NHKJW\ThinkPHP\Library\Think\Model.class.php 第 1808 行.
NOTIC: [8] Undefined variable: where J:\xampp\htdocs\NHKJW\ThinkPHP\Library\Think\Model.class.php 第 1816 行.
SQL: SELECT * FROM `vue-product`  [ RunTime:0.0007s ]

[ 2018-11-18T16:27:48+08:00 ] ::1 /nhkjw/index.php/Home/index/add
INFO: [ app_init ] --START--
INFO: Run Behavior\BuildLiteBehavior [ RunTime:0.000010s ]
INFO: [ app_init ] --END-- [ RunTime:0.000278s ]
INFO: [ app_begin ] --START--
INFO: Run Behavior\ReadHtmlCacheBehavior [ RunTime:0.000351s ]
INFO: [ app_begin ] --END-- [ RunTime:0.000389s ]
NOTIC: [8] Undefined variable: Provider J:\xampp\htdocs\NHKJW\Application\Home\Controller\IndexController.class.php 第 114 行.
SQL: SHOW COLUMNS FROM `vue-product` [ RunTime:0.0032s ]
NOTIC: [2] Missing argument 1 for Think\Model::where(), called in J:\xampp\htdocs\NHKJW\Application\Home\Controller\IndexController.class.php on line 132 and defined J:\xampp\htdocs\NHKJW\ThinkPHP\Library\Think\Model.class.php 第 1797 行.
NOTIC: [8] Undefined variable: where J:\xampp\htdocs\NHKJW\ThinkPHP\Library\Think\Model.class.php 第 1805 行.
NOTIC: [8] Undefined variable: where J:\xampp\htdocs\NHKJW\ThinkPHP\Library\Think\Model.class.php 第 1808 行.
NOTIC: [8] Undefined variable: where J:\xampp\htdocs\NHKJW\ThinkPHP\Library\Think\Model.class.php 第 1816 行.
SQL: SELECT * FROM `vue-product`  [ RunTime:0.0006s ]

[ 2018-11-18T16:27:48+08:00 ] ::1 /nhkjw/index.php/Home/index/add
INFO: [ app_init ] --START--
INFO: Run Behavior\BuildLiteBehavior [ RunTime:0.000012s ]
INFO: [ app_init ] --END-- [ RunTime:0.000352s ]
INFO: [ app_begin ] --START--
INFO: Run Behavior\ReadHtmlCacheBehavior [ RunTime:0.000454s ]
INFO: [ app_begin ] --END-- [ RunTime:0.000502s ]
NOTIC: [8] Undefined variable: Provider J:\xampp\htdocs\NHKJW\Application\Home\Controller\IndexController.class.php 第 114 行.
SQL: SHOW COLUMNS FROM `vue-product` [ RunTime:0.0031s ]
NOTIC: [2] Missing argument 1 for Think\Model::where(), called in J:\xampp\htdocs\NHKJW\Application\Home\Controller\IndexController.class.php on line 132 and defined J:\xampp\htdocs\NHKJW\ThinkPHP\Library\Think\Model.class.php 第 1797 行.
NOTIC: [8] Undefined variable: where J:\xampp\htdocs\NHKJW\ThinkPHP\Library\Think\Model.class.php 第 1805 行.
NOTIC: [8] Undefined variable: where J:\xampp\htdocs\NHKJW\ThinkPHP\Library\Think\Model.class.php 第 1808 行.
NOTIC: [8] Undefined variable: where J:\xampp\htdocs\NHKJW\ThinkPHP\Library\Think\Model.class.php 第 1816 行.
SQL: SELECT * FROM `vue-product`  [ RunTime:0.0008s ]

[ 2018-11-18T16:27:48+08:00 ] ::1 /nhkjw/index.php/Home/index/add
INFO: [ app_init ] --START--
INFO: Run Behavior\BuildLiteBehavior [ RunTime:0.000011s ]
INFO: [ app_init ] --END-- [ RunTime:0.000357s ]
INFO: [ app_begin ] --START--
INFO: Run Behavior\ReadHtmlCacheBehavior [ RunTime:0.000450s ]
INFO: [ app_begin ] --END-- [ RunTime:0.000498s ]
NOTIC: [8] Undefined variable: Provider J:\xampp\htdocs\NHKJW\Application\Home\Controller\IndexController.class.php 第 114 行.
SQL: SHOW COLUMNS FROM `vue-product` [ RunTime:0.0030s ]
NOTIC: [2] Missing argument 1 for Think\Model::where(), called in J:\xampp\htdocs\NHKJW\Application\Home\Controller\IndexController.class.php on line 132 and defined J:\xampp\htdocs\NHKJW\ThinkPHP\Library\Think\Model.class.php 第 1797 行.
NOTIC: [8] Undefined variable: where J:\xampp\htdocs\NHKJW\ThinkPHP\Library\Think\Model.class.php 第 1805 行.
NOTIC: [8] Undefined variable: where J:\xampp\htdocs\NHKJW\ThinkPHP\Library\Think\Model.class.php 第 1808 行.
NOTIC: [8] Undefined variable: where J:\xampp\htdocs\NHKJW\ThinkPHP\Library\Think\Model.class.php 第 1816 行.
SQL: SELECT * FROM `vue-product`  [ RunTime:0.0007s ]

[ 2018-11-18T16:27:48+08:00 ] ::1 /nhkjw/index.php/Home/index/add
INFO: [ app_init ] --START--
INFO: Run Behavior\BuildLiteBehavior [ RunTime:0.000021s ]
INFO: [ app_init ] --END-- [ RunTime:0.000587s ]
INFO: [ app_begin ] --START--
INFO: Run Behavior\ReadHtmlCacheBehavior [ RunTime:0.000369s ]
INFO: [ app_begin ] --END-- [ RunTime:0.000411s ]
NOTIC: [8] Undefined variable: Provider J:\xampp\htdocs\NHKJW\Application\Home\Controller\IndexController.class.php 第 114 行.
SQL: SHOW COLUMNS FROM `vue-product` [ RunTime:0.0029s ]
NOTIC: [2] Missing argument 1 for Think\Model::where(), called in J:\xampp\htdocs\NHKJW\Application\Home\Controller\IndexController.class.php on line 132 and defined J:\xampp\htdocs\NHKJW\ThinkPHP\Library\Think\Model.class.php 第 1797 行.
NOTIC: [8] Undefined variable: where J:\xampp\htdocs\NHKJW\ThinkPHP\Library\Think\Model.class.php 第 1805 行.
NOTIC: [8] Undefined variable: where J:\xampp\htdocs\NHKJW\ThinkPHP\Library\Think\Model.class.php 第 1808 行.
NOTIC: [8] Undefined variable: where J:\xampp\htdocs\NHKJW\ThinkPHP\Library\Think\Model.class.php 第 1816 行.
SQL: SELECT * FROM `vue-product`  [ RunTime:0.0007s ]

[ 2018-11-18T16:27:48+08:00 ] ::1 /nhkjw/index.php/Home/index/add
INFO: [ app_init ] --START--
INFO: Run Behavior\BuildLiteBehavior [ RunTime:0.000009s ]
INFO: [ app_init ] --END-- [ RunTime:0.000270s ]
INFO: [ app_begin ] --START--
INFO: Run Behavior\ReadHtmlCacheBehavior [ RunTime:0.000389s ]
INFO: [ app_begin ] --END-- [ RunTime:0.000446s ]
NOTIC: [8] Undefined variable: Provider J:\xampp\htdocs\NHKJW\Application\Home\Controller\IndexController.class.php 第 114 行.
SQL: SHOW COLUMNS FROM `vue-product` [ RunTime:0.0029s ]
NOTIC: [2] Missing argument 1 for Think\Model::where(), called in J:\xampp\htdocs\NHKJW\Application\Home\Controller\IndexController.class.php on line 132 and defined J:\xampp\htdocs\NHKJW\ThinkPHP\Library\Think\Model.class.php 第 1797 行.
NOTIC: [8] Undefined variable: where J:\xampp\htdocs\NHKJW\ThinkPHP\Library\Think\Model.class.php 第 1805 行.
NOTIC: [8] Undefined variable: where J:\xampp\htdocs\NHKJW\ThinkPHP\Library\Think\Model.class.php 第 1808 行.
NOTIC: [8] Undefined variable: where J:\xampp\htdocs\NHKJW\ThinkPHP\Library\Think\Model.class.php 第 1816 行.
SQL: SELECT * FROM `vue-product`  [ RunTime:0.0007s ]

[ 2018-11-18T16:27:48+08:00 ] ::1 /nhkjw/index.php/Home/index/add
INFO: [ app_init ] --START--
INFO: Run Behavior\BuildLiteBehavior [ RunTime:0.000011s ]
INFO: [ app_init ] --END-- [ RunTime:0.000353s ]
INFO: [ app_begin ] --START--
INFO: Run Behavior\ReadHtmlCacheBehavior [ RunTime:0.000452s ]
INFO: [ app_begin ] --END-- [ RunTime:0.000500s ]
NOTIC: [8] Undefined variable: Provider J:\xampp\htdocs\NHKJW\Application\Home\Controller\IndexController.class.php 第 114 行.
SQL: SHOW COLUMNS FROM `vue-product` [ RunTime:0.0029s ]
NOTIC: [2] Missing argument 1 for Think\Model::where(), called in J:\xampp\htdocs\NHKJW\Application\Home\Controller\IndexController.class.php on line 132 and defined J:\xampp\htdocs\NHKJW\ThinkPHP\Library\Think\Model.class.php 第 1797 行.
NOTIC: [8] Undefined variable: where J:\xampp\htdocs\NHKJW\ThinkPHP\Library\Think\Model.class.php 第 1805 行.
NOTIC: [8] Undefined variable: where J:\xampp\htdocs\NHKJW\ThinkPHP\Library\Think\Model.class.php 第 1808 行.
NOTIC: [8] Undefined variable: where J:\xampp\htdocs\NHKJW\ThinkPHP\Library\Think\Model.class.php 第 1816 行.
SQL: SELECT * FROM `vue-product`  [ RunTime:0.0006s ]

[ 2018-11-18T16:27:49+08:00 ] ::1 /nhkjw/index.php/Home/index/add
INFO: [ app_init ] --START--
INFO: Run Behavior\BuildLiteBehavior [ RunTime:0.000010s ]
INFO: [ app_init ] --END-- [ RunTime:0.000274s ]
INFO: [ app_begin ] --START--
INFO: Run Behavior\ReadHtmlCacheBehavior [ RunTime:0.000344s ]
INFO: [ app_begin ] --END-- [ RunTime:0.000382s ]
NOTIC: [8] Undefined variable: Provider J:\xampp\htdocs\NHKJW\Application\Home\Controller\IndexController.class.php 第 114 行.
SQL: SHOW COLUMNS FROM `vue-product` [ RunTime:0.0031s ]
NOTIC: [2] Missing argument 1 for Think\Model::where(), called in J:\xampp\htdocs\NHKJW\Application\Home\Controller\IndexController.class.php on line 132 and defined J:\xampp\htdocs\NHKJW\ThinkPHP\Library\Think\Model.class.php 第 1797 行.
NOTIC: [8] Undefined variable: where J:\xampp\htdocs\NHKJW\ThinkPHP\Library\Think\Model.class.php 第 1805 行.
NOTIC: [8] Undefined variable: where J:\xampp\htdocs\NHKJW\ThinkPHP\Library\Think\Model.class.php 第 1808 行.
NOTIC: [8] Undefined variable: where J:\xampp\htdocs\NHKJW\ThinkPHP\Library\Think\Model.class.php 第 1816 行.
SQL: SELECT * FROM `vue-product`  [ RunTime:0.0007s ]

[ 2018-11-18T16:27:49+08:00 ] ::1 /nhkjw/index.php/Home/index/add
INFO: [ app_init ] --START--
INFO: Run Behavior\BuildLiteBehavior [ RunTime:0.000010s ]
INFO: [ app_init ] --END-- [ RunTime:0.000277s ]
INFO: [ app_begin ] --START--
INFO: Run Behavior\ReadHtmlCacheBehavior [ RunTime:0.000347s ]
INFO: [ app_begin ] --END-- [ RunTime:0.000384s ]
NOTIC: [8] Undefined variable: Provider J:\xampp\htdocs\NHKJW\Application\Home\Controller\IndexController.class.php 第 114 行.
SQL: SHOW COLUMNS FROM `vue-product` [ RunTime:0.0031s ]
NOTIC: [2] Missing argument 1 for Think\Model::where(), called in J:\xampp\htdocs\NHKJW\Application\Home\Controller\IndexController.class.php on line 132 and defined J:\xampp\htdocs\NHKJW\ThinkPHP\Library\Think\Model.class.php 第 1797 行.
NOTIC: [8] Undefined variable: where J:\xampp\htdocs\NHKJW\ThinkPHP\Library\Think\Model.class.php 第 1805 行.
NOTIC: [8] Undefined variable: where J:\xampp\htdocs\NHKJW\ThinkPHP\Library\Think\Model.class.php 第 1808 行.
NOTIC: [8] Undefined variable: where J:\xampp\htdocs\NHKJW\ThinkPHP\Library\Think\Model.class.php 第 1816 行.
SQL: SELECT * FROM `vue-product`  [ RunTime:0.0009s ]

[ 2018-11-18T16:27:49+08:00 ] ::1 /nhkjw/index.php/Home/index/add
INFO: [ app_init ] --START--
INFO: Run Behavior\BuildLiteBehavior [ RunTime:0.000009s ]
INFO: [ app_init ] --END-- [ RunTime:0.000267s ]
INFO: [ app_begin ] --START--
INFO: Run Behavior\ReadHtmlCacheBehavior [ RunTime:0.000343s ]
INFO: [ app_begin ] --END-- [ RunTime:0.000379s ]
NOTIC: [8] Undefined variable: Provider J:\xampp\htdocs\NHKJW\Application\Home\Controller\IndexController.class.php 第 114 行.
SQL: SHOW COLUMNS FROM `vue-product` [ RunTime:0.0041s ]
NOTIC: [2] Missing argument 1 for Think\Model::where(), called in J:\xampp\htdocs\NHKJW\Application\Home\Controller\IndexController.class.php on line 132 and defined J:\xampp\htdocs\NHKJW\ThinkPHP\Library\Think\Model.class.php 第 1797 行.
NOTIC: [8] Undefined variable: where J:\xampp\htdocs\NHKJW\ThinkPHP\Library\Think\Model.class.php 第 1805 行.
NOTIC: [8] Undefined variable: where J:\xampp\htdocs\NHKJW\ThinkPHP\Library\Think\Model.class.php 第 1808 行.
NOTIC: [8] Undefined variable: where J:\xampp\htdocs\NHKJW\ThinkPHP\Library\Think\Model.class.php 第 1816 行.
SQL: SELECT * FROM `vue-product`  [ RunTime:0.0008s ]

[ 2018-11-18T16:27:49+08:00 ] ::1 /nhkjw/index.php/Home/index/add
INFO: [ app_init ] --START--
INFO: Run Behavior\BuildLiteBehavior [ RunTime:0.000012s ]
INFO: [ app_init ] --END-- [ RunTime:0.000357s ]
INFO: [ app_begin ] --START--
INFO: Run Behavior\ReadHtmlCacheBehavior [ RunTime:0.000454s ]
INFO: [ app_begin ] --END-- [ RunTime:0.000501s ]
NOTIC: [8] Undefined variable: Provider J:\xampp\htdocs\NHKJW\Application\Home\Controller\IndexController.class.php 第 114 行.
SQL: SHOW COLUMNS FROM `vue-product` [ RunTime:0.0034s ]
NOTIC: [2] Missing argument 1 for Think\Model::where(), called in J:\xampp\htdocs\NHKJW\Application\Home\Controller\IndexController.class.php on line 132 and defined J:\xampp\htdocs\NHKJW\ThinkPHP\Library\Think\Model.class.php 第 1797 行.
NOTIC: [8] Undefined variable: where J:\xampp\htdocs\NHKJW\ThinkPHP\Library\Think\Model.class.php 第 1805 行.
NOTIC: [8] Undefined variable: where J:\xampp\htdocs\NHKJW\ThinkPHP\Library\Think\Model.class.php 第 1808 行.
NOTIC: [8] Undefined variable: where J:\xampp\htdocs\NHKJW\ThinkPHP\Library\Think\Model.class.php 第 1816 行.
SQL: SELECT * FROM `vue-product`  [ RunTime:0.0009s ]

[ 2018-11-18T16:27:49+08:00 ] ::1 /nhkjw/index.php/Home/index/add
INFO: [ app_init ] --START--
INFO: Run Behavior\BuildLiteBehavior [ RunTime:0.000009s ]
INFO: [ app_init ] --END-- [ RunTime:0.000315s ]
INFO: [ app_begin ] --START--
INFO: Run Behavior\ReadHtmlCacheBehavior [ RunTime:0.000383s ]
INFO: [ app_begin ] --END-- [ RunTime:0.000420s ]
NOTIC: [8] Undefined variable: Provider J:\xampp\htdocs\NHKJW\Application\Home\Controller\IndexController.class.php 第 114 行.
SQL: SHOW COLUMNS FROM `vue-product` [ RunTime:0.0033s ]
NOTIC: [2] Missing argument 1 for Think\Model::where(), called in J:\xampp\htdocs\NHKJW\Application\Home\Controller\IndexController.class.php on line 132 and defined J:\xampp\htdocs\NHKJW\ThinkPHP\Library\Think\Model.class.php 第 1797 行.
NOTIC: [8] Undefined variable: where J:\xampp\htdocs\NHKJW\ThinkPHP\Library\Think\Model.class.php 第 1805 行.
NOTIC: [8] Undefined variable: where J:\xampp\htdocs\NHKJW\ThinkPHP\Library\Think\Model.class.php 第 1808 行.
NOTIC: [8] Undefined variable: where J:\xampp\htdocs\NHKJW\ThinkPHP\Library\Think\Model.class.php 第 1816 行.
SQL: SELECT * FROM `vue-product`  [ RunTime:0.0007s ]

[ 2018-11-18T16:27:49+08:00 ] ::1 /nhkjw/index.php/Home/index/add
INFO: [ app_init ] --START--
INFO: Run Behavior\BuildLiteBehavior [ RunTime:0.000016s ]
INFO: [ app_init ] --END-- [ RunTime:0.000361s ]
INFO: [ app_begin ] --START--
INFO: Run Behavior\ReadHtmlCacheBehavior [ RunTime:0.000455s ]
INFO: [ app_begin ] --END-- [ RunTime:0.000503s ]
NOTIC: [8] Undefined variable: Provider J:\xampp\htdocs\NHKJW\Application\Home\Controller\IndexController.class.php 第 114 行.
SQL: SHOW COLUMNS FROM `vue-product` [ RunTime:0.0030s ]
NOTIC: [2] Missing argument 1 for Think\Model::where(), called in J:\xampp\htdocs\NHKJW\Application\Home\Controller\IndexController.class.php on line 132 and defined J:\xampp\htdocs\NHKJW\ThinkPHP\Library\Think\Model.class.php 第 1797 行.
NOTIC: [8] Undefined variable: where J:\xampp\htdocs\NHKJW\ThinkPHP\Library\Think\Model.class.php 第 1805 行.
NOTIC: [8] Undefined variable: where J:\xampp\htdocs\NHKJW\ThinkPHP\Library\Think\Model.class.php 第 1808 行.
NOTIC: [8] Undefined variable: where J:\xampp\htdocs\NHKJW\ThinkPHP\Library\Think\Model.class.php 第 1816 行.
SQL: SELECT * FROM `vue-product`  [ RunTime:0.0007s ]

[ 2018-11-18T16:27:50+08:00 ] ::1 /nhkjw/index.php/Home/index/add
INFO: [ app_init ] --START--
INFO: Run Behavior\BuildLiteBehavior [ RunTime:0.000013s ]
INFO: [ app_init ] --END-- [ RunTime:0.000356s ]
INFO: [ app_begin ] --START--
INFO: Run Behavior\ReadHtmlCacheBehavior [ RunTime:0.000461s ]
INFO: [ app_begin ] --END-- [ RunTime:0.000509s ]
NOTIC: [8] Undefined variable: Provider J:\xampp\htdocs\NHKJW\Application\Home\Controller\IndexController.class.php 第 114 行.
SQL: SHOW COLUMNS FROM `vue-product` [ RunTime:0.0037s ]
NOTIC: [2] Missing argument 1 for Think\Model::where(), called in J:\xampp\htdocs\NHKJW\Application\Home\Controller\IndexController.class.php on line 132 and defined J:\xampp\htdocs\NHKJW\ThinkPHP\Library\Think\Model.class.php 第 1797 行.
NOTIC: [8] Undefined variable: where J:\xampp\htdocs\NHKJW\ThinkPHP\Library\Think\Model.class.php 第 1805 行.
NOTIC: [8] Undefined variable: where J:\xampp\htdocs\NHKJW\ThinkPHP\Library\Think\Model.class.php 第 1808 行.
NOTIC: [8] Undefined variable: where J:\xampp\htdocs\NHKJW\ThinkPHP\Library\Think\Model.class.php 第 1816 行.
SQL: SELECT * FROM `vue-product`  [ RunTime:0.0007s ]

[ 2018-11-18T16:27:50+08:00 ] ::1 /nhkjw/index.php/Home/index/add
INFO: [ app_init ] --START--
INFO: Run Behavior\BuildLiteBehavior [ RunTime:0.000009s ]
INFO: [ app_init ] --END-- [ RunTime:0.000270s ]
INFO: [ app_begin ] --START--
INFO: Run Behavior\ReadHtmlCacheBehavior [ RunTime:0.000343s ]
INFO: [ app_begin ] --END-- [ RunTime:0.000379s ]
NOTIC: [8] Undefined variable: Provider J:\xampp\htdocs\NHKJW\Application\Home\Controller\IndexController.class.php 第 114 行.
SQL: SHOW COLUMNS FROM `vue-product` [ RunTime:0.0034s ]
NOTIC: [2] Missing argument 1 for Think\Model::where(), called in J:\xampp\htdocs\NHKJW\Application\Home\Controller\IndexController.class.php on line 132 and defined J:\xampp\htdocs\NHKJW\ThinkPHP\Library\Think\Model.class.php 第 1797 行.
NOTIC: [8] Undefined variable: where J:\xampp\htdocs\NHKJW\ThinkPHP\Library\Think\Model.class.php 第 1805 行.
NOTIC: [8] Undefined variable: where J:\xampp\htdocs\NHKJW\ThinkPHP\Library\Think\Model.class.php 第 1808 行.
NOTIC: [8] Undefined variable: where J:\xampp\htdocs\NHKJW\ThinkPHP\Library\Think\Model.class.php 第 1816 行.
SQL: SELECT * FROM `vue-product`  [ RunTime:0.0008s ]

[ 2018-11-18T16:27:50+08:00 ] ::1 /nhkjw/index.php/Home/index/add
INFO: [ app_init ] --START--
INFO: Run Behavior\BuildLiteBehavior [ RunTime:0.000033s ]
INFO: [ app_init ] --END-- [ RunTime:0.000326s ]
INFO: [ app_begin ] --START--
INFO: Run Behavior\ReadHtmlCacheBehavior [ RunTime:0.000332s ]
INFO: [ app_begin ] --END-- [ RunTime:0.000367s ]
NOTIC: [8] Undefined variable: Provider J:\xampp\htdocs\NHKJW\Application\Home\Controller\IndexController.class.php 第 114 行.
SQL: SHOW COLUMNS FROM `vue-product` [ RunTime:0.0030s ]
NOTIC: [2] Missing argument 1 for Think\Model::where(), called in J:\xampp\htdocs\NHKJW\Application\Home\Controller\IndexController.class.php on line 132 and defined J:\xampp\htdocs\NHKJW\ThinkPHP\Library\Think\Model.class.php 第 1797 行.
NOTIC: [8] Undefined variable: where J:\xampp\htdocs\NHKJW\ThinkPHP\Library\Think\Model.class.php 第 1805 行.
NOTIC: [8] Undefined variable: where J:\xampp\htdocs\NHKJW\ThinkPHP\Library\Think\Model.class.php 第 1808 行.
NOTIC: [8] Undefined variable: where J:\xampp\htdocs\NHKJW\ThinkPHP\Library\Think\Model.class.php 第 1816 行.
SQL: SELECT * FROM `vue-product`  [ RunTime:0.0007s ]

[ 2018-11-18T16:27:50+08:00 ] ::1 /nhkjw/index.php/Home/index/add
INFO: [ app_init ] --START--
INFO: Run Behavior\BuildLiteBehavior [ RunTime:0.000009s ]
INFO: [ app_init ] --END-- [ RunTime:0.000263s ]
INFO: [ app_begin ] --START--
INFO: Run Behavior\ReadHtmlCacheBehavior [ RunTime:0.000383s ]
INFO: [ app_begin ] --END-- [ RunTime:0.000426s ]
NOTIC: [8] Undefined variable: Provider J:\xampp\htdocs\NHKJW\Application\Home\Controller\IndexController.class.php 第 114 行.
SQL: SHOW COLUMNS FROM `vue-product` [ RunTime:0.0030s ]
NOTIC: [2] Missing argument 1 for Think\Model::where(), called in J:\xampp\htdocs\NHKJW\Application\Home\Controller\IndexController.class.php on line 132 and defined J:\xampp\htdocs\NHKJW\ThinkPHP\Library\Think\Model.class.php 第 1797 行.
NOTIC: [8] Undefined variable: where J:\xampp\htdocs\NHKJW\ThinkPHP\Library\Think\Model.class.php 第 1805 行.
NOTIC: [8] Undefined variable: where J:\xampp\htdocs\NHKJW\ThinkPHP\Library\Think\Model.class.php 第 1808 行.
NOTIC: [8] Undefined variable: where J:\xampp\htdocs\NHKJW\ThinkPHP\Library\Think\Model.class.php 第 1816 行.
SQL: SELECT * FROM `vue-product`  [ RunTime:0.0007s ]

[ 2018-11-18T16:27:50+08:00 ] ::1 /nhkjw/index.php/Home/index/add
INFO: [ app_init ] --START--
INFO: Run Behavior\BuildLiteBehavior [ RunTime:0.000009s ]
INFO: [ app_init ] --END-- [ RunTime:0.000319s ]
INFO: [ app_begin ] --START--
INFO: Run Behavior\ReadHtmlCacheBehavior [ RunTime:0.000403s ]
INFO: [ app_begin ] --END-- [ RunTime:0.000459s ]
NOTIC: [8] Undefined variable: Provider J:\xampp\htdocs\NHKJW\Application\Home\Controller\IndexController.class.php 第 114 行.
SQL: SHOW COLUMNS FROM `vue-product` [ RunTime:0.0031s ]
NOTIC: [2] Missing argument 1 for Think\Model::where(), called in J:\xampp\htdocs\NHKJW\Application\Home\Controller\IndexController.class.php on line 132 and defined J:\xampp\htdocs\NHKJW\ThinkPHP\Library\Think\Model.class.php 第 1797 行.
NOTIC: [8] Undefined variable: where J:\xampp\htdocs\NHKJW\ThinkPHP\Library\Think\Model.class.php 第 1805 行.
NOTIC: [8] Undefined variable: where J:\xampp\htdocs\NHKJW\ThinkPHP\Library\Think\Model.class.php 第 1808 行.
NOTIC: [8] Undefined variable: where J:\xampp\htdocs\NHKJW\ThinkPHP\Library\Think\Model.class.php 第 1816 行.
SQL: SELECT * FROM `vue-product`  [ RunTime:0.0007s ]

[ 2018-11-18T16:27:50+08:00 ] ::1 /nhkjw/index.php/Home/index/add
INFO: [ app_init ] --START--
INFO: Run Behavior\BuildLiteBehavior [ RunTime:0.000010s ]
INFO: [ app_init ] --END-- [ RunTime:0.000275s ]
INFO: [ app_begin ] --START--
INFO: Run Behavior\ReadHtmlCacheBehavior [ RunTime:0.000346s ]
INFO: [ app_begin ] --END-- [ RunTime:0.000384s ]
NOTIC: [8] Undefined variable: Provider J:\xampp\htdocs\NHKJW\Application\Home\Controller\IndexController.class.php 第 114 行.
SQL: SHOW COLUMNS FROM `vue-product` [ RunTime:0.0028s ]
NOTIC: [2] Missing argument 1 for Think\Model::where(), called in J:\xampp\htdocs\NHKJW\Application\Home\Controller\IndexController.class.php on line 132 and defined J:\xampp\htdocs\NHKJW\ThinkPHP\Library\Think\Model.class.php 第 1797 行.
NOTIC: [8] Undefined variable: where J:\xampp\htdocs\NHKJW\ThinkPHP\Library\Think\Model.class.php 第 1805 行.
NOTIC: [8] Undefined variable: where J:\xampp\htdocs\NHKJW\ThinkPHP\Library\Think\Model.class.php 第 1808 行.
NOTIC: [8] Undefined variable: where J:\xampp\htdocs\NHKJW\ThinkPHP\Library\Think\Model.class.php 第 1816 行.
SQL: SELECT * FROM `vue-product`  [ RunTime:0.0007s ]

[ 2018-11-18T16:27:51+08:00 ] ::1 /nhkjw/index.php/Home/index/add
INFO: [ app_init ] --START--
INFO: Run Behavior\BuildLiteBehavior [ RunTime:0.000012s ]
INFO: [ app_init ] --END-- [ RunTime:0.000353s ]
INFO: [ app_begin ] --START--
INFO: Run Behavior\ReadHtmlCacheBehavior [ RunTime:0.000450s ]
INFO: [ app_begin ] --END-- [ RunTime:0.000498s ]
NOTIC: [8] Undefined variable: Provider J:\xampp\htdocs\NHKJW\Application\Home\Controller\IndexController.class.php 第 114 行.
SQL: SHOW COLUMNS FROM `vue-product` [ RunTime:0.0036s ]
NOTIC: [2] Missing argument 1 for Think\Model::where(), called in J:\xampp\htdocs\NHKJW\Application\Home\Controller\IndexController.class.php on line 132 and defined J:\xampp\htdocs\NHKJW\ThinkPHP\Library\Think\Model.class.php 第 1797 行.
NOTIC: [8] Undefined variable: where J:\xampp\htdocs\NHKJW\ThinkPHP\Library\Think\Model.class.php 第 1805 行.
NOTIC: [8] Undefined variable: where J:\xampp\htdocs\NHKJW\ThinkPHP\Library\Think\Model.class.php 第 1808 行.
NOTIC: [8] Undefined variable: where J:\xampp\htdocs\NHKJW\ThinkPHP\Library\Think\Model.class.php 第 1816 行.
SQL: SELECT * FROM `vue-product`  [ RunTime:0.0009s ]

[ 2018-11-18T16:27:51+08:00 ] ::1 /nhkjw/index.php/Home/index/add
INFO: [ app_init ] --START--
INFO: Run Behavior\BuildLiteBehavior [ RunTime:0.000011s ]
INFO: [ app_init ] --END-- [ RunTime:0.000300s ]
INFO: [ app_begin ] --START--
INFO: Run Behavior\ReadHtmlCacheBehavior [ RunTime:0.000382s ]
INFO: [ app_begin ] --END-- [ RunTime:0.000422s ]
NOTIC: [8] Undefined variable: Provider J:\xampp\htdocs\NHKJW\Application\Home\Controller\IndexController.class.php 第 114 行.
SQL: SHOW COLUMNS FROM `vue-product` [ RunTime:0.0029s ]
NOTIC: [2] Missing argument 1 for Think\Model::where(), called in J:\xampp\htdocs\NHKJW\Application\Home\Controller\IndexController.class.php on line 132 and defined J:\xampp\htdocs\NHKJW\ThinkPHP\Library\Think\Model.class.php 第 1797 行.
NOTIC: [8] Undefined variable: where J:\xampp\htdocs\NHKJW\ThinkPHP\Library\Think\Model.class.php 第 1805 行.
NOTIC: [8] Undefined variable: where J:\xampp\htdocs\NHKJW\ThinkPHP\Library\Think\Model.class.php 第 1808 行.
NOTIC: [8] Undefined variable: where J:\xampp\htdocs\NHKJW\ThinkPHP\Library\Think\Model.class.php 第 1816 行.
SQL: SELECT * FROM `vue-product`  [ RunTime:0.0010s ]

[ 2018-11-18T16:27:51+08:00 ] ::1 /nhkjw/index.php/Home/index/add
INFO: [ app_init ] --START--
INFO: Run Behavior\BuildLiteBehavior [ RunTime:0.000010s ]
INFO: [ app_init ] --END-- [ RunTime:0.000366s ]
INFO: [ app_begin ] --START--
INFO: Run Behavior\ReadHtmlCacheBehavior [ RunTime:0.000416s ]
INFO: [ app_begin ] --END-- [ RunTime:0.000455s ]
NOTIC: [8] Undefined variable: Provider J:\xampp\htdocs\NHKJW\Application\Home\Controller\IndexController.class.php 第 114 行.
SQL: SHOW COLUMNS FROM `vue-product` [ RunTime:0.0030s ]
NOTIC: [2] Missing argument 1 for Think\Model::where(), called in J:\xampp\htdocs\NHKJW\Application\Home\Controller\IndexController.class.php on line 132 and defined J:\xampp\htdocs\NHKJW\ThinkPHP\Library\Think\Model.class.php 第 1797 行.
NOTIC: [8] Undefined variable: where J:\xampp\htdocs\NHKJW\ThinkPHP\Library\Think\Model.class.php 第 1805 行.
NOTIC: [8] Undefined variable: where J:\xampp\htdocs\NHKJW\ThinkPHP\Library\Think\Model.class.php 第 1808 行.
NOTIC: [8] Undefined variable: where J:\xampp\htdocs\NHKJW\ThinkPHP\Library\Think\Model.class.php 第 1816 行.
SQL: SELECT * FROM `vue-product`  [ RunTime:0.0007s ]

[ 2018-11-18T16:27:51+08:00 ] ::1 /nhkjw/index.php/Home/index/add
INFO: [ app_init ] --START--
INFO: Run Behavior\BuildLiteBehavior [ RunTime:0.000012s ]
INFO: [ app_init ] --END-- [ RunTime:0.000356s ]
INFO: [ app_begin ] --START--
INFO: Run Behavior\ReadHtmlCacheBehavior [ RunTime:0.000452s ]
INFO: [ app_begin ] --END-- [ RunTime:0.000500s ]
NOTIC: [8] Undefined variable: Provider J:\xampp\htdocs\NHKJW\Application\Home\Controller\IndexController.class.php 第 114 行.
SQL: SHOW COLUMNS FROM `vue-product` [ RunTime:0.0039s ]
NOTIC: [2] Missing argument 1 for Think\Model::where(), called in J:\xampp\htdocs\NHKJW\Application\Home\Controller\IndexController.class.php on line 132 and defined J:\xampp\htdocs\NHKJW\ThinkPHP\Library\Think\Model.class.php 第 1797 行.
NOTIC: [8] Undefined variable: where J:\xampp\htdocs\NHKJW\ThinkPHP\Library\Think\Model.class.php 第 1805 行.
NOTIC: [8] Undefined variable: where J:\xampp\htdocs\NHKJW\ThinkPHP\Library\Think\Model.class.php 第 1808 行.
NOTIC: [8] Undefined variable: where J:\xampp\htdocs\NHKJW\ThinkPHP\Library\Think\Model.class.php 第 1816 行.
SQL: SELECT * FROM `vue-product`  [ RunTime:0.0006s ]

[ 2018-11-18T16:27:51+08:00 ] ::1 /nhkjw/index.php/Home/index/add
INFO: [ app_init ] --START--
INFO: Run Behavior\BuildLiteBehavior [ RunTime:0.000012s ]
INFO: [ app_init ] --END-- [ RunTime:0.000353s ]
INFO: [ app_begin ] --START--
INFO: Run Behavior\ReadHtmlCacheBehavior [ RunTime:0.000592s ]
INFO: [ app_begin ] --END-- [ RunTime:0.000653s ]
NOTIC: [8] Undefined variable: Provider J:\xampp\htdocs\NHKJW\Application\Home\Controller\IndexController.class.php 第 114 行.
SQL: SHOW COLUMNS FROM `vue-product` [ RunTime:0.0030s ]
NOTIC: [2] Missing argument 1 for Think\Model::where(), called in J:\xampp\htdocs\NHKJW\Application\Home\Controller\IndexController.class.php on line 132 and defined J:\xampp\htdocs\NHKJW\ThinkPHP\Library\Think\Model.class.php 第 1797 行.
NOTIC: [8] Undefined variable: where J:\xampp\htdocs\NHKJW\ThinkPHP\Library\Think\Model.class.php 第 1805 行.
NOTIC: [8] Undefined variable: where J:\xampp\htdocs\NHKJW\ThinkPHP\Library\Think\Model.class.php 第 1808 行.
NOTIC: [8] Undefined variable: where J:\xampp\htdocs\NHKJW\ThinkPHP\Library\Think\Model.class.php 第 1816 行.
SQL: SELECT * FROM `vue-product`  [ RunTime:0.0007s ]

[ 2018-11-18T16:27:52+08:00 ] ::1 /nhkjw/index.php/Home/index/add
INFO: [ app_init ] --START--
INFO: Run Behavior\BuildLiteBehavior [ RunTime:0.000009s ]
INFO: [ app_init ] --END-- [ RunTime:0.000266s ]
INFO: [ app_begin ] --START--
INFO: Run Behavior\ReadHtmlCacheBehavior [ RunTime:0.000335s ]
INFO: [ app_begin ] --END-- [ RunTime:0.000370s ]
NOTIC: [8] Undefined variable: Provider J:\xampp\htdocs\NHKJW\Application\Home\Controller\IndexController.class.php 第 114 行.
SQL: SHOW COLUMNS FROM `vue-product` [ RunTime:0.0029s ]
NOTIC: [2] Missing argument 1 for Think\Model::where(), called in J:\xampp\htdocs\NHKJW\Application\Home\Controller\IndexController.class.php on line 132 and defined J:\xampp\htdocs\NHKJW\ThinkPHP\Library\Think\Model.class.php 第 1797 行.
NOTIC: [8] Undefined variable: where J:\xampp\htdocs\NHKJW\ThinkPHP\Library\Think\Model.class.php 第 1805 行.
NOTIC: [8] Undefined variable: where J:\xampp\htdocs\NHKJW\ThinkPHP\Library\Think\Model.class.php 第 1808 行.
NOTIC: [8] Undefined variable: where J:\xampp\htdocs\NHKJW\ThinkPHP\Library\Think\Model.class.php 第 1816 行.
SQL: SELECT * FROM `vue-product`  [ RunTime:0.0006s ]

[ 2018-11-18T16:27:52+08:00 ] ::1 /nhkjw/index.php/Home/index/add
INFO: [ app_init ] --START--
INFO: Run Behavior\BuildLiteBehavior [ RunTime:0.000010s ]
INFO: [ app_init ] --END-- [ RunTime:0.000279s ]
INFO: [ app_begin ] --START--
INFO: Run Behavior\ReadHtmlCacheBehavior [ RunTime:0.000342s ]
INFO: [ app_begin ] --END-- [ RunTime:0.000378s ]
NOTIC: [8] Undefined variable: Provider J:\xampp\htdocs\NHKJW\Application\Home\Controller\IndexController.class.php 第 114 行.
SQL: SHOW COLUMNS FROM `vue-product` [ RunTime:0.0029s ]
NOTIC: [2] Missing argument 1 for Think\Model::where(), called in J:\xampp\htdocs\NHKJW\Application\Home\Controller\IndexController.class.php on line 132 and defined J:\xampp\htdocs\NHKJW\ThinkPHP\Library\Think\Model.class.php 第 1797 行.
NOTIC: [8] Undefined variable: where J:\xampp\htdocs\NHKJW\ThinkPHP\Library\Think\Model.class.php 第 1805 行.
NOTIC: [8] Undefined variable: where J:\xampp\htdocs\NHKJW\ThinkPHP\Library\Think\Model.class.php 第 1808 行.
NOTIC: [8] Undefined variable: where J:\xampp\htdocs\NHKJW\ThinkPHP\Library\Think\Model.class.php 第 1816 行.
SQL: SELECT * FROM `vue-product`  [ RunTime:0.0007s ]

[ 2018-11-18T16:27:52+08:00 ] ::1 /nhkjw/index.php/Home/index/add
INFO: [ app_init ] --START--
INFO: Run Behavior\BuildLiteBehavior [ RunTime:0.000013s ]
INFO: [ app_init ] --END-- [ RunTime:0.000368s ]
INFO: [ app_begin ] --START--
INFO: Run Behavior\ReadHtmlCacheBehavior [ RunTime:0.000466s ]
INFO: [ app_begin ] --END-- [ RunTime:0.000514s ]
NOTIC: [8] Undefined variable: Provider J:\xampp\htdocs\NHKJW\Application\Home\Controller\IndexController.class.php 第 114 行.
SQL: SHOW COLUMNS FROM `vue-product` [ RunTime:0.0031s ]
NOTIC: [2] Missing argument 1 for Think\Model::where(), called in J:\xampp\htdocs\NHKJW\Application\Home\Controller\IndexController.class.php on line 132 and defined J:\xampp\htdocs\NHKJW\ThinkPHP\Library\Think\Model.class.php 第 1797 行.
NOTIC: [8] Undefined variable: where J:\xampp\htdocs\NHKJW\ThinkPHP\Library\Think\Model.class.php 第 1805 行.
NOTIC: [8] Undefined variable: where J:\xampp\htdocs\NHKJW\ThinkPHP\Library\Think\Model.class.php 第 1808 行.
NOTIC: [8] Undefined variable: where J:\xampp\htdocs\NHKJW\ThinkPHP\Library\Think\Model.class.php 第 1816 行.
SQL: SELECT * FROM `vue-product`  [ RunTime:0.0007s ]

[ 2018-11-18T16:27:52+08:00 ] ::1 /nhkjw/index.php/Home/index/add
INFO: [ app_init ] --START--
INFO: Run Behavior\BuildLiteBehavior [ RunTime:0.000011s ]
INFO: [ app_init ] --END-- [ RunTime:0.000305s ]
INFO: [ app_begin ] --START--
INFO: Run Behavior\ReadHtmlCacheBehavior [ RunTime:0.000386s ]
INFO: [ app_begin ] --END-- [ RunTime:0.000429s ]
NOTIC: [8] Undefined variable: Provider J:\xampp\htdocs\NHKJW\Application\Home\Controller\IndexController.class.php 第 114 行.
SQL: SHOW COLUMNS FROM `vue-product` [ RunTime:0.0034s ]
NOTIC: [2] Missing argument 1 for Think\Model::where(), called in J:\xampp\htdocs\NHKJW\Application\Home\Controller\IndexController.class.php on line 132 and defined J:\xampp\htdocs\NHKJW\ThinkPHP\Library\Think\Model.class.php 第 1797 行.
NOTIC: [8] Undefined variable: where J:\xampp\htdocs\NHKJW\ThinkPHP\Library\Think\Model.class.php 第 1805 行.
NOTIC: [8] Undefined variable: where J:\xampp\htdocs\NHKJW\ThinkPHP\Library\Think\Model.class.php 第 1808 行.
NOTIC: [8] Undefined variable: where J:\xampp\htdocs\NHKJW\ThinkPHP\Library\Think\Model.class.php 第 1816 行.
SQL: SELECT * FROM `vue-product`  [ RunTime:0.0007s ]

[ 2018-11-18T16:28:11+08:00 ] ::1 /nhkjw/index.php/Home/index/add
INFO: [ app_init ] --START--
INFO: Run Behavior\BuildLiteBehavior [ RunTime:0.000014s ]
INFO: [ app_init ] --END-- [ RunTime:0.000849s ]
INFO: [ app_begin ] --START--
INFO: Run Behavior\ReadHtmlCacheBehavior [ RunTime:0.000612s ]
INFO: [ app_begin ] --END-- [ RunTime:0.000653s ]
SQL: SHOW COLUMNS FROM `vue-serverproduct` [ RunTime:0.0029s ]
SQL: INSERT INTO `vue-serverproduct` (`productID`,`productName`,`productIntroduction`,`Introduction`,`classification`) VALUES ('333','11','','','') [ RunTime:0.0036s ]
NOTIC: [8] Undefined variable: Provider J:\xampp\htdocs\NHKJW\Application\Home\Controller\IndexController.class.php 第 114 行.
SQL: SHOW COLUMNS FROM `vue-product` [ RunTime:0.0040s ]
NOTIC: [2] Missing argument 1 for Think\Model::where(), called in J:\xampp\htdocs\NHKJW\Application\Home\Controller\IndexController.class.php on line 132 and defined J:\xampp\htdocs\NHKJW\ThinkPHP\Library\Think\Model.class.php 第 1797 行.
NOTIC: [8] Undefined variable: where J:\xampp\htdocs\NHKJW\ThinkPHP\Library\Think\Model.class.php 第 1805 行.
NOTIC: [8] Undefined variable: where J:\xampp\htdocs\NHKJW\ThinkPHP\Library\Think\Model.class.php 第 1808 行.
NOTIC: [8] Undefined variable: where J:\xampp\htdocs\NHKJW\ThinkPHP\Library\Think\Model.class.php 第 1816 行.
SQL: SELECT * FROM `vue-product`  [ RunTime:0.0008s ]

[ 2018-11-18T16:28:46+08:00 ] ::1 /nhkjw/index.php/Home/index/add
INFO: [ app_init ] --START--
INFO: Run Behavior\BuildLiteBehavior [ RunTime:0.000010s ]
INFO: [ app_init ] --END-- [ RunTime:0.000267s ]
INFO: [ app_begin ] --START--
INFO: Run Behavior\ReadHtmlCacheBehavior [ RunTime:0.000342s ]
INFO: [ app_begin ] --END-- [ RunTime:0.000377s ]
SQL: SHOW COLUMNS FROM `vue-serverproduct` [ RunTime:0.0031s ]
SQL: INSERT INTO `vue-serverproduct` (`productID`,`productName`,`productIntroduction`,`Introduction`,`classification`) VALUES ('333','11','','','') [ RunTime:0.0028s ]
NOTIC: [8] Undefined variable: Provider J:\xampp\htdocs\NHKJW\Application\Home\Controller\IndexController.class.php 第 117 行.
NOTIC: [8] Undefined variable: ProductLabel J:\xampp\htdocs\NHKJW\Application\Home\Controller\IndexController.class.php 第 118 行.
NOTIC: [8] Undefined variable: ProductSpecifications J:\xampp\htdocs\NHKJW\Application\Home\Controller\IndexController.class.php 第 119 行.
NOTIC: [8] Undefined variable: ProductCycle J:\xampp\htdocs\NHKJW\Application\Home\Controller\IndexController.class.php 第 120 行.
NOTIC: [8] Undefined variable: cycleprice J:\xampp\htdocs\NHKJW\Application\Home\Controller\IndexController.class.php 第 121 行.
NOTIC: [8] Undefined variable: SpecificationsPrice J:\xampp\htdocs\NHKJW\Application\Home\Controller\IndexController.class.php 第 122 行.
NOTIC: [8] Undefined variable: productDetails J:\xampp\htdocs\NHKJW\Application\Home\Controller\IndexController.class.php 第 123 行.
SQL: SHOW COLUMNS FROM `vue-commoditydata` [ RunTime:0.0028s ]
ERR: 1048:Column 'Provider' cannot be null
 [ SQL语句 ] : INSERT INTO `vue-commoditydata` (`productID`,`productAttributesID`,`Provider`,`ProductLabel`,`ProductSpecifications`,`ProductCycle`,`cycleprice`,`SpecificationsPrice`,`productDetails`) VALUES ('333','333',NULL,NULL,NULL,NULL,NULL,NULL,NULL)
ERR: 1048:Column 'Provider' cannot be null
 [ SQL语句 ] : INSERT INTO `vue-commoditydata` (`productID`,`productAttributesID`,`Provider`,`ProductLabel`,`ProductSpecifications`,`ProductCycle`,`cycleprice`,`SpecificationsPrice`,`productDetails`) VALUES ('333','333',NULL,NULL,NULL,NULL,NULL,NULL,NULL)

[ 2018-11-18T16:32:23+08:00 ] ::1 /nhkjw/index.php/Home/index/add
INFO: [ app_init ] --START--
INFO: Run Behavior\BuildLiteBehavior [ RunTime:0.000010s ]
INFO: [ app_init ] --END-- [ RunTime:0.000337s ]
INFO: [ app_begin ] --START--
INFO: Run Behavior\ReadHtmlCacheBehavior [ RunTime:0.000525s ]
INFO: [ app_begin ] --END-- [ RunTime:0.000562s ]
SQL: SHOW COLUMNS FROM `vue-serverproduct` [ RunTime:0.0034s ]
SQL: INSERT INTO `vue-serverproduct` (`productID`,`productName`,`productIntroduction`,`Introduction`,`classification`) VALUES ('333','11','','','') [ RunTime:0.0027s ]
SQL: SHOW COLUMNS FROM `vue-commoditydata` [ RunTime:0.0035s ]
SQL: INSERT INTO `vue-commoditydata` (`productID`,`productAttributesID`,`Provider`,`ProductLabel`,`ProductSpecifications`,`ProductCycle`,`cycleprice`,`SpecificationsPrice`,`productDetails`) VALUES ('333','333','333','333','3','333','33','3','333') [ RunTime:0.0026s ]
SQL: SHOW COLUMNS FROM `vue-product` [ RunTime:0.0027s ]
NOTIC: [2] Missing argument 1 for Think\Model::where(), called in J:\xampp\htdocs\NHKJW\Application\Home\Controller\IndexController.class.php on line 142 and defined J:\xampp\htdocs\NHKJW\ThinkPHP\Library\Think\Model.class.php 第 1797 行.
NOTIC: [8] Undefined variable: where J:\xampp\htdocs\NHKJW\ThinkPHP\Library\Think\Model.class.php 第 1805 行.
NOTIC: [8] Undefined variable: where J:\xampp\htdocs\NHKJW\ThinkPHP\Library\Think\Model.class.php 第 1808 行.
NOTIC: [8] Undefined variable: where J:\xampp\htdocs\NHKJW\ThinkPHP\Library\Think\Model.class.php 第 1816 行.
SQL: SELECT * FROM `vue-product`  [ RunTime:0.0007s ]

[ 2018-11-18T16:32:48+08:00 ] ::1 /nhkjw/index.php/Home/index/add
INFO: [ app_init ] --START--
INFO: Run Behavior\BuildLiteBehavior [ RunTime:0.000010s ]
INFO: [ app_init ] --END-- [ RunTime:0.000320s ]
INFO: [ app_begin ] --START--
INFO: Run Behavior\ReadHtmlCacheBehavior [ RunTime:0.000792s ]
INFO: [ app_begin ] --END-- [ RunTime:0.000838s ]
SQL: SHOW COLUMNS FROM `vue-serverproduct` [ RunTime:0.0039s ]
ERR: 1062:Duplicate entry '333' for key 'productID'
 [ SQL语句 ] : INSERT INTO `vue-serverproduct` (`productID`,`productName`,`productIntroduction`,`Introduction`,`classification`) VALUES ('333','11','','','')
ERR: 1062:Duplicate entry '333' for key 'productID'
 [ SQL语句 ] : INSERT INTO `vue-serverproduct` (`productID`,`productName`,`productIntroduction`,`Introduction`,`classification`) VALUES ('333','11','','','')

[ 2018-11-18T16:32:58+08:00 ] ::1 /nhkjw/index.php/Home/index/add
INFO: [ app_init ] --START--
INFO: Run Behavior\BuildLiteBehavior [ RunTime:0.000016s ]
INFO: [ app_init ] --END-- [ RunTime:0.000897s ]
INFO: [ app_begin ] --START--
INFO: Run Behavior\ReadHtmlCacheBehavior [ RunTime:0.000508s ]
INFO: [ app_begin ] --END-- [ RunTime:0.000547s ]
SQL: SHOW COLUMNS FROM `vue-commoditydata` [ RunTime:0.0036s ]
SQL: INSERT INTO `vue-commoditydata` (`productID`,`productAttributesID`,`Provider`,`ProductLabel`,`ProductSpecifications`,`ProductCycle`,`cycleprice`,`SpecificationsPrice`,`productDetails`) VALUES ('333','333','333','333','3','333','33','3','333') [ RunTime:0.0027s ]
SQL: SHOW COLUMNS FROM `vue-product` [ RunTime:0.0050s ]
NOTIC: [2] Missing argument 1 for Think\Model::where(), called in J:\xampp\htdocs\NHKJW\Application\Home\Controller\IndexController.class.php on line 142 and defined J:\xampp\htdocs\NHKJW\ThinkPHP\Library\Think\Model.class.php 第 1797 行.
NOTIC: [8] Undefined variable: where J:\xampp\htdocs\NHKJW\ThinkPHP\Library\Think\Model.class.php 第 1805 行.
NOTIC: [8] Undefined variable: where J:\xampp\htdocs\NHKJW\ThinkPHP\Library\Think\Model.class.php 第 1808 行.
NOTIC: [8] Undefined variable: where J:\xampp\htdocs\NHKJW\ThinkPHP\Library\Think\Model.class.php 第 1816 行.
SQL: SELECT * FROM `vue-product`  [ RunTime:0.0006s ]

[ 2018-11-18T16:33:24+08:00 ] ::1 /nhkjw/index.php/Home/index/add
INFO: [ app_init ] --START--
INFO: Run Behavior\BuildLiteBehavior [ RunTime:0.000011s ]
INFO: [ app_init ] --END-- [ RunTime:0.000306s ]
INFO: [ app_begin ] --START--
INFO: Run Behavior\ReadHtmlCacheBehavior [ RunTime:0.000360s ]
INFO: [ app_begin ] --END-- [ RunTime:0.000398s ]
SQL: SHOW COLUMNS FROM `vue-serverproductattributes` [ RunTime:0.0038s ]
SQL: INSERT INTO `vue-serverproductattributes` (`productID`,`productAttributesID`,`productmodel`,`PRODUCTmodeltips`,`modelprice`,`productMirror`,`mirrortips`,`Clouddisk`,`cloudprice`) VALUES ('333','333','123','','','','3123123','312','123') [ RunTime:0.0024s ]
SQL: SHOW COLUMNS FROM `vue-commoditydata` [ RunTime:0.0036s ]
SQL: INSERT INTO `vue-commoditydata` (`productID`,`productAttributesID`,`Provider`,`ProductLabel`,`ProductSpecifications`,`ProductCycle`,`cycleprice`,`SpecificationsPrice`,`productDetails`) VALUES ('333','333','333','333','3','333','33','3','333') [ RunTime:0.0022s ]
SQL: SHOW COLUMNS FROM `vue-product` [ RunTime:0.0041s ]
NOTIC: [2] Missing argument 1 for Think\Model::where(), called in J:\xampp\htdocs\NHKJW\Application\Home\Controller\IndexController.class.php on line 142 and defined J:\xampp\htdocs\NHKJW\ThinkPHP\Library\Think\Model.class.php 第 1797 行.
NOTIC: [8] Undefined variable: where J:\xampp\htdocs\NHKJW\ThinkPHP\Library\Think\Model.class.php 第 1805 行.
NOTIC: [8] Undefined variable: where J:\xampp\htdocs\NHKJW\ThinkPHP\Library\Think\Model.class.php 第 1808 行.
NOTIC: [8] Undefined variable: where J:\xampp\htdocs\NHKJW\ThinkPHP\Library\Think\Model.class.php 第 1816 行.
SQL: SELECT * FROM `vue-product`  [ RunTime:0.0007s ]

[ 2018-11-18T20:43:03+08:00 ] ::1 /nhkjw/index.php/Home/index/homeServerProduct
INFO: [ app_init ] --START--
INFO: Run Behavior\BuildLiteBehavior [ RunTime:0.000017s ]
INFO: [ app_init ] --END-- [ RunTime:0.002685s ]
INFO: [ app_begin ] --START--
INFO: Run Behavior\ReadHtmlCacheBehavior [ RunTime:0.000836s ]
INFO: [ app_begin ] --END-- [ RunTime:0.000902s ]
SQL: SHOW COLUMNS FROM `vue-serverproduct` [ RunTime:0.0033s ]
NOTIC: [2] Missing argument 1 for Think\Model::where(), called in J:\xampp\htdocs\NHKJW\Application\Home\Controller\IndexController.class.php on line 59 and defined J:\xampp\htdocs\NHKJW\ThinkPHP\Library\Think\Model.class.php 第 1797 行.
NOTIC: [8] Undefined variable: where J:\xampp\htdocs\NHKJW\ThinkPHP\Library\Think\Model.class.php 第 1805 行.
NOTIC: [8] Undefined variable: where J:\xampp\htdocs\NHKJW\ThinkPHP\Library\Think\Model.class.php 第 1808 行.
NOTIC: [8] Undefined variable: where J:\xampp\htdocs\NHKJW\ThinkPHP\Library\Think\Model.class.php 第 1816 行.
SQL: SELECT * FROM `vue-serverproduct`  [ RunTime:0.0011s ]

[ 2018-11-18T20:43:25+08:00 ] ::1 /nhkjw/
INFO: [ app_init ] --START--
INFO: Run Behavior\BuildLiteBehavior [ RunTime:0.000021s ]
INFO: [ app_init ] --END-- [ RunTime:0.001927s ]
INFO: [ app_begin ] --START--
INFO: Run Behavior\ReadHtmlCacheBehavior [ RunTime:0.000532s ]
INFO: [ app_begin ] --END-- [ RunTime:0.000608s ]
INFO: [ view_parse ] --START--
INFO: [ template_filter ] --START--
INFO: Run Behavior\ContentReplaceBehavior [ RunTime:0.002426s ]
INFO: [ template_filter ] --END-- [ RunTime:0.002521s ]
INFO: Run Behavior\ParseTemplateBehavior [ RunTime:0.015170s ]
INFO: [ view_parse ] --END-- [ RunTime:0.015223s ]
INFO: [ view_filter ] --START--
INFO: Run Behavior\WriteHtmlCacheBehavior [ RunTime:0.000743s ]
INFO: [ view_filter ] --END-- [ RunTime:0.000773s ]
INFO: [ app_end ] --START--
INFO: Run Behavior\ShowPageTraceBehavior [ RunTime:0.001011s ]
INFO: [ app_end ] --END-- [ RunTime:0.001078s ]

[ 2018-11-18T20:43:26+08:00 ] ::1 /nhkjw/index.php/Home/index/add
INFO: [ app_init ] --START--
INFO: Run Behavior\BuildLiteBehavior [ RunTime:0.000010s ]
INFO: [ app_init ] --END-- [ RunTime:0.000308s ]
INFO: [ app_begin ] --START--
INFO: Run Behavior\ReadHtmlCacheBehavior [ RunTime:0.000399s ]
INFO: [ app_begin ] --END-- [ RunTime:0.000441s ]
SQL: SHOW COLUMNS FROM `vue-product` [ RunTime:0.0042s ]
NOTIC: [2] Missing argument 1 for Think\Model::where(), called in J:\xampp\htdocs\NHKJW\Application\Home\Controller\IndexController.class.php on line 142 and defined J:\xampp\htdocs\NHKJW\ThinkPHP\Library\Think\Model.class.php 第 1797 行.
NOTIC: [8] Undefined variable: where J:\xampp\htdocs\NHKJW\ThinkPHP\Library\Think\Model.class.php 第 1805 行.
NOTIC: [8] Undefined variable: where J:\xampp\htdocs\NHKJW\ThinkPHP\Library\Think\Model.class.php 第 1808 行.
NOTIC: [8] Undefined variable: where J:\xampp\htdocs\NHKJW\ThinkPHP\Library\Think\Model.class.php 第 1816 行.
SQL: SELECT * FROM `vue-product`  [ RunTime:0.0021s ]

[ 2018-11-18T20:57:14+08:00 ] ::1 /nhkjw/index.php/Home/index/homeServerProduct
INFO: [ app_init ] --START--
INFO: Run Behavior\BuildLiteBehavior [ RunTime:0.000023s ]
INFO: [ app_init ] --END-- [ RunTime:0.000391s ]
INFO: [ app_begin ] --START--
INFO: Run Behavior\ReadHtmlCacheBehavior [ RunTime:0.000575s ]
INFO: [ app_begin ] --END-- [ RunTime:0.000667s ]
SQL: SHOW COLUMNS FROM `vue-serverproduct` [ RunTime:0.0033s ]
NOTIC: [2] Missing argument 1 for Think\Model::where(), called in J:\xampp\htdocs\NHKJW\Application\Home\Controller\IndexController.class.php on line 59 and defined J:\xampp\htdocs\NHKJW\ThinkPHP\Library\Think\Model.class.php 第 1797 行.
NOTIC: [8] Undefined variable: where J:\xampp\htdocs\NHKJW\ThinkPHP\Library\Think\Model.class.php 第 1805 行.
NOTIC: [8] Undefined variable: where J:\xampp\htdocs\NHKJW\ThinkPHP\Library\Think\Model.class.php 第 1808 行.
NOTIC: [8] Undefined variable: where J:\xampp\htdocs\NHKJW\ThinkPHP\Library\Think\Model.class.php 第 1816 行.
SQL: SELECT * FROM `vue-serverproduct`  [ RunTime:0.0005s ]

[ 2018-11-18T20:57:54+08:00 ] ::1 /nhkjw/index.php/Home/index/homeServerProduct
INFO: [ app_init ] --START--
INFO: Run Behavior\BuildLiteBehavior [ RunTime:0.000011s ]
INFO: [ app_init ] --END-- [ RunTime:0.000325s ]
INFO: [ app_begin ] --START--
INFO: Run Behavior\ReadHtmlCacheBehavior [ RunTime:0.000519s ]
INFO: [ app_begin ] --END-- [ RunTime:0.000561s ]
SQL: SHOW COLUMNS FROM `vue-serverproduct` [ RunTime:0.0031s ]
NOTIC: [2] Missing argument 1 for Think\Model::where(), called in J:\xampp\htdocs\NHKJW\Application\Home\Controller\IndexController.class.php on line 59 and defined J:\xampp\htdocs\NHKJW\ThinkPHP\Library\Think\Model.class.php 第 1797 行.
NOTIC: [8] Undefined variable: where J:\xampp\htdocs\NHKJW\ThinkPHP\Library\Think\Model.class.php 第 1805 行.
NOTIC: [8] Undefined variable: where J:\xampp\htdocs\NHKJW\ThinkPHP\Library\Think\Model.class.php 第 1808 行.
NOTIC: [8] Undefined variable: where J:\xampp\htdocs\NHKJW\ThinkPHP\Library\Think\Model.class.php 第 1816 行.
SQL: SELECT * FROM `vue-serverproduct`  [ RunTime:0.0005s ]

[ 2018-11-18T20:58:00+08:00 ] ::1 /nhkjw/index.php/Home/index/Producmodify
INFO: [ app_init ] --START--
INFO: Run Behavior\BuildLiteBehavior [ RunTime:0.000014s ]
INFO: [ app_init ] --END-- [ RunTime:0.000363s ]
INFO: [ app_begin ] --START--
INFO: Run Behavior\ReadHtmlCacheBehavior [ RunTime:0.000422s ]
INFO: [ app_begin ] --END-- [ RunTime:0.000474s ]
SQL: SHOW COLUMNS FROM `vue-product` [ RunTime:0.0032s ]
SQL: SELECT * FROM `vue-product` WHERE `productID` = '1'  [ RunTime:0.0008s ]
SQL: SHOW COLUMNS FROM `vue-serverproductdateattribute` [ RunTime:0.0029s ]
SQL: SELECT * FROM `vue-serverproductdateattribute` WHERE `productID` = 1  [ RunTime:0.0004s ]

[ 2018-11-18T20:58:03+08:00 ] ::1 /nhkjw/index.php/Home/index/homeServerProduct
INFO: [ app_init ] --START--
INFO: Run Behavior\BuildLiteBehavior [ RunTime:0.000011s ]
INFO: [ app_init ] --END-- [ RunTime:0.000339s ]
INFO: [ app_begin ] --START--
INFO: Run Behavior\ReadHtmlCacheBehavior [ RunTime:0.000376s ]
INFO: [ app_begin ] --END-- [ RunTime:0.000419s ]
SQL: SHOW COLUMNS FROM `vue-serverproduct` [ RunTime:0.0035s ]
NOTIC: [2] Missing argument 1 for Think\Model::where(), called in J:\xampp\htdocs\NHKJW\Application\Home\Controller\IndexController.class.php on line 59 and defined J:\xampp\htdocs\NHKJW\ThinkPHP\Library\Think\Model.class.php 第 1797 行.
NOTIC: [8] Undefined variable: where J:\xampp\htdocs\NHKJW\ThinkPHP\Library\Think\Model.class.php 第 1805 行.
NOTIC: [8] Undefined variable: where J:\xampp\htdocs\NHKJW\ThinkPHP\Library\Think\Model.class.php 第 1808 行.
NOTIC: [8] Undefined variable: where J:\xampp\htdocs\NHKJW\ThinkPHP\Library\Think\Model.class.php 第 1816 行.
SQL: SELECT * FROM `vue-serverproduct`  [ RunTime:0.0005s ]

[ 2018-11-18T21:07:26+08:00 ] ::1 /nhkjw/index.php/Home/index/homeServerProduct
INFO: [ app_init ] --START--
INFO: Run Behavior\BuildLiteBehavior [ RunTime:0.000012s ]
INFO: [ app_init ] --END-- [ RunTime:0.000408s ]
INFO: [ app_begin ] --START--
INFO: Run Behavior\ReadHtmlCacheBehavior [ RunTime:0.000745s ]
INFO: [ app_begin ] --END-- [ RunTime:0.000816s ]
SQL: SHOW COLUMNS FROM `vue-serverproduct` [ RunTime:0.0067s ]
NOTIC: [2] Missing argument 1 for Think\Model::where(), called in J:\xampp\htdocs\NHKJW\Application\Home\Controller\IndexController.class.php on line 59 and defined J:\xampp\htdocs\NHKJW\ThinkPHP\Library\Think\Model.class.php 第 1797 行.
NOTIC: [8] Undefined variable: where J:\xampp\htdocs\NHKJW\ThinkPHP\Library\Think\Model.class.php 第 1805 行.
NOTIC: [8] Undefined variable: where J:\xampp\htdocs\NHKJW\ThinkPHP\Library\Think\Model.class.php 第 1808 行.
NOTIC: [8] Undefined variable: where J:\xampp\htdocs\NHKJW\ThinkPHP\Library\Think\Model.class.php 第 1816 行.
SQL: SELECT * FROM `vue-serverproduct`  [ RunTime:0.0005s ]

[ 2018-11-18T21:07:37+08:00 ] ::1 /nhkjw/index.php/Home/index/Producmodify
INFO: [ app_init ] --START--
INFO: Run Behavior\BuildLiteBehavior [ RunTime:0.000014s ]
INFO: [ app_init ] --END-- [ RunTime:0.000364s ]
INFO: [ app_begin ] --START--
INFO: Run Behavior\ReadHtmlCacheBehavior [ RunTime:0.000473s ]
INFO: [ app_begin ] --END-- [ RunTime:0.000522s ]
SQL: SHOW COLUMNS FROM `vue-product` [ RunTime:0.0062s ]
SQL: SELECT * FROM `vue-product` WHERE `productID` = '2'  [ RunTime:0.0007s ]
SQL: SHOW COLUMNS FROM `vue-serverproductdateattribute` [ RunTime:0.0033s ]
SQL: SELECT * FROM `vue-serverproductdateattribute` WHERE `productID` = 1  [ RunTime:0.0003s ]

[ 2018-11-18T21:09:08+08:00 ] ::1 /nhkjw/index.php/Home/index/Producmodify
INFO: [ app_init ] --START--
INFO: Run Behavior\BuildLiteBehavior [ RunTime:0.000017s ]
INFO: [ app_init ] --END-- [ RunTime:0.000507s ]
INFO: [ app_begin ] --START--
INFO: Run Behavior\ReadHtmlCacheBehavior [ RunTime:0.001487s ]
INFO: [ app_begin ] --END-- [ RunTime:0.001568s ]
SQL: SHOW COLUMNS FROM `vue-product` [ RunTime:0.0040s ]
SQL: SELECT * FROM `vue-product` WHERE `productID` = '2'  [ RunTime:0.0007s ]
SQL: SHOW COLUMNS FROM `vue-serverproductdateattribute` [ RunTime:0.0030s ]
SQL: SELECT * FROM `vue-serverproductdateattribute` WHERE `productID` = 1  [ RunTime:0.0003s ]

[ 2018-11-18T21:32:59+08:00 ] ::1 /nhkjw/index.php/Home/index/Producmodify
INFO: [ app_init ] --START--
INFO: Run Behavior\BuildLiteBehavior [ RunTime:0.000015s ]
INFO: [ app_init ] --END-- [ RunTime:0.000752s ]
INFO: [ app_begin ] --START--
INFO: Run Behavior\ReadHtmlCacheBehavior [ RunTime:0.000836s ]
INFO: [ app_begin ] --END-- [ RunTime:0.000885s ]
SQL: SHOW COLUMNS FROM `vue-product` [ RunTime:0.0031s ]
SQL: SELECT * FROM `vue-product` WHERE `productID` = '2'  [ RunTime:0.0005s ]
SQL: SHOW COLUMNS FROM `vue-serverproductdateattribute` [ RunTime:0.0033s ]
SQL: SELECT * FROM `vue-serverproductdateattribute` WHERE `productID` = 1  [ RunTime:0.0008s ]

[ 2018-11-18T21:33:01+08:00 ] ::1 /nhkjw/index.php/Home/index/homeServerProduct
INFO: [ app_init ] --START--
INFO: Run Behavior\BuildLiteBehavior [ RunTime:0.000016s ]
INFO: [ app_init ] --END-- [ RunTime:0.000464s ]
INFO: [ app_begin ] --START--
INFO: Run Behavior\ReadHtmlCacheBehavior [ RunTime:0.000860s ]
INFO: [ app_begin ] --END-- [ RunTime:0.000996s ]
SQL: SHOW COLUMNS FROM `vue-serverproduct` [ RunTime:0.0045s ]
NOTIC: [2] Missing argument 1 for Think\Model::where(), called in J:\xampp\htdocs\NHKJW\Application\Home\Controller\IndexController.class.php on line 59 and defined J:\xampp\htdocs\NHKJW\ThinkPHP\Library\Think\Model.class.php 第 1797 行.
NOTIC: [8] Undefined variable: where J:\xampp\htdocs\NHKJW\ThinkPHP\Library\Think\Model.class.php 第 1805 行.
NOTIC: [8] Undefined variable: where J:\xampp\htdocs\NHKJW\ThinkPHP\Library\Think\Model.class.php 第 1808 行.
NOTIC: [8] Undefined variable: where J:\xampp\htdocs\NHKJW\ThinkPHP\Library\Think\Model.class.php 第 1816 行.
SQL: SELECT * FROM `vue-serverproduct`  [ RunTime:0.0007s ]

[ 2018-11-18T21:33:15+08:00 ] ::1 /nhkjw/index.php/Home/index/homeServerProduct
INFO: [ app_init ] --START--
INFO: Run Behavior\BuildLiteBehavior [ RunTime:0.000016s ]
INFO: [ app_init ] --END-- [ RunTime:0.002488s ]
INFO: [ app_begin ] --START--
INFO: Run Behavior\ReadHtmlCacheBehavior [ RunTime:0.000404s ]
INFO: [ app_begin ] --END-- [ RunTime:0.000460s ]
SQL: SHOW COLUMNS FROM `vue-serverproduct` [ RunTime:0.0045s ]
NOTIC: [2] Missing argument 1 for Think\Model::where(), called in J:\xampp\htdocs\NHKJW\Application\Home\Controller\IndexController.class.php on line 59 and defined J:\xampp\htdocs\NHKJW\ThinkPHP\Library\Think\Model.class.php 第 1797 行.
NOTIC: [8] Undefined variable: where J:\xampp\htdocs\NHKJW\ThinkPHP\Library\Think\Model.class.php 第 1805 行.
NOTIC: [8] Undefined variable: where J:\xampp\htdocs\NHKJW\ThinkPHP\Library\Think\Model.class.php 第 1808 行.
NOTIC: [8] Undefined variable: where J:\xampp\htdocs\NHKJW\ThinkPHP\Library\Think\Model.class.php 第 1816 行.
SQL: SELECT * FROM `vue-serverproduct`  [ RunTime:0.0012s ]

[ 2018-11-18T21:33:20+08:00 ] ::1 /nhkjw/index.php/Home/index/ceshi
INFO: [ app_init ] --START--
INFO: Run Behavior\BuildLiteBehavior [ RunTime:0.000020s ]
INFO: [ app_init ] --END-- [ RunTime:0.000436s ]
INFO: [ app_begin ] --START--
INFO: Run Behavior\ReadHtmlCacheBehavior [ RunTime:0.000504s ]
INFO: [ app_begin ] --END-- [ RunTime:0.000592s ]
SQL: SHOW COLUMNS FROM `vue-productlist` [ RunTime:0.0035s ]
SQL: SELECT * FROM `vue-productlist`  [ RunTime:0.0003s ]

[ 2018-11-18T21:33:21+08:00 ] ::1 /nhkjw/index.php/Home/index/homeServerProduct
INFO: [ app_init ] --START--
INFO: Run Behavior\BuildLiteBehavior [ RunTime:0.000013s ]
INFO: [ app_init ] --END-- [ RunTime:0.000314s ]
INFO: [ app_begin ] --START--
INFO: Run Behavior\ReadHtmlCacheBehavior [ RunTime:0.000516s ]
INFO: [ app_begin ] --END-- [ RunTime:0.000573s ]
SQL: SHOW COLUMNS FROM `vue-serverproduct` [ RunTime:0.0038s ]
NOTIC: [2] Missing argument 1 for Think\Model::where(), called in J:\xampp\htdocs\NHKJW\Application\Home\Controller\IndexController.class.php on line 59 and defined J:\xampp\htdocs\NHKJW\ThinkPHP\Library\Think\Model.class.php 第 1797 行.
NOTIC: [8] Undefined variable: where J:\xampp\htdocs\NHKJW\ThinkPHP\Library\Think\Model.class.php 第 1805 行.
NOTIC: [8] Undefined variable: where J:\xampp\htdocs\NHKJW\ThinkPHP\Library\Think\Model.class.php 第 1808 行.
NOTIC: [8] Undefined variable: where J:\xampp\htdocs\NHKJW\ThinkPHP\Library\Think\Model.class.php 第 1816 行.
SQL: SELECT * FROM `vue-serverproduct`  [ RunTime:0.0008s ]

[ 2018-11-18T21:33:46+08:00 ] ::1 /nhkjw/index.php/Home/index/homeServerProduct
INFO: [ app_init ] --START--
INFO: Run Behavior\BuildLiteBehavior [ RunTime:0.000021s ]
INFO: [ app_init ] --END-- [ RunTime:0.000417s ]
INFO: [ app_begin ] --START--
INFO: Run Behavior\ReadHtmlCacheBehavior [ RunTime:0.000845s ]
INFO: [ app_begin ] --END-- [ RunTime:0.001007s ]
SQL: SHOW COLUMNS FROM `vue-serverproduct` [ RunTime:0.0048s ]
NOTIC: [2] Missing argument 1 for Think\Model::where(), called in J:\xampp\htdocs\NHKJW\Application\Home\Controller\IndexController.class.php on line 59 and defined J:\xampp\htdocs\NHKJW\ThinkPHP\Library\Think\Model.class.php 第 1797 行.
NOTIC: [8] Undefined variable: where J:\xampp\htdocs\NHKJW\ThinkPHP\Library\Think\Model.class.php 第 1805 行.
NOTIC: [8] Undefined variable: where J:\xampp\htdocs\NHKJW\ThinkPHP\Library\Think\Model.class.php 第 1808 行.
NOTIC: [8] Undefined variable: where J:\xampp\htdocs\NHKJW\ThinkPHP\Library\Think\Model.class.php 第 1816 行.
SQL: SELECT * FROM `vue-serverproduct`  [ RunTime:0.0009s ]

[ 2018-11-18T21:37:28+08:00 ] ::1 /nhkjw/index.php/Home/index/homeServerProduct
INFO: [ app_init ] --START--
INFO: Run Behavior\BuildLiteBehavior [ RunTime:0.000018s ]
INFO: [ app_init ] --END-- [ RunTime:0.000512s ]
INFO: [ app_begin ] --START--
INFO: Run Behavior\ReadHtmlCacheBehavior [ RunTime:0.000563s ]
INFO: [ app_begin ] --END-- [ RunTime:0.000617s ]
SQL: SHOW COLUMNS FROM `vue-serverproduct` [ RunTime:0.0040s ]
NOTIC: [2] Missing argument 1 for Think\Model::where(), called in J:\xampp\htdocs\NHKJW\Application\Home\Controller\IndexController.class.php on line 59 and defined J:\xampp\htdocs\NHKJW\ThinkPHP\Library\Think\Model.class.php 第 1797 行.
NOTIC: [8] Undefined variable: where J:\xampp\htdocs\NHKJW\ThinkPHP\Library\Think\Model.class.php 第 1805 行.
NOTIC: [8] Undefined variable: where J:\xampp\htdocs\NHKJW\ThinkPHP\Library\Think\Model.class.php 第 1808 行.
NOTIC: [8] Undefined variable: where J:\xampp\htdocs\NHKJW\ThinkPHP\Library\Think\Model.class.php 第 1816 行.
SQL: SELECT * FROM `vue-serverproduct`  [ RunTime:0.0006s ]

[ 2018-11-18T21:38:54+08:00 ] ::1 /nhkjw/index.php/Home/index/homeServerProduct
INFO: [ app_init ] --START--
INFO: Run Behavior\BuildLiteBehavior [ RunTime:0.000015s ]
INFO: [ app_init ] --END-- [ RunTime:0.000405s ]
INFO: [ app_begin ] --START--
INFO: Run Behavior\ReadHtmlCacheBehavior [ RunTime:0.000616s ]
INFO: [ app_begin ] --END-- [ RunTime:0.000677s ]
SQL: SHOW COLUMNS FROM `vue-serverproduct` [ RunTime:0.0047s ]
NOTIC: [2] Missing argument 1 for Think\Model::where(), called in J:\xampp\htdocs\NHKJW\Application\Home\Controller\IndexController.class.php on line 59 and defined J:\xampp\htdocs\NHKJW\ThinkPHP\Library\Think\Model.class.php 第 1797 行.
NOTIC: [8] Undefined variable: where J:\xampp\htdocs\NHKJW\ThinkPHP\Library\Think\Model.class.php 第 1805 行.
NOTIC: [8] Undefined variable: where J:\xampp\htdocs\NHKJW\ThinkPHP\Library\Think\Model.class.php 第 1808 行.
NOTIC: [8] Undefined variable: where J:\xampp\htdocs\NHKJW\ThinkPHP\Library\Think\Model.class.php 第 1816 行.
SQL: SELECT * FROM `vue-serverproduct`  [ RunTime:0.0010s ]

[ 2018-11-18T21:39:03+08:00 ] ::1 /nhkjw/index.php/Home/index/homeServerProduct
INFO: [ app_init ] --START--
INFO: Run Behavior\BuildLiteBehavior [ RunTime:0.000017s ]
INFO: [ app_init ] --END-- [ RunTime:0.000436s ]
INFO: [ app_begin ] --START--
INFO: Run Behavior\ReadHtmlCacheBehavior [ RunTime:0.002193s ]
INFO: [ app_begin ] --END-- [ RunTime:0.002302s ]
SQL: SHOW COLUMNS FROM `vue-serverproduct` [ RunTime:0.0051s ]
NOTIC: [2] Missing argument 1 for Think\Model::where(), called in J:\xampp\htdocs\NHKJW\Application\Home\Controller\IndexController.class.php on line 59 and defined J:\xampp\htdocs\NHKJW\ThinkPHP\Library\Think\Model.class.php 第 1797 行.
NOTIC: [8] Undefined variable: where J:\xampp\htdocs\NHKJW\ThinkPHP\Library\Think\Model.class.php 第 1805 行.
NOTIC: [8] Undefined variable: where J:\xampp\htdocs\NHKJW\ThinkPHP\Library\Think\Model.class.php 第 1808 行.
NOTIC: [8] Undefined variable: where J:\xampp\htdocs\NHKJW\ThinkPHP\Library\Think\Model.class.php 第 1816 行.
SQL: SELECT * FROM `vue-serverproduct`  [ RunTime:0.0010s ]

[ 2018-11-18T21:39:08+08:00 ] ::1 /nhkjw/index.php/Home/index/Producmodify
INFO: [ app_init ] --START--
INFO: Run Behavior\BuildLiteBehavior [ RunTime:0.000042s ]
INFO: [ app_init ] --END-- [ RunTime:0.000581s ]
INFO: [ app_begin ] --START--
INFO: Run Behavior\ReadHtmlCacheBehavior [ RunTime:0.000810s ]
INFO: [ app_begin ] --END-- [ RunTime:0.001065s ]
SQL: SHOW COLUMNS FROM `vue-product` [ RunTime:0.0049s ]
SQL: SELECT * FROM `vue-product` WHERE `productID` = '3'  [ RunTime:0.0010s ]
SQL: SHOW COLUMNS FROM `vue-serverproductdateattribute` [ RunTime:0.0057s ]
SQL: SELECT * FROM `vue-serverproductdateattribute` WHERE `productID` = 1  [ RunTime:0.0007s ]

[ 2018-11-18T21:39:11+08:00 ] ::1 /nhkjw/index.php/Home/index/homeServerProduct
INFO: [ app_init ] --START--
INFO: Run Behavior\BuildLiteBehavior [ RunTime:0.000014s ]
INFO: [ app_init ] --END-- [ RunTime:0.000368s ]
INFO: [ app_begin ] --START--
INFO: Run Behavior\ReadHtmlCacheBehavior [ RunTime:0.000446s ]
INFO: [ app_begin ] --END-- [ RunTime:0.000495s ]
SQL: SHOW COLUMNS FROM `vue-serverproduct` [ RunTime:0.0061s ]
NOTIC: [2] Missing argument 1 for Think\Model::where(), called in J:\xampp\htdocs\NHKJW\Application\Home\Controller\IndexController.class.php on line 59 and defined J:\xampp\htdocs\NHKJW\ThinkPHP\Library\Think\Model.class.php 第 1797 行.
NOTIC: [8] Undefined variable: where J:\xampp\htdocs\NHKJW\ThinkPHP\Library\Think\Model.class.php 第 1805 行.
NOTIC: [8] Undefined variable: where J:\xampp\htdocs\NHKJW\ThinkPHP\Library\Think\Model.class.php 第 1808 行.
NOTIC: [8] Undefined variable: where J:\xampp\htdocs\NHKJW\ThinkPHP\Library\Think\Model.class.php 第 1816 行.
SQL: SELECT * FROM `vue-serverproduct`  [ RunTime:0.0014s ]

