[ 2018-11-30T00:04:39+08:00 ] ::1 /nhkjw/null
INFO: [ app_init ] --START--
INFO: Run Behavior\BuildLiteBehavior [ RunTime:0.000011s ]
INFO: [ app_init ] --END-- [ RunTime:0.000409s ]
ERR: 无法加载模块:Null

[ 2018-11-30T13:15:24+08:00 ] ::1 /nhkjw./Public/Uploads/20181129/25220_215108_3296.png
INFO: [ app_init ] --START--
INFO: Run Behavior\BuildLiteBehavior [ RunTime:0.000012s ]
INFO: [ app_init ] --END-- [ RunTime:0.000366s ]
ERR: 无法加载模块:Public

[ 2018-11-30T13:16:24+08:00 ] ::1 /nhkjw./Public/Uploads/20181129/25220_215108_3296.png
INFO: [ app_init ] --START--
INFO: Run Behavior\BuildLiteBehavior [ RunTime:0.000009s ]
INFO: [ app_init ] --END-- [ RunTime:0.000270s ]
ERR: 无法加载模块:Public

[ 2018-11-30T13:23:57+08:00 ] ::1 /nhkjw./Public/Uploads/20181129/25220_215108_3296.png
INFO: [ app_init ] --START--
INFO: Run Behavior\BuildLiteBehavior [ RunTime:0.000015s ]
INFO: [ app_init ] --END-- [ RunTime:0.005264s ]
ERR: 无法加载模块:Public

[ 2018-11-30T13:51:17+08:00 ] ::1 /nhkjw/ADMIN_PUBLIC/bundle.js
INFO: [ app_init ] --START--
INFO: Run Behavior\BuildLiteBehavior [ RunTime:0.000023s ]
INFO: [ app_init ] --END-- [ RunTime:0.000623s ]
ERR: 无法加载模块:ADMIN_PUBLIC

[ 2018-11-30T14:05:16+08:00 ] ::1 /nhkjw/dump(dirnae(_FILE_))bundle.js
INFO: [ app_init ] --START--
INFO: Run Behavior\BuildLiteBehavior [ RunTime:0.000013s ]
INFO: [ app_init ] --END-- [ RunTime:0.000342s ]
ERR: 无法加载模块:Dump(dirnae(_FILE_))bundle

[ 2018-11-30T14:05:16+08:00 ] ::1 /nhkjw/images/favicon.ico
INFO: [ app_init ] --START--
INFO: Run Behavior\BuildLiteBehavior [ RunTime:0.000016s ]
INFO: [ app_init ] --END-- [ RunTime:0.000409s ]
ERR: 无法加载模块:Images

[ 2018-11-30T14:15:07+08:00 ] ::1 /nhkjw/HOME_PUBLIC/bundle.js
INFO: [ app_init ] --START--
INFO: Run Behavior\BuildLiteBehavior [ RunTime:0.000030s ]
INFO: [ app_init ] --END-- [ RunTime:0.000837s ]
ERR: 无法加载模块:HOME_PUBLIC

[ 2018-11-30T14:16:18+08:00 ] ::1 /nhkjw./Public/Uploads/20181129/25220_215108_3296.png
INFO: [ app_init ] --START--
INFO: Run Behavior\BuildLiteBehavior [ RunTime:0.000132s ]
INFO: [ app_init ] --END-- [ RunTime:0.001166s ]
ERR: 无法加载模块:Public

[ 2018-11-30T14:16:38+08:00 ] ::1 /nhkjw./Public/Uploads/20181129/25220_215108_3296.png
INFO: [ app_init ] --START--
INFO: Run Behavior\BuildLiteBehavior [ RunTime:0.000016s ]
INFO: [ app_init ] --END-- [ RunTime:0.000442s ]
ERR: 无法加载模块:Public

[ 2018-11-30T14:17:13+08:00 ] ::1 /nhkjw./Public/Uploads/20181129/25220_215108_3296.png
INFO: [ app_init ] --START--
INFO: Run Behavior\BuildLiteBehavior [ RunTime:0.000009s ]
INFO: [ app_init ] --END-- [ RunTime:0.000269s ]
ERR: 无法加载模块:Public

[ 2018-11-30T14:17:29+08:00 ] ::1 /nhkjw./Public/Uploads/20181129/25220_215108_3296.png
INFO: [ app_init ] --START--
INFO: Run Behavior\BuildLiteBehavior [ RunTime:0.000013s ]
INFO: [ app_init ] --END-- [ RunTime:0.000420s ]
ERR: 无法加载模块:Public

[ 2018-11-30T14:25:42+08:00 ] ::1 /nhkjw./Public/Uploads/20181129/25220_215108_3296.png
INFO: [ app_init ] --START--
INFO: Run Behavior\BuildLiteBehavior [ RunTime:0.000012s ]
INFO: [ app_init ] --END-- [ RunTime:0.000373s ]
ERR: 无法加载模块:Public

[ 2018-11-30T14:25:52+08:00 ] ::1 /nhkjw./Public/Uploads/20181129/25220_215108_3296.png
INFO: [ app_init ] --START--
INFO: Run Behavior\BuildLiteBehavior [ RunTime:0.000020s ]
INFO: [ app_init ] --END-- [ RunTime:0.000357s ]
ERR: 无法加载模块:Public

[ 2018-11-30T14:26:17+08:00 ] ::1 /nhkjw./Public/Uploads/20181129/25220_215108_3296.png
INFO: [ app_init ] --START--
INFO: Run Behavior\BuildLiteBehavior [ RunTime:0.000014s ]
INFO: [ app_init ] --END-- [ RunTime:0.000402s ]
ERR: 无法加载模块:Public

[ 2018-11-30T14:26:55+08:00 ] ::1 /nhkjw./Public/Uploads/20181129/25220_215108_3296.png
INFO: [ app_init ] --START--
INFO: Run Behavior\BuildLiteBehavior [ RunTime:0.000012s ]
INFO: [ app_init ] --END-- [ RunTime:0.000383s ]
ERR: 无法加载模块:Public

[ 2018-11-30T14:33:25+08:00 ] ::1 /nhkjw/Application/Home/Publicbundle.js
INFO: [ app_init ] --START--
INFO: Run Behavior\BuildLiteBehavior [ RunTime:0.000014s ]
INFO: [ app_init ] --END-- [ RunTime:0.000455s ]
ERR: 无法加载模块:Application

[ 2018-11-30T14:33:49+08:00 ] ::1 /nhkjw./Public/Uploads/20181129/25220_215108_3296.png
INFO: [ app_init ] --START--
INFO: Run Behavior\BuildLiteBehavior [ RunTime:0.000019s ]
INFO: [ app_init ] --END-- [ RunTime:0.000496s ]
ERR: 无法加载模块:Public

[ 2018-11-30T14:35:16+08:00 ] ::1 /nhkjw./Public/Uploads/20181129/25220_215108_3296.png
INFO: [ app_init ] --START--
INFO: Run Behavior\BuildLiteBehavior [ RunTime:0.000021s ]
INFO: [ app_init ] --END-- [ RunTime:0.000655s ]
ERR: 无法加载模块:Public

[ 2018-11-30T14:35:26+08:00 ] ::1 /nhkjw./Public/Uploads/20181129/25220_215108_3296.png
INFO: [ app_init ] --START--
INFO: Run Behavior\BuildLiteBehavior [ RunTime:0.000030s ]
INFO: [ app_init ] --END-- [ RunTime:0.001024s ]
ERR: 无法加载模块:Public

[ 2018-11-30T14:38:12+08:00 ] ::1 /nhkjw/Application/Home/Publicbundle.js
INFO: [ app_init ] --START--
INFO: Run Behavior\BuildLiteBehavior [ RunTime:0.000012s ]
INFO: [ app_init ] --END-- [ RunTime:0.000360s ]
ERR: 无法加载模块:Application

[ 2018-11-30T14:38:14+08:00 ] ::1 /nhkjw/Application/Home/Publicbundle.js
INFO: [ app_init ] --START--
INFO: Run Behavior\BuildLiteBehavior [ RunTime:0.000014s ]
INFO: [ app_init ] --END-- [ RunTime:0.000356s ]
ERR: 无法加载模块:Application

[ 2018-11-30T14:38:14+08:00 ] ::1 /nhkjw/Application/Home/Publicbundle.js
INFO: [ app_init ] --START--
INFO: Run Behavior\BuildLiteBehavior [ RunTime:0.000016s ]
INFO: [ app_init ] --END-- [ RunTime:0.000508s ]
ERR: 无法加载模块:Application

[ 2018-11-30T14:38:14+08:00 ] ::1 /nhkjw/Application/Home/Publicbundle.js
INFO: [ app_init ] --START--
INFO: Run Behavior\BuildLiteBehavior [ RunTime:0.000013s ]
INFO: [ app_init ] --END-- [ RunTime:0.000358s ]
ERR: 无法加载模块:Application

[ 2018-11-30T14:38:14+08:00 ] ::1 /nhkjw/Application/Home/Publicbundle.js
INFO: [ app_init ] --START--
INFO: Run Behavior\BuildLiteBehavior [ RunTime:0.000034s ]
INFO: [ app_init ] --END-- [ RunTime:0.000730s ]
ERR: 无法加载模块:Application

[ 2018-11-30T14:38:15+08:00 ] ::1 /nhkjw/Application/Home/Publicbundle.js
INFO: [ app_init ] --START--
INFO: Run Behavior\BuildLiteBehavior [ RunTime:0.000018s ]
INFO: [ app_init ] --END-- [ RunTime:0.000430s ]
ERR: 无法加载模块:Application

[ 2018-11-30T14:38:17+08:00 ] ::1 /nhkjw/Application/Home/Publicbundle.js
INFO: [ app_init ] --START--
INFO: Run Behavior\BuildLiteBehavior [ RunTime:0.000014s ]
INFO: [ app_init ] --END-- [ RunTime:0.000356s ]
ERR: 无法加载模块:Application

[ 2018-11-30T14:38:49+08:00 ] ::1 /nhkjw./Public/Uploads/20181129/25220_215108_3296.png
INFO: [ app_init ] --START--
INFO: Run Behavior\BuildLiteBehavior [ RunTime:0.000012s ]
INFO: [ app_init ] --END-- [ RunTime:0.000361s ]
ERR: 无法加载模块:Public

[ 2018-11-30T14:50:04+08:00 ] ::1 /nhkjw/Application/Home/Public/static/css/app.23fb10df981fb5840b8293673ad8ea7a.css
INFO: [ app_init ] --START--
INFO: Run Behavior\BuildLiteBehavior [ RunTime:0.000020s ]
INFO: [ app_init ] --END-- [ RunTime:0.000419s ]
ERR: 无法加载模块:Application

[ 2018-11-30T14:50:04+08:00 ] ::1 /nhkjw/Application/Home/Public/static/js/vendor.d382b4c157dff0f48ecf.js
INFO: [ app_init ] --START--
INFO: Run Behavior\BuildLiteBehavior [ RunTime:0.000017s ]
INFO: [ app_init ] --END-- [ RunTime:0.000556s ]
ERR: 无法加载模块:Application

[ 2018-11-30T14:50:04+08:00 ] ::1 /nhkjw/Application/Home/Public/static/js/app.283a7859fcfc631df294.js
INFO: [ app_init ] --START--
INFO: Run Behavior\BuildLiteBehavior [ RunTime:0.000014s ]
INFO: [ app_init ] --END-- [ RunTime:0.000411s ]
ERR: 无法加载模块:Application

[ 2018-11-30T14:50:04+08:00 ] ::1 /nhkjw/Application/Home/Public/static/js/manifest.b178a072aa46182474d0.js
INFO: [ app_init ] --START--
INFO: Run Behavior\BuildLiteBehavior [ RunTime:0.000014s ]
INFO: [ app_init ] --END-- [ RunTime:0.000476s ]
ERR: 无法加载模块:Application

[ 2018-11-30T14:50:04+08:00 ] ::1 /nhkjw/Application/Home/Public/static/js/vendor.d382b4c157dff0f48ecf.js
INFO: [ app_init ] --START--
INFO: Run Behavior\BuildLiteBehavior [ RunTime:0.000012s ]
INFO: [ app_init ] --END-- [ RunTime:0.000320s ]
ERR: 无法加载模块:Application

[ 2018-11-30T14:50:04+08:00 ] ::1 /nhkjw/Application/Home/Public/static/js/app.283a7859fcfc631df294.js
INFO: [ app_init ] --START--
INFO: Run Behavior\BuildLiteBehavior [ RunTime:0.000012s ]
INFO: [ app_init ] --END-- [ RunTime:0.000386s ]
ERR: 无法加载模块:Application

[ 2018-11-30T14:50:08+08:00 ] ::1 /nhkjw/Application/Home/Public/static/js/app.283a7859fcfc631df294.js
INFO: [ app_init ] --START--
INFO: Run Behavior\BuildLiteBehavior [ RunTime:0.000014s ]
INFO: [ app_init ] --END-- [ RunTime:0.000394s ]
ERR: 无法加载模块:Application

[ 2018-11-30T14:50:08+08:00 ] ::1 /nhkjw/Application/Home/Public/static/css/app.23fb10df981fb5840b8293673ad8ea7a.css
INFO: [ app_init ] --START--
INFO: Run Behavior\BuildLiteBehavior [ RunTime:0.000013s ]
INFO: [ app_init ] --END-- [ RunTime:0.000330s ]
ERR: 无法加载模块:Application

[ 2018-11-30T14:50:08+08:00 ] ::1 /nhkjw/Application/Home/Public/static/js/vendor.d382b4c157dff0f48ecf.js
INFO: [ app_init ] --START--
INFO: Run Behavior\BuildLiteBehavior [ RunTime:0.000020s ]
INFO: [ app_init ] --END-- [ RunTime:0.001568s ]
ERR: 无法加载模块:Application

[ 2018-11-30T14:50:08+08:00 ] ::1 /nhkjw/Application/Home/Public/static/js/manifest.b178a072aa46182474d0.js
INFO: [ app_init ] --START--
INFO: Run Behavior\BuildLiteBehavior [ RunTime:0.000026s ]
INFO: [ app_init ] --END-- [ RunTime:0.001447s ]
ERR: 无法加载模块:Application

[ 2018-11-30T14:50:08+08:00 ] ::1 /nhkjw/Application/Home/Public/static/js/vendor.d382b4c157dff0f48ecf.js
INFO: [ app_init ] --START--
INFO: Run Behavior\BuildLiteBehavior [ RunTime:0.000014s ]
INFO: [ app_init ] --END-- [ RunTime:0.000373s ]
ERR: 无法加载模块:Application

[ 2018-11-30T14:50:08+08:00 ] ::1 /nhkjw/Application/Home/Public/static/js/app.283a7859fcfc631df294.js
INFO: [ app_init ] --START--
INFO: Run Behavior\BuildLiteBehavior [ RunTime:0.000017s ]
INFO: [ app_init ] --END-- [ RunTime:0.000548s ]
ERR: 无法加载模块:Application

[ 2018-11-30T14:50:09+08:00 ] ::1 /nhkjw/Application/Home/Public/static/js/app.283a7859fcfc631df294.js
INFO: [ app_init ] --START--
INFO: Run Behavior\BuildLiteBehavior [ RunTime:0.000020s ]
INFO: [ app_init ] --END-- [ RunTime:0.000518s ]
ERR: 无法加载模块:Application

[ 2018-11-30T14:50:09+08:00 ] ::1 /nhkjw/Application/Home/Public/static/js/vendor.d382b4c157dff0f48ecf.js
INFO: [ app_init ] --START--
INFO: Run Behavior\BuildLiteBehavior [ RunTime:0.000054s ]
INFO: [ app_init ] --END-- [ RunTime:0.000527s ]
ERR: 无法加载模块:Application

[ 2018-11-30T14:50:09+08:00 ] ::1 /nhkjw/Application/Home/Public/static/js/manifest.b178a072aa46182474d0.js
INFO: [ app_init ] --START--
INFO: Run Behavior\BuildLiteBehavior [ RunTime:0.000012s ]
INFO: [ app_init ] --END-- [ RunTime:0.000310s ]
ERR: 无法加载模块:Application

[ 2018-11-30T14:50:09+08:00 ] ::1 /nhkjw/Application/Home/Public/static/css/app.23fb10df981fb5840b8293673ad8ea7a.css
INFO: [ app_init ] --START--
INFO: Run Behavior\BuildLiteBehavior [ RunTime:0.000010s ]
INFO: [ app_init ] --END-- [ RunTime:0.000277s ]
ERR: 无法加载模块:Application

[ 2018-11-30T14:50:09+08:00 ] ::1 /nhkjw/Application/Home/Public/static/js/vendor.d382b4c157dff0f48ecf.js
INFO: [ app_init ] --START--
INFO: Run Behavior\BuildLiteBehavior [ RunTime:0.000010s ]
INFO: [ app_init ] --END-- [ RunTime:0.000269s ]
ERR: 无法加载模块:Application

[ 2018-11-30T14:50:09+08:00 ] ::1 /nhkjw/Application/Home/Public/static/js/app.283a7859fcfc631df294.js
INFO: [ app_init ] --START--
INFO: Run Behavior\BuildLiteBehavior [ RunTime:0.000010s ]
INFO: [ app_init ] --END-- [ RunTime:0.000315s ]
ERR: 无法加载模块:Application

[ 2018-11-30T14:50:10+08:00 ] ::1 /nhkjw/Application/Home/Public/static/css/app.23fb10df981fb5840b8293673ad8ea7a.css
INFO: [ app_init ] --START--
INFO: Run Behavior\BuildLiteBehavior [ RunTime:0.000019s ]
INFO: [ app_init ] --END-- [ RunTime:0.000517s ]
ERR: 无法加载模块:Application

[ 2018-11-30T14:50:10+08:00 ] ::1 /nhkjw/Application/Home/Public/static/js/app.283a7859fcfc631df294.js
INFO: [ app_init ] --START--
INFO: Run Behavior\BuildLiteBehavior [ RunTime:0.000011s ]
INFO: [ app_init ] --END-- [ RunTime:0.000383s ]
ERR: 无法加载模块:Application

[ 2018-11-30T14:50:10+08:00 ] ::1 /nhkjw/Application/Home/Public/static/js/vendor.d382b4c157dff0f48ecf.js
INFO: [ app_init ] --START--
INFO: Run Behavior\BuildLiteBehavior [ RunTime:0.000014s ]
INFO: [ app_init ] --END-- [ RunTime:0.000458s ]
ERR: 无法加载模块:Application

[ 2018-11-30T14:50:10+08:00 ] ::1 /nhkjw/Application/Home/Public/static/js/manifest.b178a072aa46182474d0.js
INFO: [ app_init ] --START--
INFO: Run Behavior\BuildLiteBehavior [ RunTime:0.000012s ]
INFO: [ app_init ] --END-- [ RunTime:0.000348s ]
ERR: 无法加载模块:Application

[ 2018-11-30T14:50:10+08:00 ] ::1 /nhkjw/Application/Home/Public/static/js/vendor.d382b4c157dff0f48ecf.js
INFO: [ app_init ] --START--
INFO: Run Behavior\BuildLiteBehavior [ RunTime:0.000012s ]
INFO: [ app_init ] --END-- [ RunTime:0.000333s ]
ERR: 无法加载模块:Application

[ 2018-11-30T14:50:10+08:00 ] ::1 /nhkjw/Application/Home/Public/static/js/app.283a7859fcfc631df294.js
INFO: [ app_init ] --START--
INFO: Run Behavior\BuildLiteBehavior [ RunTime:0.000011s ]
INFO: [ app_init ] --END-- [ RunTime:0.000303s ]
ERR: 无法加载模块:Application

[ 2018-11-30T14:50:12+08:00 ] ::1 /nhkjw/Application/Home/Public/static/css/app.23fb10df981fb5840b8293673ad8ea7a.css
INFO: [ app_init ] --START--
INFO: Run Behavior\BuildLiteBehavior [ RunTime:0.000012s ]
INFO: [ app_init ] --END-- [ RunTime:0.000327s ]
ERR: 无法加载模块:Application

[ 2018-11-30T14:50:56+08:00 ] ::1 /nhkjw/static/js/9.50c90d6cd476836a37aa.js
INFO: [ app_init ] --START--
INFO: Run Behavior\BuildLiteBehavior [ RunTime:0.000010s ]
INFO: [ app_init ] --END-- [ RunTime:0.000278s ]
ERR: 无法加载模块:Static

[ 2018-11-30T14:51:00+08:00 ] ::1 /nhkjw/static/js/9.50c90d6cd476836a37aa.js
INFO: [ app_init ] --START--
INFO: Run Behavior\BuildLiteBehavior [ RunTime:0.000017s ]
INFO: [ app_init ] --END-- [ RunTime:0.000589s ]
ERR: 无法加载模块:Static

[ 2018-11-30T14:51:30+08:00 ] ::1 /nhkjw/static/js/9.50c90d6cd476836a37aa.js
INFO: [ app_init ] --START--
INFO: Run Behavior\BuildLiteBehavior [ RunTime:0.000038s ]
INFO: [ app_init ] --END-- [ RunTime:0.001253s ]
ERR: 无法加载模块:Static

[ 2018-11-30T14:51:31+08:00 ] ::1 /nhkjw/static/js/9.50c90d6cd476836a37aa.js
INFO: [ app_init ] --START--
INFO: Run Behavior\BuildLiteBehavior [ RunTime:0.000022s ]
INFO: [ app_init ] --END-- [ RunTime:0.000775s ]
ERR: 无法加载模块:Static

[ 2018-11-30T14:53:12+08:00 ] ::1 /nhkjw/static/js/9.50c90d6cd476836a37aa.js
INFO: [ app_init ] --START--
INFO: Run Behavior\BuildLiteBehavior [ RunTime:0.000012s ]
INFO: [ app_init ] --END-- [ RunTime:0.000364s ]
ERR: 无法加载模块:Static

[ 2018-11-30T14:54:53+08:00 ] ::1 /nhkjw/static/js/9.50c90d6cd476836a37aa.js
INFO: [ app_init ] --START--
INFO: Run Behavior\BuildLiteBehavior [ RunTime:0.000031s ]
INFO: [ app_init ] --END-- [ RunTime:0.000910s ]
ERR: 无法加载模块:Static

[ 2018-11-30T14:55:10+08:00 ] ::1 /nhkjw/static/js/9.50c90d6cd476836a37aa.js
INFO: [ app_init ] --START--
INFO: Run Behavior\BuildLiteBehavior [ RunTime:0.000012s ]
INFO: [ app_init ] --END-- [ RunTime:0.000391s ]
ERR: 无法加载模块:Static

[ 2018-11-30T14:56:38+08:00 ] ::1 /nhkjw/static/js/9.50c90d6cd476836a37aa.js
INFO: [ app_init ] --START--
INFO: Run Behavior\BuildLiteBehavior [ RunTime:0.000012s ]
INFO: [ app_init ] --END-- [ RunTime:0.000369s ]
ERR: 无法加载模块:Static

[ 2018-11-30T14:57:16+08:00 ] ::1 /nhkjw/static/js/9.50c90d6cd476836a37aa.js
INFO: [ app_init ] --START--
INFO: Run Behavior\BuildLiteBehavior [ RunTime:0.000014s ]
INFO: [ app_init ] --END-- [ RunTime:0.000321s ]
ERR: 无法加载模块:Static

[ 2018-11-30T14:57:17+08:00 ] ::1 /nhkjw/static/js/9.50c90d6cd476836a37aa.js
INFO: [ app_init ] --START--
INFO: Run Behavior\BuildLiteBehavior [ RunTime:0.000012s ]
INFO: [ app_init ] --END-- [ RunTime:0.000294s ]
ERR: 无法加载模块:Static

[ 2018-11-30T14:57:17+08:00 ] ::1 /nhkjw/static/js/9.50c90d6cd476836a37aa.js
INFO: [ app_init ] --START--
INFO: Run Behavior\BuildLiteBehavior [ RunTime:0.000015s ]
INFO: [ app_init ] --END-- [ RunTime:0.000392s ]
ERR: 无法加载模块:Static

[ 2018-11-30T14:58:07+08:00 ] ::1 /nhkjw/static/js/9.50c90d6cd476836a37aa.js
INFO: [ app_init ] --START--
INFO: Run Behavior\BuildLiteBehavior [ RunTime:0.000011s ]
INFO: [ app_init ] --END-- [ RunTime:0.000307s ]
ERR: 无法加载模块:Static

[ 2018-11-30T14:58:15+08:00 ] ::1 /nhkjw/static/js/9.50c90d6cd476836a37aa.js
INFO: [ app_init ] --START--
INFO: Run Behavior\BuildLiteBehavior [ RunTime:0.000013s ]
INFO: [ app_init ] --END-- [ RunTime:0.000442s ]
ERR: 无法加载模块:Static

[ 2018-11-30T14:58:16+08:00 ] ::1 /nhkjw/static/js/9.50c90d6cd476836a37aa.js
INFO: [ app_init ] --START--
INFO: Run Behavior\BuildLiteBehavior [ RunTime:0.000023s ]
INFO: [ app_init ] --END-- [ RunTime:0.000542s ]
ERR: 无法加载模块:Static

[ 2018-11-30T14:58:17+08:00 ] ::1 /nhkjw/static/js/9.50c90d6cd476836a37aa.js
INFO: [ app_init ] --START--
INFO: Run Behavior\BuildLiteBehavior [ RunTime:0.000015s ]
INFO: [ app_init ] --END-- [ RunTime:0.000408s ]
ERR: 无法加载模块:Static

[ 2018-11-30T14:58:18+08:00 ] ::1 /nhkjw/static/js/9.50c90d6cd476836a37aa.js
INFO: [ app_init ] --START--
INFO: Run Behavior\BuildLiteBehavior [ RunTime:0.000019s ]
INFO: [ app_init ] --END-- [ RunTime:0.000449s ]
ERR: 无法加载模块:Static

[ 2018-11-30T14:58:19+08:00 ] ::1 /nhkjw/static/js/9.50c90d6cd476836a37aa.js
INFO: [ app_init ] --START--
INFO: Run Behavior\BuildLiteBehavior [ RunTime:0.000020s ]
INFO: [ app_init ] --END-- [ RunTime:0.000644s ]
ERR: 无法加载模块:Static

[ 2018-11-30T14:58:20+08:00 ] ::1 /nhkjw/static/js/9.50c90d6cd476836a37aa.js
INFO: [ app_init ] --START--
INFO: Run Behavior\BuildLiteBehavior [ RunTime:0.000014s ]
INFO: [ app_init ] --END-- [ RunTime:0.000345s ]
ERR: 无法加载模块:Static

[ 2018-11-30T14:58:42+08:00 ] ::1 /nhkjw/static/js/9.50c90d6cd476836a37aa.js
INFO: [ app_init ] --START--
INFO: Run Behavior\BuildLiteBehavior [ RunTime:0.000043s ]
INFO: [ app_init ] --END-- [ RunTime:0.000395s ]
ERR: 无法加载模块:Static

[ 2018-11-30T14:58:43+08:00 ] ::1 /nhkjw/static/js/9.50c90d6cd476836a37aa.js
INFO: [ app_init ] --START--
INFO: Run Behavior\BuildLiteBehavior [ RunTime:0.000066s ]
INFO: [ app_init ] --END-- [ RunTime:0.001393s ]
ERR: 无法加载模块:Static

[ 2018-11-30T14:59:10+08:00 ] ::1 /nhkjw/static/js/9.50c90d6cd476836a37aa.js
INFO: [ app_init ] --START--
INFO: Run Behavior\BuildLiteBehavior [ RunTime:0.000019s ]
INFO: [ app_init ] --END-- [ RunTime:0.000502s ]
ERR: 无法加载模块:Static

[ 2018-11-30T15:00:07+08:00 ] ::1 /nhkjw/static/js/9.50c90d6cd476836a37aa.js
INFO: [ app_init ] --START--
INFO: Run Behavior\BuildLiteBehavior [ RunTime:0.000025s ]
INFO: [ app_init ] --END-- [ RunTime:0.000505s ]
ERR: 无法加载模块:Static

[ 2018-11-30T15:00:08+08:00 ] ::1 /nhkjw/static/js/9.50c90d6cd476836a37aa.js
INFO: [ app_init ] --START--
INFO: Run Behavior\BuildLiteBehavior [ RunTime:0.000013s ]
INFO: [ app_init ] --END-- [ RunTime:0.000358s ]
ERR: 无法加载模块:Static

[ 2018-11-30T15:00:52+08:00 ] ::1 /nhkjw/static/css/app.23fb10df981fb5840b8293673ad8ea7a.css
INFO: [ app_init ] --START--
INFO: Run Behavior\BuildLiteBehavior [ RunTime:0.000012s ]
INFO: [ app_init ] --END-- [ RunTime:0.000320s ]
ERR: 无法加载模块:Static

[ 2018-11-30T15:00:52+08:00 ] ::1 /nhkjw/static/js/manifest.b178a072aa46182474d0.js
INFO: [ app_init ] --START--
INFO: Run Behavior\BuildLiteBehavior [ RunTime:0.000020s ]
INFO: [ app_init ] --END-- [ RunTime:0.000472s ]
ERR: 无法加载模块:Static

[ 2018-11-30T15:00:52+08:00 ] ::1 /nhkjw/static/js/app.283a7859fcfc631df294.js
INFO: [ app_init ] --START--
INFO: Run Behavior\BuildLiteBehavior [ RunTime:0.000011s ]
INFO: [ app_init ] --END-- [ RunTime:0.000385s ]
ERR: 无法加载模块:Static

[ 2018-11-30T15:00:52+08:00 ] ::1 /nhkjw/static/js/vendor.d382b4c157dff0f48ecf.js
INFO: [ app_init ] --START--
INFO: Run Behavior\BuildLiteBehavior [ RunTime:0.000011s ]
INFO: [ app_init ] --END-- [ RunTime:0.000294s ]
ERR: 无法加载模块:Static

[ 2018-11-30T15:00:52+08:00 ] ::1 /nhkjw/static/css/app.23fb10df981fb5840b8293673ad8ea7a.css
INFO: [ app_init ] --START--
INFO: Run Behavior\BuildLiteBehavior [ RunTime:0.000011s ]
INFO: [ app_init ] --END-- [ RunTime:0.000309s ]
ERR: 无法加载模块:Static

[ 2018-11-30T15:00:52+08:00 ] ::1 /nhkjw/static/js/manifest.b178a072aa46182474d0.js
INFO: [ app_init ] --START--
INFO: Run Behavior\BuildLiteBehavior [ RunTime:0.000018s ]
INFO: [ app_init ] --END-- [ RunTime:0.000465s ]
ERR: 无法加载模块:Static

[ 2018-11-30T15:00:52+08:00 ] ::1 /nhkjw/static/js/vendor.d382b4c157dff0f48ecf.js
INFO: [ app_init ] --START--
INFO: Run Behavior\BuildLiteBehavior [ RunTime:0.000021s ]
INFO: [ app_init ] --END-- [ RunTime:0.000731s ]
ERR: 无法加载模块:Static

[ 2018-11-30T15:00:52+08:00 ] ::1 /nhkjw/static/js/app.283a7859fcfc631df294.js
INFO: [ app_init ] --START--
INFO: Run Behavior\BuildLiteBehavior [ RunTime:0.000024s ]
INFO: [ app_init ] --END-- [ RunTime:0.000611s ]
ERR: 无法加载模块:Static

[ 2018-11-30T15:00:53+08:00 ] ::1 /nhkjw/static/js/vendor.d382b4c157dff0f48ecf.js
INFO: [ app_init ] --START--
INFO: Run Behavior\BuildLiteBehavior [ RunTime:0.000011s ]
INFO: [ app_init ] --END-- [ RunTime:0.000317s ]
ERR: 无法加载模块:Static

[ 2018-11-30T15:00:53+08:00 ] ::1 /nhkjw/static/js/manifest.b178a072aa46182474d0.js
INFO: [ app_init ] --START--
INFO: Run Behavior\BuildLiteBehavior [ RunTime:0.000482s ]
INFO: [ app_init ] --END-- [ RunTime:0.000782s ]
ERR: 无法加载模块:Static

[ 2018-11-30T15:00:53+08:00 ] ::1 /nhkjw/static/js/app.283a7859fcfc631df294.js
INFO: [ app_init ] --START--
INFO: Run Behavior\BuildLiteBehavior [ RunTime:0.000011s ]
INFO: [ app_init ] --END-- [ RunTime:0.000501s ]
ERR: 无法加载模块:Static

[ 2018-11-30T15:00:53+08:00 ] ::1 /nhkjw/static/css/app.23fb10df981fb5840b8293673ad8ea7a.css
INFO: [ app_init ] --START--
INFO: Run Behavior\BuildLiteBehavior [ RunTime:0.000011s ]
INFO: [ app_init ] --END-- [ RunTime:0.000298s ]
ERR: 无法加载模块:Static

[ 2018-11-30T15:00:53+08:00 ] ::1 /nhkjw/static/css/app.23fb10df981fb5840b8293673ad8ea7a.css
INFO: [ app_init ] --START--
INFO: Run Behavior\BuildLiteBehavior [ RunTime:0.000012s ]
INFO: [ app_init ] --END-- [ RunTime:0.000335s ]
ERR: 无法加载模块:Static

[ 2018-11-30T15:00:53+08:00 ] ::1 /nhkjw/static/js/manifest.b178a072aa46182474d0.js
INFO: [ app_init ] --START--
INFO: Run Behavior\BuildLiteBehavior [ RunTime:0.000017s ]
INFO: [ app_init ] --END-- [ RunTime:0.000613s ]
ERR: 无法加载模块:Static

[ 2018-11-30T15:00:53+08:00 ] ::1 /nhkjw/static/js/vendor.d382b4c157dff0f48ecf.js
INFO: [ app_init ] --START--
INFO: Run Behavior\BuildLiteBehavior [ RunTime:0.000010s ]
INFO: [ app_init ] --END-- [ RunTime:0.000311s ]
ERR: 无法加载模块:Static

[ 2018-11-30T15:00:53+08:00 ] ::1 /nhkjw/static/js/app.283a7859fcfc631df294.js
INFO: [ app_init ] --START--
INFO: Run Behavior\BuildLiteBehavior [ RunTime:0.000014s ]
INFO: [ app_init ] --END-- [ RunTime:0.000457s ]
ERR: 无法加载模块:Static

[ 2018-11-30T15:06:14+08:00 ] ::1 /nhkjw/static/js/9.50c90d6cd476836a37aa.js
INFO: [ app_init ] --START--
INFO: Run Behavior\BuildLiteBehavior [ RunTime:0.000014s ]
INFO: [ app_init ] --END-- [ RunTime:0.000420s ]
ERR: 无法加载模块:Static

[ 2018-11-30T15:06:51+08:00 ] ::1 /nhkjw/static/js/9.50c90d6cd476836a37aa.js
INFO: [ app_init ] --START--
INFO: Run Behavior\BuildLiteBehavior [ RunTime:0.000014s ]
INFO: [ app_init ] --END-- [ RunTime:0.000342s ]
ERR: 无法加载模块:Static

[ 2018-11-30T15:06:52+08:00 ] ::1 /nhkjw/static/js/9.50c90d6cd476836a37aa.js
INFO: [ app_init ] --START--
INFO: Run Behavior\BuildLiteBehavior [ RunTime:0.000017s ]
INFO: [ app_init ] --END-- [ RunTime:0.000436s ]
ERR: 无法加载模块:Static

[ 2018-11-30T15:06:52+08:00 ] ::1 /nhkjw/static/js/9.50c90d6cd476836a37aa.js
INFO: [ app_init ] --START--
INFO: Run Behavior\BuildLiteBehavior [ RunTime:0.000019s ]
INFO: [ app_init ] --END-- [ RunTime:0.000833s ]
ERR: 无法加载模块:Static

[ 2018-11-30T15:07:09+08:00 ] ::1 /nhkjw/Application/Admin/Public/admin/static/js/manifest.b178a072aa46182474d0.js
INFO: [ app_init ] --START--
INFO: Run Behavior\BuildLiteBehavior [ RunTime:0.000014s ]
INFO: [ app_init ] --END-- [ RunTime:0.000403s ]
ERR: 无法加载模块:Application

[ 2018-11-30T15:07:09+08:00 ] ::1 /nhkjw/Application/Admin/Public/admin/static/js/manifest.b178a072aa46182474d0.js
INFO: [ app_init ] --START--
INFO: Run Behavior\BuildLiteBehavior [ RunTime:0.000011s ]
INFO: [ app_init ] --END-- [ RunTime:0.000373s ]
ERR: 无法加载模块:Application

[ 2018-11-30T15:07:27+08:00 ] ::1 /nhkjw/static/js/9.50c90d6cd476836a37aa.js
INFO: [ app_init ] --START--
INFO: Run Behavior\BuildLiteBehavior [ RunTime:0.000023s ]
INFO: [ app_init ] --END-- [ RunTime:0.000491s ]
ERR: 无法加载模块:Static

[ 2018-11-30T15:07:38+08:00 ] ::1 /nhkjw/Application/Admin/Public.static/js/manifest.b178a072aa46182474d0.js
INFO: [ app_init ] --START--
INFO: Run Behavior\BuildLiteBehavior [ RunTime:0.000024s ]
INFO: [ app_init ] --END-- [ RunTime:0.000604s ]
ERR: 无法加载模块:Application

[ 2018-11-30T15:07:38+08:00 ] ::1 /nhkjw/Application/Admin/Public.static/js/manifest.b178a072aa46182474d0.js
INFO: [ app_init ] --START--
INFO: Run Behavior\BuildLiteBehavior [ RunTime:0.000018s ]
INFO: [ app_init ] --END-- [ RunTime:0.000399s ]
ERR: 无法加载模块:Application

[ 2018-11-30T15:07:52+08:00 ] ::1 /nhkjw/static/js/9.50c90d6cd476836a37aa.js
INFO: [ app_init ] --START--
INFO: Run Behavior\BuildLiteBehavior [ RunTime:0.000018s ]
INFO: [ app_init ] --END-- [ RunTime:0.000386s ]
ERR: 无法加载模块:Static

[ 2018-11-30T15:08:08+08:00 ] ::1 /nhkjw/Application/Admin/Public./js/manifest.b178a072aa46182474d0.js
INFO: [ app_init ] --START--
INFO: Run Behavior\BuildLiteBehavior [ RunTime:0.000028s ]
INFO: [ app_init ] --END-- [ RunTime:0.000618s ]
ERR: 无法加载模块:Application

[ 2018-11-30T15:08:08+08:00 ] ::1 /nhkjw/Application/Admin/Public./js/manifest.b178a072aa46182474d0.js
INFO: [ app_init ] --START--
INFO: Run Behavior\BuildLiteBehavior [ RunTime:0.000013s ]
INFO: [ app_init ] --END-- [ RunTime:0.000349s ]
ERR: 无法加载模块:Application

[ 2018-11-30T15:09:13+08:00 ] ::1 /nhkjw/Application/Admin/Public./js/manifest.b178a072aa46182474d0.js
INFO: [ app_init ] --START--
INFO: Run Behavior\BuildLiteBehavior [ RunTime:0.000120s ]
INFO: [ app_init ] --END-- [ RunTime:0.000888s ]
ERR: 无法加载模块:Application

[ 2018-11-30T15:11:08+08:00 ] ::1 /nhkjw/static/js/9.50c90d6cd476836a37aa.js
INFO: [ app_init ] --START--
INFO: Run Behavior\BuildLiteBehavior [ RunTime:0.000023s ]
INFO: [ app_init ] --END-- [ RunTime:0.000429s ]
ERR: 无法加载模块:Static

[ 2018-11-30T15:12:51+08:00 ] ::1 /nhkjw/static/js/9.50c90d6cd476836a37aa.js
INFO: [ app_init ] --START--
INFO: Run Behavior\BuildLiteBehavior [ RunTime:0.000013s ]
INFO: [ app_init ] --END-- [ RunTime:0.000422s ]
ERR: 无法加载模块:Static

[ 2018-11-30T15:17:27+08:00 ] ::1 /nhkjw/static/js/9.50c90d6cd476836a37aa.js
INFO: [ app_init ] --START--
INFO: Run Behavior\BuildLiteBehavior [ RunTime:0.000020s ]
INFO: [ app_init ] --END-- [ RunTime:0.000559s ]
ERR: 无法加载模块:Static

[ 2018-11-30T15:18:02+08:00 ] ::1 /nhkjw/static/js/9.50c90d6cd476836a37aa.js
INFO: [ app_init ] --START--
INFO: Run Behavior\BuildLiteBehavior [ RunTime:0.000058s ]
INFO: [ app_init ] --END-- [ RunTime:0.000613s ]
ERR: 无法加载模块:Static

[ 2018-11-30T15:18:10+08:00 ] ::1 /nhkjw/static/js/9.50c90d6cd476836a37aa.js
INFO: [ app_init ] --START--
INFO: Run Behavior\BuildLiteBehavior [ RunTime:0.000012s ]
INFO: [ app_init ] --END-- [ RunTime:0.000430s ]
ERR: 无法加载模块:Static

[ 2018-11-30T15:18:19+08:00 ] ::1 /nhkjw/Application/Admin/Public/ADIN/static/js/manifest.b178a072aa46182474d0.js
INFO: [ app_init ] --START--
INFO: Run Behavior\BuildLiteBehavior [ RunTime:0.000025s ]
INFO: [ app_init ] --END-- [ RunTime:0.000520s ]
ERR: 无法加载模块:Application

[ 2018-11-30T15:18:19+08:00 ] ::1 /nhkjw/Application/Admin/Public/ADIN/static/js/manifest.b178a072aa46182474d0.js
INFO: [ app_init ] --START--
INFO: Run Behavior\BuildLiteBehavior [ RunTime:0.000012s ]
INFO: [ app_init ] --END-- [ RunTime:0.000387s ]
ERR: 无法加载模块:Application

[ 2018-11-30T15:19:28+08:00 ] ::1 /nhkjw/static/js/9.50c90d6cd476836a37aa.js
INFO: [ app_init ] --START--
INFO: Run Behavior\BuildLiteBehavior [ RunTime:0.000014s ]
INFO: [ app_init ] --END-- [ RunTime:0.000349s ]
ERR: 无法加载模块:Static

[ 2018-11-30T15:20:36+08:00 ] ::1 /nhkjw/static/js/9.50c90d6cd476836a37aa.js
INFO: [ app_init ] --START--
INFO: Run Behavior\BuildLiteBehavior [ RunTime:0.000082s ]
INFO: [ app_init ] --END-- [ RunTime:0.000895s ]
ERR: 无法加载模块:Static

[ 2018-11-30T15:20:37+08:00 ] ::1 /nhkjw/static/js/9.50c90d6cd476836a37aa.js
INFO: [ app_init ] --START--
INFO: Run Behavior\BuildLiteBehavior [ RunTime:0.000023s ]
INFO: [ app_init ] --END-- [ RunTime:0.000497s ]
ERR: 无法加载模块:Static

[ 2018-11-30T15:20:38+08:00 ] ::1 /nhkjw/static/js/9.50c90d6cd476836a37aa.js
INFO: [ app_init ] --START--
INFO: Run Behavior\BuildLiteBehavior [ RunTime:0.000011s ]
INFO: [ app_init ] --END-- [ RunTime:0.000339s ]
ERR: 无法加载模块:Static

[ 2018-11-30T15:22:33+08:00 ] ::1 /nhkjw/Application/Admin/Public/static/img/login-bg.e213405.jpg
INFO: [ app_init ] --START--
INFO: Run Behavior\BuildLiteBehavior [ RunTime:0.000013s ]
INFO: [ app_init ] --END-- [ RunTime:0.000494s ]
ERR: 无法加载模块:Application

[ 2018-11-30T15:22:53+08:00 ] ::1 /nhkjw/static/css/app.23fb10df981fb5840b8293673ad8ea7a.css
INFO: [ app_init ] --START--
INFO: Run Behavior\BuildLiteBehavior [ RunTime:0.000011s ]
INFO: [ app_init ] --END-- [ RunTime:0.000318s ]
ERR: 无法加载模块:Static

[ 2018-11-30T15:22:53+08:00 ] ::1 /nhkjw/static/js/manifest.b178a072aa46182474d0.js
INFO: [ app_init ] --START--
INFO: Run Behavior\BuildLiteBehavior [ RunTime:0.000013s ]
INFO: [ app_init ] --END-- [ RunTime:0.000388s ]
ERR: 无法加载模块:Static

[ 2018-11-30T15:22:53+08:00 ] ::1 /nhkjw/static/js/vendor.d382b4c157dff0f48ecf.js
INFO: [ app_init ] --START--
INFO: Run Behavior\BuildLiteBehavior [ RunTime:0.000034s ]
INFO: [ app_init ] --END-- [ RunTime:0.000973s ]
ERR: 无法加载模块:Static

[ 2018-11-30T15:22:53+08:00 ] ::1 /nhkjw/static/js/manifest.b178a072aa46182474d0.js
INFO: [ app_init ] --START--
INFO: Run Behavior\BuildLiteBehavior [ RunTime:0.000017s ]
INFO: [ app_init ] --END-- [ RunTime:0.000376s ]
ERR: 无法加载模块:Static

[ 2018-11-30T15:22:53+08:00 ] ::1 /nhkjw/static/js/app.283a7859fcfc631df294.js
INFO: [ app_init ] --START--
INFO: Run Behavior\BuildLiteBehavior [ RunTime:0.000013s ]
INFO: [ app_init ] --END-- [ RunTime:0.000570s ]
ERR: 无法加载模块:Static

[ 2018-11-30T15:22:53+08:00 ] ::1 /nhkjw/static/js/vendor.d382b4c157dff0f48ecf.js
INFO: [ app_init ] --START--
INFO: Run Behavior\BuildLiteBehavior [ RunTime:0.000012s ]
INFO: [ app_init ] --END-- [ RunTime:0.000446s ]
ERR: 无法加载模块:Static

[ 2018-11-30T15:22:53+08:00 ] ::1 /nhkjw/static/js/app.283a7859fcfc631df294.js
INFO: [ app_init ] --START--
INFO: Run Behavior\BuildLiteBehavior [ RunTime:0.000026s ]
INFO: [ app_init ] --END-- [ RunTime:0.000350s ]
ERR: 无法加载模块:Static

[ 2018-11-30T15:22:55+08:00 ] ::1 /nhkjw/static/css/app.23fb10df981fb5840b8293673ad8ea7a.css
INFO: [ app_init ] --START--
INFO: Run Behavior\BuildLiteBehavior [ RunTime:0.000016s ]
INFO: [ app_init ] --END-- [ RunTime:0.000339s ]
ERR: 无法加载模块:Static

[ 2018-11-30T15:23:17+08:00 ] ::1 /nhkjw/static/css/app.23fb10df981fb5840b8293673ad8ea7a.css
INFO: [ app_init ] --START--
INFO: Run Behavior\BuildLiteBehavior [ RunTime:0.000078s ]
INFO: [ app_init ] --END-- [ RunTime:0.000937s ]
ERR: 无法加载模块:Static

[ 2018-11-30T15:23:17+08:00 ] ::1 /nhkjw/static/js/manifest.b178a072aa46182474d0.js
INFO: [ app_init ] --START--
INFO: Run Behavior\BuildLiteBehavior [ RunTime:0.000012s ]
INFO: [ app_init ] --END-- [ RunTime:0.000299s ]
ERR: 无法加载模块:Static

[ 2018-11-30T15:23:17+08:00 ] ::1 /nhkjw/static/js/vendor.d382b4c157dff0f48ecf.js
INFO: [ app_init ] --START--
INFO: Run Behavior\BuildLiteBehavior [ RunTime:0.000012s ]
INFO: [ app_init ] --END-- [ RunTime:0.000343s ]
ERR: 无法加载模块:Static

[ 2018-11-30T15:23:17+08:00 ] ::1 /nhkjw/static/js/app.283a7859fcfc631df294.js
INFO: [ app_init ] --START--
INFO: Run Behavior\BuildLiteBehavior [ RunTime:0.000018s ]
INFO: [ app_init ] --END-- [ RunTime:0.000755s ]
ERR: 无法加载模块:Static

[ 2018-11-30T15:23:18+08:00 ] ::1 /nhkjw/static/js/vendor.d382b4c157dff0f48ecf.js
INFO: [ app_init ] --START--
INFO: Run Behavior\BuildLiteBehavior [ RunTime:0.000015s ]
INFO: [ app_init ] --END-- [ RunTime:0.000372s ]
ERR: 无法加载模块:Static

[ 2018-11-30T15:23:18+08:00 ] ::1 /nhkjw/static/css/app.23fb10df981fb5840b8293673ad8ea7a.css
INFO: [ app_init ] --START--
INFO: Run Behavior\BuildLiteBehavior [ RunTime:0.000013s ]
INFO: [ app_init ] --END-- [ RunTime:0.003496s ]
ERR: 无法加载模块:Static

[ 2018-11-30T15:23:18+08:00 ] ::1 /nhkjw/static/js/manifest.b178a072aa46182474d0.js
INFO: [ app_init ] --START--
INFO: Run Behavior\BuildLiteBehavior [ RunTime:0.000016s ]
INFO: [ app_init ] --END-- [ RunTime:0.000439s ]
ERR: 无法加载模块:Static

[ 2018-11-30T15:23:18+08:00 ] ::1 /nhkjw/static/js/app.283a7859fcfc631df294.js
INFO: [ app_init ] --START--
INFO: Run Behavior\BuildLiteBehavior [ RunTime:0.000018s ]
INFO: [ app_init ] --END-- [ RunTime:0.002105s ]
ERR: 无法加载模块:Static

[ 2018-11-30T15:23:18+08:00 ] ::1 /nhkjw/static/js/vendor.d382b4c157dff0f48ecf.js
INFO: [ app_init ] --START--
INFO: Run Behavior\BuildLiteBehavior [ RunTime:0.000013s ]
INFO: [ app_init ] --END-- [ RunTime:0.000500s ]
ERR: 无法加载模块:Static

[ 2018-11-30T15:23:18+08:00 ] ::1 /nhkjw/static/js/app.283a7859fcfc631df294.js
INFO: [ app_init ] --START--
INFO: Run Behavior\BuildLiteBehavior [ RunTime:0.000012s ]
INFO: [ app_init ] --END-- [ RunTime:0.000375s ]
ERR: 无法加载模块:Static

[ 2018-11-30T15:23:20+08:00 ] ::1 /nhkjw/static/js/manifest.b178a072aa46182474d0.js
INFO: [ app_init ] --START--
INFO: Run Behavior\BuildLiteBehavior [ RunTime:0.000011s ]
INFO: [ app_init ] --END-- [ RunTime:0.000297s ]
ERR: 无法加载模块:Static

[ 2018-11-30T15:23:20+08:00 ] ::1 /nhkjw/static/css/app.23fb10df981fb5840b8293673ad8ea7a.css
INFO: [ app_init ] --START--
INFO: Run Behavior\BuildLiteBehavior [ RunTime:0.000014s ]
INFO: [ app_init ] --END-- [ RunTime:0.000402s ]
ERR: 无法加载模块:Static

[ 2018-11-30T15:23:20+08:00 ] ::1 /nhkjw/static/js/vendor.d382b4c157dff0f48ecf.js
INFO: [ app_init ] --START--
INFO: Run Behavior\BuildLiteBehavior [ RunTime:0.000012s ]
INFO: [ app_init ] --END-- [ RunTime:0.000374s ]
ERR: 无法加载模块:Static

[ 2018-11-30T15:23:20+08:00 ] ::1 /nhkjw/static/js/app.283a7859fcfc631df294.js
INFO: [ app_init ] --START--
INFO: Run Behavior\BuildLiteBehavior [ RunTime:0.000019s ]
INFO: [ app_init ] --END-- [ RunTime:0.000372s ]
ERR: 无法加载模块:Static

[ 2018-11-30T15:23:20+08:00 ] ::1 /nhkjw/static/js/vendor.d382b4c157dff0f48ecf.js
INFO: [ app_init ] --START--
INFO: Run Behavior\BuildLiteBehavior [ RunTime:0.000012s ]
INFO: [ app_init ] --END-- [ RunTime:0.000317s ]
ERR: 无法加载模块:Static

[ 2018-11-30T15:23:20+08:00 ] ::1 /nhkjw/static/js/manifest.b178a072aa46182474d0.js
INFO: [ app_init ] --START--
INFO: Run Behavior\BuildLiteBehavior [ RunTime:0.000024s ]
INFO: [ app_init ] --END-- [ RunTime:0.000440s ]
ERR: 无法加载模块:Static

[ 2018-11-30T15:23:20+08:00 ] ::1 /nhkjw/static/js/app.283a7859fcfc631df294.js
INFO: [ app_init ] --START--
INFO: Run Behavior\BuildLiteBehavior [ RunTime:0.000011s ]
INFO: [ app_init ] --END-- [ RunTime:0.000303s ]
ERR: 无法加载模块:Static

[ 2018-11-30T15:23:20+08:00 ] ::1 /nhkjw/static/css/app.23fb10df981fb5840b8293673ad8ea7a.css
INFO: [ app_init ] --START--
INFO: Run Behavior\BuildLiteBehavior [ RunTime:0.000013s ]
INFO: [ app_init ] --END-- [ RunTime:0.000830s ]
ERR: 无法加载模块:Static

[ 2018-11-30T15:23:20+08:00 ] ::1 /nhkjw/static/js/vendor.d382b4c157dff0f48ecf.js
INFO: [ app_init ] --START--
INFO: Run Behavior\BuildLiteBehavior [ RunTime:0.000020s ]
INFO: [ app_init ] --END-- [ RunTime:0.000413s ]
ERR: 无法加载模块:Static

[ 2018-11-30T15:23:20+08:00 ] ::1 /nhkjw/static/js/app.283a7859fcfc631df294.js
INFO: [ app_init ] --START--
INFO: Run Behavior\BuildLiteBehavior [ RunTime:0.000012s ]
INFO: [ app_init ] --END-- [ RunTime:0.000347s ]
ERR: 无法加载模块:Static

[ 2018-11-30T15:23:21+08:00 ] ::1 /nhkjw/static/js/manifest.b178a072aa46182474d0.js
INFO: [ app_init ] --START--
INFO: Run Behavior\BuildLiteBehavior [ RunTime:0.000012s ]
INFO: [ app_init ] --END-- [ RunTime:0.000379s ]
ERR: 无法加载模块:Static

[ 2018-11-30T15:23:21+08:00 ] ::1 /nhkjw/static/js/vendor.d382b4c157dff0f48ecf.js
INFO: [ app_init ] --START--
INFO: Run Behavior\BuildLiteBehavior [ RunTime:0.000012s ]
INFO: [ app_init ] --END-- [ RunTime:0.000353s ]
ERR: 无法加载模块:Static

[ 2018-11-30T15:23:21+08:00 ] ::1 /nhkjw/static/js/app.283a7859fcfc631df294.js
INFO: [ app_init ] --START--
INFO: Run Behavior\BuildLiteBehavior [ RunTime:0.000015s ]
INFO: [ app_init ] --END-- [ RunTime:0.000329s ]
ERR: 无法加载模块:Static

[ 2018-11-30T15:23:21+08:00 ] ::1 /nhkjw/static/css/app.23fb10df981fb5840b8293673ad8ea7a.css
INFO: [ app_init ] --START--
INFO: Run Behavior\BuildLiteBehavior [ RunTime:0.000018s ]
INFO: [ app_init ] --END-- [ RunTime:0.000401s ]
ERR: 无法加载模块:Static

[ 2018-11-30T15:23:21+08:00 ] ::1 /nhkjw/static/js/vendor.d382b4c157dff0f48ecf.js
INFO: [ app_init ] --START--
INFO: Run Behavior\BuildLiteBehavior [ RunTime:0.000012s ]
INFO: [ app_init ] --END-- [ RunTime:0.000296s ]
ERR: 无法加载模块:Static

[ 2018-11-30T15:23:21+08:00 ] ::1 /nhkjw/static/js/app.283a7859fcfc631df294.js
INFO: [ app_init ] --START--
INFO: Run Behavior\BuildLiteBehavior [ RunTime:0.000016s ]
INFO: [ app_init ] --END-- [ RunTime:0.000366s ]
ERR: 无法加载模块:Static

[ 2018-11-30T15:23:21+08:00 ] ::1 /nhkjw/static/js/vendor.d382b4c157dff0f48ecf.js
INFO: [ app_init ] --START--
INFO: Run Behavior\BuildLiteBehavior [ RunTime:0.000014s ]
INFO: [ app_init ] --END-- [ RunTime:0.000339s ]
ERR: 无法加载模块:Static

[ 2018-11-30T15:23:21+08:00 ] ::1 /nhkjw/static/css/app.23fb10df981fb5840b8293673ad8ea7a.css
INFO: [ app_init ] --START--
INFO: Run Behavior\BuildLiteBehavior [ RunTime:0.000013s ]
INFO: [ app_init ] --END-- [ RunTime:0.000506s ]
ERR: 无法加载模块:Static

[ 2018-11-30T15:23:21+08:00 ] ::1 /nhkjw/static/js/app.283a7859fcfc631df294.js
INFO: [ app_init ] --START--
INFO: Run Behavior\BuildLiteBehavior [ RunTime:0.000030s ]
INFO: [ app_init ] --END-- [ RunTime:0.000503s ]
ERR: 无法加载模块:Static

[ 2018-11-30T15:23:21+08:00 ] ::1 /nhkjw/static/js/manifest.b178a072aa46182474d0.js
INFO: [ app_init ] --START--
INFO: Run Behavior\BuildLiteBehavior [ RunTime:0.000015s ]
INFO: [ app_init ] --END-- [ RunTime:0.000408s ]
ERR: 无法加载模块:Static

[ 2018-11-30T15:23:21+08:00 ] ::1 /nhkjw/static/js/vendor.d382b4c157dff0f48ecf.js
INFO: [ app_init ] --START--
INFO: Run Behavior\BuildLiteBehavior [ RunTime:0.000024s ]
INFO: [ app_init ] --END-- [ RunTime:0.000780s ]
ERR: 无法加载模块:Static

[ 2018-11-30T15:23:21+08:00 ] ::1 /nhkjw/static/js/app.283a7859fcfc631df294.js
INFO: [ app_init ] --START--
INFO: Run Behavior\BuildLiteBehavior [ RunTime:0.000011s ]
INFO: [ app_init ] --END-- [ RunTime:0.000286s ]
ERR: 无法加载模块:Static

[ 2018-11-30T15:23:21+08:00 ] ::1 /nhkjw/static/js/vendor.d382b4c157dff0f48ecf.js
INFO: [ app_init ] --START--
INFO: Run Behavior\BuildLiteBehavior [ RunTime:0.000011s ]
INFO: [ app_init ] --END-- [ RunTime:0.000314s ]
ERR: 无法加载模块:Static

[ 2018-11-30T15:23:21+08:00 ] ::1 /nhkjw/static/css/app.23fb10df981fb5840b8293673ad8ea7a.css
INFO: [ app_init ] --START--
INFO: Run Behavior\BuildLiteBehavior [ RunTime:0.000013s ]
INFO: [ app_init ] --END-- [ RunTime:0.000317s ]
ERR: 无法加载模块:Static

[ 2018-11-30T15:23:21+08:00 ] ::1 /nhkjw/static/js/app.283a7859fcfc631df294.js
INFO: [ app_init ] --START--
INFO: Run Behavior\BuildLiteBehavior [ RunTime:0.000015s ]
INFO: [ app_init ] --END-- [ RunTime:0.000355s ]
ERR: 无法加载模块:Static

[ 2018-11-30T15:23:21+08:00 ] ::1 /nhkjw/static/js/manifest.b178a072aa46182474d0.js
INFO: [ app_init ] --START--
INFO: Run Behavior\BuildLiteBehavior [ RunTime:0.000485s ]
INFO: [ app_init ] --END-- [ RunTime:0.000980s ]
ERR: 无法加载模块:Static

[ 2018-11-30T15:23:21+08:00 ] ::1 /nhkjw/static/js/vendor.d382b4c157dff0f48ecf.js
INFO: [ app_init ] --START--
INFO: Run Behavior\BuildLiteBehavior [ RunTime:0.000012s ]
INFO: [ app_init ] --END-- [ RunTime:0.000634s ]
ERR: 无法加载模块:Static

[ 2018-11-30T15:23:21+08:00 ] ::1 /nhkjw/static/js/app.283a7859fcfc631df294.js
INFO: [ app_init ] --START--
INFO: Run Behavior\BuildLiteBehavior [ RunTime:0.000013s ]
INFO: [ app_init ] --END-- [ RunTime:0.000347s ]
ERR: 无法加载模块:Static

[ 2018-11-30T15:23:21+08:00 ] ::1 /nhkjw/static/css/app.23fb10df981fb5840b8293673ad8ea7a.css
INFO: [ app_init ] --START--
INFO: Run Behavior\BuildLiteBehavior [ RunTime:0.000013s ]
INFO: [ app_init ] --END-- [ RunTime:0.000311s ]
ERR: 无法加载模块:Static

[ 2018-11-30T15:23:21+08:00 ] ::1 /nhkjw/static/js/vendor.d382b4c157dff0f48ecf.js
INFO: [ app_init ] --START--
INFO: Run Behavior\BuildLiteBehavior [ RunTime:0.000016s ]
INFO: [ app_init ] --END-- [ RunTime:0.000323s ]
ERR: 无法加载模块:Static


[ 2018-11-30T15:23:21+08:00 ] ::1 /nhkjw/static/js/app.283a7859fcfc631df294.js
INFO: [ app_init ] --START--
INFO: Run Behavior\BuildLiteBehavior [ RunTime:0.000023s ]
INFO: [ app_init ] --END-- [ RunTime:0.000396s ]
ERR: 无法加载模块:Static

[ 2018-11-30T15:23:22+08:00 ] ::1 /nhkjw/static/js/vendor.d382b4c157dff0f48ecf.js
INFO: [ app_init ] --START--
INFO: Run Behavior\BuildLiteBehavior [ RunTime:0.000012s ]
INFO: [ app_init ] --END-- [ RunTime:0.000366s ]
ERR: 无法加载模块:Static

[ 2018-11-30T15:23:22+08:00 ] ::1 /nhkjw/static/js/app.283a7859fcfc631df294.js
INFO: [ app_init ] --START--
INFO: Run Behavior\BuildLiteBehavior [ RunTime:0.000021s ]
INFO: [ app_init ] --END-- [ RunTime:0.000560s ]
ERR: 无法加载模块:Static

[ 2018-11-30T15:23:22+08:00 ] ::1 /nhkjw/static/js/manifest.b178a072aa46182474d0.js
INFO: [ app_init ] --START--
INFO: Run Behavior\BuildLiteBehavior [ RunTime:0.000030s ]
INFO: [ app_init ] --END-- [ RunTime:0.007123s ]
ERR: 无法加载模块:Static

[ 2018-11-30T15:23:22+08:00 ] ::1 /nhkjw/static/css/app.23fb10df981fb5840b8293673ad8ea7a.css
INFO: [ app_init ] --START--
INFO: Run Behavior\BuildLiteBehavior [ RunTime:0.000012s ]
INFO: [ app_init ] --END-- [ RunTime:0.000371s ]
ERR: 无法加载模块:Static

[ 2018-11-30T15:23:22+08:00 ] ::1 /nhkjw/static/js/app.283a7859fcfc631df294.js
INFO: [ app_init ] --START--
INFO: Run Behavior\BuildLiteBehavior [ RunTime:0.000021s ]
INFO: [ app_init ] --END-- [ RunTime:0.000498s ]
ERR: 无法加载模块:Static

[ 2018-11-30T15:23:22+08:00 ] ::1 /nhkjw/static/js/vendor.d382b4c157dff0f48ecf.js
INFO: [ app_init ] --START--
INFO: Run Behavior\BuildLiteBehavior [ RunTime:0.000042s ]
INFO: [ app_init ] --END-- [ RunTime:0.001892s ]
ERR: 无法加载模块:Static

[ 2018-11-30T15:23:22+08:00 ] ::1 /nhkjw/static/js/app.283a7859fcfc631df294.js
INFO: [ app_init ] --START--
INFO: Run Behavior\BuildLiteBehavior [ RunTime:0.000016s ]
INFO: [ app_init ] --END-- [ RunTime:0.000437s ]
ERR: 无法加载模块:Static

[ 2018-11-30T15:23:22+08:00 ] ::1 /nhkjw/static/css/app.23fb10df981fb5840b8293673ad8ea7a.css
INFO: [ app_init ] --START--
INFO: Run Behavior\BuildLiteBehavior [ RunTime:0.000011s ]
INFO: [ app_init ] --END-- [ RunTime:0.000312s ]
ERR: 无法加载模块:Static

[ 2018-11-30T15:23:22+08:00 ] ::1 /nhkjw/static/js/manifest.b178a072aa46182474d0.js
INFO: [ app_init ] --START--
INFO: Run Behavior\BuildLiteBehavior [ RunTime:0.000010s ]
INFO: [ app_init ] --END-- [ RunTime:0.000301s ]
ERR: 无法加载模块:Static

[ 2018-11-30T15:23:22+08:00 ] ::1 /nhkjw/static/js/app.283a7859fcfc631df294.js
INFO: [ app_init ] --START--
INFO: Run Behavior\BuildLiteBehavior [ RunTime:0.000021s ]
INFO: [ app_init ] --END-- [ RunTime:0.000471s ]
ERR: 无法加载模块:Static

[ 2018-11-30T15:23:22+08:00 ] ::1 /nhkjw/static/js/vendor.d382b4c157dff0f48ecf.js
INFO: [ app_init ] --START--
INFO: Run Behavior\BuildLiteBehavior [ RunTime:0.000041s ]
INFO: [ app_init ] --END-- [ RunTime:0.000500s ]
ERR: 无法加载模块:Static

[ 2018-11-30T15:23:22+08:00 ] ::1 /nhkjw/static/js/app.283a7859fcfc631df294.js
INFO: [ app_init ] --START--
INFO: Run Behavior\BuildLiteBehavior [ RunTime:0.000017s ]
INFO: [ app_init ] --END-- [ RunTime:0.000396s ]
ERR: 无法加载模块:Static

[ 2018-11-30T15:23:22+08:00 ] ::1 /nhkjw/static/css/app.23fb10df981fb5840b8293673ad8ea7a.css
INFO: [ app_init ] --START--
INFO: Run Behavior\BuildLiteBehavior [ RunTime:0.000011s ]
INFO: [ app_init ] --END-- [ RunTime:0.000338s ]
ERR: 无法加载模块:Static

[ 2018-11-30T15:23:22+08:00 ] ::1 /nhkjw/static/js/vendor.d382b4c157dff0f48ecf.js
INFO: [ app_init ] --START--
INFO: Run Behavior\BuildLiteBehavior [ RunTime:0.000019s ]
INFO: [ app_init ] --END-- [ RunTime:0.000411s ]
ERR: 无法加载模块:Static

[ 2018-11-30T15:23:22+08:00 ] ::1 /nhkjw/static/js/app.283a7859fcfc631df294.js
INFO: [ app_init ] --START--
INFO: Run Behavior\BuildLiteBehavior [ RunTime:0.000037s ]
INFO: [ app_init ] --END-- [ RunTime:0.000415s ]
ERR: 无法加载模块:Static

[ 2018-11-30T15:23:22+08:00 ] ::1 /nhkjw/static/js/manifest.b178a072aa46182474d0.js
INFO: [ app_init ] --START--
INFO: Run Behavior\BuildLiteBehavior [ RunTime:0.000039s ]
INFO: [ app_init ] --END-- [ RunTime:0.000497s ]
ERR: 无法加载模块:Static

[ 2018-11-30T15:23:22+08:00 ] ::1 /nhkjw/static/js/vendor.d382b4c157dff0f48ecf.js
INFO: [ app_init ] --START--
INFO: Run Behavior\BuildLiteBehavior [ RunTime:0.000011s ]
INFO: [ app_init ] --END-- [ RunTime:0.000307s ]
ERR: 无法加载模块:Static

[ 2018-11-30T15:23:22+08:00 ] ::1 /nhkjw/static/js/app.283a7859fcfc631df294.js
INFO: [ app_init ] --START--
INFO: Run Behavior\BuildLiteBehavior [ RunTime:0.000016s ]
INFO: [ app_init ] --END-- [ RunTime:0.000400s ]
ERR: 无法加载模块:Static

[ 2018-11-30T15:23:23+08:00 ] ::1 /nhkjw/static/js/vendor.d382b4c157dff0f48ecf.js
INFO: [ app_init ] --START--
INFO: Run Behavior\BuildLiteBehavior [ RunTime:0.000020s ]
INFO: [ app_init ] --END-- [ RunTime:0.000404s ]
ERR: 无法加载模块:Static

[ 2018-11-30T15:23:23+08:00 ] ::1 /nhkjw/static/js/app.283a7859fcfc631df294.js
INFO: [ app_init ] --START--
INFO: Run Behavior\BuildLiteBehavior [ RunTime:0.000011s ]
INFO: [ app_init ] --END-- [ RunTime:0.000319s ]
ERR: 无法加载模块:Static

[ 2018-11-30T15:23:23+08:00 ] ::1 /nhkjw/static/js/manifest.b178a072aa46182474d0.js
INFO: [ app_init ] --START--
INFO: Run Behavior\BuildLiteBehavior [ RunTime:0.000014s ]
INFO: [ app_init ] --END-- [ RunTime:0.004404s ]
ERR: 无法加载模块:Static

[ 2018-11-30T15:23:23+08:00 ] ::1 /nhkjw/static/css/app.23fb10df981fb5840b8293673ad8ea7a.css
INFO: [ app_init ] --START--
INFO: Run Behavior\BuildLiteBehavior [ RunTime:0.000035s ]
INFO: [ app_init ] --END-- [ RunTime:0.002411s ]
ERR: 无法加载模块:Static

[ 2018-11-30T15:23:23+08:00 ] ::1 /nhkjw/static/js/vendor.d382b4c157dff0f48ecf.js
INFO: [ app_init ] --START--
INFO: Run Behavior\BuildLiteBehavior [ RunTime:0.000020s ]
INFO: [ app_init ] --END-- [ RunTime:0.000685s ]
ERR: 无法加载模块:Static

[ 2018-11-30T15:23:23+08:00 ] ::1 /nhkjw/static/js/app.283a7859fcfc631df294.js
INFO: [ app_init ] --START--
INFO: Run Behavior\BuildLiteBehavior [ RunTime:0.000011s ]
INFO: [ app_init ] --END-- [ RunTime:0.000303s ]
ERR: 无法加载模块:Static

[ 2018-11-30T15:23:23+08:00 ] ::1 /nhkjw/static/js/manifest.b178a072aa46182474d0.js
INFO: [ app_init ] --START--
INFO: Run Behavior\BuildLiteBehavior [ RunTime:0.000014s ]
INFO: [ app_init ] --END-- [ RunTime:0.000420s ]
ERR: 无法加载模块:Static

[ 2018-11-30T15:23:23+08:00 ] ::1 /nhkjw/static/js/vendor.d382b4c157dff0f48ecf.js
INFO: [ app_init ] --START--
INFO: Run Behavior\BuildLiteBehavior [ RunTime:0.000022s ]
INFO: [ app_init ] --END-- [ RunTime:0.000629s ]
ERR: 无法加载模块:Static

[ 2018-11-30T15:23:23+08:00 ] ::1 /nhkjw/static/css/app.23fb10df981fb5840b8293673ad8ea7a.css
INFO: [ app_init ] --START--
INFO: Run Behavior\BuildLiteBehavior [ RunTime:0.000020s ]
INFO: [ app_init ] --END-- [ RunTime:0.000568s ]
ERR: 无法加载模块:Static

[ 2018-11-30T15:23:23+08:00 ] ::1 /nhkjw/static/js/app.283a7859fcfc631df294.js
INFO: [ app_init ] --START--
INFO: Run Behavior\BuildLiteBehavior [ RunTime:0.000020s ]
INFO: [ app_init ] --END-- [ RunTime:0.002383s ]
ERR: 无法加载模块:Static

[ 2018-11-30T15:23:23+08:00 ] ::1 /nhkjw/static/js/vendor.d382b4c157dff0f48ecf.js
INFO: [ app_init ] --START--
INFO: Run Behavior\BuildLiteBehavior [ RunTime:0.000015s ]
INFO: [ app_init ] --END-- [ RunTime:0.000364s ]
ERR: 无法加载模块:Static

[ 2018-11-30T15:23:23+08:00 ] ::1 /nhkjw/static/js/app.283a7859fcfc631df294.js
INFO: [ app_init ] --START--
INFO: Run Behavior\BuildLiteBehavior [ RunTime:0.000024s ]
INFO: [ app_init ] --END-- [ RunTime:0.000810s ]
ERR: 无法加载模块:Static

[ 2018-11-30T15:23:24+08:00 ] ::1 /nhkjw/static/css/app.23fb10df981fb5840b8293673ad8ea7a.css
INFO: [ app_init ] --START--
INFO: Run Behavior\BuildLiteBehavior [ RunTime:0.000011s ]
INFO: [ app_init ] --END-- [ RunTime:0.000310s ]
ERR: 无法加载模块:Static

[ 2018-11-30T15:23:24+08:00 ] ::1 /nhkjw/static/js/app.283a7859fcfc631df294.js
INFO: [ app_init ] --START--
INFO: Run Behavior\BuildLiteBehavior [ RunTime:0.000012s ]
INFO: [ app_init ] --END-- [ RunTime:0.000336s ]
ERR: 无法加载模块:Static

[ 2018-11-30T15:23:24+08:00 ] ::1 /nhkjw/static/js/vendor.d382b4c157dff0f48ecf.js
INFO: [ app_init ] --START--
INFO: Run Behavior\BuildLiteBehavior [ RunTime:0.000011s ]
INFO: [ app_init ] --END-- [ RunTime:0.000294s ]
ERR: 无法加载模块:Static

[ 2018-11-30T15:23:24+08:00 ] ::1 /nhkjw/static/js/manifest.b178a072aa46182474d0.js
INFO: [ app_init ] --START--
INFO: Run Behavior\BuildLiteBehavior [ RunTime:0.000011s ]
INFO: [ app_init ] --END-- [ RunTime:0.000285s ]
ERR: 无法加载模块:Static

[ 2018-11-30T15:23:24+08:00 ] ::1 /nhkjw/static/js/vendor.d382b4c157dff0f48ecf.js
INFO: [ app_init ] --START--
INFO: Run Behavior\BuildLiteBehavior [ RunTime:0.000014s ]
INFO: [ app_init ] --END-- [ RunTime:0.000401s ]
ERR: 无法加载模块:Static

[ 2018-11-30T15:23:24+08:00 ] ::1 /nhkjw/static/js/app.283a7859fcfc631df294.js
INFO: [ app_init ] --START--
INFO: Run Behavior\BuildLiteBehavior [ RunTime:0.000034s ]
INFO: [ app_init ] --END-- [ RunTime:0.000744s ]
ERR: 无法加载模块:Static

[ 2018-11-30T15:23:24+08:00 ] ::1 /nhkjw/static/js/vendor.d382b4c157dff0f48ecf.js
INFO: [ app_init ] --START--
INFO: Run Behavior\BuildLiteBehavior [ RunTime:0.000012s ]
INFO: [ app_init ] --END-- [ RunTime:0.000339s ]
ERR: 无法加载模块:Static

[ 2018-11-30T15:23:24+08:00 ] ::1 /nhkjw/static/css/app.23fb10df981fb5840b8293673ad8ea7a.css
INFO: [ app_init ] --START--
INFO: Run Behavior\BuildLiteBehavior [ RunTime:0.000011s ]
INFO: [ app_init ] --END-- [ RunTime:0.000292s ]
ERR: 无法加载模块:Static

[ 2018-11-30T15:23:24+08:00 ] ::1 /nhkjw/static/js/app.283a7859fcfc631df294.js
INFO: [ app_init ] --START--
INFO: Run Behavior\BuildLiteBehavior [ RunTime:0.000019s ]
INFO: [ app_init ] --END-- [ RunTime:0.000533s ]
ERR: 无法加载模块:Static

[ 2018-11-30T15:23:24+08:00 ] ::1 /nhkjw/static/js/manifest.b178a072aa46182474d0.js
INFO: [ app_init ] --START--
INFO: Run Behavior\BuildLiteBehavior [ RunTime:0.000011s ]
INFO: [ app_init ] --END-- [ RunTime:0.000320s ]
ERR: 无法加载模块:Static

[ 2018-11-30T15:23:24+08:00 ] ::1 /nhkjw/static/js/vendor.d382b4c157dff0f48ecf.js
INFO: [ app_init ] --START--
INFO: Run Behavior\BuildLiteBehavior [ RunTime:0.000013s ]
INFO: [ app_init ] --END-- [ RunTime:0.000325s ]
ERR: 无法加载模块:Static

[ 2018-11-30T15:23:24+08:00 ] ::1 /nhkjw/static/js/app.283a7859fcfc631df294.js
INFO: [ app_init ] --START--
INFO: Run Behavior\BuildLiteBehavior [ RunTime:0.000015s ]
INFO: [ app_init ] --END-- [ RunTime:0.000372s ]
ERR: 无法加载模块:Static

[ 2018-11-30T15:23:24+08:00 ] ::1 /nhkjw/static/js/app.283a7859fcfc631df294.js
INFO: [ app_init ] --START--
INFO: Run Behavior\BuildLiteBehavior [ RunTime:0.000012s ]
INFO: [ app_init ] --END-- [ RunTime:0.000319s ]
ERR: 无法加载模块:Static

[ 2018-11-30T15:23:24+08:00 ] ::1 /nhkjw/static/js/manifest.b178a072aa46182474d0.js
INFO: [ app_init ] --START--
INFO: Run Behavior\BuildLiteBehavior [ RunTime:0.000012s ]
INFO: [ app_init ] --END-- [ RunTime:0.000315s ]
ERR: 无法加载模块:Static

[ 2018-11-30T15:23:24+08:00 ] ::1 /nhkjw/static/js/vendor.d382b4c157dff0f48ecf.js
INFO: [ app_init ] --START--
INFO: Run Behavior\BuildLiteBehavior [ RunTime:0.000022s ]
INFO: [ app_init ] --END-- [ RunTime:0.000622s ]
ERR: 无法加载模块:Static

[ 2018-11-30T15:23:24+08:00 ] ::1 /nhkjw/static/css/app.23fb10df981fb5840b8293673ad8ea7a.css
INFO: [ app_init ] --START--
INFO: Run Behavior\BuildLiteBehavior [ RunTime:0.000012s ]
INFO: [ app_init ] --END-- [ RunTime:0.000328s ]
ERR: 无法加载模块:Static

[ 2018-11-30T15:23:24+08:00 ] ::1 /nhkjw/static/js/vendor.d382b4c157dff0f48ecf.js
INFO: [ app_init ] --START--
INFO: Run Behavior\BuildLiteBehavior [ RunTime:0.000023s ]
INFO: [ app_init ] --END-- [ RunTime:0.000516s ]
ERR: 无法加载模块:Static

[ 2018-11-30T15:23:24+08:00 ] ::1 /nhkjw/static/js/app.283a7859fcfc631df294.js
INFO: [ app_init ] --START--
INFO: Run Behavior\BuildLiteBehavior [ RunTime:0.000012s ]
INFO: [ app_init ] --END-- [ RunTime:0.000291s ]
ERR: 无法加载模块:Static

[ 2018-11-30T15:24:52+08:00 ] ::1 /nhkjw/static/css/app.23fb10df981fb5840b8293673ad8ea7a.css
INFO: [ app_init ] --START--
INFO: Run Behavior\BuildLiteBehavior [ RunTime:0.000037s ]
INFO: [ app_init ] --END-- [ RunTime:0.000747s ]
ERR: 无法加载模块:Static

[ 2018-11-30T15:24:52+08:00 ] ::1 /nhkjw/static/js/manifest.b178a072aa46182474d0.js
INFO: [ app_init ] --START--
INFO: Run Behavior\BuildLiteBehavior [ RunTime:0.000014s ]
INFO: [ app_init ] --END-- [ RunTime:0.000327s ]
ERR: 无法加载模块:Static

[ 2018-11-30T15:24:52+08:00 ] ::1 /nhkjw/static/js/app.283a7859fcfc631df294.js
INFO: [ app_init ] --START--
INFO: Run Behavior\BuildLiteBehavior [ RunTime:0.000015s ]
INFO: [ app_init ] --END-- [ RunTime:0.000321s ]
ERR: 无法加载模块:Static

[ 2018-11-30T15:24:52+08:00 ] ::1 /nhkjw/static/js/vendor.d382b4c157dff0f48ecf.js
INFO: [ app_init ] --START--
INFO: Run Behavior\BuildLiteBehavior [ RunTime:0.000014s ]
INFO: [ app_init ] --END-- [ RunTime:0.000790s ]
ERR: 无法加载模块:Static

[ 2018-11-30T15:24:52+08:00 ] ::1 /nhkjw/static/js/app.283a7859fcfc631df294.js
INFO: [ app_init ] --START--
INFO: Run Behavior\BuildLiteBehavior [ RunTime:0.000021s ]
INFO: [ app_init ] --END-- [ RunTime:0.000634s ]
ERR: 无法加载模块:Static

[ 2018-11-30T15:24:55+08:00 ] ::1 /nhkjw/static/css/app.23fb10df981fb5840b8293673ad8ea7a.css
INFO: [ app_init ] --START--
INFO: Run Behavior\BuildLiteBehavior [ RunTime:0.000011s ]
INFO: [ app_init ] --END-- [ RunTime:0.000318s ]
ERR: 无法加载模块:Static

[ 2018-11-30T15:28:12+08:00 ] ::1 /nhkjw/static/js/9.50c90d6cd476836a37aa.js
INFO: [ app_init ] --START--
INFO: Run Behavior\BuildLiteBehavior [ RunTime:0.000013s ]
INFO: [ app_init ] --END-- [ RunTime:0.000446s ]
ERR: 无法加载模块:Static

[ 2018-11-30T15:28:13+08:00 ] ::1 /nhkjw/static/js/9.50c90d6cd476836a37aa.js
INFO: [ app_init ] --START--
INFO: Run Behavior\BuildLiteBehavior [ RunTime:0.000013s ]
INFO: [ app_init ] --END-- [ RunTime:0.000540s ]
ERR: 无法加载模块:Static

[ 2018-11-30T15:28:14+08:00 ] ::1 /nhkjw/static/js/9.50c90d6cd476836a37aa.js
INFO: [ app_init ] --START--
INFO: Run Behavior\BuildLiteBehavior [ RunTime:0.000016s ]
INFO: [ app_init ] --END-- [ RunTime:0.000405s ]
ERR: 无法加载模块:Static

[ 2018-11-30T15:28:16+08:00 ] ::1 /nhkjw/static/js/9.50c90d6cd476836a37aa.js
INFO: [ app_init ] --START--
INFO: Run Behavior\BuildLiteBehavior [ RunTime:0.000015s ]
INFO: [ app_init ] --END-- [ RunTime:0.000402s ]
ERR: 无法加载模块:Static

[ 2018-11-30T16:16:13+08:00 ] ::1 /nhkjw/static/css/app.23fb10df981fb5840b8293673ad8ea7a.css
INFO: [ app_init ] --START--
INFO: Run Behavior\BuildLiteBehavior [ RunTime:0.000013s ]
INFO: [ app_init ] --END-- [ RunTime:0.000357s ]
ERR: 无法加载模块:Static

[ 2018-11-30T16:16:13+08:00 ] ::1 /nhkjw/static/js/app.283a7859fcfc631df294.js
INFO: [ app_init ] --START--
INFO: Run Behavior\BuildLiteBehavior [ RunTime:0.000016s ]
INFO: [ app_init ] --END-- [ RunTime:0.000421s ]
ERR: 无法加载模块:Static

[ 2018-11-30T16:16:13+08:00 ] ::1 /nhkjw/static/js/manifest.b178a072aa46182474d0.js
INFO: [ app_init ] --START--
INFO: Run Behavior\BuildLiteBehavior [ RunTime:0.000014s ]
INFO: [ app_init ] --END-- [ RunTime:0.000424s ]
ERR: 无法加载模块:Static

[ 2018-11-30T16:16:13+08:00 ] ::1 /nhkjw/static/js/vendor.d382b4c157dff0f48ecf.js
INFO: [ app_init ] --START--
INFO: Run Behavior\BuildLiteBehavior [ RunTime:0.000018s ]
INFO: [ app_init ] --END-- [ RunTime:0.000718s ]
ERR: 无法加载模块:Static

[ 2018-11-30T16:16:13+08:00 ] ::1 /nhkjw/static/js/app.283a7859fcfc631df294.js
INFO: [ app_init ] --START--
INFO: Run Behavior\BuildLiteBehavior [ RunTime:0.000017s ]
INFO: [ app_init ] --END-- [ RunTime:0.000683s ]
ERR: 无法加载模块:Static

[ 2018-11-30T16:16:52+08:00 ] ::1 /nhkjw/Public/static/css/app.23fb10df981fb5840b8293673ad8ea7a.css
INFO: [ app_init ] --START--
INFO: Run Behavior\BuildLiteBehavior [ RunTime:0.000017s ]
INFO: [ app_init ] --END-- [ RunTime:0.000499s ]
ERR: 无法加载模块:Public

[ 2018-11-30T16:16:52+08:00 ] ::1 /nhkjw/Public/static/js/app.283a7859fcfc631df294.js
INFO: [ app_init ] --START--
INFO: Run Behavior\BuildLiteBehavior [ RunTime:0.000012s ]
INFO: [ app_init ] --END-- [ RunTime:0.000338s ]
ERR: 无法加载模块:Public

[ 2018-11-30T16:16:52+08:00 ] ::1 /nhkjw/Public/static/js/manifest.b178a072aa46182474d0.js
INFO: [ app_init ] --START--
INFO: Run Behavior\BuildLiteBehavior [ RunTime:0.000015s ]
INFO: [ app_init ] --END-- [ RunTime:0.001811s ]
ERR: 无法加载模块:Public

[ 2018-11-30T16:16:52+08:00 ] ::1 /nhkjw/Public/static/js/vendor.d382b4c157dff0f48ecf.js
INFO: [ app_init ] --START--
INFO: Run Behavior\BuildLiteBehavior [ RunTime:0.000016s ]
INFO: [ app_init ] --END-- [ RunTime:0.000414s ]
ERR: 无法加载模块:Public

[ 2018-11-30T16:16:52+08:00 ] ::1 /nhkjw/Public/static/js/app.283a7859fcfc631df294.js
INFO: [ app_init ] --START--
INFO: Run Behavior\BuildLiteBehavior [ RunTime:0.000024s ]
INFO: [ app_init ] --END-- [ RunTime:0.000328s ]
ERR: 无法加载模块:Public

[ 2018-11-30T16:18:37+08:00 ] ::1 /nhkjw/.Application/Admin/Public/static/css/app.23fb10df981fb5840b8293673ad8ea7a.css
INFO: [ app_init ] --START--
INFO: Run Behavior\BuildLiteBehavior [ RunTime:0.000011s ]
INFO: [ app_init ] --END-- [ RunTime:0.000287s ]
ERR: 无法加载模块:.Application

[ 2018-11-30T16:18:37+08:00 ] ::1 /nhkjw/.Application/Admin/Public/static/js/app.283a7859fcfc631df294.js
INFO: [ app_init ] --START--
INFO: Run Behavior\BuildLiteBehavior [ RunTime:0.000010s ]
INFO: [ app_init ] --END-- [ RunTime:0.000351s ]
ERR: 无法加载模块:.Application

[ 2018-11-30T16:18:37+08:00 ] ::1 /nhkjw/.Application/Admin/Public/static/js/vendor.d382b4c157dff0f48ecf.js
INFO: [ app_init ] --START--
INFO: Run Behavior\BuildLiteBehavior [ RunTime:0.000012s ]
INFO: [ app_init ] --END-- [ RunTime:0.000385s ]
ERR: 无法加载模块:.Application

[ 2018-11-30T16:18:37+08:00 ] ::1 /nhkjw/.Application/Admin/Public/static/js/app.283a7859fcfc631df294.js
INFO: [ app_init ] --START--
INFO: Run Behavior\BuildLiteBehavior [ RunTime:0.000011s ]
INFO: [ app_init ] --END-- [ RunTime:0.000354s ]
ERR: 无法加载模块:.Application

[ 2018-11-30T16:18:38+08:00 ] ::1 /nhkjw/.Application/Admin/Public/static/js/vendor.d382b4c157dff0f48ecf.js
INFO: [ app_init ] --START--
INFO: Run Behavior\BuildLiteBehavior [ RunTime:0.000013s ]
INFO: [ app_init ] --END-- [ RunTime:0.000322s ]
ERR: 无法加载模块:.Application

[ 2018-11-30T16:18:38+08:00 ] ::1 /nhkjw/.Application/Admin/Public/static/js/app.283a7859fcfc631df294.js
INFO: [ app_init ] --START--
INFO: Run Behavior\BuildLiteBehavior [ RunTime:0.000011s ]
INFO: [ app_init ] --END-- [ RunTime:0.000368s ]
ERR: 无法加载模块:.Application

[ 2018-11-30T16:18:38+08:00 ] ::1 /nhkjw/.Application/Admin/Public/static/css/app.23fb10df981fb5840b8293673ad8ea7a.css
INFO: [ app_init ] --START--
INFO: Run Behavior\BuildLiteBehavior [ RunTime:0.000010s ]
INFO: [ app_init ] --END-- [ RunTime:0.000278s ]
ERR: 无法加载模块:.Application

[ 2018-11-30T16:18:38+08:00 ] ::1 /nhkjw/.Application/Admin/Public/static/js/vendor.d382b4c157dff0f48ecf.js
INFO: [ app_init ] --START--
INFO: Run Behavior\BuildLiteBehavior [ RunTime:0.000010s ]
INFO: [ app_init ] --END-- [ RunTime:0.000287s ]
ERR: 无法加载模块:.Application

[ 2018-11-30T16:18:38+08:00 ] ::1 /nhkjw/.Application/Admin/Public/static/js/app.283a7859fcfc631df294.js
INFO: [ app_init ] --START--
INFO: Run Behavior\BuildLiteBehavior [ RunTime:0.000015s ]
INFO: [ app_init ] --END-- [ RunTime:0.000407s ]
ERR: 无法加载模块:.Application

[ 2018-11-30T16:18:39+08:00 ] ::1 /nhkjw/.Application/Admin/Public/static/js/app.283a7859fcfc631df294.js
INFO: [ app_init ] --START--
INFO: Run Behavior\BuildLiteBehavior [ RunTime:0.000012s ]
INFO: [ app_init ] --END-- [ RunTime:0.000369s ]
ERR: 无法加载模块:.Application

[ 2018-11-30T16:18:39+08:00 ] ::1 /nhkjw/.Application/Admin/Public/static/js/vendor.d382b4c157dff0f48ecf.js
INFO: [ app_init ] --START--
INFO: Run Behavior\BuildLiteBehavior [ RunTime:0.000011s ]
INFO: [ app_init ] --END-- [ RunTime:0.000307s ]
ERR: 无法加载模块:.Application

[ 2018-11-30T16:18:39+08:00 ] ::1 /nhkjw/.Application/Admin/Public/static/css/app.23fb10df981fb5840b8293673ad8ea7a.css
INFO: [ app_init ] --START--
INFO: Run Behavior\BuildLiteBehavior [ RunTime:0.000011s ]
INFO: [ app_init ] --END-- [ RunTime:0.000317s ]
ERR: 无法加载模块:.Application

[ 2018-11-30T16:18:39+08:00 ] ::1 /nhkjw/.Application/Admin/Public/static/js/vendor.d382b4c157dff0f48ecf.js
INFO: [ app_init ] --START--
INFO: Run Behavior\BuildLiteBehavior [ RunTime:0.000015s ]
INFO: [ app_init ] --END-- [ RunTime:0.000489s ]
ERR: 无法加载模块:.Application

[ 2018-11-30T16:18:39+08:00 ] ::1 /nhkjw/.Application/Admin/Public/static/js/app.283a7859fcfc631df294.js
INFO: [ app_init ] --START--
INFO: Run Behavior\BuildLiteBehavior [ RunTime:0.000020s ]
INFO: [ app_init ] --END-- [ RunTime:0.000404s ]
ERR: 无法加载模块:.Application

[ 2018-11-30T16:18:40+08:00 ] ::1 /nhkjw/.Application/Admin/Public/static/css/app.23fb10df981fb5840b8293673ad8ea7a.css
INFO: [ app_init ] --START--
INFO: Run Behavior\BuildLiteBehavior [ RunTime:0.000027s ]
INFO: [ app_init ] --END-- [ RunTime:0.000329s ]
ERR: 无法加载模块:.Application

[ 2018-11-30T16:18:40+08:00 ] ::1 /nhkjw/.Application/Admin/Public/static/js/vendor.d382b4c157dff0f48ecf.js
INFO: [ app_init ] --START--
INFO: Run Behavior\BuildLiteBehavior [ RunTime:0.000012s ]
INFO: [ app_init ] --END-- [ RunTime:0.000344s ]
ERR: 无法加载模块:.Application

[ 2018-11-30T16:18:40+08:00 ] ::1 /nhkjw/.Application/Admin/Public/static/js/app.283a7859fcfc631df294.js
INFO: [ app_init ] --START--
INFO: Run Behavior\BuildLiteBehavior [ RunTime:0.000011s ]
INFO: [ app_init ] --END-- [ RunTime:0.000407s ]
ERR: 无法加载模块:.Application

[ 2018-11-30T16:18:40+08:00 ] ::1 /nhkjw/.Application/Admin/Public/static/js/vendor.d382b4c157dff0f48ecf.js
INFO: [ app_init ] --START--
INFO: Run Behavior\BuildLiteBehavior [ RunTime:0.000012s ]
INFO: [ app_init ] --END-- [ RunTime:0.000358s ]
ERR: 无法加载模块:.Application

[ 2018-11-30T16:18:40+08:00 ] ::1 /nhkjw/.Application/Admin/Public/static/js/app.283a7859fcfc631df294.js
INFO: [ app_init ] --START--
INFO: Run Behavior\BuildLiteBehavior [ RunTime:0.000012s ]
INFO: [ app_init ] --END-- [ RunTime:0.000312s ]
ERR: 无法加载模块:.Application

[ 2018-11-30T16:18:57+08:00 ] ::1 /nhkjw/.Application/Admin/Public/static/css/app.23fb10df981fb5840b8293673ad8ea7a.cs
INFO: [ app_init ] --START--
INFO: Run Behavior\BuildLiteBehavior [ RunTime:0.000027s ]
INFO: [ app_init ] --END-- [ RunTime:0.000534s ]
ERR: 无法加载模块:.Application

[ 2018-11-30T16:20:27+08:00 ] ::1 /nhkjw/Application/Admin/Public/static/css/app.23fb10df981fb5840b8293673ad8ea7a.cs
INFO: [ app_init ] --START--
INFO: Run Behavior\BuildLiteBehavior [ RunTime:0.000010s ]
INFO: [ app_init ] --END-- [ RunTime:0.000268s ]
ERR: 无法加载模块:Application

[ 2018-11-30T16:20:53+08:00 ] ::1 /nhkjw/.Application/Admin/Public/static/css/app.23fb10df981fb5840b8293673ad8ea7a.css
INFO: [ app_init ] --START--
INFO: Run Behavior\BuildLiteBehavior [ RunTime:0.000010s ]
INFO: [ app_init ] --END-- [ RunTime:0.000305s ]
ERR: 无法加载模块:.Application

[ 2018-11-30T16:33:17+08:00 ] ::1 /nhkjw/ADMIN_PUBLIC/static/js/vendor.d382b4c157dff0f48ecf.js
INFO: [ app_init ] --START--
INFO: Run Behavior\BuildLiteBehavior [ RunTime:0.000015s ]
INFO: [ app_init ] --END-- [ RunTime:0.000617s ]
ERR: 无法加载模块:ADMIN_PUBLIC

[ 2018-11-30T16:34:31+08:00 ] ::1 /nhkjw/static/js/9.50c90d6cd476836a37aa.js
INFO: [ app_init ] --START--
INFO: Run Behavior\BuildLiteBehavior [ RunTime:0.000016s ]
INFO: [ app_init ] --END-- [ RunTime:0.000448s ]
ERR: 无法加载模块:Static

[ 2018-11-30T16:34:32+08:00 ] ::1 /nhkjw/static/js/9.50c90d6cd476836a37aa.js
INFO: [ app_init ] --START--
INFO: Run Behavior\BuildLiteBehavior [ RunTime:0.000012s ]
INFO: [ app_init ] --END-- [ RunTime:0.000327s ]
ERR: 无法加载模块:Static

[ 2018-11-30T16:34:33+08:00 ] ::1 /nhkjw/static/js/9.50c90d6cd476836a37aa.js
INFO: [ app_init ] --START--
INFO: Run Behavior\BuildLiteBehavior [ RunTime:0.000021s ]
INFO: [ app_init ] --END-- [ RunTime:0.000402s ]
ERR: 无法加载模块:Static

[ 2018-11-30T16:36:01+08:00 ] ::1 /nhkjw/static/js/9.50c90d6cd476836a37aa.js
INFO: [ app_init ] --START--
INFO: Run Behavior\BuildLiteBehavior [ RunTime:0.000020s ]
INFO: [ app_init ] --END-- [ RunTime:0.000528s ]
ERR: 无法加载模块:Static

[ 2018-11-30T16:37:55+08:00 ] ::1 /nhkjw/static/js/9.50c90d6cd476836a37aa.js
INFO: [ app_init ] --START--
INFO: Run Behavior\BuildLiteBehavior [ RunTime:0.000015s ]
INFO: [ app_init ] --END-- [ RunTime:0.000347s ]
ERR: 无法加载模块:Static

[ 2018-11-30T16:38:10+08:00 ] ::1 /nhkjw/static/js/9.50c90d6cd476836a37aa.js
INFO: [ app_init ] --START--
INFO: Run Behavior\BuildLiteBehavior [ RunTime:0.000013s ]
INFO: [ app_init ] --END-- [ RunTime:0.000407s ]
ERR: 无法加载模块:Static

[ 2018-11-30T16:38:18+08:00 ] ::1 /nhkjw/static/js/9.50c90d6cd476836a37aa.js
INFO: [ app_init ] --START--
INFO: Run Behavior\BuildLiteBehavior [ RunTime:0.000016s ]
INFO: [ app_init ] --END-- [ RunTime:0.000486s ]
ERR: 无法加载模块:Static

[ 2018-11-30T16:39:28+08:00 ] ::1 /nhkjw/static/js/9.50c90d6cd476836a37aa.js
INFO: [ app_init ] --START--
INFO: Run Behavior\BuildLiteBehavior [ RunTime:0.000020s ]
INFO: [ app_init ] --END-- [ RunTime:0.000708s ]
ERR: 无法加载模块:Static

[ 2018-11-30T16:39:31+08:00 ] ::1 /nhkjw/static/js/9.50c90d6cd476836a37aa.js
INFO: [ app_init ] --START--
INFO: Run Behavior\BuildLiteBehavior [ RunTime:0.000016s ]
INFO: [ app_init ] --END-- [ RunTime:0.000600s ]
ERR: 无法加载模块:Static

[ 2018-11-30T16:40:37+08:00 ] ::1 /nhkjw/static/js/9.50c90d6cd476836a37aa.js
INFO: [ app_init ] --START--
INFO: Run Behavior\BuildLiteBehavior [ RunTime:0.000013s ]
INFO: [ app_init ] --END-- [ RunTime:0.000463s ]
ERR: 无法加载模块:Static

[ 2018-11-30T16:40:46+08:00 ] ::1 /nhkjw/static/js/9.50c90d6cd476836a37aa.js
INFO: [ app_init ] --START--
INFO: Run Behavior\BuildLiteBehavior [ RunTime:0.000012s ]
INFO: [ app_init ] --END-- [ RunTime:0.000315s ]
ERR: 无法加载模块:Static

[ 2018-11-30T16:41:04+08:00 ] ::1 /nhkjw/static/js/9.50c90d6cd476836a37aa.js
INFO: [ app_init ] --START--
INFO: Run Behavior\BuildLiteBehavior [ RunTime:0.000015s ]
INFO: [ app_init ] --END-- [ RunTime:0.000456s ]
ERR: 无法加载模块:Static

[ 2018-11-30T16:42:23+08:00 ] ::1 /nhkjw/static/js/9.50c90d6cd476836a37aa.js
INFO: [ app_init ] --START--
INFO: Run Behavior\BuildLiteBehavior [ RunTime:0.000011s ]
INFO: [ app_init ] --END-- [ RunTime:0.000308s ]
ERR: 无法加载模块:Static

[ 2018-11-30T17:22:37+08:00 ] ::1 /nhkjw/static/js/9.50c90d6cd476836a37aa.js
INFO: [ app_init ] --START--
INFO: Run Behavior\BuildLiteBehavior [ RunTime:0.000014s ]
INFO: [ app_init ] --END-- [ RunTime:0.000419s ]
ERR: 无法加载模块:Static

[ 2018-11-30T17:23:46+08:00 ] ::1 /nhkjw/static/js/9.50c90d6cd476836a37aa.js
INFO: [ app_init ] --START--
INFO: Run Behavior\BuildLiteBehavior [ RunTime:0.000011s ]
INFO: [ app_init ] --END-- [ RunTime:0.000323s ]
ERR: 无法加载模块:Static

[ 2018-11-30T17:25:03+08:00 ] ::1 /nhkjw/static/js/9.50c90d6cd476836a37aa.js
INFO: [ app_init ] --START--
INFO: Run Behavior\BuildLiteBehavior [ RunTime:0.000017s ]
INFO: [ app_init ] --END-- [ RunTime:0.000448s ]
ERR: 无法加载模块:Static

[ 2018-11-30T17:25:06+08:00 ] ::1 /nhkjw/static/js/9.50c90d6cd476836a37aa.js
INFO: [ app_init ] --START--
INFO: Run Behavior\BuildLiteBehavior [ RunTime:0.000022s ]
INFO: [ app_init ] --END-- [ RunTime:0.000398s ]
ERR: 无法加载模块:Static

[ 2018-11-30T17:32:22+08:00 ] ::1 /nhkjw/static/js/9.50c90d6cd476836a37aa.js
INFO: [ app_init ] --START--
INFO: Run Behavior\BuildLiteBehavior [ RunTime:0.000017s ]
INFO: [ app_init ] --END-- [ RunTime:0.000493s ]
ERR: 无法加载模块:Static

[ 2018-11-30T17:32:53+08:00 ] ::1 /nhkjw/static/js/9.50c90d6cd476836a37aa.js
INFO: [ app_init ] --START--
INFO: Run Behavior\BuildLiteBehavior [ RunTime:0.000012s ]
INFO: [ app_init ] --END-- [ RunTime:0.000454s ]
ERR: 无法加载模块:Static

[ 2018-11-30T17:33:31+08:00 ] ::1 /nhkjw/Application/Admin/Public/Public/static/js/app.283a7859fcfc631df294.js
INFO: [ app_init ] --START--
INFO: Run Behavior\BuildLiteBehavior [ RunTime:0.000020s ]
INFO: [ app_init ] --END-- [ RunTime:0.000528s ]
ERR: 无法加载模块:Application

[ 2018-11-30T17:33:31+08:00 ] ::1 /nhkjw/Application/Admin/Public/Public/static/js/app.283a7859fcfc631df294.js
INFO: [ app_init ] --START--
INFO: Run Behavior\BuildLiteBehavior [ RunTime:0.000045s ]
INFO: [ app_init ] --END-- [ RunTime:0.000441s ]
ERR: 无法加载模块:Application

[ 2018-11-30T17:33:32+08:00 ] ::1 /nhkjw/Application/Admin/Public/Public/static/js/app.283a7859fcfc631df294.js
INFO: [ app_init ] --START--
INFO: Run Behavior\BuildLiteBehavior [ RunTime:0.000023s ]
INFO: [ app_init ] --END-- [ RunTime:0.001138s ]
ERR: 无法加载模块:Application

[ 2018-11-30T17:33:33+08:00 ] ::1 /nhkjw/Application/Admin/Public/Public/static/js/app.283a7859fcfc631df294.js
INFO: [ app_init ] --START--
INFO: Run Behavior\BuildLiteBehavior [ RunTime:0.000012s ]
INFO: [ app_init ] --END-- [ RunTime:0.000311s ]
ERR: 无法加载模块:Application

[ 2018-11-30T17:33:47+08:00 ] ::1 /nhkjw/Application/Admin/Public/Public/static/js/app.283a7859fcfc631df294.js
INFO: [ app_init ] --START--
INFO: Run Behavior\BuildLiteBehavior [ RunTime:0.000013s ]
INFO: [ app_init ] --END-- [ RunTime:0.000310s ]
ERR: 无法加载模块:Application

[ 2018-11-30T17:37:45+08:00 ] ::1 /nhkjw/static/css/app.23fb10df981fb5840b8293673ad8ea7a.css
INFO: [ app_init ] --START--
INFO: Run Behavior\BuildLiteBehavior [ RunTime:0.000016s ]
INFO: [ app_init ] --END-- [ RunTime:0.000408s ]
ERR: 无法加载模块:Static

[ 2018-11-30T17:37:45+08:00 ] ::1 /nhkjw/static/js/manifest.b178a072aa46182474d0.js
INFO: [ app_init ] --START--
INFO: Run Behavior\BuildLiteBehavior [ RunTime:0.000019s ]
INFO: [ app_init ] --END-- [ RunTime:0.000507s ]
ERR: 无法加载模块:Static

[ 2018-11-30T17:37:45+08:00 ] ::1 /nhkjw/static/js/vendor.d382b4c157dff0f48ecf.js
INFO: [ app_init ] --START--
INFO: Run Behavior\BuildLiteBehavior [ RunTime:0.000012s ]
INFO: [ app_init ] --END-- [ RunTime:0.000349s ]
ERR: 无法加载模块:Static

[ 2018-11-30T17:37:45+08:00 ] ::1 /nhkjw/static/js/app.283a7859fcfc631df294.js
INFO: [ app_init ] --START--
INFO: Run Behavior\BuildLiteBehavior [ RunTime:0.000017s ]
INFO: [ app_init ] --END-- [ RunTime:0.000724s ]
ERR: 无法加载模块:Static

[ 2018-11-30T17:37:46+08:00 ] ::1 /nhkjw/static/js/manifest.b178a072aa46182474d0.js
INFO: [ app_init ] --START--
INFO: Run Behavior\BuildLiteBehavior [ RunTime:0.000019s ]
INFO: [ app_init ] --END-- [ RunTime:0.000365s ]
ERR: 无法加载模块:Static

[ 2018-11-30T17:37:46+08:00 ] ::1 /nhkjw/static/css/app.23fb10df981fb5840b8293673ad8ea7a.css
INFO: [ app_init ] --START--
INFO: Run Behavior\BuildLiteBehavior [ RunTime:0.000029s ]
INFO: [ app_init ] --END-- [ RunTime:0.000576s ]
ERR: 无法加载模块:Static

[ 2018-11-30T17:37:46+08:00 ] ::1 /nhkjw/static/js/app.283a7859fcfc631df294.js
INFO: [ app_init ] --START--
INFO: Run Behavior\BuildLiteBehavior [ RunTime:0.000013s ]
INFO: [ app_init ] --END-- [ RunTime:0.000374s ]
ERR: 无法加载模块:Static

[ 2018-11-30T17:37:46+08:00 ] ::1 /nhkjw/static/js/vendor.d382b4c157dff0f48ecf.js
INFO: [ app_init ] --START--
INFO: Run Behavior\BuildLiteBehavior [ RunTime:0.000016s ]
INFO: [ app_init ] --END-- [ RunTime:0.000352s ]
ERR: 无法加载模块:Static

[ 2018-11-30T17:37:46+08:00 ] ::1 /nhkjw/static/css/app.23fb10df981fb5840b8293673ad8ea7a.css
INFO: [ app_init ] --START--
INFO: Run Behavior\BuildLiteBehavior [ RunTime:0.000045s ]
INFO: [ app_init ] --END-- [ RunTime:0.000825s ]
ERR: 无法加载模块:Static

[ 2018-11-30T17:37:46+08:00 ] ::1 /nhkjw/static/js/manifest.b178a072aa46182474d0.js
INFO: [ app_init ] --START--
INFO: Run Behavior\BuildLiteBehavior [ RunTime:0.000018s ]
INFO: [ app_init ] --END-- [ RunTime:0.000464s ]
ERR: 无法加载模块:Static

[ 2018-11-30T17:37:46+08:00 ] ::1 /nhkjw/static/js/vendor.d382b4c157dff0f48ecf.js
INFO: [ app_init ] --START--
INFO: Run Behavior\BuildLiteBehavior [ RunTime:0.000025s ]
INFO: [ app_init ] --END-- [ RunTime:0.000579s ]
ERR: 无法加载模块:Static

[ 2018-11-30T17:37:46+08:00 ] ::1 /nhkjw/static/js/app.283a7859fcfc631df294.js
INFO: [ app_init ] --START--
INFO: Run Behavior\BuildLiteBehavior [ RunTime:0.000018s ]
INFO: [ app_init ] --END-- [ RunTime:0.000515s ]
ERR: 无法加载模块:Static

[ 2018-11-30T17:37:48+08:00 ] ::1 /nhkjw/static/css/app.23fb10df981fb5840b8293673ad8ea7a.css
INFO: [ app_init ] --START--
INFO: Run Behavior\BuildLiteBehavior [ RunTime:0.000013s ]
INFO: [ app_init ] --END-- [ RunTime:0.000349s ]
ERR: 无法加载模块:Static

[ 2018-11-30T17:37:48+08:00 ] ::1 /nhkjw/static/js/manifest.b178a072aa46182474d0.js
INFO: [ app_init ] --START--
INFO: Run Behavior\BuildLiteBehavior [ RunTime:0.000027s ]
INFO: [ app_init ] --END-- [ RunTime:0.000490s ]
ERR: 无法加载模块:Static

[ 2018-11-30T17:37:48+08:00 ] ::1 /nhkjw/static/css/app.23fb10df981fb5840b8293673ad8ea7a.css
INFO: [ app_init ] --START--
INFO: Run Behavior\BuildLiteBehavior [ RunTime:0.000014s ]
INFO: [ app_init ] --END-- [ RunTime:0.000316s ]
ERR: 无法加载模块:Static

[ 2018-11-30T17:37:48+08:00 ] ::1 /nhkjw/static/js/vendor.d382b4c157dff0f48ecf.js
INFO: [ app_init ] --START--
INFO: Run Behavior\BuildLiteBehavior [ RunTime:0.000012s ]
INFO: [ app_init ] --END-- [ RunTime:0.000305s ]
ERR: 无法加载模块:Static

[ 2018-11-30T17:37:48+08:00 ] ::1 /nhkjw/static/js/manifest.b178a072aa46182474d0.js
INFO: [ app_init ] --START--
INFO: Run Behavior\BuildLiteBehavior [ RunTime:0.000016s ]
INFO: [ app_init ] --END-- [ RunTime:0.000615s ]
ERR: 无法加载模块:Static

[ 2018-11-30T17:37:48+08:00 ] ::1 /nhkjw/static/js/app.283a7859fcfc631df294.js
INFO: [ app_init ] --START--
INFO: Run Behavior\BuildLiteBehavior [ RunTime:0.000012s ]
INFO: [ app_init ] --END-- [ RunTime:0.000941s ]
ERR: 无法加载模块:Static

[ 2018-11-30T17:37:48+08:00 ] ::1 /nhkjw/static/js/vendor.d382b4c157dff0f48ecf.js
INFO: [ app_init ] --START--
INFO: Run Behavior\BuildLiteBehavior [ RunTime:0.000026s ]
INFO: [ app_init ] --END-- [ RunTime:0.000635s ]
ERR: 无法加载模块:Static

[ 2018-11-30T17:37:48+08:00 ] ::1 /nhkjw/static/js/app.283a7859fcfc631df294.js
INFO: [ app_init ] --START--
INFO: Run Behavior\BuildLiteBehavior [ RunTime:0.000012s ]
INFO: [ app_init ] --END-- [ RunTime:0.000302s ]
ERR: 无法加载模块:Static

[ 2018-11-30T19:38:42+08:00 ] ::1 /nhkjw./Public/Uploads/20181129/25220_215108_3296.png
INFO: [ app_init ] --START--
INFO: Run Behavior\BuildLiteBehavior [ RunTime:0.000011s ]
INFO: [ app_init ] --END-- [ RunTime:0.000327s ]
ERR: 无法加载模块:Public

[ 2018-11-30T19:38:46+08:00 ] ::1 /nhkjw./Public/Uploads/20181129/25220_215108_3296.png
INFO: [ app_init ] --START--
INFO: Run Behavior\BuildLiteBehavior [ RunTime:0.000008s ]
INFO: [ app_init ] --END-- [ RunTime:0.000270s ]
ERR: 无法加载模块:Public

[ 2018-11-30T19:38:56+08:00 ] ::1 /nhkjw./Public/Uploads/20181129/25220_215108_3296.png
INFO: [ app_init ] --START--
INFO: Run Behavior\BuildLiteBehavior [ RunTime:0.000029s ]
INFO: [ app_init ] --END-- [ RunTime:0.000315s ]
ERR: 无法加载模块:Public

[ 2018-11-30T19:39:13+08:00 ] ::1 /nhkjw/Public/Uploads/20181129/25220_215108_3296.png
INFO: [ app_init ] --START--
INFO: Run Behavior\BuildLiteBehavior [ RunTime:0.000013s ]
INFO: [ app_init ] --END-- [ RunTime:0.000392s ]
ERR: 无法加载模块:Public

