[ 2018-11-27T00:22:27+08:00 ] ::1 /nhkjw/getProductCatS
INFO: [ app_init ] --START--
INFO: Run Behavior\BuildLiteBehavior [ RunTime:0.000018s ]
INFO: [ app_init ] --END-- [ RunTime:0.000494s ]
ERR: 无法加载模块:GetProductCatS

[ 2018-11-27T00:22:55+08:00 ] ::1 /nhkjw/getProductCatS
INFO: [ app_init ] --START--
INFO: Run Behavior\BuildLiteBehavior [ RunTime:0.000028s ]
INFO: [ app_init ] --END-- [ RunTime:0.001640s ]
ERR: 无法加载模块:GetProductCatS

[ 2018-11-27T00:23:27+08:00 ] ::1 /nhkjw/getProductCatS
INFO: [ app_init ] --START--
INFO: Run Behavior\BuildLiteBehavior [ RunTime:0.000012s ]
INFO: [ app_init ] --END-- [ RunTime:0.000361s ]
ERR: 无法加载模块:GetProductCatS

[ 2018-11-27T00:23:28+08:00 ] ::1 /nhkjw/getProductCatS
INFO: [ app_init ] --START--
INFO: Run Behavior\BuildLiteBehavior [ RunTime:0.000019s ]
INFO: [ app_init ] --END-- [ RunTime:0.000450s ]
ERR: 无法加载模块:GetProductCatS

[ 2018-11-27T00:23:28+08:00 ] ::1 /nhkjw/getProductCatS
INFO: [ app_init ] --START--
INFO: Run Behavior\BuildLiteBehavior [ RunTime:0.000014s ]
INFO: [ app_init ] --END-- [ RunTime:0.000408s ]
ERR: 无法加载模块:GetProductCatS

[ 2018-11-27T00:23:28+08:00 ] ::1 /nhkjw/getProductCatS
INFO: [ app_init ] --START--
INFO: Run Behavior\BuildLiteBehavior [ RunTime:0.000019s ]
INFO: [ app_init ] --END-- [ RunTime:0.000411s ]
ERR: 无法加载模块:GetProductCatS

[ 2018-11-27T00:23:28+08:00 ] ::1 /nhkjw/getProductCatS
INFO: [ app_init ] --START--
INFO: Run Behavior\BuildLiteBehavior [ RunTime:0.000021s ]
INFO: [ app_init ] --END-- [ RunTime:0.000549s ]
ERR: 无法加载模块:GetProductCatS

[ 2018-11-27T00:23:29+08:00 ] ::1 /nhkjw/getProductCatS
INFO: [ app_init ] --START--
INFO: Run Behavior\BuildLiteBehavior [ RunTime:0.000013s ]
INFO: [ app_init ] --END-- [ RunTime:0.000344s ]
ERR: 无法加载模块:GetProductCatS

[ 2018-11-27T00:23:29+08:00 ] ::1 /nhkjw/getProductCatS
INFO: [ app_init ] --START--
INFO: Run Behavior\BuildLiteBehavior [ RunTime:0.000021s ]
INFO: [ app_init ] --END-- [ RunTime:0.000475s ]
ERR: 无法加载模块:GetProductCatS

[ 2018-11-27T00:23:29+08:00 ] ::1 /nhkjw/getProductCatS
INFO: [ app_init ] --START--
INFO: Run Behavior\BuildLiteBehavior [ RunTime:0.000018s ]
INFO: [ app_init ] --END-- [ RunTime:0.000439s ]
ERR: 无法加载模块:GetProductCatS

[ 2018-11-27T00:23:29+08:00 ] ::1 /nhkjw/getProductCatS
INFO: [ app_init ] --START--
INFO: Run Behavior\BuildLiteBehavior [ RunTime:0.000019s ]
INFO: [ app_init ] --END-- [ RunTime:0.000392s ]
ERR: 无法加载模块:GetProductCatS

[ 2018-11-27T00:23:29+08:00 ] ::1 /nhkjw/getProductCatS
INFO: [ app_init ] --START--
INFO: Run Behavior\BuildLiteBehavior [ RunTime:0.000011s ]
INFO: [ app_init ] --END-- [ RunTime:0.000312s ]
ERR: 无法加载模块:GetProductCatS

[ 2018-11-27T00:23:29+08:00 ] ::1 /nhkjw/getProductCatS
INFO: [ app_init ] --START--
INFO: Run Behavior\BuildLiteBehavior [ RunTime:0.000017s ]
INFO: [ app_init ] --END-- [ RunTime:0.000520s ]
ERR: 无法加载模块:GetProductCatS

[ 2018-11-27T00:23:30+08:00 ] ::1 /nhkjw/getProductCatS
INFO: [ app_init ] --START--
INFO: Run Behavior\BuildLiteBehavior [ RunTime:0.000016s ]
INFO: [ app_init ] --END-- [ RunTime:0.000459s ]
ERR: 无法加载模块:GetProductCatS

[ 2018-11-27T00:23:30+08:00 ] ::1 /nhkjw/getProductCatS
INFO: [ app_init ] --START--
INFO: Run Behavior\BuildLiteBehavior [ RunTime:0.000017s ]
INFO: [ app_init ] --END-- [ RunTime:0.000418s ]
ERR: 无法加载模块:GetProductCatS

[ 2018-11-27T00:23:30+08:00 ] ::1 /nhkjw/getProductCatS
INFO: [ app_init ] --START--
INFO: Run Behavior\BuildLiteBehavior [ RunTime:0.000014s ]
INFO: [ app_init ] --END-- [ RunTime:0.000388s ]
ERR: 无法加载模块:GetProductCatS

[ 2018-11-27T00:23:30+08:00 ] ::1 /nhkjw/getProductCatS
INFO: [ app_init ] --START--
INFO: Run Behavior\BuildLiteBehavior [ RunTime:0.000013s ]
INFO: [ app_init ] --END-- [ RunTime:0.000345s ]
ERR: 无法加载模块:GetProductCatS

[ 2018-11-27T00:23:30+08:00 ] ::1 /nhkjw/getProductCatS
INFO: [ app_init ] --START--
INFO: Run Behavior\BuildLiteBehavior [ RunTime:0.000016s ]
INFO: [ app_init ] --END-- [ RunTime:0.000437s ]
ERR: 无法加载模块:GetProductCatS

[ 2018-11-27T00:23:31+08:00 ] ::1 /nhkjw/getProductCatS
INFO: [ app_init ] --START--
INFO: Run Behavior\BuildLiteBehavior [ RunTime:0.000026s ]
INFO: [ app_init ] --END-- [ RunTime:0.001260s ]
ERR: 无法加载模块:GetProductCatS

[ 2018-11-27T00:23:40+08:00 ] ::1 /nhkjw/getProductCatS
INFO: [ app_init ] --START--
INFO: Run Behavior\BuildLiteBehavior [ RunTime:0.000008s ]
INFO: [ app_init ] --END-- [ RunTime:0.000258s ]
ERR: 无法加载模块:GetProductCatS

[ 2018-11-27T22:20:05+08:00 ] ::1 /nhkjw/undefined
INFO: [ app_init ] --START--
INFO: Run Behavior\BuildLiteBehavior [ RunTime:0.000014s ]
INFO: [ app_init ] --END-- [ RunTime:0.000351s ]
ERR: 无法加载模块:Undefined

[ 2018-11-27T22:21:33+08:00 ] ::1 /nhkjw/undefined
INFO: [ app_init ] --START--
INFO: Run Behavior\BuildLiteBehavior [ RunTime:0.000012s ]
INFO: [ app_init ] --END-- [ RunTime:0.000400s ]
ERR: 无法加载模块:Undefined

[ 2018-11-27T22:21:54+08:00 ] ::1 /nhkjw/undefined
INFO: [ app_init ] --START--
INFO: Run Behavior\BuildLiteBehavior [ RunTime:0.000014s ]
INFO: [ app_init ] --END-- [ RunTime:0.000546s ]
ERR: 无法加载模块:Undefined

[ 2018-11-27T22:22:00+08:00 ] ::1 /nhkjw/undefined
INFO: [ app_init ] --START--
INFO: Run Behavior\BuildLiteBehavior [ RunTime:0.000020s ]
INFO: [ app_init ] --END-- [ RunTime:0.000470s ]
ERR: 无法加载模块:Undefined

[ 2018-11-27T22:23:01+08:00 ] ::1 /nhkjw/undefined
INFO: [ app_init ] --START--
INFO: Run Behavior\BuildLiteBehavior [ RunTime:0.000014s ]
INFO: [ app_init ] --END-- [ RunTime:0.000341s ]
ERR: 无法加载模块:Undefined

[ 2018-11-27T22:23:10+08:00 ] ::1 /nhkjw/undefined
INFO: [ app_init ] --START--
INFO: Run Behavior\BuildLiteBehavior [ RunTime:0.000013s ]
INFO: [ app_init ] --END-- [ RunTime:0.000307s ]
ERR: 无法加载模块:Undefined

[ 2018-11-27T22:23:21+08:00 ] ::1 /nhkjw/undefined
INFO: [ app_init ] --START--
INFO: Run Behavior\BuildLiteBehavior [ RunTime:0.000016s ]
INFO: [ app_init ] --END-- [ RunTime:0.000836s ]
ERR: 无法加载模块:Undefined

[ 2018-11-27T22:23:40+08:00 ] ::1 /nhkjw/undefined
INFO: [ app_init ] --START--
INFO: Run Behavior\BuildLiteBehavior [ RunTime:0.000012s ]
INFO: [ app_init ] --END-- [ RunTime:0.000410s ]
ERR: 无法加载模块:Undefined

[ 2018-11-27T22:23:43+08:00 ] ::1 /nhkjw/undefined
INFO: [ app_init ] --START--
INFO: Run Behavior\BuildLiteBehavior [ RunTime:0.000020s ]
INFO: [ app_init ] --END-- [ RunTime:0.000452s ]
ERR: 无法加载模块:Undefined

[ 2018-11-27T22:25:54+08:00 ] ::1 /nhkjw/undefined
INFO: [ app_init ] --START--
INFO: Run Behavior\BuildLiteBehavior [ RunTime:0.000018s ]
INFO: [ app_init ] --END-- [ RunTime:0.000464s ]
ERR: 无法加载模块:Undefined

[ 2018-11-27T23:11:38+08:00 ] ::1 /nhkjw/undefined
INFO: [ app_init ] --START--
INFO: Run Behavior\BuildLiteBehavior [ RunTime:0.000010s ]
INFO: [ app_init ] --END-- [ RunTime:0.000305s ]
ERR: 无法加载模块:Undefined

[ 2018-11-27T23:12:28+08:00 ] ::1 /nhkjw/undefined
INFO: [ app_init ] --START--
INFO: Run Behavior\BuildLiteBehavior [ RunTime:0.000014s ]
INFO: [ app_init ] --END-- [ RunTime:0.000368s ]
ERR: 无法加载模块:Undefined

[ 2018-11-27T23:41:17+08:00 ] ::1 /nhkjw/undefined
INFO: [ app_init ] --START--
INFO: Run Behavior\BuildLiteBehavior [ RunTime:0.000015s ]
INFO: [ app_init ] --END-- [ RunTime:0.000326s ]
ERR: 无法加载模块:Undefined

